
===========================================================================
report_checks -unconstrained
===========================================================================
======================= max_ff_n40C_1v95 Corner ===================================

Startpoint: rst_n (input port clocked by clk)
Endpoint: _31572_ (recovery check against rising-edge clock clk)
Path Group: asynchronous
Path Type: max

Fanout         Cap        Slew       Delay        Time   Description
---------------------------------------------------------------------------------------------
                                  0.000000    0.000000   clock clk (rise edge)
                                  0.000000    0.000000   clock network delay (propagated)
                                  4.000000    4.000000 ^ input external delay
     1    0.002764    0.013788    0.007180    4.007180 ^ rst_n (in)
                                                         rst_n (net)
                      0.013789    0.000000    4.007180 ^ input71/A (sky130_fd_sc_hd__dlymetal6s2s_1)
     1    0.021668    0.176160    0.152154    4.159334 ^ input71/X (sky130_fd_sc_hd__dlymetal6s2s_1)
                                                         net71 (net)
                      0.176243    0.003091    4.162425 ^ fanout1711/A (sky130_fd_sc_hd__buf_8)
     9    0.225484    0.274016    0.231597    4.394022 ^ fanout1711/X (sky130_fd_sc_hd__buf_8)
                                                         net1711 (net)
                      0.274155    0.005355    4.399376 ^ fanout1539/A (sky130_fd_sc_hd__buf_6)
     9    0.217899    0.323458    0.261205    4.660582 ^ fanout1539/X (sky130_fd_sc_hd__buf_6)
                                                         net1539 (net)
                      0.329063    0.034341    4.694923 ^ fanout1474/A (sky130_fd_sc_hd__clkbuf_8)
     9    0.146399    0.195885    0.232477    4.927400 ^ fanout1474/X (sky130_fd_sc_hd__clkbuf_8)
                                                         net1474 (net)
                      0.198415    0.018106    4.945507 ^ fanout1472/A (sky130_fd_sc_hd__buf_4)
    10    0.105921    0.220752    0.224790    5.170296 ^ fanout1472/X (sky130_fd_sc_hd__buf_4)
                                                         net1472 (net)
                      0.220870    0.004331    5.174627 ^ fanout1471/A (sky130_fd_sc_hd__buf_2)
     7    0.062123    0.227790    0.234656    5.409283 ^ fanout1471/X (sky130_fd_sc_hd__buf_2)
                                                         net1471 (net)
                      0.227807    0.001652    5.410935 ^ fanout1470/A (sky130_fd_sc_hd__buf_2)
     6    0.050792    0.187192    0.207977    5.618912 ^ fanout1470/X (sky130_fd_sc_hd__buf_2)
                                                         net1470 (net)
                      0.187232    0.002295    5.621206 ^ fanout1467/A (sky130_fd_sc_hd__clkbuf_4)
    10    0.058087    0.136382    0.194663    5.815869 ^ fanout1467/X (sky130_fd_sc_hd__clkbuf_4)
                                                         net1467 (net)
                      0.136449    0.002558    5.818427 ^ fanout1466/A (sky130_fd_sc_hd__clkbuf_4)
    10    0.051414    0.121084    0.178948    5.997375 ^ fanout1466/X (sky130_fd_sc_hd__clkbuf_4)
                                                         net1466 (net)
                      0.121243    0.003584    6.000958 ^ _31572_/RESET_B (sky130_fd_sc_hd__dfrtp_4)
                                              6.000958   data arrival time

                                 20.000000   20.000000   clock clk (rise edge)
                                  0.000000   20.000000   clock source latency
     3    0.148982    0.508120    0.365288   20.365288 ^ clk (in)
                                                         clk (net)
                      0.519326    0.000000   20.365288 ^ clkbuf_0_clk/A (sky130_fd_sc_hd__clkbuf_16)
     4    0.202104    0.169198    0.227750   20.593039 ^ clkbuf_0_clk/X (sky130_fd_sc_hd__clkbuf_16)
                                                         clknet_0_clk (net)
                      0.172704    0.019220   20.612259 ^ clkbuf_2_0_0_clk/A (sky130_fd_sc_hd__clkbuf_8)
     8    0.213258    0.279455    0.276765   20.889025 ^ clkbuf_2_0_0_clk/X (sky130_fd_sc_hd__clkbuf_8)
                                                         clknet_2_0_0_clk (net)
                      0.279652    0.006319   20.895344 ^ clkbuf_5_7__f_clk/A (sky130_fd_sc_hd__clkbuf_16)
    10    0.131694    0.113725    0.188892   21.084236 ^ clkbuf_5_7__f_clk/X (sky130_fd_sc_hd__clkbuf_16)
                                                         clknet_5_7__leaf_clk (net)
                      0.113878    0.003466   21.087702 ^ clkbuf_leaf_325_clk/A (sky130_fd_sc_hd__clkbuf_8)
    14    0.050539    0.074776    0.137595   21.225296 ^ clkbuf_leaf_325_clk/X (sky130_fd_sc_hd__clkbuf_8)
                                                         clknet_leaf_325_clk (net)
                      0.074997    0.002943   21.228239 ^ _31572_/CLK (sky130_fd_sc_hd__dfrtp_4)
                                 -0.250000   20.978241   clock uncertainty
                                  0.000000   20.978241   clock reconvergence pessimism
                                  0.109586   21.087826   library recovery time
                                             21.087826   data required time
---------------------------------------------------------------------------------------------
                                             21.087826   data required time
                                             -6.000958   data arrival time
---------------------------------------------------------------------------------------------
                                             15.086867   slack (MET)


Startpoint: _31827_ (rising edge-triggered flip-flop clocked by clk)
Endpoint: _31856_ (rising edge-triggered flip-flop clocked by clk)
Path Group: clk
Path Type: max

Fanout         Cap        Slew       Delay        Time   Description
---------------------------------------------------------------------------------------------
                                  0.000000    0.000000   clock clk (rise edge)
                                  0.000000    0.000000   clock source latency
     3    0.148982    0.508120    0.365288    0.365288 ^ clk (in)
                                                         clk (net)
                      0.519326    0.000000    0.365288 ^ clkbuf_0_clk/A (sky130_fd_sc_hd__clkbuf_16)
     4    0.202104    0.169198    0.227751    0.593038 ^ clkbuf_0_clk/X (sky130_fd_sc_hd__clkbuf_16)
                                                         clknet_0_clk (net)
                      0.172704    0.019220    0.612259 ^ clkbuf_2_0_0_clk/A (sky130_fd_sc_hd__clkbuf_8)
     8    0.213258    0.279455    0.276764    0.889023 ^ clkbuf_2_0_0_clk/X (sky130_fd_sc_hd__clkbuf_8)
                                                         clknet_2_0_0_clk (net)
                      0.279652    0.006318    0.895342 ^ clkbuf_5_7__f_clk/A (sky130_fd_sc_hd__clkbuf_16)
    10    0.131694    0.113725    0.188894    1.084236 ^ clkbuf_5_7__f_clk/X (sky130_fd_sc_hd__clkbuf_16)
                                                         clknet_5_7__leaf_clk (net)
                      0.113878    0.003465    1.087701 ^ clkbuf_leaf_325_clk/A (sky130_fd_sc_hd__clkbuf_8)
    14    0.050539    0.074776    0.137595    1.225295 ^ clkbuf_leaf_325_clk/X (sky130_fd_sc_hd__clkbuf_8)
                                                         clknet_leaf_325_clk (net)
                      0.074898    0.002004    1.227299 ^ _31827_/CLK (sky130_fd_sc_hd__dfrtp_4)
    10    0.149838    0.174056    0.409369    1.636668 v _31827_/Q (sky130_fd_sc_hd__dfrtp_4)
                                                         chacha_unit.U_QR_COL_1.in_b[1] (net)
                      0.189478    0.039114    1.675782 v _16228_/A (sky130_fd_sc_hd__xor2_2)
     2    0.014967    0.167593    0.220865    1.896647 ^ _16228_/X (sky130_fd_sc_hd__xor2_2)
                                                         _12243_ (net)
                      0.167595    0.000879    1.897526 ^ _16230_/A3 (sky130_fd_sc_hd__a31oi_4)
     2    0.025695    0.118492    0.089293    1.986819 v _16230_/Y (sky130_fd_sc_hd__a31oi_4)
                                                         _12245_ (net)
                      0.118546    0.001942    1.988761 v _16231_/A2 (sky130_fd_sc_hd__o21a_2)
     3    0.032210    0.071415    0.202697    2.191458 v _16231_/X (sky130_fd_sc_hd__o21a_2)
                                                         _12246_ (net)
                      0.071441    0.001273    2.192731 v _16311_/A1 (sky130_fd_sc_hd__a211o_4)
     2    0.078642    0.104684    0.292327    2.485058 v _16311_/X (sky130_fd_sc_hd__a211o_4)
                                                         _12326_ (net)
                      0.105939    0.008598    2.493656 v _16322_/A2 (sky130_fd_sc_hd__a211o_4)
     4    0.026732    0.058911    0.260380    2.754035 v _16322_/X (sky130_fd_sc_hd__a211o_4)
                                                         _12337_ (net)
                      0.059209    0.003370    2.757405 v _16345_/A2 (sky130_fd_sc_hd__a2111o_4)
     2    0.083194    0.126774    0.404046    3.161451 v _16345_/X (sky130_fd_sc_hd__a2111o_4)
                                                         _12360_ (net)
                      0.131160    0.018323    3.179774 v _16355_/A2 (sky130_fd_sc_hd__a21oi_4)
     4    0.027250    0.171399    0.204809    3.384583 ^ _16355_/Y (sky130_fd_sc_hd__a21oi_4)
                                                         _12370_ (net)
                      0.171474    0.002783    3.387367 ^ _16367_/A2 (sky130_fd_sc_hd__o211ai_2)
     3    0.010864    0.062651    0.069716    3.457083 v _16367_/Y (sky130_fd_sc_hd__o211ai_2)
                                                         _12382_ (net)
                      0.062691    0.000812    3.457895 v _16375_/A1 (sky130_fd_sc_hd__a211o_1)
     2    0.009838    0.057767    0.191761    3.649656 v _16375_/X (sky130_fd_sc_hd__a211o_1)
                                                         _12390_ (net)
                      0.057773    0.000604    3.650260 v _16376_/B (sky130_fd_sc_hd__nand2_2)
     1    0.016088    0.074316    0.084764    3.735024 ^ _16376_/Y (sky130_fd_sc_hd__nand2_2)
                                                         _12391_ (net)
                      0.074350    0.001242    3.736266 ^ _16378_/B (sky130_fd_sc_hd__xor2_4)
     3    0.035095    0.075037    0.077520    3.813785 v _16378_/X (sky130_fd_sc_hd__xor2_4)
                                                         _12393_ (net)
                      0.075097    0.001620    3.815405 v _16379_/B (sky130_fd_sc_hd__xnor2_4)
     2    0.083331    0.464264    0.374250    4.189656 ^ _16379_/Y (sky130_fd_sc_hd__xnor2_4)
                                                         _12394_ (net)
                      0.464695    0.011488    4.201144 ^ max_cap382/A (sky130_fd_sc_hd__buf_4)
     2    0.054425    0.120551    0.163112    4.364255 ^ max_cap382/X (sky130_fd_sc_hd__buf_4)
                                                         net382 (net)
                      0.122373    0.011802    4.376058 ^ _16381_/B (sky130_fd_sc_hd__xnor2_4)
     4    0.024668    0.074102    0.069651    4.445708 v _16381_/Y (sky130_fd_sc_hd__xnor2_4)
                                                         _12396_ (net)
                      0.074131    0.001120    4.446829 v _16404_/A (sky130_fd_sc_hd__or4_4)
     2    0.006587    0.061003    0.333869    4.780697 v _16404_/X (sky130_fd_sc_hd__or4_4)
                                                         _12419_ (net)
                      0.061003    0.000249    4.780946 v _16493_/A (sky130_fd_sc_hd__or4bb_4)
     3    0.017904    0.074929    0.354979    5.135925 v _16493_/X (sky130_fd_sc_hd__or4bb_4)
                                                         _12508_ (net)
                      0.075056    0.001753    5.137679 v _16502_/A2 (sky130_fd_sc_hd__a31o_1)
     2    0.010126    0.049099    0.170098    5.307776 v _16502_/X (sky130_fd_sc_hd__a31o_1)
                                                         _12517_ (net)
                      0.049101    0.000412    5.308188 v _16504_/A2 (sky130_fd_sc_hd__a21o_1)
     3    0.017274    0.064681    0.158162    5.466350 v _16504_/X (sky130_fd_sc_hd__a21o_1)
                                                         _12519_ (net)
                      0.064691    0.000831    5.467181 v _16668_/B (sky130_fd_sc_hd__and3_1)
     3    0.020005    0.076834    0.163431    5.630612 v _16668_/X (sky130_fd_sc_hd__and3_1)
                                                         _12683_ (net)
                      0.076887    0.001828    5.632441 v _16672_/A1 (sky130_fd_sc_hd__o21ai_4)
     3    0.074062    0.389178    0.332628    5.965069 ^ _16672_/Y (sky130_fd_sc_hd__o21ai_4)
                                                         _12687_ (net)
                      0.389496    0.009008    5.974077 ^ _16674_/C (sky130_fd_sc_hd__and3_1)
     2    0.029737    0.223166    0.251319    6.225396 ^ _16674_/X (sky130_fd_sc_hd__and3_1)
                                                         _12689_ (net)
                      0.223318    0.004816    6.230212 ^ _16678_/B1 (sky130_fd_sc_hd__a21o_1)
     2    0.025013    0.166359    0.148066    6.378278 ^ _16678_/X (sky130_fd_sc_hd__a21o_1)
                                                         _12693_ (net)
                      0.166380    0.001588    6.379866 ^ _16679_/A2 (sky130_fd_sc_hd__a21o_4)
     2    0.030754    0.070251    0.124926    6.504792 ^ _16679_/X (sky130_fd_sc_hd__a21o_4)
                                                         _12694_ (net)
                      0.070348    0.001719    6.506510 ^ _16682_/A2 (sky130_fd_sc_hd__a21oi_4)
     3    0.016503    0.047816    0.047340    6.553850 v _16682_/Y (sky130_fd_sc_hd__a21oi_4)
                                                         _12697_ (net)
                      0.047823    0.001092    6.554942 v _16704_/A1 (sky130_fd_sc_hd__o41a_4)
     3    0.060684    0.112484    0.375223    6.930165 v _16704_/X (sky130_fd_sc_hd__o41a_4)
                                                         _12719_ (net)
                      0.115353    0.014091    6.944255 v _16718_/A3 (sky130_fd_sc_hd__a311o_4)
     2    0.017775    0.058994    0.305797    7.250052 v _16718_/X (sky130_fd_sc_hd__a311o_4)
                                                         _12733_ (net)
                      0.058994    0.001134    7.251186 v _16772_/A1 (sky130_fd_sc_hd__a21oi_4)
     3    0.052377    0.287653    0.247896    7.499083 ^ _16772_/Y (sky130_fd_sc_hd__a21oi_4)
                                                         _12787_ (net)
                      0.288270    0.010674    7.509757 ^ _16908_/A2 (sky130_fd_sc_hd__o2111ai_4)
     3    0.021511    0.106958    0.098920    7.608676 v _16908_/Y (sky130_fd_sc_hd__o2111ai_4)
                                                         _12923_ (net)
                      0.106966    0.001785    7.610462 v _16962_/A2 (sky130_fd_sc_hd__a211o_1)
     2    0.007204    0.048357    0.220271    7.830733 v _16962_/X (sky130_fd_sc_hd__a211o_1)
                                                         _12977_ (net)
                      0.048362    0.000496    7.831229 v _16963_/A1 (sky130_fd_sc_hd__a21o_1)
     3    0.010011    0.045529    0.123592    7.954821 v _16963_/X (sky130_fd_sc_hd__a21o_1)
                                                         _12978_ (net)
                      0.045537    0.000609    7.955431 v _16975_/B (sky130_fd_sc_hd__and2_4)
     3    0.101537    0.097307    0.177313    8.132744 v _16975_/X (sky130_fd_sc_hd__and2_4)
                                                         _12990_ (net)
                      0.097513    0.003743    8.136486 v _16976_/A (sky130_fd_sc_hd__xnor2_4)
     3    0.021651    0.162446    0.186081    8.322568 ^ _16976_/Y (sky130_fd_sc_hd__xnor2_4)
                                                         _12991_ (net)
                      0.162483    0.001052    8.323619 ^ _16978_/B (sky130_fd_sc_hd__xor2_4)
     3    0.026773    0.096346    0.081773    8.405393 v _16978_/X (sky130_fd_sc_hd__xor2_4)
                                                         _12993_ (net)
                      0.096356    0.000792    8.406184 v _16980_/A (sky130_fd_sc_hd__and3_1)
     2    0.008873    0.045608    0.132522    8.538706 v _16980_/X (sky130_fd_sc_hd__and3_1)
                                                         _12995_ (net)
                      0.045621    0.000741    8.539447 v _16983_/C (sky130_fd_sc_hd__and4_1)
     2    0.010138    0.048858    0.146641    8.686088 v _16983_/X (sky130_fd_sc_hd__and4_1)
                                                         _12998_ (net)
                      0.048875    0.000862    8.686950 v _16993_/A1 (sky130_fd_sc_hd__o31a_4)
     2    0.062641    0.096747    0.287228    8.974178 v _16993_/X (sky130_fd_sc_hd__o31a_4)
                                                         _13008_ (net)
                      0.097982    0.008702    8.982881 v _17009_/A2 (sky130_fd_sc_hd__o31a_1)
     1    0.010642    0.057646    0.218799    9.201679 v _17009_/X (sky130_fd_sc_hd__o31a_1)
                                                         _13024_ (net)
                      0.057660    0.000832    9.202512 v _17060_/A2 (sky130_fd_sc_hd__a211o_4)
     4    0.104439    0.130246    0.297003    9.499516 v _17060_/X (sky130_fd_sc_hd__a211o_4)
                                                         _13075_ (net)
                      0.150109    0.038678    9.538194 v _17065_/A2 (sky130_fd_sc_hd__a21oi_4)
     2    0.024912    0.161820    0.203440    9.741633 ^ _17065_/Y (sky130_fd_sc_hd__a21oi_4)
                                                         _13080_ (net)
                      0.161902    0.001444    9.743077 ^ _17103_/A2 (sky130_fd_sc_hd__o21ba_1)
     1    0.016576    0.128702    0.150624    9.893703 ^ _17103_/X (sky130_fd_sc_hd__o21ba_1)
                                                         _13118_ (net)
                      0.128763    0.001322    9.895024 ^ _17104_/B (sky130_fd_sc_hd__xor2_4)
     3    0.039163    0.094928    0.094778    9.989802 v _17104_/X (sky130_fd_sc_hd__xor2_4)
                                                         _13119_ (net)
                      0.095137    0.003447    9.993249 v _17105_/B (sky130_fd_sc_hd__xnor2_2)
     1    0.040311    0.388788    0.322610   10.315860 ^ _17105_/Y (sky130_fd_sc_hd__xnor2_2)
                                                         _13120_ (net)
                      0.389080    0.008638   10.324497 ^ wire258/A (sky130_fd_sc_hd__buf_4)
     3    0.079866    0.168903    0.197478   10.521975 ^ wire258/X (sky130_fd_sc_hd__buf_4)
                                                         net258 (net)
                      0.170084    0.011440   10.533415 ^ _17107_/B (sky130_fd_sc_hd__nand2_1)
     2    0.009568    0.086649    0.072048   10.605463 v _17107_/Y (sky130_fd_sc_hd__nand2_1)
                                                         _13122_ (net)
                      0.086654    0.000523   10.605986 v _17121_/A1 (sky130_fd_sc_hd__a21o_2)
     2    0.024577    0.060214    0.174152   10.780138 v _17121_/X (sky130_fd_sc_hd__a21o_2)
                                                         _13136_ (net)
                      0.060283    0.001827   10.781965 v _17123_/A1 (sky130_fd_sc_hd__a21o_4)
     3    0.033388    0.050190    0.164358   10.946323 v _17123_/X (sky130_fd_sc_hd__a21o_4)
                                                         _13138_ (net)
                      0.050363    0.002545   10.948868 v _17132_/A2 (sky130_fd_sc_hd__a41oi_2)
     3    0.013998    0.183649    0.175650   11.124517 ^ _17132_/Y (sky130_fd_sc_hd__a41oi_2)
                                                         _13147_ (net)
                      0.183652    0.001365   11.125883 ^ _17719_/A2 (sky130_fd_sc_hd__a21o_1)
     4    0.030053    0.197463    0.204243   11.330126 ^ _17719_/X (sky130_fd_sc_hd__a21o_1)
                                                         _13734_ (net)
                      0.197566    0.003725   11.333851 ^ _17729_/A2 (sky130_fd_sc_hd__a211o_4)
     2    0.032053    0.076053    0.137720   11.471571 ^ _17729_/X (sky130_fd_sc_hd__a211o_4)
                                                         _13744_ (net)
                      0.076563    0.004942   11.476513 ^ _18526_/A1 (sky130_fd_sc_hd__a21o_1)
     3    0.020933    0.140361    0.150179   11.626692 ^ _18526_/X (sky130_fd_sc_hd__a21o_1)
                                                         _14541_ (net)
                      0.140394    0.001789   11.628481 ^ _18529_/A2 (sky130_fd_sc_hd__o31ai_4)
     3    0.026824    0.075017    0.079702   11.708183 v _18529_/Y (sky130_fd_sc_hd__o31ai_4)
                                                         _14544_ (net)
                      0.075128    0.002151   11.710335 v _19129_/A3 (sky130_fd_sc_hd__a311o_4)
     2    0.026838    0.067376    0.302528   12.012862 v _19129_/X (sky130_fd_sc_hd__a311o_4)
                                                         _15144_ (net)
                      0.067543    0.002611   12.015473 v _19171_/A (sky130_fd_sc_hd__xnor2_4)
     3    0.056499    0.332826    0.296740   12.312214 ^ _19171_/Y (sky130_fd_sc_hd__xnor2_4)
                                                         _15186_ (net)
                      0.333158    0.008382   12.320596 ^ _19174_/A (sky130_fd_sc_hd__xor2_4)
     4    0.079952    0.429396    0.339901   12.660497 ^ _19174_/X (sky130_fd_sc_hd__xor2_4)
                                                         _15189_ (net)
                      0.430665    0.019073   12.679570 ^ _19175_/B (sky130_fd_sc_hd__xnor2_4)
     4    0.031096    0.111952    0.082608   12.762177 v _19175_/Y (sky130_fd_sc_hd__xnor2_4)
                                                         _15190_ (net)
                      0.112037    0.002553   12.764730 v _19191_/B (sky130_fd_sc_hd__or4bb_4)
     1    0.005003    0.059085    0.331297   13.096026 v _19191_/X (sky130_fd_sc_hd__or4bb_4)
                                                         _15206_ (net)
                      0.059086    0.000360   13.096387 v _19193_/B1 (sky130_fd_sc_hd__o21a_1)
     3    0.016417    0.065768    0.106281   13.202668 v _19193_/X (sky130_fd_sc_hd__o21a_1)
                                                         _15208_ (net)
                      0.065824    0.001729   13.204397 v _19351_/A1 (sky130_fd_sc_hd__a211o_4)
     4    0.049898    0.084527    0.261809   13.466207 v _19351_/X (sky130_fd_sc_hd__a211o_4)
                                                         _15366_ (net)
                      0.086512    0.010066   13.476272 v _19388_/A2 (sky130_fd_sc_hd__a2111o_1)
     2    0.011485    0.070828    0.300342   13.776614 v _19388_/X (sky130_fd_sc_hd__a2111o_1)
                                                         _15403_ (net)
                      0.070841    0.000933   13.777548 v _19393_/A1 (sky130_fd_sc_hd__a31o_1)
     2    0.009361    0.048135    0.143987   13.921535 v _19393_/X (sky130_fd_sc_hd__a31o_1)
                                                         _15408_ (net)
                      0.048145    0.000679   13.922214 v _19528_/A1 (sky130_fd_sc_hd__a31o_4)
     2    0.025394    0.046264    0.166703   14.088917 v _19528_/X (sky130_fd_sc_hd__a31o_4)
                                                         _15543_ (net)
                      0.046351    0.001545   14.090462 v _19529_/A2 (sky130_fd_sc_hd__o21ai_4)
     1    0.018631    0.134713    0.128942   14.219404 ^ _19529_/Y (sky130_fd_sc_hd__o21ai_4)
                                                         _15544_ (net)
                      0.134717    0.001469   14.220873 ^ _19541_/A (sky130_fd_sc_hd__xnor2_4)
     2    0.033492    0.082841    0.090439   14.311312 v _19541_/Y (sky130_fd_sc_hd__xnor2_4)
                                                         _15556_ (net)
                      0.082899    0.001708   14.313020 v _19542_/A (sky130_fd_sc_hd__xnor2_4)
     4    0.083761    0.466640    0.396101   14.709121 ^ _19542_/Y (sky130_fd_sc_hd__xnor2_4)
                                                         _15557_ (net)
                      0.466942    0.009675   14.718796 ^ _19549_/B (sky130_fd_sc_hd__xnor2_2)
     2    0.012314    0.095291    0.057563   14.776359 v _19549_/Y (sky130_fd_sc_hd__xnor2_2)
                                                         _15564_ (net)
                      0.095294    0.000380   14.776738 v _19550_/C (sky130_fd_sc_hd__or3_4)
     2    0.011410    0.053510    0.225800   15.002539 v _19550_/X (sky130_fd_sc_hd__or3_4)
                                                         _15565_ (net)
                      0.053510    0.001004   15.003542 v _19551_/B (sky130_fd_sc_hd__or4b_4)
     2    0.007937    0.062794    0.317701   15.321243 v _19551_/X (sky130_fd_sc_hd__or4b_4)
                                                         _15566_ (net)
                      0.062796    0.000565   15.321808 v _19609_/A2 (sky130_fd_sc_hd__a211o_4)
     2    0.048631    0.083556    0.263981   15.585789 v _19609_/X (sky130_fd_sc_hd__a211o_4)
                                                         _15624_ (net)
                      0.085800    0.010779   15.596568 v _19617_/A2 (sky130_fd_sc_hd__a21o_4)
     5    0.024200    0.042505    0.175364   15.771932 v _19617_/X (sky130_fd_sc_hd__a21o_4)
                                                         _02975_ (net)
                      0.042818    0.002897   15.774829 v _19668_/A2 (sky130_fd_sc_hd__o2111ai_4)
     3    0.031525    0.244399    0.217796   15.992624 ^ _19668_/Y (sky130_fd_sc_hd__o2111ai_4)
                                                         _03022_ (net)
                      0.244408    0.002901   15.995525 ^ _19684_/A1 (sky130_fd_sc_hd__a21oi_2)
     1    0.016268    0.081624    0.069448   16.064974 v _19684_/Y (sky130_fd_sc_hd__a21oi_2)
                                                         _03037_ (net)
                      0.081656    0.001267   16.066240 v _19685_/B (sky130_fd_sc_hd__xnor2_4)
     2    0.023365    0.170546    0.169763   16.236004 ^ _19685_/Y (sky130_fd_sc_hd__xnor2_4)
                                                         _03038_ (net)
                      0.170625    0.001664   16.237667 ^ _19686_/B (sky130_fd_sc_hd__xnor2_4)
     4    0.027228    0.099833    0.074991   16.312658 v _19686_/Y (sky130_fd_sc_hd__xnor2_4)
                                                         _03039_ (net)
                      0.099937    0.002512   16.315170 v _22968_/B (sky130_fd_sc_hd__xnor2_4)
     3    0.027443    0.190273    0.191028   16.506197 ^ _22968_/Y (sky130_fd_sc_hd__xnor2_4)
                                                         _06129_ (net)
                      0.190291    0.001414   16.507612 ^ _22995_/B (sky130_fd_sc_hd__nand2_1)
     1    0.006335    0.062777    0.056373   16.563984 v _22995_/Y (sky130_fd_sc_hd__nand2_1)
                                                         _06153_ (net)
                      0.062783    0.000496   16.564480 v _22996_/A (sky130_fd_sc_hd__or4_4)
     2    0.081488    0.135616    0.428539   16.993019 v _22996_/X (sky130_fd_sc_hd__or4_4)
                                                         _06154_ (net)
                      0.136792    0.009093   17.002111 v _23071_/A1 (sky130_fd_sc_hd__a211o_1)
     2    0.014560    0.069788    0.231644   17.233757 v _23071_/X (sky130_fd_sc_hd__a211o_1)
                                                         _06221_ (net)
                      0.069807    0.001126   17.234882 v _23072_/B (sky130_fd_sc_hd__and2_4)
     3    0.014389    0.031614    0.126317   17.361198 v _23072_/X (sky130_fd_sc_hd__and2_4)
                                                         _06222_ (net)
                      0.031648    0.000933   17.362131 v _23113_/A2 (sky130_fd_sc_hd__o21a_4)
     2    0.019302    0.039305    0.135966   17.498098 v _23113_/X (sky130_fd_sc_hd__o21a_4)
                                                         _06259_ (net)
                      0.039305    0.000878   17.498976 v _23114_/A_N (sky130_fd_sc_hd__nand2b_4)
     2    0.019666    0.064868    0.110544   17.609520 v _23114_/Y (sky130_fd_sc_hd__nand2b_4)
                                                         _06260_ (net)
                      0.064900    0.001116   17.610636 v _23130_/A2 (sky130_fd_sc_hd__a21oi_4)
     2    0.027598    0.172502    0.182586   17.793222 ^ _23130_/Y (sky130_fd_sc_hd__a21oi_4)
                                                         _06274_ (net)
                      0.172529    0.001702   17.794924 ^ _23137_/A2 (sky130_fd_sc_hd__a21oi_4)
     1    0.016852    0.073503    0.055135   17.850058 v _23137_/Y (sky130_fd_sc_hd__a21oi_4)
                                                         _06280_ (net)
                      0.073510    0.001322   17.851379 v _23138_/A (sky130_fd_sc_hd__xnor2_4)
     3    0.043887    0.270438    0.253991   18.105370 ^ _23138_/Y (sky130_fd_sc_hd__xnor2_4)
                                                         _06281_ (net)
                      0.270836    0.008173   18.113543 ^ _24153_/B (sky130_fd_sc_hd__nand2_1)
     1    0.010465    0.084269    0.085260   18.198803 v _24153_/Y (sky130_fd_sc_hd__nand2_1)
                                                         _07033_ (net)
                      0.084281    0.000805   18.199608 v _24155_/A2 (sky130_fd_sc_hd__a21oi_4)
     2    0.053103    0.290966    0.269781   18.469389 ^ _24155_/Y (sky130_fd_sc_hd__a21oi_4)
                                                         _07035_ (net)
                      0.291817    0.012571   18.481960 ^ _24156_/C1 (sky130_fd_sc_hd__a221o_1)
     1    0.003353    0.036203    0.073602   18.555561 ^ _24156_/X (sky130_fd_sc_hd__a221o_1)
                                                         _00619_ (net)
                      0.036204    0.000220   18.555782 ^ _31856_/D (sky130_fd_sc_hd__dfrtp_4)
                                             18.555782   data arrival time

                                 20.000000   20.000000   clock clk (rise edge)
                                  0.000000   20.000000   clock source latency
     3    0.148982    0.508120    0.365288   20.365288 ^ clk (in)
                                                         clk (net)
                      0.519326    0.000000   20.365288 ^ clkbuf_0_clk/A (sky130_fd_sc_hd__clkbuf_16)
     4    0.202104    0.169198    0.227750   20.593039 ^ clkbuf_0_clk/X (sky130_fd_sc_hd__clkbuf_16)
                                                         clknet_0_clk (net)
                      0.172704    0.019220   20.612259 ^ clkbuf_2_0_0_clk/A (sky130_fd_sc_hd__clkbuf_8)
     8    0.213258    0.279455    0.276765   20.889025 ^ clkbuf_2_0_0_clk/X (sky130_fd_sc_hd__clkbuf_8)
                                                         clknet_2_0_0_clk (net)
                      0.279652    0.006319   20.895344 ^ clkbuf_5_7__f_clk/A (sky130_fd_sc_hd__clkbuf_16)
    10    0.131694    0.113725    0.188892   21.084236 ^ clkbuf_5_7__f_clk/X (sky130_fd_sc_hd__clkbuf_16)
                                                         clknet_5_7__leaf_clk (net)
                      0.114946    0.009313   21.093550 ^ clkbuf_leaf_27_clk/A (sky130_fd_sc_hd__clkbuf_8)
    15    0.051599    0.076083    0.138801   21.232349 ^ clkbuf_leaf_27_clk/X (sky130_fd_sc_hd__clkbuf_8)
                                                         clknet_leaf_27_clk (net)
                      0.076258    0.002588   21.234938 ^ _31856_/CLK (sky130_fd_sc_hd__dfrtp_4)
                                 -0.250000   20.984940   clock uncertainty
                                  0.000000   20.984940   clock reconvergence pessimism
                                 -0.036343   20.948597   library setup time
                                             20.948597   data required time
---------------------------------------------------------------------------------------------
                                             20.948597   data required time
                                            -18.555782   data arrival time
---------------------------------------------------------------------------------------------
                                              2.392815   slack (MET)




===========================================================================
report_checks --slack_max -0.01
============================================================================
======================= max_ff_n40C_1v95 Corner ===================================

No paths found.


===========================================================================
 report_check_types -max_slew -max_cap -max_fanout -violators
============================================================================
======================= max_ff_n40C_1v95 Corner ===================================

max fanout

Pin                                   Limit Fanout  Slack
---------------------------------------------------------
clkbuf_leaf_332_clk/X                    10     20    -10 (VIOLATED)
clkbuf_leaf_66_clk/X                     10     20    -10 (VIOLATED)
clkbuf_5_4__f_clk/X                      10     19     -9 (VIOLATED)
clkbuf_5_17__f_clk/X                     10     18     -8 (VIOLATED)
clkbuf_5_22__f_clk/X                     10     18     -8 (VIOLATED)
clkbuf_leaf_362_clk/X                    10     18     -8 (VIOLATED)
clkbuf_leaf_364_clk/X                    10     18     -8 (VIOLATED)
clkbuf_leaf_113_clk/X                    10     17     -7 (VIOLATED)
clkbuf_leaf_124_clk/X                    10     17     -7 (VIOLATED)
clkbuf_5_16__f_clk/X                     10     16     -6 (VIOLATED)
clkbuf_5_26__f_clk/X                     10     16     -6 (VIOLATED)
clkbuf_leaf_260_clk/X                    10     16     -6 (VIOLATED)
clkbuf_leaf_363_clk/X                    10     16     -6 (VIOLATED)
clkbuf_leaf_86_clk/X                     10     16     -6 (VIOLATED)
clkbuf_5_0__f_clk/X                      10     15     -5 (VIOLATED)
clkbuf_5_27__f_clk/X                     10     15     -5 (VIOLATED)
clkbuf_5_29__f_clk/X                     10     15     -5 (VIOLATED)
clkbuf_leaf_10_clk/X                     10     15     -5 (VIOLATED)
clkbuf_leaf_114_clk/X                    10     15     -5 (VIOLATED)
clkbuf_leaf_11_clk/X                     10     15     -5 (VIOLATED)
clkbuf_leaf_27_clk/X                     10     15     -5 (VIOLATED)
clkbuf_leaf_291_clk/X                    10     15     -5 (VIOLATED)
clkbuf_leaf_331_clk/X                    10     15     -5 (VIOLATED)
clkbuf_leaf_359_clk/X                    10     15     -5 (VIOLATED)
clkbuf_leaf_360_clk/X                    10     15     -5 (VIOLATED)
clkbuf_leaf_63_clk/X                     10     15     -5 (VIOLATED)
clkbuf_leaf_65_clk/X                     10     15     -5 (VIOLATED)
clkbuf_leaf_8_clk/X                      10     15     -5 (VIOLATED)
clkbuf_leaf_90_clk/X                     10     15     -5 (VIOLATED)
_31794_/Q                                10     14     -4 (VIOLATED)
_33726_/Q                                10     14     -4 (VIOLATED)
clkbuf_5_14__f_clk/X                     10     14     -4 (VIOLATED)
clkbuf_5_15__f_clk/X                     10     14     -4 (VIOLATED)
clkbuf_5_19__f_clk/X                     10     14     -4 (VIOLATED)
clkbuf_5_23__f_clk/X                     10     14     -4 (VIOLATED)
clkbuf_5_5__f_clk/X                      10     14     -4 (VIOLATED)
clkbuf_leaf_122_clk/X                    10     14     -4 (VIOLATED)
clkbuf_leaf_19_clk/X                     10     14     -4 (VIOLATED)
clkbuf_leaf_204_clk/X                    10     14     -4 (VIOLATED)
clkbuf_leaf_243_clk/X                    10     14     -4 (VIOLATED)
clkbuf_leaf_258_clk/X                    10     14     -4 (VIOLATED)
clkbuf_leaf_270_clk/X                    10     14     -4 (VIOLATED)
clkbuf_leaf_292_clk/X                    10     14     -4 (VIOLATED)
clkbuf_leaf_325_clk/X                    10     14     -4 (VIOLATED)
clkbuf_leaf_327_clk/X                    10     14     -4 (VIOLATED)
clkbuf_leaf_339_clk/X                    10     14     -4 (VIOLATED)
clkbuf_leaf_46_clk/X                     10     14     -4 (VIOLATED)
clkbuf_leaf_87_clk/X                     10     14     -4 (VIOLATED)
clkbuf_leaf_89_clk/X                     10     14     -4 (VIOLATED)
clkbuf_leaf_94_clk/X                     10     14     -4 (VIOLATED)
fanout1020/X                             10     14     -4 (VIOLATED)
fanout575/X                              10     14     -4 (VIOLATED)
_22027_/Y                                10     13     -3 (VIOLATED)
_31823_/Q                                10     13     -3 (VIOLATED)
_31824_/Q                                10     13     -3 (VIOLATED)
clkbuf_5_12__f_clk/X                     10     13     -3 (VIOLATED)
clkbuf_5_21__f_clk/X                     10     13     -3 (VIOLATED)
clkbuf_5_25__f_clk/X                     10     13     -3 (VIOLATED)
clkbuf_5_2__f_clk/X                      10     13     -3 (VIOLATED)
clkbuf_5_3__f_clk/X                      10     13     -3 (VIOLATED)
clkbuf_5_6__f_clk/X                      10     13     -3 (VIOLATED)
clkbuf_leaf_107_clk/X                    10     13     -3 (VIOLATED)
clkbuf_leaf_121_clk/X                    10     13     -3 (VIOLATED)
clkbuf_leaf_147_clk/X                    10     13     -3 (VIOLATED)
clkbuf_leaf_148_clk/X                    10     13     -3 (VIOLATED)
clkbuf_leaf_153_clk/X                    10     13     -3 (VIOLATED)
clkbuf_leaf_155_clk/X                    10     13     -3 (VIOLATED)
clkbuf_leaf_156_clk/X                    10     13     -3 (VIOLATED)
clkbuf_leaf_160_clk/X                    10     13     -3 (VIOLATED)
clkbuf_leaf_166_clk/X                    10     13     -3 (VIOLATED)
clkbuf_leaf_179_clk/X                    10     13     -3 (VIOLATED)
clkbuf_leaf_20_clk/X                     10     13     -3 (VIOLATED)
clkbuf_leaf_219_clk/X                    10     13     -3 (VIOLATED)
clkbuf_leaf_249_clk/X                    10     13     -3 (VIOLATED)
clkbuf_leaf_264_clk/X                    10     13     -3 (VIOLATED)
clkbuf_leaf_265_clk/X                    10     13     -3 (VIOLATED)
clkbuf_leaf_271_clk/X                    10     13     -3 (VIOLATED)
clkbuf_leaf_272_clk/X                    10     13     -3 (VIOLATED)
clkbuf_leaf_280_clk/X                    10     13     -3 (VIOLATED)
clkbuf_leaf_286_clk/X                    10     13     -3 (VIOLATED)
clkbuf_leaf_299_clk/X                    10     13     -3 (VIOLATED)
clkbuf_leaf_301_clk/X                    10     13     -3 (VIOLATED)
clkbuf_leaf_324_clk/X                    10     13     -3 (VIOLATED)
clkbuf_leaf_338_clk/X                    10     13     -3 (VIOLATED)
clkbuf_leaf_348_clk/X                    10     13     -3 (VIOLATED)
clkbuf_leaf_361_clk/X                    10     13     -3 (VIOLATED)
clkbuf_leaf_366_clk/X                    10     13     -3 (VIOLATED)
clkbuf_leaf_367_clk/X                    10     13     -3 (VIOLATED)
clkbuf_leaf_3_clk/X                      10     13     -3 (VIOLATED)
clkbuf_leaf_4_clk/X                      10     13     -3 (VIOLATED)
clkbuf_leaf_91_clk/X                     10     13     -3 (VIOLATED)
fanout638/X                              10     13     -3 (VIOLATED)
fanout704/X                              10     13     -3 (VIOLATED)
_23153_/X                                10     12     -2 (VIOLATED)
_23957_/X                                10     12     -2 (VIOLATED)
_23973_/X                                10     12     -2 (VIOLATED)
_24022_/X                                10     12     -2 (VIOLATED)
_24025_/X                                10     12     -2 (VIOLATED)
_24247_/Y                                10     12     -2 (VIOLATED)
clkbuf_5_1__f_clk/X                      10     12     -2 (VIOLATED)
clkbuf_5_20__f_clk/X                     10     12     -2 (VIOLATED)
clkbuf_leaf_100_clk/X                    10     12     -2 (VIOLATED)
clkbuf_leaf_103_clk/X                    10     12     -2 (VIOLATED)
clkbuf_leaf_112_clk/X                    10     12     -2 (VIOLATED)
clkbuf_leaf_125_clk/X                    10     12     -2 (VIOLATED)
clkbuf_leaf_12_clk/X                     10     12     -2 (VIOLATED)
clkbuf_leaf_13_clk/X                     10     12     -2 (VIOLATED)
clkbuf_leaf_164_clk/X                    10     12     -2 (VIOLATED)
clkbuf_leaf_167_clk/X                    10     12     -2 (VIOLATED)
clkbuf_leaf_168_clk/X                    10     12     -2 (VIOLATED)
clkbuf_leaf_176_clk/X                    10     12     -2 (VIOLATED)
clkbuf_leaf_177_clk/X                    10     12     -2 (VIOLATED)
clkbuf_leaf_178_clk/X                    10     12     -2 (VIOLATED)
clkbuf_leaf_187_clk/X                    10     12     -2 (VIOLATED)
clkbuf_leaf_191_clk/X                    10     12     -2 (VIOLATED)
clkbuf_leaf_198_clk/X                    10     12     -2 (VIOLATED)
clkbuf_leaf_205_clk/X                    10     12     -2 (VIOLATED)
clkbuf_leaf_210_clk/X                    10     12     -2 (VIOLATED)
clkbuf_leaf_211_clk/X                    10     12     -2 (VIOLATED)
clkbuf_leaf_250_clk/X                    10     12     -2 (VIOLATED)
clkbuf_leaf_329_clk/X                    10     12     -2 (VIOLATED)
clkbuf_leaf_337_clk/X                    10     12     -2 (VIOLATED)
clkbuf_leaf_344_clk/X                    10     12     -2 (VIOLATED)
clkbuf_leaf_351_clk/X                    10     12     -2 (VIOLATED)
clkbuf_leaf_352_clk/X                    10     12     -2 (VIOLATED)
clkbuf_leaf_53_clk/X                     10     12     -2 (VIOLATED)
clkbuf_leaf_57_clk/X                     10     12     -2 (VIOLATED)
clkbuf_leaf_5_clk/X                      10     12     -2 (VIOLATED)
clkbuf_leaf_67_clk/X                     10     12     -2 (VIOLATED)
clkbuf_leaf_68_clk/X                     10     12     -2 (VIOLATED)
clkbuf_leaf_6_clk/X                      10     12     -2 (VIOLATED)
clkbuf_leaf_82_clk/X                     10     12     -2 (VIOLATED)
clkbuf_leaf_88_clk/X                     10     12     -2 (VIOLATED)
clkbuf_leaf_93_clk/X                     10     12     -2 (VIOLATED)
clkbuf_leaf_96_clk/X                     10     12     -2 (VIOLATED)
fanout1371/X                             10     12     -2 (VIOLATED)
fanout624/X                              10     12     -2 (VIOLATED)
fanout629/X                              10     12     -2 (VIOLATED)
fanout633/X                              10     12     -2 (VIOLATED)
fanout643/X                              10     12     -2 (VIOLATED)
fanout658/X                              10     12     -2 (VIOLATED)
fanout684/X                              10     12     -2 (VIOLATED)
fanout711/X                              10     12     -2 (VIOLATED)
fanout816/X                              10     12     -2 (VIOLATED)
_24007_/X                                10     11        (VIOLATED)
_31515_/Q                                10     11        (VIOLATED)
_31545_/Q                                10     11        (VIOLATED)
_31551_/Q                                10     11        (VIOLATED)
_31570_/Q                                10     11        (VIOLATED)
_31597_/Q                                10     11        (VIOLATED)
_31828_/Q                                10     11        (VIOLATED)
_32082_/Q                                10     11        (VIOLATED)
clkbuf_5_28__f_clk/X                     10     11        (VIOLATED)
clkbuf_5_9__f_clk/X                      10     11        (VIOLATED)
clkbuf_leaf_0_clk/X                      10     11        (VIOLATED)
clkbuf_leaf_101_clk/X                    10     11        (VIOLATED)
clkbuf_leaf_102_clk/X                    10     11        (VIOLATED)
clkbuf_leaf_105_clk/X                    10     11        (VIOLATED)
clkbuf_leaf_117_clk/X                    10     11        (VIOLATED)
clkbuf_leaf_123_clk/X                    10     11        (VIOLATED)
clkbuf_leaf_212_clk/X                    10     11        (VIOLATED)
clkbuf_leaf_236_clk/X                    10     11        (VIOLATED)
clkbuf_leaf_245_clk/X                    10     11        (VIOLATED)
clkbuf_leaf_248_clk/X                    10     11        (VIOLATED)
clkbuf_leaf_256_clk/X                    10     11        (VIOLATED)
clkbuf_leaf_266_clk/X                    10     11        (VIOLATED)
clkbuf_leaf_278_clk/X                    10     11        (VIOLATED)
clkbuf_leaf_284_clk/X                    10     11        (VIOLATED)
clkbuf_leaf_285_clk/X                    10     11        (VIOLATED)
clkbuf_leaf_297_clk/X                    10     11        (VIOLATED)
clkbuf_leaf_2_clk/X                      10     11        (VIOLATED)
clkbuf_leaf_300_clk/X                    10     11        (VIOLATED)
clkbuf_leaf_308_clk/X                    10     11        (VIOLATED)
clkbuf_leaf_326_clk/X                    10     11        (VIOLATED)
clkbuf_leaf_341_clk/X                    10     11        (VIOLATED)
clkbuf_leaf_347_clk/X                    10     11        (VIOLATED)
clkbuf_leaf_349_clk/X                    10     11        (VIOLATED)
clkbuf_leaf_354_clk/X                    10     11        (VIOLATED)
clkbuf_leaf_355_clk/X                    10     11        (VIOLATED)
clkbuf_leaf_365_clk/X                    10     11        (VIOLATED)
clkbuf_leaf_43_clk/X                     10     11        (VIOLATED)
clkbuf_leaf_44_clk/X                     10     11        (VIOLATED)
clkbuf_leaf_47_clk/X                     10     11        (VIOLATED)
clkbuf_leaf_51_clk/X                     10     11        (VIOLATED)
clkbuf_leaf_52_clk/X                     10     11        (VIOLATED)
clkbuf_leaf_54_clk/X                     10     11        (VIOLATED)
clkbuf_leaf_58_clk/X                     10     11        (VIOLATED)
clkbuf_leaf_60_clk/X                     10     11        (VIOLATED)
clkbuf_leaf_62_clk/X                     10     11        (VIOLATED)
clkbuf_leaf_64_clk/X                     10     11        (VIOLATED)
clkbuf_leaf_7_clk/X                      10     11        (VIOLATED)
clkbuf_leaf_85_clk/X                     10     11        (VIOLATED)
clkbuf_leaf_95_clk/X                     10     11        (VIOLATED)
fanout1244/X                             10     11        (VIOLATED)
fanout1256/X                             10     11        (VIOLATED)
fanout1261/X                             10     11        (VIOLATED)
fanout1269/X                             10     11        (VIOLATED)
fanout1360/X                             10     11        (VIOLATED)
fanout1710/X                             10     11        (VIOLATED)
fanout1736/X                             10     11        (VIOLATED)
fanout1740/X                             10     11        (VIOLATED)
fanout1750/X                             10     11        (VIOLATED)
fanout412/X                              10     11        (VIOLATED)
fanout414/X                              10     11        (VIOLATED)
fanout525/X                              10     11        (VIOLATED)
fanout557/X                              10     11        (VIOLATED)
fanout559/X                              10     11        (VIOLATED)
fanout563/X                              10     11        (VIOLATED)
fanout577/X                              10     11        (VIOLATED)
fanout668/X                              10     11        (VIOLATED)
fanout679/X                              10     11        (VIOLATED)
fanout687/X                              10     11        (VIOLATED)
fanout863/X                              10     11        (VIOLATED)
fanout902/X                              10     11        (VIOLATED)

max capacitance

Pin                                        Limit         Cap       Slack
------------------------------------------------------------------------
fanout1087/X                            0.200000    0.336564   -0.136564 (VIOLATED)
fanout1371/X                            0.200000    0.313118   -0.113118 (VIOLATED)
fanout412/X                             0.200000    0.310570   -0.110570 (VIOLATED)
wire1273/X                              0.200000    0.290096   -0.090096 (VIOLATED)
fanout1229/X                            0.200000    0.287830   -0.087830 (VIOLATED)
fanout1247/X                            0.200000    0.287082   -0.087082 (VIOLATED)
_29799_/X                               0.200000    0.275335   -0.075335 (VIOLATED)
fanout1260/X                            0.200000    0.251029   -0.051029 (VIOLATED)
_24569_/Y                               0.200000    0.247030   -0.047030 (VIOLATED)
fanout1020/X                            0.200000    0.242593   -0.042593 (VIOLATED)
fanout638/X                             0.200000    0.236186   -0.036186 (VIOLATED)
_31806_/Q                               0.200000    0.236143   -0.036143 (VIOLATED)
fanout869/X                             0.200000    0.231259   -0.031259 (VIOLATED)
_31794_/Q                               0.200000    0.229146   -0.029146 (VIOLATED)
_31904_/Q                               0.200000    0.228956   -0.028956 (VIOLATED)
_31903_/Q                               0.200000    0.227720   -0.027720 (VIOLATED)
fanout1711/X                            0.200000    0.225484   -0.025484 (VIOLATED)
_28637_/Y                               0.200000    0.223092   -0.023092 (VIOLATED)
clkbuf_2_2_0_clk/X                      0.200000    0.221024   -0.021024 (VIOLATED)
fanout704/X                             0.200000    0.217973   -0.017973 (VIOLATED)
fanout1539/X                            0.200000    0.217899   -0.017899 (VIOLATED)
_31795_/Q                               0.200000    0.217476   -0.017476 (VIOLATED)
fanout643/X                             0.200000    0.217355   -0.017355 (VIOLATED)
_31734_/Q                               0.200000    0.217225   -0.017225 (VIOLATED)
_31733_/Q                               0.200000    0.216438   -0.016438 (VIOLATED)
max_cap1374/X                           0.200000    0.214579   -0.014579 (VIOLATED)
clkbuf_2_0_0_clk/X                      0.200000    0.213258   -0.013258 (VIOLATED)
_31808_/Q                               0.200000    0.211231   -0.011231 (VIOLATED)
clkbuf_2_3_0_clk/X                      0.200000    0.208475   -0.008475 (VIOLATED)
fanout658/X                             0.200000    0.208419   -0.008419 (VIOLATED)
fanout633/X                             0.200000    0.208042   -0.008042 (VIOLATED)
_31551_/Q                               0.200000    0.206322   -0.006322 (VIOLATED)
_31801_/Q                               0.200000    0.206108   -0.006108 (VIOLATED)
_31800_/Q                               0.200000    0.202596   -0.002596 (VIOLATED)
_24568_/Y                               0.200000    0.202564   -0.002564 (VIOLATED)
clkbuf_0_clk/X                          0.200000    0.202104   -0.002104 (VIOLATED)
fanout1261/X                            0.200000    0.201333   -0.001333 (VIOLATED)



===========================================================================
report_parasitic_annotation -report_unannotated
============================================================================
Found 347 unannotated drivers.
 clkload0/Y
 clkload1/Y
 clkload10/Y
 clkload100/Y
 clkload101/X
 clkload102/Y
 clkload103/Y
 clkload104/Y
 clkload105/Y
 clkload106/Y
 clkload107/Y
 clkload108/Y
 clkload109/Y
 clkload11/Y
 clkload110/Y
 clkload111/Y
 clkload112/Y
 clkload113/X
 clkload114/Y
 clkload115/Y
 clkload116/Y
 clkload117/X
 clkload118/Y
 clkload119/Y
 clkload12/Y
 clkload120/Y
 clkload121/Y
 clkload122/Y
 clkload123/X
 clkload124/Y
 clkload125/Y
 clkload126/Y
 clkload127/Y
 clkload128/Y
 clkload129/Y
 clkload13/X
 clkload130/Y
 clkload131/Y
 clkload132/Y
 clkload133/X
 clkload134/X
 clkload135/X
 clkload136/X
 clkload137/Y
 clkload138/Y
 clkload139/Y
 clkload14/Y
 clkload140/Y
 clkload141/Y
 clkload142/Y
 clkload143/Y
 clkload144/Y
 clkload145/Y
 clkload146/Y
 clkload147/Y
 clkload148/Y
 clkload149/Y
 clkload15/X
 clkload150/Y
 clkload151/Y
 clkload152/Y
 clkload153/Y
 clkload154/Y
 clkload155/Y
 clkload156/Y
 clkload157/Y
 clkload158/Y
 clkload159/Y
 clkload16/Y
 clkload160/Y
 clkload161/X
 clkload162/Y
 clkload163/Y
 clkload164/Y
 clkload165/X
 clkload166/X
 clkload167/Y
 clkload168/Y
 clkload169/Y
 clkload17/Y
 clkload170/Y
 clkload171/Y
 clkload172/X
 clkload173/Y
 clkload174/Y
 clkload175/Y
 clkload176/Y
 clkload177/Y
 clkload178/X
 clkload179/Y
 clkload18/Y
 clkload180/Y
 clkload181/Y
 clkload182/Y
 clkload183/Y
 clkload184/Y
 clkload185/Y
 clkload186/Y
 clkload187/Y
 clkload188/Y
 clkload189/Y
 clkload19/Y
 clkload190/Y
 clkload191/Y
 clkload192/Y
 clkload193/Y
 clkload194/Y
 clkload195/Y
 clkload196/Y
 clkload197/Y
 clkload198/Y
 clkload199/Y
 clkload2/Y
 clkload20/Y
 clkload200/Y
 clkload201/Y
 clkload202/Y
 clkload203/Y
 clkload204/Y
 clkload205/Y
 clkload206/Y
 clkload207/Y
 clkload208/Y
 clkload209/X
 clkload21/Y
 clkload210/X
 clkload211/Y
 clkload212/Y
 clkload213/X
 clkload214/Y
 clkload215/Y
 clkload216/Y
 clkload217/Y
 clkload218/Y
 clkload219/Y
 clkload22/Y
 clkload220/Y
 clkload221/Y
 clkload222/X
 clkload223/X
 clkload224/Y
 clkload225/Y
 clkload226/Y
 clkload227/X
 clkload228/Y
 clkload229/Y
 clkload23/X
 clkload230/Y
 clkload231/Y
 clkload232/X
 clkload233/Y
 clkload234/X
 clkload235/Y
 clkload236/Y
 clkload237/Y
 clkload238/Y
 clkload239/Y
 clkload24/Y
 clkload240/Y
 clkload241/Y
 clkload242/Y
 clkload243/Y
 clkload244/X
 clkload245/X
 clkload246/Y
 clkload247/Y
 clkload248/Y
 clkload249/Y
 clkload25/Y
 clkload250/Y
 clkload251/Y
 clkload252/Y
 clkload253/Y
 clkload254/Y
 clkload255/Y
 clkload256/Y
 clkload257/X
 clkload258/Y
 clkload259/Y
 clkload26/Y
 clkload260/Y
 clkload261/Y
 clkload262/Y
 clkload263/Y
 clkload264/Y
 clkload265/Y
 clkload266/Y
 clkload267/Y
 clkload268/Y
 clkload269/Y
 clkload27/Y
 clkload270/X
 clkload271/Y
 clkload272/Y
 clkload273/Y
 clkload274/X
 clkload275/Y
 clkload276/Y
 clkload277/Y
 clkload278/X
 clkload279/Y
 clkload28/Y
 clkload280/Y
 clkload281/Y
 clkload282/X
 clkload283/Y
 clkload284/Y
 clkload285/Y
 clkload286/X
 clkload287/X
 clkload288/Y
 clkload289/Y
 clkload29/Y
 clkload290/Y
 clkload291/Y
 clkload292/Y
 clkload293/Y
 clkload294/Y
 clkload295/Y
 clkload296/Y
 clkload297/Y
 clkload298/Y
 clkload299/Y
 clkload3/Y
 clkload30/Y
 clkload300/Y
 clkload301/Y
 clkload302/Y
 clkload303/Y
 clkload304/Y
 clkload305/Y
 clkload306/Y
 clkload307/Y
 clkload308/Y
 clkload309/Y
 clkload31/Y
 clkload310/Y
 clkload311/Y
 clkload312/Y
 clkload313/Y
 clkload314/X
 clkload315/Y
 clkload316/Y
 clkload317/X
 clkload318/Y
 clkload319/X
 clkload32/X
 clkload320/X
 clkload321/X
 clkload322/Y
 clkload323/Y
 clkload324/Y
 clkload325/Y
 clkload326/Y
 clkload327/X
 clkload328/X
 clkload329/X
 clkload33/X
 clkload330/Y
 clkload331/Y
 clkload332/Y
 clkload333/Y
 clkload334/Y
 clkload335/Y
 clkload336/X
 clkload337/X
 clkload338/Y
 clkload339/Y
 clkload34/Y
 clkload340/Y
 clkload341/Y
 clkload342/Y
 clkload343/Y
 clkload344/Y
 clkload345/Y
 clkload346/Y
 clkload35/Y
 clkload36/Y
 clkload37/Y
 clkload38/Y
 clkload39/Y
 clkload4/Y
 clkload40/Y
 clkload41/Y
 clkload42/Y
 clkload43/Y
 clkload44/Y
 clkload45/Y
 clkload46/X
 clkload47/Y
 clkload48/X
 clkload49/Y
 clkload5/Y
 clkload50/Y
 clkload51/Y
 clkload52/Y
 clkload53/Y
 clkload54/Y
 clkload55/X
 clkload56/Y
 clkload57/Y
 clkload58/Y
 clkload59/Y
 clkload6/Y
 clkload60/X
 clkload61/Y
 clkload62/Y
 clkload63/Y
 clkload64/Y
 clkload65/Y
 clkload66/Y
 clkload67/Y
 clkload68/Y
 clkload69/Y
 clkload7/Y
 clkload70/Y
 clkload71/Y
 clkload72/Y
 clkload73/Y
 clkload74/Y
 clkload75/Y
 clkload76/Y
 clkload77/Y
 clkload78/X
 clkload79/X
 clkload8/Y
 clkload80/Y
 clkload81/Y
 clkload82/Y
 clkload83/Y
 clkload84/Y
 clkload85/Y
 clkload86/Y
 clkload87/Y
 clkload88/Y
 clkload89/Y
 clkload9/Y
 clkload90/Y
 clkload91/Y
 clkload92/Y
 clkload93/Y
 clkload94/X
 clkload95/Y
 clkload96/Y
 clkload97/Y
 clkload98/Y
 clkload99/Y
Found 0 partially unannotated drivers.

===========================================================================
max slew violation count 0
max fanout violation count 214
max cap violation count 37
============================================================================

===========================================================================
check_setup -verbose -unconstrained_endpoints -multiple_clock -no_clock -no_input_delay -loops -generated_clocks
===========================================================================
