Clock: clk
Sources: clk 
Generated: no
Virtual: yes
Propagated: no
Period: 20.000000

===========================================================================
report_clock_properties
============================================================================
Clock                   Period          Waveform
----------------------------------------------------
clk                  20.000000    0.000000 10.000000

===========================================================================
report_clock_latency
============================================================================
Clock clk
rise -> rise
    min     max
0.000000 0.000000 source latency
1.070557         network latency _32777_/CLK
        1.314556 network latency _31945_/CLK
---------------
1.070557 1.314556 latency
        0.243999 skew

fall -> fall
    min     max
0.000000 0.000000 source latency
0.847968         network latency _32777_/CLK
        1.062595 network latency _31945_/CLK
---------------
0.847968 1.062595 latency
        0.214627 skew



===========================================================================
report_clock_min_period
============================================================================
clk period_min = 17.61 fmax = 56.79
