Reading timing models for corner nom_tt_025C_1v80…
Reading timing library for the 'nom_tt_025C_1v80' corner at '/Users/prahalad/.volare/volare/sky130/versions/0fe599b2afb6708d281543108caf8310912f54af/sky130A/libs.ref/sky130_fd_sc_hd/lib/sky130_fd_sc_hd__tt_025C_1v80.lib'…
Reading timing models for corner nom_ff_n40C_1v95…
Reading timing library for the 'nom_ff_n40C_1v95' corner at '/Users/prahalad/.volare/volare/sky130/versions/0fe599b2afb6708d281543108caf8310912f54af/sky130A/libs.ref/sky130_fd_sc_hd/lib/sky130_fd_sc_hd__ff_n40C_1v95.lib'…
Reading timing models for corner nom_ss_100C_1v60…
Reading timing library for the 'nom_ss_100C_1v60' corner at '/Users/prahalad/.volare/volare/sky130/versions/0fe599b2afb6708d281543108caf8310912f54af/sky130A/libs.ref/sky130_fd_sc_hd/lib/sky130_fd_sc_hd__ss_100C_1v60.lib'…
Reading OpenROAD database at '/Users/prahalad/Asic-Cryptography/main/rtl/runs/RUN_2025-07-30_13-59-37/33-openroad-detailedplacement/asic_top.odb'…
Reading design constraints file at '/nix/store/1shp1i9i4na0sqd794l2lhbyka37r5wh-python3-3.11.9-env/lib/python3.11/site-packages/openlane/scripts/base.sdc'…
[INFO] Using clock clk…
[INFO] Setting output delay to: 4.0
[INFO] Setting input delay to: 4.0
[INFO] Setting load to: 0.033442
[INFO] Setting clock uncertainty to: 0.25
[INFO] Setting clock transition to: 0.1499999999999999944488848768742172978818416595458984375
[INFO] Setting timing derate to: 5%
[INFO] Setting RC values…
[INFO] Configuring cts characterization…
[INFO] Performing clock tree synthesis…
[INFO] Looking for the following net(s): clk
[INFO] Running Clock Tree Synthesis…
[INFO CTS-0050] Root buffer is sky130_fd_sc_hd__clkbuf_16.
[INFO CTS-0051] Sink buffer is sky130_fd_sc_hd__clkbuf_8.
[INFO CTS-0052] The following clock buffers will be used for CTS:
                    sky130_fd_sc_hd__clkbuf_2
                    sky130_fd_sc_hd__clkbuf_4
                    sky130_fd_sc_hd__clkbuf_8
[INFO CTS-0049] Characterization buffer is sky130_fd_sc_hd__clkbuf_8.
[INFO CTS-0007] Net "clk" found for clock "clk".
[INFO CTS-0010]  Clock net "clk" has 2978 sinks.
[INFO CTS-0008] TritonCTS found 1 clock nets.
[INFO CTS-0097] Characterization used 3 buffer(s) types.
[INFO CTS-0200] 0 placement blockages have been identified.
[INFO CTS-0201] 0 placed hard macros will be treated like blockages.
[INFO CTS-0027] Generating H-Tree topology for net clk.
[INFO CTS-0028]  Total number of sinks: 2978.
[INFO CTS-0029]  Sinks will be clustered in groups of up to 25 and with maximum cluster diameter of 50.0 um.
[INFO CTS-0030]  Number of static layers: 0.
[INFO CTS-0020]  Wire segment unit: 13600  dbu (13 um).
[INFO CTS-0204] A clustering solution was found from clustering size of 25 and clustering diameter of 50.
[INFO CTS-0205] Better solution may be possible if either -sink_clustering_size, -sink_clustering_max_diameter, or both options are omitted to enable automatic clustering.
[INFO CTS-0019]  Total number of sinks after clustering: 379.
[INFO CTS-0024]  Normalized sink region: [(0.526838, 1.10441), (58.7033, 59.5044)].
[INFO CTS-0025]     Width:  58.1765.
[INFO CTS-0026]     Height: 58.4000.
 Level 1
    Direction: Vertical
    Sinks per sub-region: 190
    Sub-region size: 58.1765 X 29.2000
[INFO CTS-0034]     Segment length (rounded): 14.
 Level 2
    Direction: Horizontal
    Sinks per sub-region: 95
    Sub-region size: 29.0882 X 29.2000
[INFO CTS-0034]     Segment length (rounded): 14.
 Level 3
    Direction: Vertical
    Sinks per sub-region: 48
    Sub-region size: 29.0882 X 14.6000
[INFO CTS-0034]     Segment length (rounded): 8.
 Level 4
    Direction: Horizontal
    Sinks per sub-region: 24
    Sub-region size: 14.5441 X 14.6000
[INFO CTS-0034]     Segment length (rounded): 8.
 Level 5
    Direction: Vertical
    Sinks per sub-region: 12
    Sub-region size: 14.5441 X 7.3000
[INFO CTS-0034]     Segment length (rounded): 4.
[INFO CTS-0032]  Stop criterion found. Max number of sinks is 15.
[INFO CTS-0035]  Number of sinks covered: 379.
[INFO CTS-0018]     Created 389 clock buffers.
[INFO CTS-0012]     Minimum number of buffers in the clock path: 3.
[INFO CTS-0013]     Maximum number of buffers in the clock path: 4.
[INFO CTS-0015]     Created 389 clock nets.
[INFO CTS-0016]     Fanout distribution for the current clock = 2:20, 3:21, 4:20, 5:18, 6:30, 7:37, 8:36, 9:39, 10:41, 11:34, 12:32, 13:21, 14:15, 15:10, 16:2, 17:3, 18:2, 19:1, 20:2..
[INFO CTS-0017]     Max level of the clock tree: 5.
[INFO CTS-0098] Clock net "clk"
[INFO CTS-0099]  Sinks 3325
[INFO CTS-0100]  Leaf buffers 352
[INFO CTS-0101]  Average sink wire length 1369.69 um
[INFO CTS-0102]  Path depth 3 - 4
[INFO CTS-0207]  Leaf load cells 347
[INFO] Repairing long wires on clock nets…
[INFO RSZ-0058] Using max wire length 6335um.
Setting global connections for newly added cells…
[INFO] Setting global connections...
Updating metrics…
Cell type report:                       Count       Area
  Fill cell                               590    2214.62
  Tap cell                               9207   11519.80
  Clock buffer                            441    6257.25
  Timing Repair Buffer                   1775   12647.13
  Inverter                                318    1221.17
  Clock inverter                          295    3867.46
  Sequential cell                        2978   74113.58
  Multi-Input combinational cell        15307  147841.79
  Total                                 30911  259682.81
Writing OpenROAD database to '/Users/prahalad/Asic-Cryptography/main/rtl/runs/RUN_2025-07-30_13-59-37/34-openroad-cts/asic_top.odb'…
Writing netlist to '/Users/prahalad/Asic-Cryptography/main/rtl/runs/RUN_2025-07-30_13-59-37/34-openroad-cts/asic_top.nl.v'…
Writing powered netlist to '/Users/prahalad/Asic-Cryptography/main/rtl/runs/RUN_2025-07-30_13-59-37/34-openroad-cts/asic_top.pnl.v'…
Writing layout to '/Users/prahalad/Asic-Cryptography/main/rtl/runs/RUN_2025-07-30_13-59-37/34-openroad-cts/asic_top.def'…
Writing timing constraints to '/Users/prahalad/Asic-Cryptography/main/rtl/runs/RUN_2025-07-30_13-59-37/34-openroad-cts/asic_top.sdc'…
[INFO] Legalizing…
Placement Analysis
---------------------------------
total displacement       4819.1 u
average displacement        0.2 u
max displacement            9.8 u
original HPWL         1247988.7 u
legalized HPWL        1264426.1 u
delta HPWL                    1 %

[INFO DPL-0020] Mirrored 7199 instances
[INFO DPL-0021] HPWL before          1264426.1 u
[INFO DPL-0022] HPWL after           1250036.6 u
[INFO DPL-0023] HPWL delta               -1.1 %
Setting global connections for newly added cells…
[INFO] Setting global connections...
Updating metrics…
Cell type report:                       Count       Area
  Fill cell                               590    2214.62
  Tap cell                               9207   11519.80
  Clock buffer                            441    6257.25
  Timing Repair Buffer                   1775   12647.13
  Inverter                                318    1221.17
  Clock inverter                          295    3867.46
  Sequential cell                        2978   74113.58
  Multi-Input combinational cell        15307  147841.79
  Total                                 30911  259682.81
Writing OpenROAD database to '/Users/prahalad/Asic-Cryptography/main/rtl/runs/RUN_2025-07-30_13-59-37/34-openroad-cts/asic_top.odb'…
Writing netlist to '/Users/prahalad/Asic-Cryptography/main/rtl/runs/RUN_2025-07-30_13-59-37/34-openroad-cts/asic_top.nl.v'…
Writing powered netlist to '/Users/prahalad/Asic-Cryptography/main/rtl/runs/RUN_2025-07-30_13-59-37/34-openroad-cts/asic_top.pnl.v'…
Writing layout to '/Users/prahalad/Asic-Cryptography/main/rtl/runs/RUN_2025-07-30_13-59-37/34-openroad-cts/asic_top.def'…
Writing timing constraints to '/Users/prahalad/Asic-Cryptography/main/rtl/runs/RUN_2025-07-30_13-59-37/34-openroad-cts/asic_top.sdc'…
%OL_CREATE_REPORT cts.rpt
[INFO CTS-0003] Total number of Clock Roots: 1.
[INFO CTS-0004] Total number of Buffers Inserted: 389.
[INFO CTS-0005] Total number of Clock Subnets: 389.
[INFO CTS-0006] Total number of Sinks: 2978.
%OL_END_REPORT
