Clock: clk
Sources: clk 
Generated: no
Virtual: yes
Propagated: no
Period: 20.000000

===========================================================================
report_clock_properties
============================================================================
Clock                   Period          Waveform
----------------------------------------------------
clk                  20.000000    0.000000 10.000000

===========================================================================
report_clock_latency
============================================================================
Clock clk
rise -> rise
    min     max
0.000000 0.000000 source latency
1.006101         network latency _32777_/CLK
        1.233434 network latency _31945_/CLK
---------------
1.006101 1.233434 latency
        0.227334 skew

fall -> fall
    min     max
0.000000 0.000000 source latency
0.795361         network latency _32777_/CLK
        0.994186 network latency _31945_/CLK
---------------
0.795361 0.994186 latency
        0.198825 skew



===========================================================================
report_clock_min_period
============================================================================
clk period_min = 17.11 fmax = 58.44
