Reading OpenROAD database at '/Users/prahalad/Asic-Cryptography/main/rtl/runs/RUN_2025-07-30_13-59-37/15-odb-setpowerconnections/asic_top.odb'…
Reading library file at '/Users/prahalad/.volare/volare/sky130/versions/0fe599b2afb6708d281543108caf8310912f54af/sky130A/libs.ref/sky130_fd_sc_hd/lib/sky130_fd_sc_hd__tt_025C_1v80.lib'…
Reading design constraints file at '/nix/store/1shp1i9i4na0sqd794l2lhbyka37r5wh-python3-3.11.9-env/lib/python3.11/site-packages/openlane/scripts/base.sdc'…
[INFO] Using clock clk…
[INFO] Setting output delay to: 4.0
[INFO] Setting input delay to: 4.0
[INFO] Setting load to: 0.033442
[INFO] Setting clock uncertainty to: 0.25
[INFO] Setting clock transition to: 0.1499999999999999944488848768742172978818416595458984375
[INFO] Setting timing derate to: 5%
Setting global connections for newly added cells…
[INFO] Setting global connections...
Updating metrics…
Cell type report:                       Count       Area
  Inverter                                318    1193.64
  Sequential cell                        2978   75489.90
  Multi-Input combinational cell        15307  149139.29
  Total                                 18603  225822.83
Writing OpenROAD database to '/Users/prahalad/Asic-Cryptography/main/rtl/runs/RUN_2025-07-30_13-59-37/17-openroad-cutrows/asic_top.odb'…
Writing layout to '/Users/prahalad/Asic-Cryptography/main/rtl/runs/RUN_2025-07-30_13-59-37/17-openroad-cutrows/asic_top.def'…
