┏━━━━━━━┳━━━━━━━━━┳━━━━━━━━━━┳━━━━━━━━━━━━━━━━━━━━━━━━━━━━━━━━━━┳━━━━━━━━━━━━━━━━━┳━━━━━━━┓
┃ P / R ┃ Partial ┃ Required ┃ Net                              ┃ Pin             ┃ Layer ┃
┡━━━━━━━╇━━━━━━━━━╇━━━━━━━━━━╇━━━━━━━━━━━━━━━━━━━━━━━━━━━━━━━━━━╇━━━━━━━━━━━━━━━━━╇━━━━━━━┩
│ 12.95 │ 5178.48 │ 400.00   │ chacha_unit.key[7\]              │ _24216_/A0      │ met3  │
│ 8.18  │ 3270.89 │ 400.00   │ chacha_unit.U_QR_COL_0.in_d[9\]  │ _27624_/A       │ met1  │
│ 8.18  │ 3270.65 │ 400.00   │ net1070                          │ fanout1060/A    │ met3  │
│ 7.97  │ 3189.17 │ 400.00   │ chacha_unit.U_QR_COL_2.in_b[0\]  │ _18054_/B       │ met1  │
│ 7.49  │ 2997.82 │ 400.00   │ net1273                          │ fanout1270/A    │ met3  │
│ 7.49  │ 2996.76 │ 400.00   │ chacha_unit.key[124\]            │ _23895_/A0      │ met3  │
│ 6.43  │ 2573.14 │ 400.00   │ chacha_unit.U_QR_COL_0.in_c[9\]  │ _23218_/A0      │ met3  │
│ 6.43  │ 2573.14 │ 400.00   │ chacha_unit.U_QR_COL_0.in_c[9\]  │ _26629_/B       │ met3  │
│ 6.43  │ 2573.14 │ 400.00   │ chacha_unit.U_QR_COL_0.in_c[9\]  │ _26630_/B       │ met3  │
│ 6.37  │ 2549.90 │ 400.00   │ _11042_                          │ _29111_/A1      │ met3  │
│ 5.57  │ 2228.98 │ 400.00   │ _11386_                          │ fanout554/A     │ met3  │
│ 5.36  │ 2145.65 │ 400.00   │ _07097_                          │ _24276_/C1      │ met3  │
│ 5.25  │ 2101.80 │ 400.00   │ net1229                          │ fanout1195/A    │ met3  │
│ 4.96  │ 1983.46 │ 400.00   │ chacha_unit.key[160\]            │ _23244_/A1      │ met3  │
│ 4.96  │ 1983.46 │ 400.00   │ chacha_unit.key[160\]            │ _29090_/A1      │ met3  │
│ 4.82  │ 1927.28 │ 400.00   │ chacha_unit.U_QR_COL_1.in_a[21\] │ _16339_/B       │ met1  │
│ 4.76  │ 1903.88 │ 400.00   │ net315                           │ _18894_/A       │ met1  │
│ 4.42  │ 1767.55 │ 400.00   │ net1362                          │ fanout1359/A    │ met3  │
│ 4.22  │ 1687.44 │ 400.00   │ net1247                          │ fanout1233/A    │ met3  │
│ 4.22  │ 1687.44 │ 400.00   │ net1247                          │ fanout1235/A    │ met3  │
│ 4.18  │ 1673.51 │ 400.00   │ net706                           │ fanout703/A     │ met3  │
│ 4.07  │ 1626.33 │ 400.00   │ _06910_                          │ _23980_/A1      │ met1  │
│ 4.00  │ 1599.16 │ 400.00   │ chacha_unit.U_QR_COL_2.in_c[20\] │ _18068_/B       │ met3  │
│ 4.00  │ 1599.16 │ 400.00   │ chacha_unit.U_QR_COL_2.in_c[20\] │ _18069_/A_N     │ met3  │
│ 3.84  │ 1534.64 │ 400.00   │ _11383_                          │ fanout564/A     │ met3  │
│ 3.80  │ 1521.16 │ 400.00   │ _06863_                          │ _23881_/B2      │ met3  │
│ 3.69  │ 1476.56 │ 400.00   │ _07068_                          │ _24235_/B1      │ met3  │
│ 3.69  │ 1476.56 │ 400.00   │ chacha_unit.key[13\]             │ _24238_/A1      │ met3  │
│ 3.69  │ 1475.25 │ 400.00   │ chacha_unit.U_QR_COL_1.in_a[1\]  │ _16227_/B       │ met1  │
│ 3.64  │ 1454.33 │ 400.00   │ chacha_unit.U_QR_COL_2.in_c[27\] │ _18261_/A       │ met3  │
│ 3.64  │ 1454.33 │ 400.00   │ chacha_unit.U_QR_COL_2.in_c[27\] │ _18262_/A       │ met3  │
│ 3.51  │ 1404.73 │ 400.00   │ net1539                          │ fanout1538/A    │ met3  │
│ 3.36  │ 1345.56 │ 400.00   │ _11036_                          │ _29104_/A1      │ met1  │
│ 3.25  │ 1298.13 │ 400.00   │ net540                           │ _30293_/A3      │ met3  │
│ 3.18  │ 1272.23 │ 400.00   │ _11399_                          │ fanout542/A     │ met2  │
│ 3.14  │ 1254.82 │ 400.00   │ _11245_                          │ fanout628/A     │ met2  │
│ 3.13  │ 1253.53 │ 400.00   │ _06915_                          │ _23987_/C1      │ met3  │
│ 3.13  │ 1251.54 │ 400.00   │ net1362                          │ fanout1359/A    │ met2  │
│ 3.09  │ 1235.04 │ 400.00   │ _11763_                          │ _31095_/A2      │ met2  │
│ 3.04  │ 1217.86 │ 400.00   │ chacha_unit.U_QR_COL_2.in_c[30\] │ _18240_/A       │ met3  │
│ 3.04  │ 1217.86 │ 400.00   │ chacha_unit.U_QR_COL_2.in_c[30\] │ _18241_/A       │ met3  │
│ 2.98  │ 1191.71 │ 400.00   │ chacha_unit.U_QR_COL_0.in_c[3\]  │ _16095_/A       │ met3  │
│ 2.98  │ 1191.71 │ 400.00   │ chacha_unit.U_QR_COL_0.in_c[3\]  │ _16115_/A       │ met3  │
│ 2.95  │ 1181.85 │ 400.00   │ chacha_unit.U_QR_COL_2.in_c[8\]  │ _23001_/B2      │ met1  │
│ 2.93  │ 1173.67 │ 400.00   │ chacha_unit.U_QR_COL_0.in_d[2\]  │ _24538_/A0      │ met3  │
│ 2.93  │ 1173.67 │ 400.00   │ chacha_unit.U_QR_COL_0.in_d[2\]  │ _27566_/B       │ met3  │
│ 2.93  │ 1173.67 │ 400.00   │ chacha_unit.U_QR_COL_0.in_d[2\]  │ _27567_/B       │ met3  │
│ 2.90  │ 1161.67 │ 400.00   │ chacha_unit.U_QR_COL_3.in_c[0\]  │ _17383_/B       │ met1  │
│ 2.90  │ 1161.67 │ 400.00   │ chacha_unit.U_QR_COL_3.in_c[0\]  │ _18749_/A_N     │ met1  │
│ 2.87  │ 1146.27 │ 400.00   │ net1260                          │ fanout1252/A    │ met3  │
│ 2.87  │ 1146.27 │ 400.00   │ net1260                          │ fanout1253/A    │ met3  │
│ 2.82  │ 1127.85 │ 400.00   │ _07109_                          │ _24292_/B1      │ met4  │
│ 2.81  │ 1125.69 │ 400.00   │ net902                           │ _29982_/B       │ met1  │
│ 2.80  │ 1118.04 │ 400.00   │ _11401_                          │ fanout526/A     │ met3  │
│ 2.79  │ 1117.46 │ 400.00   │ chacha_unit.nonce[0\]            │ _21653_/A1      │ met3  │
│ 2.79  │ 1117.46 │ 400.00   │ chacha_unit.nonce[0\]            │ _30902_/A1      │ met3  │
│ 2.76  │ 1102.78 │ 400.00   │ chacha_unit.U_QR_COL_1.in_c[9\]  │ _26877_/B       │ met1  │
│ 2.73  │ 1091.19 │ 400.00   │ net640                           │ fanout637/A     │ met2  │
│ 2.72  │ 1087.52 │ 400.00   │ chacha_unit.U_QR_COL_2.in_c[16\] │ _24319_/A0      │ met3  │
│ 2.72  │ 1087.52 │ 400.00   │ chacha_unit.U_QR_COL_2.in_c[16\] │ _27181_/A       │ met3  │
│ 2.72  │ 1087.52 │ 400.00   │ chacha_unit.U_QR_COL_2.in_c[16\] │ _27182_/A       │ met3  │
│ 2.71  │ 1085.26 │ 400.00   │ chacha_unit.U_QR_COL_3.in_c[13\] │ _24444_/A0      │ met3  │
│ 2.71  │ 1085.26 │ 400.00   │ chacha_unit.U_QR_COL_3.in_c[13\] │ _27407_/B       │ met3  │
│ 2.71  │ 1085.26 │ 400.00   │ chacha_unit.U_QR_COL_3.in_c[13\] │ _27408_/B       │ met3  │
│ 2.66  │ 1063.34 │ 400.00   │ net204                           │ _21389_/B       │ met1  │
│ 2.65  │ 1060.38 │ 400.00   │ _11120_                          │ _29202_/A1      │ met3  │
│ 2.64  │ 1054.46 │ 400.00   │ _04289_                          │ _20998_/B       │ met3  │
│ 2.64  │ 1054.46 │ 400.00   │ _04289_                          │ rebuffer93/A    │ met3  │
│ 2.64  │ 1054.46 │ 400.00   │ _04289_                          │ rebuffer129/A   │ met3  │
│ 2.63  │ 1053.67 │ 400.00   │ net633                           │ _29775_/S       │ met3  │
│ 2.63  │ 1053.67 │ 400.00   │ net633                           │ _29776_/S       │ met3  │
│ 2.62  │ 1048.60 │ 400.00   │ net1644                          │ fanout1643/A    │ met3  │
│ 2.60  │ 1039.89 │ 400.00   │ net665                           │ fanout664/A     │ met2  │
│ 2.59  │ 1034.96 │ 400.00   │ _07093_                          │ _24270_/C1      │ met3  │
│ 2.57  │ 1026.32 │ 400.00   │ _14679_                          │ _18731_/A       │ met1  │
│ 2.56  │ 1024.78 │ 400.00   │ net660                           │ fanout657/A     │ met2  │
│ 2.55  │ 1021.61 │ 400.00   │ chacha_unit.U_QR_COL_2.in_d[7\]  │ _28102_/A       │ met1  │
│ 2.53  │ 1012.36 │ 400.00   │ net635                           │ fanout632/A     │ met4  │
│ 2.53  │ 1012.36 │ 400.00   │ net635                           │ fanout634/A     │ met4  │
│ 2.45  │ 978.44  │ 400.00   │ chacha_unit.U_QR_COL_2.in_c[22\] │ _18004_/A       │ met3  │
│ 2.45  │ 978.44  │ 400.00   │ chacha_unit.U_QR_COL_2.in_c[22\] │ _18005_/A       │ met3  │
│ 2.43  │ 973.72  │ 400.00   │ chacha_unit.U_QR_COL_2.in_b[25\] │ _15827_/A0      │ met1  │
│ 2.43  │ 971.55  │ 400.00   │ net1711                          │ fanout1565/A    │ met3  │
│ 2.43  │ 971.55  │ 400.00   │ net1711                          │ fanout1644/A    │ met3  │
│ 2.43  │ 971.55  │ 400.00   │ net1711                          │ fanout1667/A    │ met3  │
│ 2.42  │ 969.67  │ 400.00   │ net1733                          │ _29796_/A0      │ met1  │
│ 2.36  │ 943.77  │ 400.00   │ net731                           │ fanout722/A     │ met3  │
│ 2.35  │ 941.77  │ 400.00   │ chacha_unit.nonce[40\]           │ _20732_/A1      │ met1  │
│ 2.35  │ 941.77  │ 400.00   │ chacha_unit.nonce[40\]           │ _30981_/A       │ met1  │
│ 2.35  │ 941.51  │ 400.00   │ _11245_                          │ fanout628/A     │ met1  │
│ 2.35  │ 941.28  │ 400.00   │ net1035                          │ fanout1032/A    │ met3  │
│ 2.35  │ 939.01  │ 400.00   │ _03372_                          │ wire321/A       │ met3  │
│ 2.33  │ 932.61  │ 400.00   │ chacha_unit.U_QR_COL_1.in_b[4\]  │ _16236_/A       │ met1  │
│ 2.33  │ 931.49  │ 400.00   │ _15346_                          │ _19338_/A       │ met1  │
│ 2.33  │ 931.49  │ 400.00   │ _15346_                          │ _19339_/A       │ met1  │
│ 2.27  │ 908.44  │ 400.00   │ chacha_unit.U_QR_COL_3.in_c[14\] │ _24445_/A0      │ met3  │
│ 2.27  │ 908.44  │ 400.00   │ chacha_unit.U_QR_COL_3.in_c[14\] │ _27414_/B       │ met3  │
│ 2.27  │ 908.44  │ 400.00   │ chacha_unit.U_QR_COL_3.in_c[14\] │ _27415_/B       │ met3  │
│ 2.27  │ 908.44  │ 400.00   │ chacha_unit.U_QR_COL_3.in_d[14\] │ _28406_/A       │ met3  │
│ 2.27  │ 908.44  │ 400.00   │ chacha_unit.U_QR_COL_3.in_d[14\] │ _28407_/A       │ met3  │
│ 2.27  │ 908.44  │ 400.00   │ chacha_unit.U_QR_COL_3.in_d[14\] │ _31211_/A0      │ met3  │
│ 2.25  │ 901.43  │ 400.00   │ _11390_                          │ fanout549/A     │ met3  │
│ 2.24  │ 894.40  │ 400.00   │ chacha_unit.U_QR_COL_2.in_c[21\] │ _18010_/A       │ met3  │
│ 2.24  │ 894.40  │ 400.00   │ chacha_unit.U_QR_COL_2.in_c[21\] │ _18072_/A       │ met3  │
│ 2.23  │ 891.61  │ 400.00   │ net906                           │ fanout903/A     │ met3  │
│ 2.22  │ 886.34  │ 400.00   │ chacha_unit.U_QR_COL_1.in_a[2\]  │ _15708_/A0      │ met3  │
│ 2.22  │ 886.34  │ 400.00   │ chacha_unit.U_QR_COL_1.in_a[2\]  │ _24830_/B       │ met3  │
│ 2.22  │ 886.34  │ 400.00   │ chacha_unit.U_QR_COL_1.in_a[2\]  │ _24831_/B       │ met3  │
│ 2.21  │ 885.14  │ 400.00   │ _10917_                          │ _28975_/A1      │ met3  │
│ 2.18  │ 870.44  │ 400.00   │ _11216_                          │ _29314_/A1      │ met1  │
│ 2.11  │ 845.67  │ 400.00   │ net635                           │ fanout632/A     │ met2  │
│ 2.08  │ 831.49  │ 400.00   │ net135                           │ output135/A     │ met1  │
│ 2.08  │ 830.65  │ 400.00   │ chacha_unit.U_QR_COL_0.in_c[1\]  │ _16106_/A       │ met3  │
│ 2.08  │ 830.65  │ 400.00   │ chacha_unit.U_QR_COL_0.in_c[1\]  │ _16110_/B1      │ met3  │
│ 2.07  │ 827.85  │ 400.00   │ net638                           │ _29742_/S       │ met2  │
│ 2.07  │ 827.49  │ 400.00   │ chacha_unit.U_QR_COL_2.in_c[17\] │ _18051_/A       │ met3  │
│ 2.07  │ 827.49  │ 400.00   │ chacha_unit.U_QR_COL_2.in_c[17\] │ _18052_/A       │ met3  │
│ 2.05  │ 820.69  │ 400.00   │ _11393_                          │ fanout546/A     │ met2  │
│ 2.05  │ 6054.48 │ 2956.40  │ _06906_                          │ _23974_/A1      │ met3  │
│ 2.04  │ 817.60  │ 400.00   │ net869                           │ fanout861/A     │ met3  │
│ 2.04  │ 817.60  │ 400.00   │ net869                           │ fanout863/A     │ met3  │
│ 2.00  │ 801.09  │ 400.00   │ _04657_                          │ _21364_/B       │ met3  │
│ 2.00  │ 801.09  │ 400.00   │ _04657_                          │ _21640_/B       │ met3  │
│ 2.00  │ 798.37  │ 400.00   │ net1331                          │ fanout1326/A    │ met1  │
│ 1.99  │ 797.52  │ 400.00   │ _11150_                          │ _29237_/A1      │ met3  │
│ 1.96  │ 782.95  │ 400.00   │ current_chunk_id[1\]             │ fanout1263/A    │ met3  │
│ 1.95  │ 781.18  │ 400.00   │ net650                           │ fanout647/A     │ met2  │
│ 1.95  │ 781.18  │ 400.00   │ net650                           │ fanout649/A     │ met2  │
│ 1.95  │ 779.56  │ 400.00   │ chacha_unit.U_QR_COL_3.in_c[27\] │ _18668_/A       │ met1  │
│ 1.94  │ 776.61  │ 400.00   │ net713                           │ fanout710/A     │ met2  │
│ 1.94  │ 776.61  │ 400.00   │ net713                           │ fanout712/A     │ met2  │
│ 1.93  │ 772.42  │ 400.00   │ _11281_                          │ _29990_/A       │ met1  │
│ 1.93  │ 771.53  │ 400.00   │ chacha_unit.U_QR_COL_0.in_c[12\] │ _16049_/A       │ met3  │
│ 1.93  │ 771.53  │ 400.00   │ chacha_unit.U_QR_COL_0.in_c[12\] │ _16050_/A       │ met3  │
│ 1.91  │ 765.80  │ 400.00   │ clk                              │ clkbuf_0_clk/A  │ met4  │
│ 1.89  │ 756.86  │ 400.00   │ _11303_                          │ fanout575/A     │ met3  │
│ 1.87  │ 747.71  │ 400.00   │ net704                           │ _29341_/S       │ met3  │
│ 1.87  │ 747.71  │ 400.00   │ net704                           │ _29342_/S       │ met3  │
│ 1.87  │ 747.71  │ 400.00   │ net704                           │ _29343_/S       │ met3  │
│ 1.83  │ 731.63  │ 400.00   │ chacha_unit.U_QR_COL_1.in_b[1\]  │ _24161_/A0      │ met3  │
│ 1.83  │ 731.63  │ 400.00   │ chacha_unit.U_QR_COL_1.in_b[1\]  │ _25819_/B       │ met3  │
│ 1.83  │ 731.63  │ 400.00   │ chacha_unit.U_QR_COL_1.in_b[1\]  │ _25820_/B       │ met3  │
│ 1.81  │ 722.11  │ 400.00   │ net1741                          │ _29626_/A1      │ met1  │
│ 1.79  │ 715.33  │ 400.00   │ _02981_                          │ fanout989/A     │ met3  │
│ 1.79  │ 715.33  │ 400.00   │ _02981_                          │ fanout998/A     │ met3  │
│ 1.78  │ 711.28  │ 400.00   │ net1739                          │ _29826_/A0      │ met1  │
│ 1.78  │ 710.23  │ 400.00   │ _11665_                          │ _30921_/C       │ met1  │
│ 1.77  │ 709.90  │ 400.00   │ _11156_                          │ _29244_/A1      │ met3  │
│ 1.77  │ 709.53  │ 400.00   │ chacha_unit.U_QR_COL_3.in_d[5\]  │ _28335_/A       │ met3  │
│ 1.77  │ 709.53  │ 400.00   │ chacha_unit.U_QR_COL_3.in_d[5\]  │ _28336_/A       │ met3  │
│ 1.77  │ 709.53  │ 400.00   │ chacha_unit.U_QR_COL_3.in_d[5\]  │ _31202_/A0      │ met3  │
│ 1.77  │ 707.69  │ 400.00   │ net731                           │ fanout718/A     │ met4  │
│ 1.77  │ 707.69  │ 400.00   │ net731                           │ fanout722/A     │ met4  │
│ 1.77  │ 707.69  │ 400.00   │ net731                           │ fanout730/A     │ met4  │
│ 1.77  │ 707.62  │ 400.00   │ net655                           │ fanout652/A     │ met2  │
│ 1.77  │ 707.62  │ 400.00   │ net655                           │ fanout654/A     │ met2  │
│ 1.77  │ 707.06  │ 400.00   │ chacha_unit.U_QR_COL_3.in_b[7\]  │ _21861_/A0      │ met1  │
│ 1.77  │ 707.06  │ 400.00   │ chacha_unit.U_QR_COL_3.in_b[7\]  │ _26363_/A       │ met1  │
│ 1.76  │ 703.33  │ 400.00   │ _10788_                          │ _28836_/A1      │ met1  │
│ 1.75  │ 701.82  │ 400.00   │ net679                           │ _29577_/S       │ met1  │
│ 1.75  │ 701.42  │ 400.00   │ _14610_                          │ _18764_/A_N     │ met1  │
│ 1.75  │ 701.04  │ 400.00   │ clk                              │ clkbuf_0_clk/A  │ met3  │
│ 1.75  │ 698.63  │ 400.00   │ net42                            │ fanout1764/A    │ met1  │
│ 1.74  │ 694.68  │ 400.00   │ net696                           │ fanout693/A     │ met2  │
│ 1.74  │ 694.68  │ 400.00   │ net696                           │ fanout695/A     │ met2  │
│ 1.73  │ 691.64  │ 400.00   │ chacha_unit.U_QR_COL_2.in_b[29\] │ _15831_/A0      │ met3  │
│ 1.73  │ 691.64  │ 400.00   │ chacha_unit.U_QR_COL_2.in_b[29\] │ _18014_/B       │ met3  │
│ 1.73  │ 691.64  │ 400.00   │ chacha_unit.U_QR_COL_2.in_b[29\] │ _18016_/B       │ met3  │
│ 1.73  │ 691.64  │ 400.00   │ chacha_unit.U_QR_COL_2.in_b[29\] │ _26291_/A       │ met3  │
│ 1.73  │ 691.64  │ 400.00   │ chacha_unit.U_QR_COL_2.in_b[29\] │ _26292_/A       │ met3  │
│ 1.72  │ 688.76  │ 400.00   │ _07103_                          │ _24284_/C1      │ met2  │
│ 1.72  │ 687.48  │ 400.00   │ net626                           │ fanout625/A     │ met2  │
│ 1.68  │ 673.65  │ 400.00   │ _06821_                          │ _23823_/B2      │ met3  │
│ 1.68  │ 673.65  │ 400.00   │ _06838_                          │ _23847_/C1      │ met3  │
│ 1.68  │ 673.65  │ 400.00   │ net1020                          │ _24241_/A1      │ met3  │
│ 1.66  │ 664.22  │ 400.00   │ chacha_unit.U_QR_COL_3.in_c[8\]  │ _17359_/B       │ met1  │
│ 1.66  │ 664.22  │ 400.00   │ chacha_unit.U_QR_COL_3.in_c[8\]  │ _17420_/A_N     │ met1  │
│ 1.65  │ 661.96  │ 400.00   │ net681                           │ fanout678/A     │ met2  │
│ 1.65  │ 660.00  │ 400.00   │ net1736                          │ _29528_/A1      │ met1  │
│ 1.63  │ 651.30  │ 400.00   │ chacha_unit.U_QR_COL_0.in_c[5\]  │ _16086_/A       │ met3  │
│ 1.63  │ 651.30  │ 400.00   │ chacha_unit.U_QR_COL_0.in_c[5\]  │ _16087_/A       │ met3  │
│ 1.63  │ 650.65  │ 400.00   │ _11344_                          │ fanout673/A     │ met3  │
│ 1.63  │ 650.65  │ 400.00   │ _11344_                          │ fanout674/A     │ met3  │
│ 1.61  │ 643.22  │ 400.00   │ chacha_unit.U_QR_COL_0.in_d[14\] │ _24550_/A0      │ met3  │
│ 1.61  │ 643.22  │ 400.00   │ chacha_unit.U_QR_COL_0.in_d[14\] │ _27662_/A       │ met3  │
│ 1.61  │ 643.22  │ 400.00   │ chacha_unit.U_QR_COL_0.in_d[14\] │ _27663_/A       │ met3  │
│ 1.59  │ 637.37  │ 400.00   │ net1737                          │ _29827_/A0      │ met1  │
│ 1.58  │ 633.66  │ 400.00   │ _11402_                          │ fanout521/A     │ met3  │
│ 1.58  │ 633.66  │ 400.00   │ net560                           │ _30147_/B1      │ met3  │
│ 1.58  │ 633.60  │ 400.00   │ net566                           │ _30159_/A2      │ met3  │
│ 1.58  │ 633.18  │ 400.00   │ chacha_unit.key[20\]             │ _24262_/A0      │ met1  │
│ 1.58  │ 632.00  │ 400.00   │ _11343_                          │ fanout572/A     │ met3  │
│ 1.58  │ 630.98  │ 400.00   │ _05036_                          │ _24371_/B1      │ met1  │
│ 1.57  │ 4652.57 │ 2956.40  │ _06941_                          │ _24023_/A1      │ met3  │
│ 1.56  │ 624.67  │ 400.00   │ net412                           │ fanout402/A     │ met3  │
│ 1.56  │ 624.67  │ 400.00   │ net412                           │ fanout403/A     │ met3  │
│ 1.56  │ 624.67  │ 400.00   │ net412                           │ fanout406/A     │ met3  │
│ 1.56  │ 622.29  │ 400.00   │ _11023_                          │ _29097_/B2      │ met3  │
│ 1.55  │ 619.20  │ 400.00   │ net1711                          │ fanout1565/A    │ met2  │
│ 1.54  │ 617.72  │ 400.00   │ _10801_                          │ _28850_/A1      │ met1  │
│ 1.54  │ 615.27  │ 400.00   │ _04415_                          │ _22053_/A       │ met1  │
│ 1.54  │ 615.27  │ 400.00   │ _04415_                          │ _22054_/A       │ met1  │
│ 1.53  │ 610.63  │ 400.00   │ net1750                          │ _29655_/A0      │ met1  │
│ 1.51  │ 4477.33 │ 2956.40  │ _06295_                          │ _23154_/B       │ met4  │
│ 1.50  │ 601.83  │ 400.00   │ _11400_                          │ fanout530/A     │ met3  │
│ 1.50  │ 601.83  │ 400.00   │ _11400_                          │ fanout534/A     │ met3  │
│ 1.50  │ 601.30  │ 400.00   │ net1087                          │ fanout1073/A    │ met3  │
│ 1.50  │ 601.30  │ 400.00   │ net1087                          │ fanout1074/A    │ met3  │
│ 1.49  │ 595.87  │ 400.00   │ net638                           │ _29742_/S       │ met3  │
│ 1.49  │ 595.87  │ 400.00   │ net638                           │ _29749_/S       │ met3  │
│ 1.48  │ 593.93  │ 400.00   │ net485                           │ fanout468/A     │ met2  │
│ 1.48  │ 593.93  │ 400.00   │ net1070                          │ fanout1060/A    │ met2  │
│ 1.48  │ 4389.71 │ 2956.40  │ _06943_                          │ _24026_/A1      │ met3  │
│ 1.48  │ 592.72  │ 400.00   │ _05183_                          │ wire307/A       │ met1  │
│ 1.48  │ 591.61  │ 400.00   │ chacha_unit.U_QR_COL_1.in_b[22\] │ _24182_/A0      │ met1  │
│ 1.46  │ 584.44  │ 400.00   │ _04135_                          │ _24356_/B1      │ met3  │
│ 1.46  │ 4617.48 │ 3172.40  │ _07077_                          │ _24248_/B1      │ met5  │
│ 1.45  │ 580.85  │ 400.00   │ chacha_unit.U_QR_COL_3.in_c[1\]  │ _27311_/B       │ met1  │
│ 1.45  │ 580.85  │ 400.00   │ chacha_unit.U_QR_COL_3.in_c[1\]  │ _27312_/B       │ met1  │
│ 1.45  │ 579.12  │ 400.00   │ chacha_unit.U_QR_COL_3.in_d[15\] │ _28415_/A       │ met3  │
│ 1.45  │ 579.12  │ 400.00   │ chacha_unit.U_QR_COL_3.in_d[15\] │ _28416_/A       │ met3  │
│ 1.45  │ 579.12  │ 400.00   │ chacha_unit.U_QR_COL_3.in_d[15\] │ _31212_/A0      │ met3  │
│ 1.44  │ 575.44  │ 400.00   │ net485                           │ fanout468/A     │ met3  │
│ 1.44  │ 4246.30 │ 2956.40  │ _06895_                          │ _23958_/A1      │ met5  │
│ 1.42  │ 569.69  │ 400.00   │ _06877_                          │ _23901_/B1      │ met2  │
│ 1.41  │ 562.57  │ 400.00   │ net1343                          │ fanout1338/A    │ met3  │
│ 1.39  │ 556.85  │ 400.00   │ net1269                          │ _29000_/B1      │ met1  │
│ 1.39  │ 4565.27 │ 3288.40  │ _05257_                          │ _22032_/A       │ met3  │
│ 1.38  │ 551.22  │ 400.00   │ _11096_                          │ _29174_/A1      │ met1  │
│ 1.36  │ 545.00  │ 400.00   │ chacha_unit.U_QR_COL_1.in_a[8\]  │ _24878_/B       │ met1  │
│ 1.36  │ 545.00  │ 400.00   │ chacha_unit.U_QR_COL_1.in_a[8\]  │ _24879_/B       │ met1  │
│ 1.35  │ 539.68  │ 400.00   │ chacha_unit.key[4\]              │ _24207_/A1      │ met1  │
│ 1.34  │ 534.67  │ 400.00   │ _11078_                          │ _29153_/A1      │ met3  │
│ 1.32  │ 528.12  │ 400.00   │ _04815_                          │ _21522_/B       │ met1  │
│ 1.32  │ 528.12  │ 400.00   │ _04815_                          │ _21536_/B       │ met1  │
│ 1.32  │ 3911.76 │ 2969.60  │ _11715_                          │ _30998_/B1      │ met5  │
│ 1.32  │ 526.09  │ 400.00   │ chacha_unit.U_QR_COL_1.in_b[2\]  │ _16224_/A       │ met1  │
│ 1.32  │ 526.09  │ 400.00   │ chacha_unit.U_QR_COL_1.in_b[2\]  │ _16225_/A       │ met1  │
│ 1.31  │ 522.53  │ 400.00   │ _04489_                          │ _21196_/B       │ met3  │
│ 1.31  │ 522.53  │ 400.00   │ _04489_                          │ _22224_/A       │ met3  │
│ 1.31  │ 522.53  │ 400.00   │ _04489_                          │ _22225_/A       │ met3  │
│ 1.30  │ 518.79  │ 400.00   │ net1745                          │ _29790_/A0      │ met1  │
│ 1.29  │ 517.38  │ 400.00   │ net787                           │ _24373_/A2      │ met3  │
│ 1.29  │ 517.38  │ 400.00   │ net787                           │ _24374_/B1      │ met3  │
│ 1.29  │ 517.38  │ 400.00   │ net787                           │ fanout775/A     │ met3  │
│ 1.27  │ 509.31  │ 400.00   │ net1710                          │ _32549_/RESET_B │ met1  │
│ 1.27  │ 509.22  │ 400.00   │ _11126_                          │ _29209_/A1      │ met1  │
│ 1.27  │ 507.18  │ 400.00   │ net687                           │ _29458_/S       │ met1  │
│ 1.27  │ 506.25  │ 400.00   │ chacha_unit.U_QR_COL_3.in_a[22\] │ _17253_/B       │ met1  │
│ 1.26  │ 505.57  │ 400.00   │ chacha_unit.U_QR_COL_3.in_c[3\]  │ _17372_/A       │ met2  │
│ 1.26  │ 505.57  │ 400.00   │ chacha_unit.U_QR_COL_3.in_c[3\]  │ _17390_/A       │ met2  │
│ 1.26  │ 503.37  │ 400.00   │ net1644                          │ fanout1591/A    │ met3  │
│ 1.26  │ 503.37  │ 400.00   │ net1644                          │ fanout1599/A    │ met3  │
│ 1.26  │ 503.37  │ 400.00   │ net1644                          │ fanout1624/A    │ met3  │
│ 1.26  │ 503.00  │ 400.00   │ _11138_                          │ _29223_/A1      │ met1  │
│ 1.26  │ 502.44  │ 400.00   │ _11204_                          │ _29300_/A1      │ met1  │
│ 1.26  │ 502.28  │ 400.00   │ _06146_                          │ _22988_/A2_N    │ met1  │
│ 1.24  │ 497.78  │ 400.00   │ _05154_                          │ wire318/A       │ met1  │
│ 1.24  │ 495.22  │ 400.00   │ _05900_                          │ _22708_/B       │ met3  │
│ 1.24  │ 494.89  │ 400.00   │ net207                           │ _21394_/B       │ met1  │
│ 1.24  │ 494.89  │ 400.00   │ net207                           │ _21395_/B       │ met1  │
│ 1.23  │ 491.66  │ 400.00   │ net1028                          │ _24237_/B1      │ met1  │
│ 1.23  │ 491.47  │ 400.00   │ net1539                          │ fanout1512/A    │ met4  │
│ 1.23  │ 491.47  │ 400.00   │ net1539                          │ fanout1516/A    │ met4  │
│ 1.23  │ 491.47  │ 400.00   │ net1539                          │ fanout1538/A    │ met4  │
│ 1.21  │ 484.88  │ 400.00   │ _04149_                          │ _20856_/B       │ met1  │
│ 1.21  │ 484.88  │ 400.00   │ _04149_                          │ _20999_/B       │ met1  │
│ 1.21  │ 484.23  │ 400.00   │ net1267                          │ fanout1265/A    │ met1  │
│ 1.21  │ 482.89  │ 400.00   │ _07090_                          │ _24266_/A1      │ met1  │
│ 1.21  │ 482.75  │ 400.00   │ net359                           │ _18279_/A_N     │ met1  │
│ 1.20  │ 481.81  │ 400.00   │ net711                           │ _29842_/A2      │ met2  │
│ 1.20  │ 481.81  │ 400.00   │ net711                           │ _29849_/A2      │ met2  │
│ 1.20  │ 480.44  │ 400.00   │ net1261                          │ _28864_/A1      │ met1  │
│ 1.20  │ 480.44  │ 400.00   │ net1749                          │ _29555_/A1      │ met1  │
│ 1.20  │ 479.62  │ 400.00   │ chacha_unit.U_QR_COL_3.in_c[6\]  │ _17412_/A       │ met1  │
│ 1.20  │ 479.62  │ 400.00   │ chacha_unit.U_QR_COL_3.in_c[6\]  │ _17416_/A       │ met1  │
│ 1.20  │ 478.99  │ 400.00   │ _04063_                          │ _23347_/B       │ met3  │
│ 1.20  │ 478.99  │ 400.00   │ _04063_                          │ _23348_/B       │ met3  │
│ 1.19  │ 475.18  │ 400.00   │ _11296_                          │ _30271_/B2      │ met1  │
│ 1.17  │ 469.74  │ 400.00   │ chacha_unit.U_QR_COL_2.in_c[0\]  │ _22939_/B2      │ met1  │
│ 1.17  │ 469.74  │ 400.00   │ chacha_unit.U_QR_COL_2.in_c[0\]  │ _24303_/A0      │ met1  │
│ 1.17  │ 469.74  │ 400.00   │ chacha_unit.U_QR_COL_2.in_c[0\]  │ _27057_/A       │ met1  │
│ 1.17  │ 468.14  │ 400.00   │ net728                           │ _24388_/B1      │ met1  │
│ 1.17  │ 467.36  │ 400.00   │ _11078_                          │ _29153_/A1      │ met2  │
│ 1.17  │ 466.01  │ 400.00   │ net577                           │ _29999_/B1      │ met1  │
│ 1.16  │ 465.78  │ 400.00   │ chacha_unit.key[186\]            │ _29273_/A1      │ met1  │
│ 1.16  │ 463.75  │ 400.00   │ chacha_unit.U_QR_COL_0.in_b[16\] │ _15985_/A       │ met1  │
│ 1.16  │ 463.75  │ 400.00   │ chacha_unit.U_QR_COL_0.in_b[16\] │ _15986_/A       │ met1  │
│ 1.16  │ 462.11  │ 400.00   │ net895                           │ fanout886/A     │ met2  │
│ 1.15  │ 461.69  │ 400.00   │ net1371                          │ fanout1364/A    │ met2  │
│ 1.15  │ 461.04  │ 400.00   │ net525                           │ _30323_/B1      │ met1  │
│ 1.14  │ 455.21  │ 400.00   │ net524                           │ _30359_/B1      │ met3  │
│ 1.13  │ 450.32  │ 400.00   │ net1739                          │ _29694_/A0      │ met1  │
│ 1.12  │ 447.94  │ 400.00   │ net861                           │ fanout860/A     │ met1  │
│ 1.12  │ 446.21  │ 400.00   │ net681                           │ fanout678/A     │ met1  │
│ 1.11  │ 442.15  │ 400.00   │ _06636_                          │ _23577_/B1      │ met1  │
│ 1.10  │ 441.97  │ 400.00   │ chacha_unit.U_QR_COL_0.in_b[8\]  │ _25625_/A       │ met1  │
│ 1.10  │ 440.95  │ 400.00   │ chacha_unit.U_QR_COL_0.in_a[8\]  │ _15778_/A0      │ met1  │
│ 1.10  │ 440.95  │ 400.00   │ chacha_unit.U_QR_COL_0.in_a[8\]  │ _24629_/B       │ met1  │
│ 1.10  │ 440.95  │ 400.00   │ chacha_unit.U_QR_COL_0.in_a[8\]  │ _24630_/B       │ met1  │
│ 1.10  │ 439.86  │ 400.00   │ chacha_unit.U_QR_COL_1.in_b[2\]  │ _25826_/B       │ met1  │
│ 1.10  │ 439.86  │ 400.00   │ chacha_unit.U_QR_COL_1.in_b[2\]  │ _25827_/B       │ met1  │
│ 1.10  │ 439.35  │ 400.00   │ net557                           │ _30146_/B1      │ met1  │
│ 1.09  │ 436.05  │ 400.00   │ chacha_unit.U_QR_COL_0.in_b[3\]  │ _15851_/A       │ met3  │
│ 1.09  │ 436.05  │ 400.00   │ chacha_unit.U_QR_COL_0.in_b[3\]  │ _15852_/A       │ met3  │
│ 1.09  │ 436.05  │ 400.00   │ chacha_unit.U_QR_COL_0.in_b[3\]  │ _17536_/A       │ met3  │
│ 1.08  │ 433.92  │ 400.00   │ net767                           │ fanout760/A     │ met1  │
│ 1.08  │ 432.57  │ 400.00   │ net342                           │ _20058_/A       │ met1  │
│ 1.08  │ 432.57  │ 400.00   │ net342                           │ _20059_/A       │ met1  │
│ 1.08  │ 432.50  │ 400.00   │ _11198_                          │ _29293_/A1      │ met1  │
│ 1.08  │ 432.01  │ 400.00   │ net768                           │ _24467_/A2      │ met1  │
│ 1.08  │ 430.84  │ 400.00   │ net768                           │ fanout752/A     │ met3  │
│ 1.07  │ 429.85  │ 400.00   │ _11399_                          │ fanout542/A     │ met3  │
│ 1.07  │ 429.85  │ 400.00   │ _11399_                          │ fanout543/A     │ met3  │
│ 1.07  │ 429.85  │ 400.00   │ _11399_                          │ fanout544/A     │ met3  │
│ 1.07  │ 429.52  │ 400.00   │ out_key_ptr[1\]                  │ _29094_/A1      │ met3  │
│ 1.07  │ 429.52  │ 400.00   │ out_key_ptr[1\]                  │ fanout1333/A    │ met3  │
│ 1.07  │ 429.52  │ 400.00   │ out_key_ptr[1\]                  │ fanout1336/A    │ met3  │
│ 1.07  │ 429.03  │ 400.00   │ _11066_                          │ _29139_/A1      │ met2  │
│ 1.07  │ 3175.76 │ 2969.60  │ _07116_                          │ _24302_/C1      │ met5  │
│ 1.07  │ 427.08  │ 400.00   │ _13124_                          │ _17112_/A       │ met1  │
│ 1.06  │ 425.59  │ 400.00   │ net563                           │ _30146_/A2      │ met1  │
│ 1.05  │ 421.96  │ 400.00   │ chacha_unit.U_QR_COL_2.in_b[30\] │ _15832_/A0      │ met3  │
│ 1.05  │ 421.96  │ 400.00   │ chacha_unit.U_QR_COL_2.in_b[30\] │ _18011_/B       │ met3  │
│ 1.05  │ 421.96  │ 400.00   │ chacha_unit.U_QR_COL_2.in_b[30\] │ _18012_/B       │ met3  │
│ 1.05  │ 421.96  │ 400.00   │ chacha_unit.U_QR_COL_2.in_b[30\] │ _18278_/A       │ met3  │
│ 1.05  │ 421.96  │ 400.00   │ chacha_unit.U_QR_COL_2.in_b[30\] │ _26298_/A       │ met3  │
│ 1.05  │ 421.96  │ 400.00   │ chacha_unit.U_QR_COL_2.in_b[30\] │ _26299_/A       │ met3  │
│ 1.05  │ 420.65  │ 400.00   │ net730                           │ fanout729/A     │ met1  │
│ 1.05  │ 420.44  │ 400.00   │ chacha_unit.U_QR_COL_3.in_c[27\] │ _27519_/A       │ met1  │
│ 1.04  │ 2900.19 │ 2778.20  │ _11102_                          │ _29181_/A1      │ met3  │
│ 1.04  │ 416.96  │ 400.00   │ _03371_                          │ _21269_/B1      │ met1  │
│ 1.04  │ 416.96  │ 400.00   │ _03371_                          │ _21274_/A       │ met1  │
│ 1.04  │ 416.54  │ 400.00   │ net658                           │ _29610_/S       │ met2  │
│ 1.04  │ 416.54  │ 400.00   │ net658                           │ _29616_/S       │ met2  │
│ 1.03  │ 410.76  │ 400.00   │ _11764_                          │ _31096_/B1      │ met3  │
│ 1.02  │ 407.67  │ 400.00   │ chacha_unit.U_QR_COL_2.in_b[22\] │ _17758_/B       │ met1  │
│ 1.02  │ 406.38  │ 400.00   │ net1026                          │ _24024_/S       │ met1  │
│ 1.01  │ 405.28  │ 400.00   │ net171                           │ _21506_/B       │ met1  │
│ 1.01  │ 405.28  │ 400.00   │ net171                           │ _21508_/B       │ met1  │
│ 1.01  │ 405.04  │ 400.00   │ chacha_unit.U_QR_COL_1.in_d[14\] │ _28563_/A0      │ met1  │
│ 1.01  │ 403.73  │ 400.00   │ _03641_                          │ _24271_/A       │ met3  │
│ 1.01  │ 403.73  │ 400.00   │ _03641_                          │ _24272_/A1      │ met3  │
│ 1.01  │ 403.60  │ 400.00   │ net1246                          │ fanout1245/A    │ met1  │
│ 1.01  │ 402.56  │ 400.00   │ _04575_                          │ rebuffer103/A   │ met1  │
│ 1.00  │ 401.31  │ 400.00   │ chacha_unit.U_QR_COL_3.in_c[18\] │ _17434_/A       │ met1  │
│ 1.00  │ 401.31  │ 400.00   │ chacha_unit.U_QR_COL_3.in_c[18\] │ _22822_/B2      │ met1  │
│ 1.00  │ 400.10  │ 400.00   │ chacha_unit.U_QR_COL_1.in_b[3\]  │ _24163_/A0      │ met3  │
│ 1.00  │ 400.10  │ 400.00   │ chacha_unit.U_QR_COL_1.in_b[3\]  │ _25834_/B       │ met3  │
│ 1.00  │ 400.10  │ 400.00   │ chacha_unit.U_QR_COL_1.in_b[3\]  │ _25835_/B       │ met3  │
└───────┴─────────┴──────────┴──────────────────────────────────┴─────────────────┴───────┘
