Clock: clk
Sources: clk 
Generated: no
Virtual: yes
Propagated: no
Period: 20.000000

===========================================================================
report_clock_properties
============================================================================
Clock                   Period          Waveform
----------------------------------------------------
clk                  20.000000    0.000000 10.000000

===========================================================================
report_clock_latency
============================================================================
Clock clk
rise -> rise
    min     max
0.000000 0.000000 source latency
1.033273         network latency _32777_/CLK
        1.278937 network latency _34127_/CLK
---------------
1.033273 1.278937 latency
        0.245664 skew

fall -> fall
    min     max
0.000000 0.000000 source latency
0.835342         network latency _32777_/CLK
        1.055702 network latency _34127_/CLK
---------------
0.835342 1.055702 latency
        0.220361 skew



===========================================================================
report_clock_min_period
============================================================================
clk period_min = 24.38 fmax = 41.02
