
===========================================================================
Violator List
============================================================================
[setup reg-reg] _31831_/Q -> _31832_/D : -3.822461
[setup reg-reg] _31831_/Q -> _31830_/D : -3.816514
[setup reg-reg] _31831_/Q -> _31856_/D : -3.752751
[setup reg-reg] _31831_/Q -> _31851_/D : -3.739906
[setup reg-reg] _31831_/Q -> _31831_/D : -3.720684
[setup reg-reg] _31831_/Q -> _31855_/D : -3.652044
[setup reg-reg] _31831_/Q -> _31601_/D : -3.649777
[setup reg-reg] _31891_/Q -> _31895_/D : -3.595750
[setup reg-reg] _31831_/Q -> _31852_/D : -3.587451
[setup reg-reg] _31831_/Q -> _31828_/D : -3.578913
[setup reg-reg] _31891_/Q -> _31892_/D : -3.568753
[setup reg-reg] _31891_/Q -> _31665_/D : -3.566932
[setup reg-reg] _31831_/Q -> _31600_/D : -3.561635
[setup reg-reg] _31831_/Q -> _31850_/D : -3.539116
[setup reg-reg] _31831_/Q -> _31829_/D : -3.473739
[setup reg-reg] _31831_/Q -> _31826_/D : -3.469886
[setup reg-reg] _31831_/Q -> _31848_/D : -3.462130
[setup reg-reg] _31831_/Q -> _31599_/D : -3.456856
[setup reg-reg] _31891_/Q -> _31896_/D : -3.448264
[setup reg-reg] _31831_/Q -> _31827_/D : -3.443637
[setup reg-reg] _31831_/Q -> _31589_/D : -3.427747
[setup reg-reg] _31891_/Q -> _31912_/D : -3.427527
[setup reg-reg] _31831_/Q -> _31598_/D : -3.423695
[setup reg-reg] _31891_/Q -> _31911_/D : -3.415682
[setup reg-reg] _31891_/Q -> _31919_/D : -3.410646
[setup reg-reg] _31831_/Q -> _31854_/D : -3.402889
[setup reg-reg] _31891_/Q -> _31661_/D : -3.396925
[setup reg-reg] _31831_/Q -> _31596_/D : -3.379553
[setup reg-reg] _31735_/Q -> _31760_/D : -3.372197
[setup reg-reg] _31891_/Q -> _31664_/D : -3.370962
[setup reg-reg] _31891_/Q -> _31916_/D : -3.366230
[setup reg-reg] _31831_/Q -> _31585_/D : -3.333808
[setup reg-reg] _31831_/Q -> _31849_/D : -3.332628
[setup reg-reg] _31831_/Q -> _31847_/D : -3.330170
[setup reg-reg] _31831_/Q -> _31853_/D : -3.320418
[setup reg-reg] _31891_/Q -> _31894_/D : -3.316370
[setup reg-reg] _31891_/Q -> _31890_/D : -3.311774
[setup reg-reg] _31891_/Q -> _31891_/D : -3.310083
[setup reg-reg] _31831_/Q -> _31593_/D : -3.306044
[setup reg-reg] _31831_/Q -> _31857_/D : -3.289442
[setup reg-reg] _31831_/Q -> _31597_/D : -3.278517
[setup reg-reg] _31891_/Q -> _31921_/D : -3.269133
[setup reg-reg] _31735_/Q -> _31736_/D : -3.255064
[setup reg-reg] _31831_/Q -> _31592_/D : -3.253129
[setup reg-reg] _31891_/Q -> _31893_/D : -3.246536
[setup reg-reg] _31891_/Q -> _31920_/D : -3.212851
[setup reg-reg] _31735_/Q -> _31734_/D : -3.196055
[setup reg-reg] _31891_/Q -> _31663_/D : -3.179689
[setup reg-reg] _31735_/Q -> _31697_/D : -3.168305
[setup reg-reg] _31831_/Q -> _31591_/D : -3.167397
[setup reg-reg] _31891_/Q -> _31910_/D : -3.165491
[setup reg-reg] _31831_/Q -> _31587_/D : -3.157874
[setup reg-reg] _31831_/Q -> _31588_/D : -3.155440
[setup reg-reg] _31891_/Q -> _31908_/D : -3.137814
[setup reg-reg] _31891_/Q -> _31915_/D : -3.133758
[setup reg-reg] _31831_/Q -> _31595_/D : -3.126999
[setup reg-reg] _31891_/Q -> _31918_/D : -3.113865
[setup reg-reg] _31891_/Q -> _31648_/D : -3.110618
[setup reg-reg] _31831_/Q -> _31846_/D : -3.109017
[setup reg-reg] _31831_/Q -> _31584_/D : -3.099393
[setup reg-reg] _31891_/Q -> _31907_/D : -3.098096
[setup reg-reg] _31735_/Q -> _31689_/D : -3.095064
[setup reg-reg] _31735_/Q -> _31732_/D : -3.092818
[setup reg-reg] _31891_/Q -> _31655_/D : -3.092335
[setup reg-reg] _31735_/Q -> _31758_/D : -3.089447
[setup reg-reg] _31891_/Q -> _31917_/D : -3.073536
[setup reg-reg] _31831_/Q -> _31843_/D : -3.070422
[setup reg-reg] _31735_/Q -> _31752_/D : -3.066962
[setup reg-reg] _31735_/Q -> _31735_/D : -3.055590
[setup reg-reg] _31891_/Q -> _31649_/D : -3.048287
[setup reg-reg] _31891_/Q -> _31906_/D : -3.046555
[setup reg-reg] _31891_/Q -> _31658_/D : -3.037704
[setup reg-reg] _31831_/Q -> _31840_/D : -3.021334
[setup reg-reg] _31891_/Q -> _31657_/D : -3.018993
[setup reg-reg] _31891_/Q -> _31656_/D : -3.016988
[setup reg-reg] _31831_/Q -> _31845_/D : -2.996208
[setup reg-reg] _31891_/Q -> _31660_/D : -2.988079
[setup reg-reg] _31735_/Q -> _31693_/D : -2.971881
[setup reg-reg] _31891_/Q -> _31659_/D : -2.970294
[setup reg-reg] _31891_/Q -> _31653_/D : -2.967561
[setup reg-reg] _31831_/Q -> _31841_/D : -2.932211
[setup reg-reg] _31891_/Q -> _31652_/D : -2.928882
[setup reg-reg] _31735_/Q -> _31681_/D : -2.924118
[setup reg-reg] _31831_/Q -> _31594_/D : -2.923585
[setup reg-reg] _31735_/Q -> _31696_/D : -2.916721
[setup reg-reg] _31735_/Q -> _31759_/D : -2.912097
[setup reg-reg] _31794_/Q -> _31799_/D : -2.908733
[setup reg-reg] _31831_/Q -> _31842_/D : -2.906825
[setup reg-reg] _31794_/Q -> _31800_/D : -2.906777
[setup reg-reg] _31891_/Q -> _31662_/D : -2.883132
[setup reg-reg] _31891_/Q -> _31645_/D : -2.870373
[setup reg-reg] _31735_/Q -> _31730_/D : -2.860066
[setup reg-reg] _31831_/Q -> _31839_/D : -2.858302
[setup reg-reg] _31735_/Q -> _31733_/D : -2.838419
[setup reg-reg] _31735_/Q -> _31695_/D : -2.835343
[setup reg-reg] _31794_/Q -> _31798_/D : -2.822420
[setup reg-reg] _31794_/Q -> _31796_/D : -2.803310
[setup reg-reg] _31735_/Q -> _31751_/D : -2.801821
[setup reg-reg] _31891_/Q -> _31914_/D : -2.798226
[setup reg-reg] _31831_/Q -> _31586_/D : -2.796119
[setup reg-reg] _31891_/Q -> _31647_/D : -2.794275
[setup reg-reg] _31831_/Q -> _31844_/D : -2.785820
[setup reg-reg] _31735_/Q -> _31756_/D : -2.767839
[setup reg-reg] _31831_/Q -> _31590_/D : -2.766767
[setup reg-reg] _31735_/Q -> _31680_/D : -2.764692
[setup reg-reg] _31735_/Q -> _31731_/D : -2.760967
[setup reg-reg] _31891_/Q -> _31909_/D : -2.752115
[setup reg-reg] _31735_/Q -> _31754_/D : -2.738000
[setup reg-reg] _31735_/Q -> _31691_/D : -2.731730
[setup reg-reg] _31794_/Q -> _31824_/D : -2.729213
[setup reg-reg] _31735_/Q -> _31694_/D : -2.719553
[setup reg-reg] _31891_/Q -> _31913_/D : -2.713037
[setup reg-reg] _31794_/Q -> _31797_/D : -2.707246
[setup reg-reg] _31831_/Q -> _31583_/D : -2.702558
[setup reg-reg] _31735_/Q -> _31755_/D : -2.702528
[setup reg-reg] _31735_/Q -> _31750_/D : -2.696812
[setup reg-reg] _31735_/Q -> _31757_/D : -2.694057
[setup reg-reg] _31891_/Q -> _31643_/D : -2.682434
[setup reg-reg] _31891_/Q -> _31644_/D : -2.659009
[setup reg-reg] _31735_/Q -> _31761_/D : -2.654037
[setup reg-reg] _31794_/Q -> _31823_/D : -2.638760
[setup reg-reg] _31831_/Q -> _31581_/D : -2.629253
[setup reg-reg] _31891_/Q -> _31646_/D : -2.629251
[setup reg-reg] _31735_/Q -> _31688_/D : -2.628678
[setup reg-reg] _31831_/Q -> _31577_/D : -2.624285
[setup reg-reg] _31891_/Q -> _31651_/D : -2.614323
[setup reg-reg] _31735_/Q -> _31679_/D : -2.567353
[setup reg-reg] _31735_/Q -> _31692_/D : -2.555435
[setup reg-reg] _31831_/Q -> _31579_/D : -2.542038
[setup reg-reg] _31891_/Q -> _31654_/D : -2.537867
[setup reg-reg] _31735_/Q -> _31748_/D : -2.523016
[setup reg-reg] _31794_/Q -> _31822_/D : -2.518835
[setup reg-reg] _31735_/Q -> _31690_/D : -2.515883
[setup reg-reg] _31831_/Q -> _31582_/D : -2.482693
[setup reg-reg] _31831_/Q -> _31580_/D : -2.477254
[setup reg-reg] _31735_/Q -> _31686_/D : -2.465580
[setup reg-reg] _31735_/Q -> _31687_/D : -2.456656
[setup reg-reg] _31735_/Q -> _31685_/D : -2.445903
[setup reg-reg] _31794_/Q -> _31815_/D : -2.437195
[setup reg-reg] _31891_/Q -> _31905_/D : -2.435350
[setup reg-reg] _31735_/Q -> _31746_/D : -2.430562
[setup reg-reg] _31891_/Q -> _31642_/D : -2.428740
[setup reg-reg] _31831_/Q -> _31837_/D : -2.425233
[setup reg-reg] _31735_/Q -> _31749_/D : -2.405653
[setup reg-reg] _31831_/Q -> _31838_/D : -2.396165
[setup reg-reg] _31735_/Q -> _31683_/D : -2.382182
[setup reg-reg] _31794_/Q -> _31569_/D : -2.380414
[setup reg-reg] _31891_/Q -> _31904_/D : -2.377957
[setup reg-reg] _31794_/Q -> _31825_/D : -2.355444
[setup reg-reg] _31794_/Q -> _31795_/D : -2.337867
[setup reg-reg] _31794_/Q -> _31561_/D : -2.336650
[setup reg-reg] _31794_/Q -> _31821_/D : -2.326573
[setup reg-reg] _31891_/Q -> _31903_/D : -2.325139
[setup reg-reg] _31735_/Q -> _31678_/D : -2.312548
[setup reg-reg] _31735_/Q -> _31684_/D : -2.312548
[setup reg-reg] _31794_/Q -> _31819_/D : -2.293186
[setup reg-reg] _31735_/Q -> _31677_/D : -2.291113
[setup reg-reg] _31891_/Q -> _31650_/D : -2.286317
[setup reg-reg] _31831_/Q -> _31578_/D : -2.285340
[setup reg-reg] _31794_/Q -> _31794_/D : -2.284029
[setup reg-reg] _31794_/Q -> _31814_/D : -2.275643
[setup reg-reg] _31794_/Q -> _31816_/D : -2.270392
[setup reg-reg] _31794_/Q -> _31820_/D : -2.261073
[setup reg-reg] _31735_/Q -> _31753_/D : -2.259318
[setup reg-reg] _31794_/Q -> _31818_/D : -2.245917
[setup reg-reg] _31735_/Q -> _31747_/D : -2.245269
[setup reg-reg] _31794_/Q -> _31568_/D : -2.238057
[setup reg-reg] _31794_/Q -> _31564_/D : -2.234582
[setup reg-reg] _31794_/Q -> _31567_/D : -2.213428
[setup reg-reg] _31794_/Q -> _31811_/D : -2.211643
[setup reg-reg] _31831_/Q -> _31576_/D : -2.202560
[setup reg-reg] _31891_/Q -> _31641_/D : -2.202079
[setup reg-reg] _31735_/Q -> _31682_/D : -2.197346
[setup reg-reg] _31794_/Q -> _31560_/D : -2.193461
[setup reg-reg] _31735_/Q -> _31675_/D : -2.189300
[setup reg-reg] _31735_/Q -> _31676_/D : -2.188576
[setup reg-reg] _31794_/Q -> _31565_/D : -2.173051
[setup reg-reg] _31891_/Q -> _31901_/D : -2.153605
[setup reg-reg] _31831_/Q -> _31409_/D : -2.151163
[setup reg-reg] _31891_/Q -> _31640_/D : -2.144104
[setup reg-reg] _31831_/Q -> _31836_/D : -2.141318
[setup reg-reg] _31794_/Q -> _31552_/D : -2.127971
[setup reg-reg] _31794_/Q -> _31813_/D : -2.124782
[setup reg-reg] _31735_/Q -> _31745_/D : -2.123508
[setup reg-reg] _31794_/Q -> _31812_/D : -2.110850
[setup reg-reg] _31794_/Q -> _31566_/D : -2.106033
[setup reg-reg] _31794_/Q -> _31559_/D : -2.103539
[setup reg-reg] _31794_/Q -> _31553_/D : -2.073115
[setup reg-reg] _31891_/Q -> _31902_/D : -2.070753
[setup reg-reg] _31794_/Q -> _31557_/D : -2.043972
[setup reg-reg] _31794_/Q -> _31563_/D : -2.031765
[setup reg-reg] _31831_/Q -> _31574_/D : -2.005560
[setup reg-reg] _31831_/Q -> _31575_/D : -1.994444
[setup reg-reg] _31794_/Q -> _31549_/D : -1.982151
[setup reg-reg] _31794_/Q -> _31810_/D : -1.967866
[setup reg-reg] _31794_/Q -> _31817_/D : -1.964731
[setup reg-reg] _31735_/Q -> _31674_/D : -1.924828
[setup reg-reg] _31794_/Q -> _31562_/D : -1.921922
[setup reg-reg] _31891_/Q -> _31899_/D : -1.890436
[setup reg-reg] _31891_/Q -> _31900_/D : -1.875927
[setup reg-reg] _31891_/Q -> _31638_/D : -1.875758
[setup reg-reg] _31831_/Q -> _31835_/D : -1.839375
[setup reg-reg] _31794_/Q -> _31548_/D : -1.834826
[setup reg-reg] _31794_/Q -> _31550_/D : -1.826610
[setup reg-reg] _31891_/Q -> _31639_/D : -1.819586
[setup reg-reg] _31794_/Q -> _31551_/D : -1.800265
[setup reg-reg] _31891_/Q -> _31637_/D : -1.781977
[setup reg-reg] _31794_/Q -> _31809_/D : -1.747186
[setup reg-reg] _31794_/Q -> _31555_/D : -1.738107
[setup reg-reg] _31794_/Q -> _31556_/D : -1.737465
[setup reg-reg] _31794_/Q -> _31558_/D : -1.721647
[setup reg-reg] _31831_/Q -> _31834_/D : -1.716680
[setup reg-reg] _31735_/Q -> _31744_/D : -1.706509
[setup reg-reg] _31831_/Q -> _31408_/D : -1.691257
[setup reg-reg] _31831_/Q -> _31573_/D : -1.682563
[setup reg-reg] _31831_/Q -> _32105_/D : -1.675687
[setup reg-reg] _31735_/Q -> _31742_/D : -1.653268
[setup reg-reg] _31794_/Q -> _31808_/D : -1.648162
[setup reg-reg] _31735_/Q -> _31743_/D : -1.626914
[setup reg-reg] _31794_/Q -> _31807_/D : -1.616272
[setup reg-reg] _31794_/Q -> _31547_/D : -1.585333
[setup reg-reg] _31891_/Q -> _31898_/D : -1.579277
[setup reg-reg] _31794_/Q -> _31805_/D : -1.575236
[setup reg-reg] _31891_/Q -> _31636_/D : -1.560888
[setup reg-reg] _31831_/Q -> _31407_/D : -1.525089
[setup reg-reg] _31831_/Q -> _32104_/D : -1.508498
[setup reg-reg] _31735_/Q -> _31673_/D : -1.508118
[setup reg-reg] _31831_/Q -> _31572_/D : -1.493603
[setup reg-reg] _31891_/Q -> _31441_/D : -1.475240
[setup reg-reg] _31831_/Q -> _31833_/D : -1.444173
[setup reg-reg] _31794_/Q -> _31806_/D : -1.443498
[setup reg-reg] _31794_/Q -> _31545_/D : -1.434330
[setup reg-reg] _31891_/Q -> _31897_/D : -1.426077
[setup reg-reg] _31794_/Q -> _31544_/D : -1.407603
[setup reg-reg] _31831_/Q -> _31406_/D : -1.393680
[setup reg-reg] _31794_/Q -> _31804_/D : -1.391801
[setup reg-reg] _31831_/Q -> _31385_/D : -1.382688
[setup reg-reg] _31735_/Q -> _31741_/D : -1.377398
[setup reg-reg] _31794_/Q -> _31554_/D : -1.359563
[setup reg-reg] _31735_/Q -> _31672_/D : -1.353831
[setup reg-reg] _31735_/Q -> _31671_/D : -1.351857
[setup reg-reg] _31831_/Q -> _31571_/D : -1.331818
[setup reg-reg] _31794_/Q -> _31546_/D : -1.327786
[setup reg-reg] _31831_/Q -> _32103_/D : -1.292321
[setup reg-reg] _31735_/Q -> _31670_/D : -1.234016
[setup reg-reg] _31794_/Q -> _31543_/D : -1.232353
[setup reg-reg] _31891_/Q -> _31439_/D : -1.216730
[setup reg-reg] _31891_/Q -> _31440_/D : -1.184562
[setup reg-reg] _31831_/Q -> _31383_/D : -1.174008
[setup reg-reg] _31831_/Q -> _31384_/D : -1.170609
[setup reg-reg] _31735_/Q -> _31740_/D : -1.158542
[setup reg-reg] _31891_/Q -> _31635_/D : -1.154765
[setup reg-reg] _31794_/Q -> _31803_/D : -1.153534
[setup reg-reg] _31831_/Q -> _31381_/D : -1.149191
[setup reg-reg] _31891_/Q -> _31416_/D : -1.145590
[setup reg-reg] _31891_/Q -> _31415_/D : -1.129514
[setup reg-reg] _31794_/Q -> _31541_/D : -1.113953
[setup reg-reg] _31891_/Q -> _31417_/D : -1.111415
[setup reg-reg] _31794_/Q -> _31542_/D : -1.100723
[setup reg-reg] _31891_/Q -> _31976_/D : -1.095408
[setup reg-reg] _31831_/Q -> _32113_/D : -1.093762
[setup reg-reg] _31891_/Q -> _31977_/D : -1.062231
[setup reg-reg] _31735_/Q -> _31738_/D : -0.989404
[setup reg-reg] _31831_/Q -> _32102_/D : -0.951665
[setup reg-reg] _31831_/Q -> _31379_/D : -0.949074
[setup reg-reg] _31831_/Q -> _31570_/D : -0.926734
[setup reg-reg] _31735_/Q -> _31669_/D : -0.921435
[setup reg-reg] _31891_/Q -> _31985_/D : -0.884304
[setup reg-reg] _31891_/Q -> _31634_/D : -0.874604
[setup reg-reg] _31891_/Q -> _31975_/D : -0.871189
[setup reg-reg] _31831_/Q -> _31378_/D : -0.857233
[setup reg-reg] _31735_/Q -> _31739_/D : -0.846368
[setup reg-reg] _31831_/Q -> _31405_/D : -0.839638
[setup reg-reg] _31831_/Q -> _31382_/D : -0.805292
[setup reg-reg] _31891_/Q -> _31413_/D : -0.789102
[setup reg-reg] _31831_/Q -> _32111_/D : -0.780647
[setup reg-reg] _31831_/Q -> _32112_/D : -0.768440
[setup reg-reg] _31735_/Q -> _31668_/D : -0.763329
[setup reg-reg] _31891_/Q -> _31437_/D : -0.742972
[setup reg-reg] _31831_/Q -> _32109_/D : -0.740625
[setup reg-reg] _31735_/Q -> _31469_/D : -0.739091
[setup reg-reg] _31735_/Q -> _31449_/D : -0.732134
[setup reg-reg] _31891_/Q -> _31981_/D : -0.728317
[setup reg-reg] _31891_/Q -> _31984_/D : -0.723265
[setup reg-reg] _31831_/Q -> _31380_/D : -0.723246
[setup reg-reg] _31891_/Q -> _31983_/D : -0.721487
[setup reg-reg] _31794_/Q -> _31802_/D : -0.720638
[setup reg-reg] _31891_/Q -> _31414_/D : -0.711040
[setup reg-reg] _31794_/Q -> _31540_/D : -0.692038
[setup reg-reg] _31735_/Q -> _31473_/D : -0.671600
[setup reg-reg] _31891_/Q -> _31438_/D : -0.670951
[setup reg-reg] _31735_/Q -> _31737_/D : -0.664860
[setup reg-reg] _31891_/Q -> _31411_/D : -0.646526
[setup reg-reg] _31891_/Q -> _31412_/D : -0.645930
[setup reg-reg] _31831_/Q -> _32110_/D : -0.632689
[setup reg-reg] _31891_/Q -> _31982_/D : -0.604695
[setup reg-reg] _31831_/Q -> _32107_/D : -0.604304
[setup reg-reg] _31794_/Q -> _31536_/D : -0.591644
[setup reg-reg] _31831_/Q -> _31404_/D : -0.567081
[setup reg-reg] _31831_/Q -> _32101_/D : -0.540261
[setup reg-reg] _31831_/Q -> _32108_/D : -0.528592
[setup reg-reg] _31794_/Q -> _31537_/D : -0.517719
[setup reg-reg] _31891_/Q -> _31436_/D : -0.493570
[setup reg-reg] _31891_/Q -> _31410_/D : -0.490571
[setup reg-reg] _31735_/Q -> _31468_/D : -0.488084
[setup reg-reg] _31794_/Q -> _32041_/D : -0.487024
[setup reg-reg] _31735_/Q -> _32017_/D : -0.485834
[setup reg-reg] _31891_/Q -> _31980_/D : -0.468361
[setup reg-reg] _31831_/Q -> _31403_/D : -0.467198
[setup reg-reg] _31831_/Q -> _31401_/D : -0.466709
[setup reg-reg] _31735_/Q -> _31666_/D : -0.456557
[setup reg-reg] _31891_/Q -> _31974_/D : -0.447953
[setup reg-reg] _31735_/Q -> _31448_/D : -0.439345
[setup reg-reg] _31735_/Q -> _31667_/D : -0.421908
[setup reg-reg] _31831_/Q -> _32106_/D : -0.416033
[setup reg-reg] _31794_/Q -> _31513_/D : -0.393399
[setup reg-reg] _31735_/Q -> _32009_/D : -0.386612
[setup reg-reg] _31794_/Q -> _31539_/D : -0.366502
[setup reg-reg] _31891_/Q -> _31978_/D : -0.341364
[setup reg-reg] _31735_/Q -> _31465_/D : -0.339421
[setup reg-reg] _31891_/Q -> _31979_/D : -0.328837
[setup reg-reg] _31891_/Q -> _31973_/D : -0.328260
[setup reg-reg] _31735_/Q -> _31467_/D : -0.310299
[setup reg-reg] _31735_/Q -> _31472_/D : -0.309889
[setup reg-reg] _31831_/Q -> _31400_/D : -0.307406
[setup reg-reg] _31831_/Q -> _32100_/D : -0.297213
[setup reg-reg] _31794_/Q -> _31801_/D : -0.282228
[setup reg-reg] _31735_/Q -> _31446_/D : -0.282011
[setup reg-reg] _31794_/Q -> _31533_/D : -0.265420
[setup reg-reg] _31831_/Q -> _32099_/D : -0.259071
[setup reg-reg] _31891_/Q -> _31435_/D : -0.251099
[setup reg-reg] _31794_/Q -> _31535_/D : -0.249253
[setup reg-reg] _31735_/Q -> _31463_/D : -0.248880
[setup reg-reg] _31831_/Q -> _31402_/D : -0.238328
[setup reg-reg] _31794_/Q -> _31509_/D : -0.232282
[setup reg-reg] _31891_/Q -> _31433_/D : -0.226574
[setup reg-reg] _31735_/Q -> _31471_/D : -0.220130
[setup reg-reg] _31735_/Q -> _32005_/D : -0.204681
[setup reg-reg] _31831_/Q -> _32097_/D : -0.198124
[setup reg-reg] _31891_/Q -> _31969_/D : -0.194602
[setup reg-reg] _31735_/Q -> _32003_/D : -0.187176
[setup reg-reg] _31735_/Q -> _31447_/D : -0.181579
[setup reg-reg] _31794_/Q -> _32049_/D : -0.162524
[setup reg-reg] _31794_/Q -> _31512_/D : -0.158209
[setup reg-reg] _31735_/Q -> _31445_/D : -0.158073
[setup reg-reg] _31794_/Q -> _32040_/D : -0.145706
[setup reg-reg] _31831_/Q -> _31399_/D : -0.131333
[setup reg-reg] _31735_/Q -> _32001_/D : -0.130425
[setup reg-reg] _31891_/Q -> _31432_/D : -0.123130
[setup reg-reg] _31735_/Q -> _31443_/D : -0.120298
[setup reg-reg] _31891_/Q -> _31431_/D : -0.104462
[setup reg-reg] _31794_/Q -> _31529_/D : -0.100657
[setup reg-reg] _31891_/Q -> _31430_/D : -0.088265
[setup reg-reg] _31794_/Q -> _32039_/D : -0.070523
[setup reg-reg] _31794_/Q -> _31528_/D : -0.068585
[setup reg-reg] _31794_/Q -> _31508_/D : -0.066571
[setup reg-reg] _31831_/Q -> _32098_/D : -0.054426
[setup reg-reg] _31831_/Q -> _31398_/D : -0.038543
[setup reg-reg] _31735_/Q -> _31464_/D : -0.037495
[setup reg-reg] _31794_/Q -> _31507_/D : -0.014719
[setup reg-reg] _31891_/Q -> _31971_/D : -0.008923
[setup reg-reg] _31891_/Q -> _31972_/D : -0.008495
[setup reg-reg] _31735_/Q -> _32011_/D : -0.000906
Writing metric timing__hold_vio__count__corner:nom_tt_025C_1v80: 0
Writing metric timing__hold_r2r__ws__corner:nom_tt_025C_1v80: 0.288234
Writing metric timing__hold_r2r_vio__count__corner:nom_tt_025C_1v80: 0
Writing metric timing__setup_vio__count__corner:nom_tt_025C_1v80: 363
Writing metric timing__setup_r2r__ws__corner:nom_tt_025C_1v80: -3.822461
Writing metric timing__setup_r2r_vio__count__corner:nom_tt_025C_1v80: 363
