Clock: clk
Sources: clk 
Generated: no
Virtual: yes
Propagated: no
Period: 20.000000

===========================================================================
report_clock_properties
============================================================================
Clock                   Period          Waveform
----------------------------------------------------
clk                  20.000000    0.000000 10.000000

===========================================================================
report_clock_latency
============================================================================
Clock clk
rise -> rise
    min     max
0.000000 0.000000 source latency
2.753654         network latency _32777_/CLK
        3.352065 network latency _31945_/CLK
---------------
2.753654 3.352065 latency
        0.598411 skew

fall -> fall
    min     max
0.000000 0.000000 source latency
2.181176         network latency _32777_/CLK
        2.693673 network latency _31945_/CLK
---------------
2.181176 2.693673 latency
        0.512497 skew



===========================================================================
report_clock_min_period
============================================================================
clk period_min = 51.89 fmax = 19.27
