Clock: clk
Sources: clk 
Generated: no
Virtual: yes
Propagated: no
Period: 20.000000

===========================================================================
report_clock_properties
============================================================================
Clock                   Period          Waveform
----------------------------------------------------
clk                  20.000000    0.000000 10.000000

===========================================================================
report_clock_latency
============================================================================
Clock clk
rise -> rise
    min     max
0.000000 0.000000 source latency
1.481382         network latency _32777_/CLK
        1.805295 network latency _31945_/CLK
---------------
1.481382 1.805295 latency
        0.323913 skew

fall -> fall
    min     max
0.000000 0.000000 source latency
1.146888         network latency _32777_/CLK
        1.426705 network latency _33796_/CLK
---------------
1.146888 1.426705 latency
        0.279817 skew



===========================================================================
report_clock_min_period
============================================================================
clk period_min = 26.58 fmax = 37.62
