129. Printing statistics.

=== asic_top ===

   Number of wires:              18817
   Number of wire bits:          23120
   Number of public wires:          87
   Number of public wire bits:    3056
   Number of ports:                 23
   Number of port bits:            153
   Number of memories:               0
   Number of memory bits:            0
   Number of processes:              0
   Number of cells:              23027
     $_ANDNOT_                    5883
     $_AND_                        760
     $_DFFE_PN0N_                 1024
     $_DFFE_PN0P_                 1380
     $_DFFE_PP_                    545
     $_DFF_PN0_                     22
     $_DFF_PN1_                      1
     $_MUX_                       1131
     $_NAND_                       579
     $_NOR_                       1439
     $_NOT_                        928
     $_ORNOT_                      893
     $_OR_                        3844
     $_SDFFCE_PN0P_                  2
     $_SDFFCE_PP0P_                  4
     $_XNOR_                      2037
     $_XOR_                       2555

   Area for cell type $_NOT_ is unknown!
   Area for cell type $_AND_ is unknown!
   Area for cell type $_NAND_ is unknown!
   Area for cell type $_OR_ is unknown!
   Area for cell type $_NOR_ is unknown!
   Area for cell type $_XOR_ is unknown!
   Area for cell type $_XNOR_ is unknown!
   Area for cell type $_ANDNOT_ is unknown!
   Area for cell type $_ORNOT_ is unknown!
   Area for cell type $_MUX_ is unknown!
   Area for cell type $_DFFE_PP_ is unknown!
   Area for cell type $_DFF_PN0_ is unknown!
   Area for cell type $_DFF_PN1_ is unknown!
   Area for cell type $_DFFE_PN0N_ is unknown!
   Area for cell type $_DFFE_PN0P_ is unknown!
   Area for cell type $_SDFFCE_PN0P_ is unknown!
   Area for cell type $_SDFFCE_PP0P_ is unknown!

