
===========================================================================
report_checks -unconstrained
===========================================================================
======================= min_tt_025C_1v80 Corner ===================================

Startpoint: rst_n (input port clocked by clk)
Endpoint: _31572_ (recovery check against rising-edge clock clk)
Path Group: asynchronous
Path Type: max

Fanout         Cap        Slew       Delay        Time   Description
---------------------------------------------------------------------------------------------
                                  0.000000    0.000000   clock clk (rise edge)
                                  0.000000    0.000000   clock network delay (propagated)
                                  4.000000    4.000000 ^ input external delay
     1    0.002528    0.018574    0.009352    4.009352 ^ rst_n (in)
                                                         rst_n (net)
                      0.018574    0.000000    4.009352 ^ input71/A (sky130_fd_sc_hd__dlymetal6s2s_1)
     1    0.019241    0.207832    0.193749    4.203101 ^ input71/X (sky130_fd_sc_hd__dlymetal6s2s_1)
                                                         net71 (net)
                      0.207847    0.001413    4.204514 ^ fanout1711/A (sky130_fd_sc_hd__buf_8)
     9    0.198843    0.316322    0.331796    4.536310 ^ fanout1711/X (sky130_fd_sc_hd__buf_8)
                                                         net1711 (net)
                      0.316322    0.000360    4.536670 ^ fanout1539/A (sky130_fd_sc_hd__buf_6)
     9    0.182396    0.357673    0.376856    4.913526 ^ fanout1539/X (sky130_fd_sc_hd__buf_6)
                                                         net1539 (net)
                      0.358443    0.013734    4.927260 ^ fanout1474/A (sky130_fd_sc_hd__clkbuf_8)
     9    0.124549    0.219064    0.345069    5.272329 ^ fanout1474/X (sky130_fd_sc_hd__clkbuf_8)
                                                         net1474 (net)
                      0.219279    0.005701    5.278030 ^ fanout1472/A (sky130_fd_sc_hd__buf_4)
    10    0.091125    0.251228    0.314608    5.592638 ^ fanout1472/X (sky130_fd_sc_hd__buf_4)
                                                         net1472 (net)
                      0.251229    0.000485    5.593123 ^ fanout1471/A (sky130_fd_sc_hd__buf_2)
     7    0.053641    0.262000    0.324299    5.917423 ^ fanout1471/X (sky130_fd_sc_hd__buf_2)
                                                         net1471 (net)
                      0.262000    0.000159    5.917582 ^ fanout1470/A (sky130_fd_sc_hd__buf_2)
     6    0.044191    0.217347    0.296286    6.213868 ^ fanout1470/X (sky130_fd_sc_hd__buf_2)
                                                         net1470 (net)
                      0.217347    0.000329    6.214197 ^ fanout1467/A (sky130_fd_sc_hd__clkbuf_4)
    10    0.053130    0.164100    0.283834    6.498031 ^ fanout1467/X (sky130_fd_sc_hd__clkbuf_4)
                                                         net1467 (net)
                      0.164100    0.000382    6.498413 ^ fanout1466/A (sky130_fd_sc_hd__clkbuf_4)
    10    0.048227    0.151702    0.256719    6.755132 ^ fanout1466/X (sky130_fd_sc_hd__clkbuf_4)
                                                         net1466 (net)
                      0.151708    0.001084    6.756217 ^ _31572_/RESET_B (sky130_fd_sc_hd__dfrtp_4)
                                              6.756217   data arrival time

                                 20.000000   20.000000   clock clk (rise edge)
                                  0.000000   20.000000   clock source latency
     3    0.123315    0.555246    0.396271   20.396273 ^ clk (in)
                                                         clk (net)
                      0.558813    0.000000   20.396273 ^ clkbuf_0_clk/A (sky130_fd_sc_hd__clkbuf_16)
     4    0.167895    0.183325    0.358400   20.754671 ^ clkbuf_0_clk/X (sky130_fd_sc_hd__clkbuf_16)
                                                         clknet_0_clk (net)
                      0.183575    0.005530   20.760201 ^ clkbuf_2_0_0_clk/A (sky130_fd_sc_hd__clkbuf_8)
     8    0.182611    0.313446    0.367130   21.127331 ^ clkbuf_2_0_0_clk/X (sky130_fd_sc_hd__clkbuf_8)
                                                         clknet_2_0_0_clk (net)
                      0.313450    0.000956   21.128286 ^ clkbuf_5_7__f_clk/A (sky130_fd_sc_hd__clkbuf_16)
    10    0.118347    0.133086    0.281910   21.410196 ^ clkbuf_5_7__f_clk/X (sky130_fd_sc_hd__clkbuf_16)
                                                         clknet_5_7__leaf_clk (net)
                      0.133086    0.000318   21.410515 ^ clkbuf_leaf_325_clk/A (sky130_fd_sc_hd__clkbuf_8)
    14    0.044923    0.089889    0.194715   21.605230 ^ clkbuf_leaf_325_clk/X (sky130_fd_sc_hd__clkbuf_8)
                                                         clknet_leaf_325_clk (net)
                      0.089891    0.000508   21.605738 ^ _31572_/CLK (sky130_fd_sc_hd__dfrtp_4)
                                 -0.250000   21.355740   clock uncertainty
                                  0.000000   21.355740   clock reconvergence pessimism
                                  0.196755   21.552494   library recovery time
                                             21.552494   data required time
---------------------------------------------------------------------------------------------
                                             21.552494   data required time
                                             -6.756217   data arrival time
---------------------------------------------------------------------------------------------
                                             14.796277   slack (MET)


Startpoint: _31831_ (rising edge-triggered flip-flop clocked by clk)
Endpoint: _31830_ (rising edge-triggered flip-flop clocked by clk)
Path Group: clk
Path Type: max

Fanout         Cap        Slew       Delay        Time   Description
---------------------------------------------------------------------------------------------
                                  0.000000    0.000000   clock clk (rise edge)
                                  0.000000    0.000000   clock source latency
     3    0.123315    0.555246    0.396272    0.396272 ^ clk (in)
                                                         clk (net)
                      0.558813    0.000000    0.396272 ^ clkbuf_0_clk/A (sky130_fd_sc_hd__clkbuf_16)
     4    0.167895    0.183325    0.358400    0.754671 ^ clkbuf_0_clk/X (sky130_fd_sc_hd__clkbuf_16)
                                                         clknet_0_clk (net)
                      0.183575    0.005530    0.760201 ^ clkbuf_2_0_0_clk/A (sky130_fd_sc_hd__clkbuf_8)
     8    0.182611    0.313446    0.367131    1.127332 ^ clkbuf_2_0_0_clk/X (sky130_fd_sc_hd__clkbuf_8)
                                                         clknet_2_0_0_clk (net)
                      0.313730    0.007818    1.135150 ^ clkbuf_5_1__f_clk/A (sky130_fd_sc_hd__clkbuf_16)
    12    0.137419    0.151200    0.294478    1.429628 ^ clkbuf_5_1__f_clk/X (sky130_fd_sc_hd__clkbuf_16)
                                                         clknet_5_1__leaf_clk (net)
                      0.151288    0.002977    1.432605 ^ clkbuf_leaf_329_clk/A (sky130_fd_sc_hd__clkbuf_8)
    12    0.042112    0.085723    0.196976    1.629581 ^ clkbuf_leaf_329_clk/X (sky130_fd_sc_hd__clkbuf_8)
                                                         clknet_leaf_329_clk (net)
                      0.085726    0.000580    1.630161 ^ _31831_/CLK (sky130_fd_sc_hd__dfrtp_4)
     7    0.114644    0.331111    0.630898    2.261060 ^ _31831_/Q (sky130_fd_sc_hd__dfrtp_4)
                                                         chacha_unit.U_QR_COL_1.in_b[5] (net)
                      0.332238    0.015869    2.276928 ^ _16308_/A (sky130_fd_sc_hd__or2_4)
     3    0.010618    0.051245    0.200835    2.477763 ^ _16308_/X (sky130_fd_sc_hd__or2_4)
                                                         _12323_ (net)
                      0.051245    0.000027    2.477790 ^ _16309_/B (sky130_fd_sc_hd__nand2_2)
     2    0.020818    0.091834    0.095559    2.573349 v _16309_/Y (sky130_fd_sc_hd__nand2_2)
                                                         _12324_ (net)
                      0.091834    0.000177    2.573526 v _16310_/A (sky130_fd_sc_hd__or4_4)
     1    0.005171    0.085388    0.545178    3.118704 v _16310_/X (sky130_fd_sc_hd__or4_4)
                                                         _12325_ (net)
                      0.085388    0.000047    3.118751 v _16311_/C1 (sky130_fd_sc_hd__a211o_4)
     2    0.067826    0.131821    0.378656    3.497408 v _16311_/X (sky130_fd_sc_hd__a211o_4)
                                                         _12326_ (net)
                      0.131886    0.002751    3.500159 v _16322_/A2 (sky130_fd_sc_hd__a211o_4)
     4    0.023240    0.076841    0.401573    3.901732 v _16322_/X (sky130_fd_sc_hd__a211o_4)
                                                         _12337_ (net)
                      0.076844    0.001138    3.902871 v _16345_/A2 (sky130_fd_sc_hd__a2111o_4)
     2    0.070623    0.157644    0.619789    4.522660 v _16345_/X (sky130_fd_sc_hd__a2111o_4)
                                                         _12360_ (net)
                      0.158153    0.007661    4.530321 v _16355_/A2 (sky130_fd_sc_hd__a21oi_4)
     4    0.023467    0.205476    0.266161    4.796482 ^ _16355_/Y (sky130_fd_sc_hd__a21oi_4)
                                                         _12370_ (net)
                      0.205478    0.001035    4.797517 ^ _16367_/A2 (sky130_fd_sc_hd__o211ai_2)
     3    0.009811    0.096057    0.125651    4.923168 v _16367_/Y (sky130_fd_sc_hd__o211ai_2)
                                                         _12382_ (net)
                      0.096057    0.000158    4.923326 v _16375_/A1 (sky130_fd_sc_hd__a211o_1)
     2    0.009022    0.076741    0.306027    5.229353 v _16375_/X (sky130_fd_sc_hd__a211o_1)
                                                         _12390_ (net)
                      0.076741    0.000101    5.229454 v _16376_/B (sky130_fd_sc_hd__nand2_2)
     1    0.016162    0.098725    0.117984    5.347438 ^ _16376_/Y (sky130_fd_sc_hd__nand2_2)
                                                         _12391_ (net)
                      0.098725    0.000149    5.347588 ^ _16378_/B (sky130_fd_sc_hd__xor2_4)
     3    0.031549    0.098396    0.116350    5.463937 v _16378_/X (sky130_fd_sc_hd__xor2_4)
                                                         _12393_ (net)
                      0.098435    0.000455    5.464393 v _16379_/B (sky130_fd_sc_hd__xnor2_4)
     2    0.073840    0.553324    0.471951    5.936344 ^ _16379_/Y (sky130_fd_sc_hd__xnor2_4)
                                                         _12394_ (net)
                      0.553368    0.004041    5.940385 ^ max_cap382/A (sky130_fd_sc_hd__buf_4)
     2    0.046588    0.139358    0.290842    6.231227 ^ max_cap382/X (sky130_fd_sc_hd__buf_4)
                                                         net382 (net)
                      0.139735    0.005351    6.236578 ^ _16381_/B (sky130_fd_sc_hd__xnor2_4)
     4    0.024113    0.097159    0.111286    6.347864 v _16381_/Y (sky130_fd_sc_hd__xnor2_4)
                                                         _12396_ (net)
                      0.097159    0.000132    6.347997 v _16404_/A (sky130_fd_sc_hd__or4_4)
     2    0.006204    0.087342    0.550838    6.898835 v _16404_/X (sky130_fd_sc_hd__or4_4)
                                                         _12419_ (net)
                      0.087342    0.000047    6.898881 v _16493_/A (sky130_fd_sc_hd__or4bb_4)
     3    0.016508    0.109584    0.587453    7.486334 v _16493_/X (sky130_fd_sc_hd__or4bb_4)
                                                         _12508_ (net)
                      0.109584    0.000452    7.486786 v _16502_/A2 (sky130_fd_sc_hd__a31o_1)
     2    0.009465    0.065382    0.259512    7.746299 v _16502_/X (sky130_fd_sc_hd__a31o_1)
                                                         _12517_ (net)
                      0.065382    0.000111    7.746410 v _16504_/A2 (sky130_fd_sc_hd__a21o_1)
     3    0.016604    0.089238    0.237129    7.983540 v _16504_/X (sky130_fd_sc_hd__a21o_1)
                                                         _12519_ (net)
                      0.089238    0.000148    7.983688 v _16668_/B (sky130_fd_sc_hd__and3_1)
     3    0.018185    0.101621    0.243758    8.227446 v _16668_/X (sky130_fd_sc_hd__and3_1)
                                                         _12683_ (net)
                      0.101624    0.000600    8.228045 v _16672_/A1 (sky130_fd_sc_hd__o21ai_4)
     3    0.064315    0.463012    0.427914    8.655959 ^ _16672_/Y (sky130_fd_sc_hd__o21ai_4)
                                                         _12687_ (net)
                      0.463036    0.002765    8.658724 ^ _16674_/C (sky130_fd_sc_hd__and3_1)
     2    0.023855    0.238943    0.365896    9.024619 ^ _16674_/X (sky130_fd_sc_hd__and3_1)
                                                         _12689_ (net)
                      0.238953    0.001800    9.026420 ^ _16678_/B1 (sky130_fd_sc_hd__a21o_1)
     2    0.024400    0.214451    0.241944    9.268364 ^ _16678_/X (sky130_fd_sc_hd__a21o_1)
                                                         _12693_ (net)
                      0.214451    0.000422    9.268786 ^ _16679_/A2 (sky130_fd_sc_hd__a21o_4)
     2    0.030278    0.093425    0.203822    9.472608 ^ _16679_/X (sky130_fd_sc_hd__a21o_4)
                                                         _12694_ (net)
                      0.093426    0.000465    9.473073 ^ _16682_/A2 (sky130_fd_sc_hd__a21oi_4)
     3    0.014983    0.061725    0.076795    9.549868 v _16682_/Y (sky130_fd_sc_hd__a21oi_4)
                                                         _12697_ (net)
                      0.061726    0.000341    9.550209 v _16704_/A1 (sky130_fd_sc_hd__o41a_4)
     3    0.048571    0.132165    0.575391   10.125600 v _16704_/X (sky130_fd_sc_hd__o41a_4)
                                                         _12719_ (net)
                      0.132701    0.007276   10.132876 v _16718_/A3 (sky130_fd_sc_hd__a311o_4)
     2    0.016694    0.075027    0.463532   10.596409 v _16718_/X (sky130_fd_sc_hd__a311o_4)
                                                         _12733_ (net)
                      0.075027    0.000250   10.596658 v _16772_/A1 (sky130_fd_sc_hd__a21oi_4)
     3    0.045186    0.339576    0.314667   10.911325 ^ _16772_/Y (sky130_fd_sc_hd__a21oi_4)
                                                         _12787_ (net)
                      0.339680    0.004810   10.916136 ^ _16908_/A2 (sky130_fd_sc_hd__o2111ai_4)
     3    0.019439    0.155271    0.184851   11.100987 v _16908_/Y (sky130_fd_sc_hd__o2111ai_4)
                                                         _12923_ (net)
                      0.155272    0.000429   11.101416 v _16962_/A2 (sky130_fd_sc_hd__a211o_1)
     2    0.006631    0.065564    0.347616   11.449032 v _16962_/X (sky130_fd_sc_hd__a211o_1)
                                                         _12977_ (net)
                      0.065564    0.000093   11.449125 v _16963_/A1 (sky130_fd_sc_hd__a21o_1)
     3    0.009289    0.059782    0.188593   11.637718 v _16963_/X (sky130_fd_sc_hd__a21o_1)
                                                         _12978_ (net)
                      0.059782    0.000088   11.637807 v _16975_/B (sky130_fd_sc_hd__and2_4)
     3    0.085764    0.116703    0.250762   11.888569 v _16975_/X (sky130_fd_sc_hd__and2_4)
                                                         _12990_ (net)
                      0.116703    0.000565   11.889133 v _16976_/A (sky130_fd_sc_hd__xnor2_4)
     3    0.021358    0.211389    0.254321   12.143455 ^ _16976_/Y (sky130_fd_sc_hd__xnor2_4)
                                                         _12991_ (net)
                      0.211389    0.000191   12.143645 ^ _16978_/B (sky130_fd_sc_hd__xor2_4)
     3    0.025199    0.119421    0.137499   12.281144 v _16978_/X (sky130_fd_sc_hd__xor2_4)
                                                         _12993_ (net)
                      0.119421    0.000288   12.281432 v _16980_/A (sky130_fd_sc_hd__and3_1)
     2    0.007560    0.057683    0.194836   12.476269 v _16980_/X (sky130_fd_sc_hd__and3_1)
                                                         _12995_ (net)
                      0.057683    0.000168   12.476437 v _16983_/C (sky130_fd_sc_hd__and4_1)
     2    0.009337    0.064830    0.221016   12.697453 v _16983_/X (sky130_fd_sc_hd__and4_1)
                                                         _12998_ (net)
                      0.064830    0.000172   12.697624 v _16993_/A1 (sky130_fd_sc_hd__o31a_4)
     2    0.052957    0.110995    0.436488   13.134113 v _16993_/X (sky130_fd_sc_hd__o31a_4)
                                                         _13008_ (net)
                      0.111120    0.003258   13.137371 v _17009_/A2 (sky130_fd_sc_hd__o31a_1)
     1    0.009485    0.076321    0.332337   13.469707 v _17009_/X (sky130_fd_sc_hd__o31a_1)
                                                         _13024_ (net)
                      0.076321    0.000224   13.469932 v _17060_/A2 (sky130_fd_sc_hd__a211o_4)
     4    0.085097    0.155665    0.454863   13.924794 v _17060_/X (sky130_fd_sc_hd__a211o_4)
                                                         _13075_ (net)
                      0.159572    0.019388   13.944182 v _17068_/A1 (sky130_fd_sc_hd__a311o_4)
     3    0.017232    0.075757    0.381199   14.325381 v _17068_/X (sky130_fd_sc_hd__a311o_4)
                                                         _13083_ (net)
                      0.075757    0.000573   14.325954 v _17072_/A3 (sky130_fd_sc_hd__a31o_4)
     2    0.030330    0.068219    0.288892   14.614846 v _17072_/X (sky130_fd_sc_hd__a31o_4)
                                                         _13087_ (net)
                      0.068239    0.001127   14.615973 v _17073_/A1 (sky130_fd_sc_hd__a21oi_4)
     1    0.017160    0.166353    0.179967   14.795941 ^ _17073_/Y (sky130_fd_sc_hd__a21oi_4)
                                                         _13088_ (net)
                      0.166353    0.000203   14.796144 ^ _17078_/B (sky130_fd_sc_hd__xnor2_4)
     2    0.036141    0.129925    0.137650   14.933793 v _17078_/Y (sky130_fd_sc_hd__xnor2_4)
                                                         _13093_ (net)
                      0.129983    0.002133   14.935926 v _17079_/A (sky130_fd_sc_hd__xnor2_4)
     1    0.033951    0.292747    0.319183   15.255110 ^ _17079_/Y (sky130_fd_sc_hd__xnor2_4)
                                                         _13094_ (net)
                      0.292793    0.002876   15.257985 ^ wire242/A (sky130_fd_sc_hd__buf_8)
     3    0.054139    0.096440    0.193191   15.451177 ^ wire242/X (sky130_fd_sc_hd__buf_8)
                                                         net242 (net)
                      0.096593    0.002531   15.453708 ^ rebuffer54/A (sky130_fd_sc_hd__dlymetal6s2s_1)
     1    0.004434    0.071377    0.124558   15.578266 ^ rebuffer54/X (sky130_fd_sc_hd__dlymetal6s2s_1)
                                                         net1829 (net)
                      0.071377    0.000071   15.578338 ^ _17080_/B (sky130_fd_sc_hd__nand2_1)
     2    0.007571    0.128857    0.080618   15.658956 v _17080_/Y (sky130_fd_sc_hd__nand2_1)
                                                         _13095_ (net)
                      0.128857    0.000092   15.659048 v _17082_/A1 (sky130_fd_sc_hd__a21oi_1)
     1    0.007823    0.196650    0.221922   15.880970 ^ _17082_/Y (sky130_fd_sc_hd__a21oi_1)
                                                         _13097_ (net)
                      0.196650    0.000137   15.881106 ^ _17132_/B1 (sky130_fd_sc_hd__a41oi_2)
     3    0.011874    0.137702    0.083009   15.964116 v _17132_/Y (sky130_fd_sc_hd__a41oi_2)
                                                         _13147_ (net)
                      0.137702    0.000345   15.964460 v _17719_/A2 (sky130_fd_sc_hd__a21o_1)
     4    0.024737    0.121216    0.293815   16.258276 v _17719_/X (sky130_fd_sc_hd__a21o_1)
                                                         _13734_ (net)
                      0.121235    0.001515   16.259790 v _17729_/A2 (sky130_fd_sc_hd__a211o_4)
     2    0.025362    0.079648    0.400782   16.660572 v _17729_/X (sky130_fd_sc_hd__a211o_4)
                                                         _13744_ (net)
                      0.079766    0.002180   16.662752 v _18526_/A1 (sky130_fd_sc_hd__a21o_1)
     3    0.017845    0.094500    0.225041   16.887793 v _18526_/X (sky130_fd_sc_hd__a21o_1)
                                                         _14541_ (net)
                      0.094502    0.000485   16.888277 v _18529_/A2 (sky130_fd_sc_hd__o31ai_4)
     3    0.027811    0.374258    0.391413   17.279692 ^ _18529_/Y (sky130_fd_sc_hd__o31ai_4)
                                                         _14544_ (net)
                      0.374258    0.000547   17.280239 ^ _19129_/A3 (sky130_fd_sc_hd__a311o_4)
     2    0.026547    0.114281    0.306962   17.587200 ^ _19129_/X (sky130_fd_sc_hd__a311o_4)
                                                         _15144_ (net)
                      0.114285    0.000867   17.588066 ^ _19132_/A1 (sky130_fd_sc_hd__a21o_1)
     1    0.018682    0.166769    0.216170   17.804237 ^ _19132_/X (sky130_fd_sc_hd__a21o_1)
                                                         _15147_ (net)
                      0.166769    0.000190   17.804426 ^ _19142_/A (sky130_fd_sc_hd__xor2_4)
     2    0.038051    0.302572    0.306672   18.111099 ^ _19142_/X (sky130_fd_sc_hd__xor2_4)
                                                         _15157_ (net)
                      0.302605    0.002551   18.113649 ^ _19166_/B (sky130_fd_sc_hd__xnor2_4)
     4    0.057413    0.181347    0.200666   18.314316 v _19166_/Y (sky130_fd_sc_hd__xnor2_4)
                                                         _15181_ (net)
                      0.181976    0.008582   18.322897 v _19168_/A (sky130_fd_sc_hd__xnor2_4)
     3    0.008825    0.090289    0.198805   18.521702 v _19168_/Y (sky130_fd_sc_hd__xnor2_4)
                                                         _15183_ (net)
                      0.090289    0.000137   18.521839 v _19188_/B (sky130_fd_sc_hd__or4_4)
     1    0.003081    0.079757    0.513223   19.035063 v _19188_/X (sky130_fd_sc_hd__or4_4)
                                                         _15203_ (net)
                      0.079757    0.000034   19.035095 v _19189_/B1 (sky130_fd_sc_hd__a21o_1)
     3    0.017917    0.094753    0.223604   19.258699 v _19189_/X (sky130_fd_sc_hd__a21o_1)
                                                         _15204_ (net)
                      0.094755    0.000572   19.259272 v _19351_/A2 (sky130_fd_sc_hd__a211o_4)
     4    0.040492    0.102748    0.412962   19.672234 v _19351_/X (sky130_fd_sc_hd__a211o_4)
                                                         _15366_ (net)
                      0.103041    0.004778   19.677013 v _19388_/A2 (sky130_fd_sc_hd__a2111o_1)
     2    0.009683    0.093356    0.469122   20.146133 v _19388_/X (sky130_fd_sc_hd__a2111o_1)
                                                         _15403_ (net)
                      0.093356    0.000277   20.146412 v _19393_/A1 (sky130_fd_sc_hd__a31o_1)
     2    0.008716    0.062216    0.218430   20.364841 v _19393_/X (sky130_fd_sc_hd__a31o_1)
                                                         _15408_ (net)
                      0.062216    0.000133   20.364975 v _19528_/A1 (sky130_fd_sc_hd__a31o_4)
     2    0.024983    0.061172    0.253834   20.618809 v _19528_/X (sky130_fd_sc_hd__a31o_4)
                                                         _15543_ (net)
                      0.061173    0.000327   20.619135 v _19544_/B (sky130_fd_sc_hd__xor2_4)
     3    0.073130    0.522980    0.453985   21.073120 ^ _19544_/X (sky130_fd_sc_hd__xor2_4)
                                                         _15559_ (net)
                      0.523010    0.003304   21.076426 ^ _19545_/B (sky130_fd_sc_hd__xor2_4)
     3    0.023197    0.213925    0.256753   21.333178 ^ _19545_/X (sky130_fd_sc_hd__xor2_4)
                                                         _15560_ (net)
                      0.213925    0.000771   21.333948 ^ _19547_/B (sky130_fd_sc_hd__xor2_2)
     3    0.012904    0.197778    0.224471   21.558420 ^ _19547_/X (sky130_fd_sc_hd__xor2_2)
                                                         _15562_ (net)
                      0.197778    0.000071   21.558491 ^ _19548_/A (sky130_fd_sc_hd__inv_2)
     1    0.003271    0.037470    0.043286   21.601776 v _19548_/Y (sky130_fd_sc_hd__inv_2)
                                                         _15563_ (net)
                      0.037470    0.000037   21.601814 v _19550_/B (sky130_fd_sc_hd__or3_4)
     2    0.009840    0.074531    0.373127   21.974941 v _19550_/X (sky130_fd_sc_hd__or3_4)
                                                         _15565_ (net)
                      0.074531    0.000245   21.975187 v _19551_/B (sky130_fd_sc_hd__or4b_4)
     2    0.007428    0.089748    0.528384   22.503571 v _19551_/X (sky130_fd_sc_hd__or4b_4)
                                                         _15566_ (net)
                      0.089748    0.000083   22.503654 v _19609_/A2 (sky130_fd_sc_hd__a211o_4)
     2    0.039230    0.101256    0.408184   22.911839 v _19609_/X (sky130_fd_sc_hd__a211o_4)
                                                         _15624_ (net)
                      0.101664    0.005613   22.917452 v _19617_/A2 (sky130_fd_sc_hd__a21o_4)
     5    0.022606    0.055414    0.261714   23.179167 v _19617_/X (sky130_fd_sc_hd__a21o_4)
                                                         _02975_ (net)
                      0.055421    0.000634   23.179800 v _19668_/A2 (sky130_fd_sc_hd__o2111ai_4)
     3    0.028579    0.302088    0.286063   23.465862 ^ _19668_/Y (sky130_fd_sc_hd__o2111ai_4)
                                                         _03022_ (net)
                      0.302089    0.001146   23.467009 ^ _19684_/A1 (sky130_fd_sc_hd__a21oi_2)
     1    0.016234    0.110227    0.145024   23.612032 v _19684_/Y (sky130_fd_sc_hd__a21oi_2)
                                                         _03037_ (net)
                      0.110227    0.000162   23.612194 v _19685_/B (sky130_fd_sc_hd__xnor2_4)
     2    0.021577    0.097412    0.176852   23.789045 v _19685_/Y (sky130_fd_sc_hd__xnor2_4)
                                                         _03038_ (net)
                      0.097412    0.000192   23.789238 v _19686_/B (sky130_fd_sc_hd__xnor2_4)
     4    0.027716    0.252360    0.252051   24.041288 ^ _19686_/Y (sky130_fd_sc_hd__xnor2_4)
                                                         _03039_ (net)
                      0.252360    0.000457   24.041746 ^ _22968_/B (sky130_fd_sc_hd__xnor2_4)
     3    0.027094    0.247813    0.191401   24.233147 ^ _22968_/Y (sky130_fd_sc_hd__xnor2_4)
                                                         _06129_ (net)
                      0.247813    0.000250   24.233397 ^ _22995_/B (sky130_fd_sc_hd__nand2_1)
     1    0.005457    0.083339    0.107319   24.340715 v _22995_/Y (sky130_fd_sc_hd__nand2_1)
                                                         _06153_ (net)
                      0.083339    0.000117   24.340832 v _22996_/A (sky130_fd_sc_hd__or4_4)
     2    0.071298    0.180461    0.686633   25.027466 v _22996_/X (sky130_fd_sc_hd__or4_4)
                                                         _06154_ (net)
                      0.180520    0.003068   25.030533 v _23071_/A1 (sky130_fd_sc_hd__a211o_1)
     2    0.012934    0.091807    0.354730   25.385263 v _23071_/X (sky130_fd_sc_hd__a211o_1)
                                                         _06221_ (net)
                      0.091807    0.000352   25.385614 v _23148_/A1 (sky130_fd_sc_hd__a211oi_2)
     2    0.007589    0.212762    0.238385   25.624001 ^ _23148_/Y (sky130_fd_sc_hd__a211oi_2)
                                                         _06290_ (net)
                      0.212762    0.000076   25.624077 ^ _23152_/A3 (sky130_fd_sc_hd__o31a_4)
     3    0.078804    0.229368    0.301302   25.925379 ^ _23152_/X (sky130_fd_sc_hd__o31a_4)
                                                         _06294_ (net)
                      0.229455    0.003707   25.929085 ^ _23182_/A3 (sky130_fd_sc_hd__a311oi_4)
     2    0.012069    0.139756    0.139957   26.069042 v _23182_/Y (sky130_fd_sc_hd__a311oi_4)
                                                         _06320_ (net)
                      0.139756    0.000497   26.069540 v _23186_/A_N (sky130_fd_sc_hd__and2b_1)
     3    0.018293    0.171489    0.321890   26.391430 ^ _23186_/X (sky130_fd_sc_hd__and2b_1)
                                                         _06324_ (net)
                      0.171489    0.000163   26.391594 ^ _23192_/B (sky130_fd_sc_hd__nor2_4)
     1    0.009059    0.065848    0.051253   26.442846 v _23192_/Y (sky130_fd_sc_hd__nor2_4)
                                                         _06329_ (net)
                      0.065848    0.000105   26.442951 v _23193_/B (sky130_fd_sc_hd__xnor2_2)
     2    0.010130    0.083231    0.153241   26.596193 v _23193_/Y (sky130_fd_sc_hd__xnor2_2)
                                                         _06330_ (net)
                      0.083231    0.000160   26.596352 v _24066_/B (sky130_fd_sc_hd__xor2_1)
     1    0.007362    0.122971    0.171049   26.767401 v _24066_/X (sky130_fd_sc_hd__xor2_1)
                                                         _06972_ (net)
                      0.122971    0.000162   26.767563 v _24067_/A1 (sky130_fd_sc_hd__mux2_4)
     1    0.002771    0.047596    0.278428   27.045992 v _24067_/X (sky130_fd_sc_hd__mux2_4)
                                                         _06973_ (net)
                      0.047596    0.000032   27.046022 v _24068_/A1 (sky130_fd_sc_hd__mux2_2)
     1    0.002428    0.046311    0.255366   27.301388 v _24068_/X (sky130_fd_sc_hd__mux2_2)
                                                         _00593_ (net)
                      0.046311    0.000021   27.301411 v _31830_/D (sky130_fd_sc_hd__dfrtp_4)
                                             27.301411   data arrival time

                                 20.000000   20.000000   clock clk (rise edge)
                                  0.000000   20.000000   clock source latency
     3    0.123315    0.555246    0.396271   20.396273 ^ clk (in)
                                                         clk (net)
                      0.558813    0.000000   20.396273 ^ clkbuf_0_clk/A (sky130_fd_sc_hd__clkbuf_16)
     4    0.167895    0.183325    0.358400   20.754671 ^ clkbuf_0_clk/X (sky130_fd_sc_hd__clkbuf_16)
                                                         clknet_0_clk (net)
                      0.183575    0.005530   20.760201 ^ clkbuf_2_0_0_clk/A (sky130_fd_sc_hd__clkbuf_8)
     8    0.182611    0.313446    0.367130   21.127331 ^ clkbuf_2_0_0_clk/X (sky130_fd_sc_hd__clkbuf_8)
                                                         clknet_2_0_0_clk (net)
                      0.313730    0.007820   21.135151 ^ clkbuf_5_1__f_clk/A (sky130_fd_sc_hd__clkbuf_16)
    12    0.137419    0.151200    0.294477   21.429628 ^ clkbuf_5_1__f_clk/X (sky130_fd_sc_hd__clkbuf_16)
                                                         clknet_5_1__leaf_clk (net)
                      0.151288    0.002977   21.432606 ^ clkbuf_leaf_329_clk/A (sky130_fd_sc_hd__clkbuf_8)
    12    0.042112    0.085723    0.196975   21.629581 ^ clkbuf_leaf_329_clk/X (sky130_fd_sc_hd__clkbuf_8)
                                                         clknet_leaf_329_clk (net)
                      0.085725    0.000531   21.630112 ^ _31830_/CLK (sky130_fd_sc_hd__dfrtp_4)
                                 -0.250000   21.380112   clock uncertainty
                                  0.000000   21.380112   clock reconvergence pessimism
                                 -0.105526   21.274586   library setup time
                                             21.274586   data required time
---------------------------------------------------------------------------------------------
                                             21.274586   data required time
                                            -27.301411   data arrival time
---------------------------------------------------------------------------------------------
                                             -6.026824   slack (VIOLATED)




===========================================================================
report_checks --slack_max -0.01
============================================================================
======================= min_tt_025C_1v80 Corner ===================================

Startpoint: _31831_ (rising edge-triggered flip-flop clocked by clk)
Endpoint: _31830_ (rising edge-triggered flip-flop clocked by clk)
Path Group: clk
Path Type: max

Fanout         Cap        Slew       Delay        Time   Description
---------------------------------------------------------------------------------------------
                                  0.000000    0.000000   clock clk (rise edge)
                                  0.000000    0.000000   clock source latency
     3    0.123315    0.555246    0.396272    0.396272 ^ clk (in)
                                                         clk (net)
                      0.558813    0.000000    0.396272 ^ clkbuf_0_clk/A (sky130_fd_sc_hd__clkbuf_16)
     4    0.167895    0.183325    0.358400    0.754671 ^ clkbuf_0_clk/X (sky130_fd_sc_hd__clkbuf_16)
                                                         clknet_0_clk (net)
                      0.183575    0.005530    0.760201 ^ clkbuf_2_0_0_clk/A (sky130_fd_sc_hd__clkbuf_8)
     8    0.182611    0.313446    0.367131    1.127332 ^ clkbuf_2_0_0_clk/X (sky130_fd_sc_hd__clkbuf_8)
                                                         clknet_2_0_0_clk (net)
                      0.313730    0.007818    1.135150 ^ clkbuf_5_1__f_clk/A (sky130_fd_sc_hd__clkbuf_16)
    12    0.137419    0.151200    0.294478    1.429628 ^ clkbuf_5_1__f_clk/X (sky130_fd_sc_hd__clkbuf_16)
                                                         clknet_5_1__leaf_clk (net)
                      0.151288    0.002977    1.432605 ^ clkbuf_leaf_329_clk/A (sky130_fd_sc_hd__clkbuf_8)
    12    0.042112    0.085723    0.196976    1.629581 ^ clkbuf_leaf_329_clk/X (sky130_fd_sc_hd__clkbuf_8)
                                                         clknet_leaf_329_clk (net)
                      0.085726    0.000580    1.630161 ^ _31831_/CLK (sky130_fd_sc_hd__dfrtp_4)
     7    0.114644    0.331111    0.630898    2.261060 ^ _31831_/Q (sky130_fd_sc_hd__dfrtp_4)
                                                         chacha_unit.U_QR_COL_1.in_b[5] (net)
                      0.332238    0.015869    2.276928 ^ _16308_/A (sky130_fd_sc_hd__or2_4)
     3    0.010618    0.051245    0.200835    2.477763 ^ _16308_/X (sky130_fd_sc_hd__or2_4)
                                                         _12323_ (net)
                      0.051245    0.000027    2.477790 ^ _16309_/B (sky130_fd_sc_hd__nand2_2)
     2    0.020818    0.091834    0.095559    2.573349 v _16309_/Y (sky130_fd_sc_hd__nand2_2)
                                                         _12324_ (net)
                      0.091834    0.000177    2.573526 v _16310_/A (sky130_fd_sc_hd__or4_4)
     1    0.005171    0.085388    0.545178    3.118704 v _16310_/X (sky130_fd_sc_hd__or4_4)
                                                         _12325_ (net)
                      0.085388    0.000047    3.118751 v _16311_/C1 (sky130_fd_sc_hd__a211o_4)
     2    0.067826    0.131821    0.378656    3.497408 v _16311_/X (sky130_fd_sc_hd__a211o_4)
                                                         _12326_ (net)
                      0.131886    0.002751    3.500159 v _16322_/A2 (sky130_fd_sc_hd__a211o_4)
     4    0.023240    0.076841    0.401573    3.901732 v _16322_/X (sky130_fd_sc_hd__a211o_4)
                                                         _12337_ (net)
                      0.076844    0.001138    3.902871 v _16345_/A2 (sky130_fd_sc_hd__a2111o_4)
     2    0.070623    0.157644    0.619789    4.522660 v _16345_/X (sky130_fd_sc_hd__a2111o_4)
                                                         _12360_ (net)
                      0.158153    0.007661    4.530321 v _16355_/A2 (sky130_fd_sc_hd__a21oi_4)
     4    0.023467    0.205476    0.266161    4.796482 ^ _16355_/Y (sky130_fd_sc_hd__a21oi_4)
                                                         _12370_ (net)
                      0.205478    0.001035    4.797517 ^ _16367_/A2 (sky130_fd_sc_hd__o211ai_2)
     3    0.009811    0.096057    0.125651    4.923168 v _16367_/Y (sky130_fd_sc_hd__o211ai_2)
                                                         _12382_ (net)
                      0.096057    0.000158    4.923326 v _16375_/A1 (sky130_fd_sc_hd__a211o_1)
     2    0.009022    0.076741    0.306027    5.229353 v _16375_/X (sky130_fd_sc_hd__a211o_1)
                                                         _12390_ (net)
                      0.076741    0.000101    5.229454 v _16376_/B (sky130_fd_sc_hd__nand2_2)
     1    0.016162    0.098725    0.117984    5.347438 ^ _16376_/Y (sky130_fd_sc_hd__nand2_2)
                                                         _12391_ (net)
                      0.098725    0.000149    5.347588 ^ _16378_/B (sky130_fd_sc_hd__xor2_4)
     3    0.031549    0.098396    0.116350    5.463937 v _16378_/X (sky130_fd_sc_hd__xor2_4)
                                                         _12393_ (net)
                      0.098435    0.000455    5.464393 v _16379_/B (sky130_fd_sc_hd__xnor2_4)
     2    0.073840    0.553324    0.471951    5.936344 ^ _16379_/Y (sky130_fd_sc_hd__xnor2_4)
                                                         _12394_ (net)
                      0.553368    0.004041    5.940385 ^ max_cap382/A (sky130_fd_sc_hd__buf_4)
     2    0.046588    0.139358    0.290842    6.231227 ^ max_cap382/X (sky130_fd_sc_hd__buf_4)
                                                         net382 (net)
                      0.139735    0.005351    6.236578 ^ _16381_/B (sky130_fd_sc_hd__xnor2_4)
     4    0.024113    0.097159    0.111286    6.347864 v _16381_/Y (sky130_fd_sc_hd__xnor2_4)
                                                         _12396_ (net)
                      0.097159    0.000132    6.347997 v _16404_/A (sky130_fd_sc_hd__or4_4)
     2    0.006204    0.087342    0.550838    6.898835 v _16404_/X (sky130_fd_sc_hd__or4_4)
                                                         _12419_ (net)
                      0.087342    0.000047    6.898881 v _16493_/A (sky130_fd_sc_hd__or4bb_4)
     3    0.016508    0.109584    0.587453    7.486334 v _16493_/X (sky130_fd_sc_hd__or4bb_4)
                                                         _12508_ (net)
                      0.109584    0.000452    7.486786 v _16502_/A2 (sky130_fd_sc_hd__a31o_1)
     2    0.009465    0.065382    0.259512    7.746299 v _16502_/X (sky130_fd_sc_hd__a31o_1)
                                                         _12517_ (net)
                      0.065382    0.000111    7.746410 v _16504_/A2 (sky130_fd_sc_hd__a21o_1)
     3    0.016604    0.089238    0.237129    7.983540 v _16504_/X (sky130_fd_sc_hd__a21o_1)
                                                         _12519_ (net)
                      0.089238    0.000148    7.983688 v _16668_/B (sky130_fd_sc_hd__and3_1)
     3    0.018185    0.101621    0.243758    8.227446 v _16668_/X (sky130_fd_sc_hd__and3_1)
                                                         _12683_ (net)
                      0.101624    0.000600    8.228045 v _16672_/A1 (sky130_fd_sc_hd__o21ai_4)
     3    0.064315    0.463012    0.427914    8.655959 ^ _16672_/Y (sky130_fd_sc_hd__o21ai_4)
                                                         _12687_ (net)
                      0.463036    0.002765    8.658724 ^ _16674_/C (sky130_fd_sc_hd__and3_1)
     2    0.023855    0.238943    0.365896    9.024619 ^ _16674_/X (sky130_fd_sc_hd__and3_1)
                                                         _12689_ (net)
                      0.238953    0.001800    9.026420 ^ _16678_/B1 (sky130_fd_sc_hd__a21o_1)
     2    0.024400    0.214451    0.241944    9.268364 ^ _16678_/X (sky130_fd_sc_hd__a21o_1)
                                                         _12693_ (net)
                      0.214451    0.000422    9.268786 ^ _16679_/A2 (sky130_fd_sc_hd__a21o_4)
     2    0.030278    0.093425    0.203822    9.472608 ^ _16679_/X (sky130_fd_sc_hd__a21o_4)
                                                         _12694_ (net)
                      0.093426    0.000465    9.473073 ^ _16682_/A2 (sky130_fd_sc_hd__a21oi_4)
     3    0.014983    0.061725    0.076795    9.549868 v _16682_/Y (sky130_fd_sc_hd__a21oi_4)
                                                         _12697_ (net)
                      0.061726    0.000341    9.550209 v _16704_/A1 (sky130_fd_sc_hd__o41a_4)
     3    0.048571    0.132165    0.575391   10.125600 v _16704_/X (sky130_fd_sc_hd__o41a_4)
                                                         _12719_ (net)
                      0.132701    0.007276   10.132876 v _16718_/A3 (sky130_fd_sc_hd__a311o_4)
     2    0.016694    0.075027    0.463532   10.596409 v _16718_/X (sky130_fd_sc_hd__a311o_4)
                                                         _12733_ (net)
                      0.075027    0.000250   10.596658 v _16772_/A1 (sky130_fd_sc_hd__a21oi_4)
     3    0.045186    0.339576    0.314667   10.911325 ^ _16772_/Y (sky130_fd_sc_hd__a21oi_4)
                                                         _12787_ (net)
                      0.339680    0.004810   10.916136 ^ _16908_/A2 (sky130_fd_sc_hd__o2111ai_4)
     3    0.019439    0.155271    0.184851   11.100987 v _16908_/Y (sky130_fd_sc_hd__o2111ai_4)
                                                         _12923_ (net)
                      0.155272    0.000429   11.101416 v _16962_/A2 (sky130_fd_sc_hd__a211o_1)
     2    0.006631    0.065564    0.347616   11.449032 v _16962_/X (sky130_fd_sc_hd__a211o_1)
                                                         _12977_ (net)
                      0.065564    0.000093   11.449125 v _16963_/A1 (sky130_fd_sc_hd__a21o_1)
     3    0.009289    0.059782    0.188593   11.637718 v _16963_/X (sky130_fd_sc_hd__a21o_1)
                                                         _12978_ (net)
                      0.059782    0.000088   11.637807 v _16975_/B (sky130_fd_sc_hd__and2_4)
     3    0.085764    0.116703    0.250762   11.888569 v _16975_/X (sky130_fd_sc_hd__and2_4)
                                                         _12990_ (net)
                      0.116703    0.000565   11.889133 v _16976_/A (sky130_fd_sc_hd__xnor2_4)
     3    0.021358    0.211389    0.254321   12.143455 ^ _16976_/Y (sky130_fd_sc_hd__xnor2_4)
                                                         _12991_ (net)
                      0.211389    0.000191   12.143645 ^ _16978_/B (sky130_fd_sc_hd__xor2_4)
     3    0.025199    0.119421    0.137499   12.281144 v _16978_/X (sky130_fd_sc_hd__xor2_4)
                                                         _12993_ (net)
                      0.119421    0.000288   12.281432 v _16980_/A (sky130_fd_sc_hd__and3_1)
     2    0.007560    0.057683    0.194836   12.476269 v _16980_/X (sky130_fd_sc_hd__and3_1)
                                                         _12995_ (net)
                      0.057683    0.000168   12.476437 v _16983_/C (sky130_fd_sc_hd__and4_1)
     2    0.009337    0.064830    0.221016   12.697453 v _16983_/X (sky130_fd_sc_hd__and4_1)
                                                         _12998_ (net)
                      0.064830    0.000172   12.697624 v _16993_/A1 (sky130_fd_sc_hd__o31a_4)
     2    0.052957    0.110995    0.436488   13.134113 v _16993_/X (sky130_fd_sc_hd__o31a_4)
                                                         _13008_ (net)
                      0.111120    0.003258   13.137371 v _17009_/A2 (sky130_fd_sc_hd__o31a_1)
     1    0.009485    0.076321    0.332337   13.469707 v _17009_/X (sky130_fd_sc_hd__o31a_1)
                                                         _13024_ (net)
                      0.076321    0.000224   13.469932 v _17060_/A2 (sky130_fd_sc_hd__a211o_4)
     4    0.085097    0.155665    0.454863   13.924794 v _17060_/X (sky130_fd_sc_hd__a211o_4)
                                                         _13075_ (net)
                      0.159572    0.019388   13.944182 v _17068_/A1 (sky130_fd_sc_hd__a311o_4)
     3    0.017232    0.075757    0.381199   14.325381 v _17068_/X (sky130_fd_sc_hd__a311o_4)
                                                         _13083_ (net)
                      0.075757    0.000573   14.325954 v _17072_/A3 (sky130_fd_sc_hd__a31o_4)
     2    0.030330    0.068219    0.288892   14.614846 v _17072_/X (sky130_fd_sc_hd__a31o_4)
                                                         _13087_ (net)
                      0.068239    0.001127   14.615973 v _17073_/A1 (sky130_fd_sc_hd__a21oi_4)
     1    0.017160    0.166353    0.179967   14.795941 ^ _17073_/Y (sky130_fd_sc_hd__a21oi_4)
                                                         _13088_ (net)
                      0.166353    0.000203   14.796144 ^ _17078_/B (sky130_fd_sc_hd__xnor2_4)
     2    0.036141    0.129925    0.137650   14.933793 v _17078_/Y (sky130_fd_sc_hd__xnor2_4)
                                                         _13093_ (net)
                      0.129983    0.002133   14.935926 v _17079_/A (sky130_fd_sc_hd__xnor2_4)
     1    0.033951    0.292747    0.319183   15.255110 ^ _17079_/Y (sky130_fd_sc_hd__xnor2_4)
                                                         _13094_ (net)
                      0.292793    0.002876   15.257985 ^ wire242/A (sky130_fd_sc_hd__buf_8)
     3    0.054139    0.096440    0.193191   15.451177 ^ wire242/X (sky130_fd_sc_hd__buf_8)
                                                         net242 (net)
                      0.096593    0.002531   15.453708 ^ rebuffer54/A (sky130_fd_sc_hd__dlymetal6s2s_1)
     1    0.004434    0.071377    0.124558   15.578266 ^ rebuffer54/X (sky130_fd_sc_hd__dlymetal6s2s_1)
                                                         net1829 (net)
                      0.071377    0.000071   15.578338 ^ _17080_/B (sky130_fd_sc_hd__nand2_1)
     2    0.007571    0.128857    0.080618   15.658956 v _17080_/Y (sky130_fd_sc_hd__nand2_1)
                                                         _13095_ (net)
                      0.128857    0.000092   15.659048 v _17082_/A1 (sky130_fd_sc_hd__a21oi_1)
     1    0.007823    0.196650    0.221922   15.880970 ^ _17082_/Y (sky130_fd_sc_hd__a21oi_1)
                                                         _13097_ (net)
                      0.196650    0.000137   15.881106 ^ _17132_/B1 (sky130_fd_sc_hd__a41oi_2)
     3    0.011874    0.137702    0.083009   15.964116 v _17132_/Y (sky130_fd_sc_hd__a41oi_2)
                                                         _13147_ (net)
                      0.137702    0.000345   15.964460 v _17719_/A2 (sky130_fd_sc_hd__a21o_1)
     4    0.024737    0.121216    0.293815   16.258276 v _17719_/X (sky130_fd_sc_hd__a21o_1)
                                                         _13734_ (net)
                      0.121235    0.001515   16.259790 v _17729_/A2 (sky130_fd_sc_hd__a211o_4)
     2    0.025362    0.079648    0.400782   16.660572 v _17729_/X (sky130_fd_sc_hd__a211o_4)
                                                         _13744_ (net)
                      0.079766    0.002180   16.662752 v _18526_/A1 (sky130_fd_sc_hd__a21o_1)
     3    0.017845    0.094500    0.225041   16.887793 v _18526_/X (sky130_fd_sc_hd__a21o_1)
                                                         _14541_ (net)
                      0.094502    0.000485   16.888277 v _18529_/A2 (sky130_fd_sc_hd__o31ai_4)
     3    0.027811    0.374258    0.391413   17.279692 ^ _18529_/Y (sky130_fd_sc_hd__o31ai_4)
                                                         _14544_ (net)
                      0.374258    0.000547   17.280239 ^ _19129_/A3 (sky130_fd_sc_hd__a311o_4)
     2    0.026547    0.114281    0.306962   17.587200 ^ _19129_/X (sky130_fd_sc_hd__a311o_4)
                                                         _15144_ (net)
                      0.114285    0.000867   17.588066 ^ _19132_/A1 (sky130_fd_sc_hd__a21o_1)
     1    0.018682    0.166769    0.216170   17.804237 ^ _19132_/X (sky130_fd_sc_hd__a21o_1)
                                                         _15147_ (net)
                      0.166769    0.000190   17.804426 ^ _19142_/A (sky130_fd_sc_hd__xor2_4)
     2    0.038051    0.302572    0.306672   18.111099 ^ _19142_/X (sky130_fd_sc_hd__xor2_4)
                                                         _15157_ (net)
                      0.302605    0.002551   18.113649 ^ _19166_/B (sky130_fd_sc_hd__xnor2_4)
     4    0.057413    0.181347    0.200666   18.314316 v _19166_/Y (sky130_fd_sc_hd__xnor2_4)
                                                         _15181_ (net)
                      0.181976    0.008582   18.322897 v _19168_/A (sky130_fd_sc_hd__xnor2_4)
     3    0.008825    0.090289    0.198805   18.521702 v _19168_/Y (sky130_fd_sc_hd__xnor2_4)
                                                         _15183_ (net)
                      0.090289    0.000137   18.521839 v _19188_/B (sky130_fd_sc_hd__or4_4)
     1    0.003081    0.079757    0.513223   19.035063 v _19188_/X (sky130_fd_sc_hd__or4_4)
                                                         _15203_ (net)
                      0.079757    0.000034   19.035095 v _19189_/B1 (sky130_fd_sc_hd__a21o_1)
     3    0.017917    0.094753    0.223604   19.258699 v _19189_/X (sky130_fd_sc_hd__a21o_1)
                                                         _15204_ (net)
                      0.094755    0.000572   19.259272 v _19351_/A2 (sky130_fd_sc_hd__a211o_4)
     4    0.040492    0.102748    0.412962   19.672234 v _19351_/X (sky130_fd_sc_hd__a211o_4)
                                                         _15366_ (net)
                      0.103041    0.004778   19.677013 v _19388_/A2 (sky130_fd_sc_hd__a2111o_1)
     2    0.009683    0.093356    0.469122   20.146133 v _19388_/X (sky130_fd_sc_hd__a2111o_1)
                                                         _15403_ (net)
                      0.093356    0.000277   20.146412 v _19393_/A1 (sky130_fd_sc_hd__a31o_1)
     2    0.008716    0.062216    0.218430   20.364841 v _19393_/X (sky130_fd_sc_hd__a31o_1)
                                                         _15408_ (net)
                      0.062216    0.000133   20.364975 v _19528_/A1 (sky130_fd_sc_hd__a31o_4)
     2    0.024983    0.061172    0.253834   20.618809 v _19528_/X (sky130_fd_sc_hd__a31o_4)
                                                         _15543_ (net)
                      0.061173    0.000327   20.619135 v _19544_/B (sky130_fd_sc_hd__xor2_4)
     3    0.073130    0.522980    0.453985   21.073120 ^ _19544_/X (sky130_fd_sc_hd__xor2_4)
                                                         _15559_ (net)
                      0.523010    0.003304   21.076426 ^ _19545_/B (sky130_fd_sc_hd__xor2_4)
     3    0.023197    0.213925    0.256753   21.333178 ^ _19545_/X (sky130_fd_sc_hd__xor2_4)
                                                         _15560_ (net)
                      0.213925    0.000771   21.333948 ^ _19547_/B (sky130_fd_sc_hd__xor2_2)
     3    0.012904    0.197778    0.224471   21.558420 ^ _19547_/X (sky130_fd_sc_hd__xor2_2)
                                                         _15562_ (net)
                      0.197778    0.000071   21.558491 ^ _19548_/A (sky130_fd_sc_hd__inv_2)
     1    0.003271    0.037470    0.043286   21.601776 v _19548_/Y (sky130_fd_sc_hd__inv_2)
                                                         _15563_ (net)
                      0.037470    0.000037   21.601814 v _19550_/B (sky130_fd_sc_hd__or3_4)
     2    0.009840    0.074531    0.373127   21.974941 v _19550_/X (sky130_fd_sc_hd__or3_4)
                                                         _15565_ (net)
                      0.074531    0.000245   21.975187 v _19551_/B (sky130_fd_sc_hd__or4b_4)
     2    0.007428    0.089748    0.528384   22.503571 v _19551_/X (sky130_fd_sc_hd__or4b_4)
                                                         _15566_ (net)
                      0.089748    0.000083   22.503654 v _19609_/A2 (sky130_fd_sc_hd__a211o_4)
     2    0.039230    0.101256    0.408184   22.911839 v _19609_/X (sky130_fd_sc_hd__a211o_4)
                                                         _15624_ (net)
                      0.101664    0.005613   22.917452 v _19617_/A2 (sky130_fd_sc_hd__a21o_4)
     5    0.022606    0.055414    0.261714   23.179167 v _19617_/X (sky130_fd_sc_hd__a21o_4)
                                                         _02975_ (net)
                      0.055421    0.000634   23.179800 v _19668_/A2 (sky130_fd_sc_hd__o2111ai_4)
     3    0.028579    0.302088    0.286063   23.465862 ^ _19668_/Y (sky130_fd_sc_hd__o2111ai_4)
                                                         _03022_ (net)
                      0.302089    0.001146   23.467009 ^ _19684_/A1 (sky130_fd_sc_hd__a21oi_2)
     1    0.016234    0.110227    0.145024   23.612032 v _19684_/Y (sky130_fd_sc_hd__a21oi_2)
                                                         _03037_ (net)
                      0.110227    0.000162   23.612194 v _19685_/B (sky130_fd_sc_hd__xnor2_4)
     2    0.021577    0.097412    0.176852   23.789045 v _19685_/Y (sky130_fd_sc_hd__xnor2_4)
                                                         _03038_ (net)
                      0.097412    0.000192   23.789238 v _19686_/B (sky130_fd_sc_hd__xnor2_4)
     4    0.027716    0.252360    0.252051   24.041288 ^ _19686_/Y (sky130_fd_sc_hd__xnor2_4)
                                                         _03039_ (net)
                      0.252360    0.000457   24.041746 ^ _22968_/B (sky130_fd_sc_hd__xnor2_4)
     3    0.027094    0.247813    0.191401   24.233147 ^ _22968_/Y (sky130_fd_sc_hd__xnor2_4)
                                                         _06129_ (net)
                      0.247813    0.000250   24.233397 ^ _22995_/B (sky130_fd_sc_hd__nand2_1)
     1    0.005457    0.083339    0.107319   24.340715 v _22995_/Y (sky130_fd_sc_hd__nand2_1)
                                                         _06153_ (net)
                      0.083339    0.000117   24.340832 v _22996_/A (sky130_fd_sc_hd__or4_4)
     2    0.071298    0.180461    0.686633   25.027466 v _22996_/X (sky130_fd_sc_hd__or4_4)
                                                         _06154_ (net)
                      0.180520    0.003068   25.030533 v _23071_/A1 (sky130_fd_sc_hd__a211o_1)
     2    0.012934    0.091807    0.354730   25.385263 v _23071_/X (sky130_fd_sc_hd__a211o_1)
                                                         _06221_ (net)
                      0.091807    0.000352   25.385614 v _23148_/A1 (sky130_fd_sc_hd__a211oi_2)
     2    0.007589    0.212762    0.238385   25.624001 ^ _23148_/Y (sky130_fd_sc_hd__a211oi_2)
                                                         _06290_ (net)
                      0.212762    0.000076   25.624077 ^ _23152_/A3 (sky130_fd_sc_hd__o31a_4)
     3    0.078804    0.229368    0.301302   25.925379 ^ _23152_/X (sky130_fd_sc_hd__o31a_4)
                                                         _06294_ (net)
                      0.229455    0.003707   25.929085 ^ _23182_/A3 (sky130_fd_sc_hd__a311oi_4)
     2    0.012069    0.139756    0.139957   26.069042 v _23182_/Y (sky130_fd_sc_hd__a311oi_4)
                                                         _06320_ (net)
                      0.139756    0.000497   26.069540 v _23186_/A_N (sky130_fd_sc_hd__and2b_1)
     3    0.018293    0.171489    0.321890   26.391430 ^ _23186_/X (sky130_fd_sc_hd__and2b_1)
                                                         _06324_ (net)
                      0.171489    0.000163   26.391594 ^ _23192_/B (sky130_fd_sc_hd__nor2_4)
     1    0.009059    0.065848    0.051253   26.442846 v _23192_/Y (sky130_fd_sc_hd__nor2_4)
                                                         _06329_ (net)
                      0.065848    0.000105   26.442951 v _23193_/B (sky130_fd_sc_hd__xnor2_2)
     2    0.010130    0.083231    0.153241   26.596193 v _23193_/Y (sky130_fd_sc_hd__xnor2_2)
                                                         _06330_ (net)
                      0.083231    0.000160   26.596352 v _24066_/B (sky130_fd_sc_hd__xor2_1)
     1    0.007362    0.122971    0.171049   26.767401 v _24066_/X (sky130_fd_sc_hd__xor2_1)
                                                         _06972_ (net)
                      0.122971    0.000162   26.767563 v _24067_/A1 (sky130_fd_sc_hd__mux2_4)
     1    0.002771    0.047596    0.278428   27.045992 v _24067_/X (sky130_fd_sc_hd__mux2_4)
                                                         _06973_ (net)
                      0.047596    0.000032   27.046022 v _24068_/A1 (sky130_fd_sc_hd__mux2_2)
     1    0.002428    0.046311    0.255366   27.301388 v _24068_/X (sky130_fd_sc_hd__mux2_2)
                                                         _00593_ (net)
                      0.046311    0.000021   27.301411 v _31830_/D (sky130_fd_sc_hd__dfrtp_4)
                                             27.301411   data arrival time

                                 20.000000   20.000000   clock clk (rise edge)
                                  0.000000   20.000000   clock source latency
     3    0.123315    0.555246    0.396271   20.396273 ^ clk (in)
                                                         clk (net)
                      0.558813    0.000000   20.396273 ^ clkbuf_0_clk/A (sky130_fd_sc_hd__clkbuf_16)
     4    0.167895    0.183325    0.358400   20.754671 ^ clkbuf_0_clk/X (sky130_fd_sc_hd__clkbuf_16)
                                                         clknet_0_clk (net)
                      0.183575    0.005530   20.760201 ^ clkbuf_2_0_0_clk/A (sky130_fd_sc_hd__clkbuf_8)
     8    0.182611    0.313446    0.367130   21.127331 ^ clkbuf_2_0_0_clk/X (sky130_fd_sc_hd__clkbuf_8)
                                                         clknet_2_0_0_clk (net)
                      0.313730    0.007820   21.135151 ^ clkbuf_5_1__f_clk/A (sky130_fd_sc_hd__clkbuf_16)
    12    0.137419    0.151200    0.294477   21.429628 ^ clkbuf_5_1__f_clk/X (sky130_fd_sc_hd__clkbuf_16)
                                                         clknet_5_1__leaf_clk (net)
                      0.151288    0.002977   21.432606 ^ clkbuf_leaf_329_clk/A (sky130_fd_sc_hd__clkbuf_8)
    12    0.042112    0.085723    0.196975   21.629581 ^ clkbuf_leaf_329_clk/X (sky130_fd_sc_hd__clkbuf_8)
                                                         clknet_leaf_329_clk (net)
                      0.085725    0.000531   21.630112 ^ _31830_/CLK (sky130_fd_sc_hd__dfrtp_4)
                                 -0.250000   21.380112   clock uncertainty
                                  0.000000   21.380112   clock reconvergence pessimism
                                 -0.105526   21.274586   library setup time
                                             21.274586   data required time
---------------------------------------------------------------------------------------------
                                             21.274586   data required time
                                            -27.301411   data arrival time
---------------------------------------------------------------------------------------------
                                             -6.026824   slack (VIOLATED)




===========================================================================
 report_check_types -max_slew -max_cap -max_fanout -violators
============================================================================
======================= min_tt_025C_1v80 Corner ===================================

max fanout

Pin                                   Limit Fanout  Slack
---------------------------------------------------------
clkbuf_leaf_332_clk/X                    10     20    -10 (VIOLATED)
clkbuf_leaf_66_clk/X                     10     20    -10 (VIOLATED)
clkbuf_5_4__f_clk/X                      10     19     -9 (VIOLATED)
clkbuf_5_17__f_clk/X                     10     18     -8 (VIOLATED)
clkbuf_5_22__f_clk/X                     10     18     -8 (VIOLATED)
clkbuf_leaf_362_clk/X                    10     18     -8 (VIOLATED)
clkbuf_leaf_364_clk/X                    10     18     -8 (VIOLATED)
clkbuf_leaf_113_clk/X                    10     17     -7 (VIOLATED)
clkbuf_leaf_124_clk/X                    10     17     -7 (VIOLATED)
clkbuf_5_16__f_clk/X                     10     16     -6 (VIOLATED)
clkbuf_5_26__f_clk/X                     10     16     -6 (VIOLATED)
clkbuf_leaf_260_clk/X                    10     16     -6 (VIOLATED)
clkbuf_leaf_363_clk/X                    10     16     -6 (VIOLATED)
clkbuf_leaf_86_clk/X                     10     16     -6 (VIOLATED)
clkbuf_5_0__f_clk/X                      10     15     -5 (VIOLATED)
clkbuf_5_27__f_clk/X                     10     15     -5 (VIOLATED)
clkbuf_5_29__f_clk/X                     10     15     -5 (VIOLATED)
clkbuf_leaf_10_clk/X                     10     15     -5 (VIOLATED)
clkbuf_leaf_114_clk/X                    10     15     -5 (VIOLATED)
clkbuf_leaf_11_clk/X                     10     15     -5 (VIOLATED)
clkbuf_leaf_27_clk/X                     10     15     -5 (VIOLATED)
clkbuf_leaf_291_clk/X                    10     15     -5 (VIOLATED)
clkbuf_leaf_331_clk/X                    10     15     -5 (VIOLATED)
clkbuf_leaf_359_clk/X                    10     15     -5 (VIOLATED)
clkbuf_leaf_360_clk/X                    10     15     -5 (VIOLATED)
clkbuf_leaf_63_clk/X                     10     15     -5 (VIOLATED)
clkbuf_leaf_65_clk/X                     10     15     -5 (VIOLATED)
clkbuf_leaf_8_clk/X                      10     15     -5 (VIOLATED)
clkbuf_leaf_90_clk/X                     10     15     -5 (VIOLATED)
_31794_/Q                                10     14     -4 (VIOLATED)
_33726_/Q                                10     14     -4 (VIOLATED)
clkbuf_5_14__f_clk/X                     10     14     -4 (VIOLATED)
clkbuf_5_15__f_clk/X                     10     14     -4 (VIOLATED)
clkbuf_5_19__f_clk/X                     10     14     -4 (VIOLATED)
clkbuf_5_23__f_clk/X                     10     14     -4 (VIOLATED)
clkbuf_5_5__f_clk/X                      10     14     -4 (VIOLATED)
clkbuf_leaf_122_clk/X                    10     14     -4 (VIOLATED)
clkbuf_leaf_19_clk/X                     10     14     -4 (VIOLATED)
clkbuf_leaf_204_clk/X                    10     14     -4 (VIOLATED)
clkbuf_leaf_243_clk/X                    10     14     -4 (VIOLATED)
clkbuf_leaf_258_clk/X                    10     14     -4 (VIOLATED)
clkbuf_leaf_270_clk/X                    10     14     -4 (VIOLATED)
clkbuf_leaf_292_clk/X                    10     14     -4 (VIOLATED)
clkbuf_leaf_325_clk/X                    10     14     -4 (VIOLATED)
clkbuf_leaf_327_clk/X                    10     14     -4 (VIOLATED)
clkbuf_leaf_339_clk/X                    10     14     -4 (VIOLATED)
clkbuf_leaf_46_clk/X                     10     14     -4 (VIOLATED)
clkbuf_leaf_87_clk/X                     10     14     -4 (VIOLATED)
clkbuf_leaf_89_clk/X                     10     14     -4 (VIOLATED)
clkbuf_leaf_94_clk/X                     10     14     -4 (VIOLATED)
fanout1020/X                             10     14     -4 (VIOLATED)
fanout575/X                              10     14     -4 (VIOLATED)
_22027_/Y                                10     13     -3 (VIOLATED)
_31823_/Q                                10     13     -3 (VIOLATED)
_31824_/Q                                10     13     -3 (VIOLATED)
clkbuf_5_12__f_clk/X                     10     13     -3 (VIOLATED)
clkbuf_5_21__f_clk/X                     10     13     -3 (VIOLATED)
clkbuf_5_25__f_clk/X                     10     13     -3 (VIOLATED)
clkbuf_5_2__f_clk/X                      10     13     -3 (VIOLATED)
clkbuf_5_3__f_clk/X                      10     13     -3 (VIOLATED)
clkbuf_5_6__f_clk/X                      10     13     -3 (VIOLATED)
clkbuf_leaf_107_clk/X                    10     13     -3 (VIOLATED)
clkbuf_leaf_121_clk/X                    10     13     -3 (VIOLATED)
clkbuf_leaf_147_clk/X                    10     13     -3 (VIOLATED)
clkbuf_leaf_148_clk/X                    10     13     -3 (VIOLATED)
clkbuf_leaf_153_clk/X                    10     13     -3 (VIOLATED)
clkbuf_leaf_155_clk/X                    10     13     -3 (VIOLATED)
clkbuf_leaf_156_clk/X                    10     13     -3 (VIOLATED)
clkbuf_leaf_160_clk/X                    10     13     -3 (VIOLATED)
clkbuf_leaf_166_clk/X                    10     13     -3 (VIOLATED)
clkbuf_leaf_179_clk/X                    10     13     -3 (VIOLATED)
clkbuf_leaf_20_clk/X                     10     13     -3 (VIOLATED)
clkbuf_leaf_219_clk/X                    10     13     -3 (VIOLATED)
clkbuf_leaf_249_clk/X                    10     13     -3 (VIOLATED)
clkbuf_leaf_264_clk/X                    10     13     -3 (VIOLATED)
clkbuf_leaf_265_clk/X                    10     13     -3 (VIOLATED)
clkbuf_leaf_271_clk/X                    10     13     -3 (VIOLATED)
clkbuf_leaf_272_clk/X                    10     13     -3 (VIOLATED)
clkbuf_leaf_280_clk/X                    10     13     -3 (VIOLATED)
clkbuf_leaf_286_clk/X                    10     13     -3 (VIOLATED)
clkbuf_leaf_299_clk/X                    10     13     -3 (VIOLATED)
clkbuf_leaf_301_clk/X                    10     13     -3 (VIOLATED)
clkbuf_leaf_324_clk/X                    10     13     -3 (VIOLATED)
clkbuf_leaf_338_clk/X                    10     13     -3 (VIOLATED)
clkbuf_leaf_348_clk/X                    10     13     -3 (VIOLATED)
clkbuf_leaf_361_clk/X                    10     13     -3 (VIOLATED)
clkbuf_leaf_366_clk/X                    10     13     -3 (VIOLATED)
clkbuf_leaf_367_clk/X                    10     13     -3 (VIOLATED)
clkbuf_leaf_3_clk/X                      10     13     -3 (VIOLATED)
clkbuf_leaf_4_clk/X                      10     13     -3 (VIOLATED)
clkbuf_leaf_91_clk/X                     10     13     -3 (VIOLATED)
fanout638/X                              10     13     -3 (VIOLATED)
fanout704/X                              10     13     -3 (VIOLATED)
_23153_/X                                10     12     -2 (VIOLATED)
_23957_/X                                10     12     -2 (VIOLATED)
_23973_/X                                10     12     -2 (VIOLATED)
_24022_/X                                10     12     -2 (VIOLATED)
_24025_/X                                10     12     -2 (VIOLATED)
_24247_/Y                                10     12     -2 (VIOLATED)
clkbuf_5_1__f_clk/X                      10     12     -2 (VIOLATED)
clkbuf_5_20__f_clk/X                     10     12     -2 (VIOLATED)
clkbuf_leaf_100_clk/X                    10     12     -2 (VIOLATED)
clkbuf_leaf_103_clk/X                    10     12     -2 (VIOLATED)
clkbuf_leaf_112_clk/X                    10     12     -2 (VIOLATED)
clkbuf_leaf_125_clk/X                    10     12     -2 (VIOLATED)
clkbuf_leaf_12_clk/X                     10     12     -2 (VIOLATED)
clkbuf_leaf_13_clk/X                     10     12     -2 (VIOLATED)
clkbuf_leaf_164_clk/X                    10     12     -2 (VIOLATED)
clkbuf_leaf_167_clk/X                    10     12     -2 (VIOLATED)
clkbuf_leaf_168_clk/X                    10     12     -2 (VIOLATED)
clkbuf_leaf_176_clk/X                    10     12     -2 (VIOLATED)
clkbuf_leaf_177_clk/X                    10     12     -2 (VIOLATED)
clkbuf_leaf_178_clk/X                    10     12     -2 (VIOLATED)
clkbuf_leaf_187_clk/X                    10     12     -2 (VIOLATED)
clkbuf_leaf_191_clk/X                    10     12     -2 (VIOLATED)
clkbuf_leaf_198_clk/X                    10     12     -2 (VIOLATED)
clkbuf_leaf_205_clk/X                    10     12     -2 (VIOLATED)
clkbuf_leaf_210_clk/X                    10     12     -2 (VIOLATED)
clkbuf_leaf_211_clk/X                    10     12     -2 (VIOLATED)
clkbuf_leaf_250_clk/X                    10     12     -2 (VIOLATED)
clkbuf_leaf_329_clk/X                    10     12     -2 (VIOLATED)
clkbuf_leaf_337_clk/X                    10     12     -2 (VIOLATED)
clkbuf_leaf_344_clk/X                    10     12     -2 (VIOLATED)
clkbuf_leaf_351_clk/X                    10     12     -2 (VIOLATED)
clkbuf_leaf_352_clk/X                    10     12     -2 (VIOLATED)
clkbuf_leaf_53_clk/X                     10     12     -2 (VIOLATED)
clkbuf_leaf_57_clk/X                     10     12     -2 (VIOLATED)
clkbuf_leaf_5_clk/X                      10     12     -2 (VIOLATED)
clkbuf_leaf_67_clk/X                     10     12     -2 (VIOLATED)
clkbuf_leaf_68_clk/X                     10     12     -2 (VIOLATED)
clkbuf_leaf_6_clk/X                      10     12     -2 (VIOLATED)
clkbuf_leaf_82_clk/X                     10     12     -2 (VIOLATED)
clkbuf_leaf_88_clk/X                     10     12     -2 (VIOLATED)
clkbuf_leaf_93_clk/X                     10     12     -2 (VIOLATED)
clkbuf_leaf_96_clk/X                     10     12     -2 (VIOLATED)
fanout1371/X                             10     12     -2 (VIOLATED)
fanout624/X                              10     12     -2 (VIOLATED)
fanout629/X                              10     12     -2 (VIOLATED)
fanout633/X                              10     12     -2 (VIOLATED)
fanout643/X                              10     12     -2 (VIOLATED)
fanout658/X                              10     12     -2 (VIOLATED)
fanout684/X                              10     12     -2 (VIOLATED)
fanout711/X                              10     12     -2 (VIOLATED)
fanout816/X                              10     12     -2 (VIOLATED)
_24007_/X                                10     11        (VIOLATED)
_31515_/Q                                10     11        (VIOLATED)
_31545_/Q                                10     11        (VIOLATED)
_31551_/Q                                10     11        (VIOLATED)
_31570_/Q                                10     11        (VIOLATED)
_31597_/Q                                10     11        (VIOLATED)
_31828_/Q                                10     11        (VIOLATED)
_32082_/Q                                10     11        (VIOLATED)
clkbuf_5_28__f_clk/X                     10     11        (VIOLATED)
clkbuf_5_9__f_clk/X                      10     11        (VIOLATED)
clkbuf_leaf_0_clk/X                      10     11        (VIOLATED)
clkbuf_leaf_101_clk/X                    10     11        (VIOLATED)
clkbuf_leaf_102_clk/X                    10     11        (VIOLATED)
clkbuf_leaf_105_clk/X                    10     11        (VIOLATED)
clkbuf_leaf_117_clk/X                    10     11        (VIOLATED)
clkbuf_leaf_123_clk/X                    10     11        (VIOLATED)
clkbuf_leaf_212_clk/X                    10     11        (VIOLATED)
clkbuf_leaf_236_clk/X                    10     11        (VIOLATED)
clkbuf_leaf_245_clk/X                    10     11        (VIOLATED)
clkbuf_leaf_248_clk/X                    10     11        (VIOLATED)
clkbuf_leaf_256_clk/X                    10     11        (VIOLATED)
clkbuf_leaf_266_clk/X                    10     11        (VIOLATED)
clkbuf_leaf_278_clk/X                    10     11        (VIOLATED)
clkbuf_leaf_284_clk/X                    10     11        (VIOLATED)
clkbuf_leaf_285_clk/X                    10     11        (VIOLATED)
clkbuf_leaf_297_clk/X                    10     11        (VIOLATED)
clkbuf_leaf_2_clk/X                      10     11        (VIOLATED)
clkbuf_leaf_300_clk/X                    10     11        (VIOLATED)
clkbuf_leaf_308_clk/X                    10     11        (VIOLATED)
clkbuf_leaf_326_clk/X                    10     11        (VIOLATED)
clkbuf_leaf_341_clk/X                    10     11        (VIOLATED)
clkbuf_leaf_347_clk/X                    10     11        (VIOLATED)
clkbuf_leaf_349_clk/X                    10     11        (VIOLATED)
clkbuf_leaf_354_clk/X                    10     11        (VIOLATED)
clkbuf_leaf_355_clk/X                    10     11        (VIOLATED)
clkbuf_leaf_365_clk/X                    10     11        (VIOLATED)
clkbuf_leaf_43_clk/X                     10     11        (VIOLATED)
clkbuf_leaf_44_clk/X                     10     11        (VIOLATED)
clkbuf_leaf_47_clk/X                     10     11        (VIOLATED)
clkbuf_leaf_51_clk/X                     10     11        (VIOLATED)
clkbuf_leaf_52_clk/X                     10     11        (VIOLATED)
clkbuf_leaf_54_clk/X                     10     11        (VIOLATED)
clkbuf_leaf_58_clk/X                     10     11        (VIOLATED)
clkbuf_leaf_60_clk/X                     10     11        (VIOLATED)
clkbuf_leaf_62_clk/X                     10     11        (VIOLATED)
clkbuf_leaf_64_clk/X                     10     11        (VIOLATED)
clkbuf_leaf_7_clk/X                      10     11        (VIOLATED)
clkbuf_leaf_85_clk/X                     10     11        (VIOLATED)
clkbuf_leaf_95_clk/X                     10     11        (VIOLATED)
fanout1244/X                             10     11        (VIOLATED)
fanout1256/X                             10     11        (VIOLATED)
fanout1261/X                             10     11        (VIOLATED)
fanout1269/X                             10     11        (VIOLATED)
fanout1360/X                             10     11        (VIOLATED)
fanout1710/X                             10     11        (VIOLATED)
fanout1736/X                             10     11        (VIOLATED)
fanout1740/X                             10     11        (VIOLATED)
fanout1750/X                             10     11        (VIOLATED)
fanout412/X                              10     11        (VIOLATED)
fanout414/X                              10     11        (VIOLATED)
fanout525/X                              10     11        (VIOLATED)
fanout557/X                              10     11        (VIOLATED)
fanout559/X                              10     11        (VIOLATED)
fanout563/X                              10     11        (VIOLATED)
fanout577/X                              10     11        (VIOLATED)
fanout668/X                              10     11        (VIOLATED)
fanout679/X                              10     11        (VIOLATED)
fanout687/X                              10     11        (VIOLATED)
fanout863/X                              10     11        (VIOLATED)
fanout902/X                              10     11        (VIOLATED)

max capacitance

Pin                                        Limit         Cap       Slack
------------------------------------------------------------------------
fanout1087/X                            0.200000    0.301239   -0.101239 (VIOLATED)
fanout1371/X                            0.200000    0.264222   -0.064222 (VIOLATED)
fanout412/X                             0.200000    0.260752   -0.060752 (VIOLATED)
fanout1247/X                            0.200000    0.250270   -0.050270 (VIOLATED)
wire1273/X                              0.200000    0.247928   -0.047928 (VIOLATED)
fanout1229/X                            0.200000    0.242797   -0.042797 (VIOLATED)
_29799_/X                               0.200000    0.234781   -0.034781 (VIOLATED)
fanout1260/X                            0.200000    0.228188   -0.028188 (VIOLATED)
_24569_/Y                               0.200000    0.217017   -0.017017 (VIOLATED)
fanout638/X                             0.200000    0.205020   -0.005020 (VIOLATED)
_31806_/Q                               0.200000    0.202281   -0.002281 (VIOLATED)
_31904_/Q                               0.200000    0.201159   -0.001159 (VIOLATED)
fanout1020/X                            0.200000    0.201043   -0.001043 (VIOLATED)



===========================================================================
report_parasitic_annotation -report_unannotated
============================================================================
Found 347 unannotated drivers.
 clkload0/Y
 clkload1/Y
 clkload10/Y
 clkload100/Y
 clkload101/X
 clkload102/Y
 clkload103/Y
 clkload104/Y
 clkload105/Y
 clkload106/Y
 clkload107/Y
 clkload108/Y
 clkload109/Y
 clkload11/Y
 clkload110/Y
 clkload111/Y
 clkload112/Y
 clkload113/X
 clkload114/Y
 clkload115/Y
 clkload116/Y
 clkload117/X
 clkload118/Y
 clkload119/Y
 clkload12/Y
 clkload120/Y
 clkload121/Y
 clkload122/Y
 clkload123/X
 clkload124/Y
 clkload125/Y
 clkload126/Y
 clkload127/Y
 clkload128/Y
 clkload129/Y
 clkload13/X
 clkload130/Y
 clkload131/Y
 clkload132/Y
 clkload133/X
 clkload134/X
 clkload135/X
 clkload136/X
 clkload137/Y
 clkload138/Y
 clkload139/Y
 clkload14/Y
 clkload140/Y
 clkload141/Y
 clkload142/Y
 clkload143/Y
 clkload144/Y
 clkload145/Y
 clkload146/Y
 clkload147/Y
 clkload148/Y
 clkload149/Y
 clkload15/X
 clkload150/Y
 clkload151/Y
 clkload152/Y
 clkload153/Y
 clkload154/Y
 clkload155/Y
 clkload156/Y
 clkload157/Y
 clkload158/Y
 clkload159/Y
 clkload16/Y
 clkload160/Y
 clkload161/X
 clkload162/Y
 clkload163/Y
 clkload164/Y
 clkload165/X
 clkload166/X
 clkload167/Y
 clkload168/Y
 clkload169/Y
 clkload17/Y
 clkload170/Y
 clkload171/Y
 clkload172/X
 clkload173/Y
 clkload174/Y
 clkload175/Y
 clkload176/Y
 clkload177/Y
 clkload178/X
 clkload179/Y
 clkload18/Y
 clkload180/Y
 clkload181/Y
 clkload182/Y
 clkload183/Y
 clkload184/Y
 clkload185/Y
 clkload186/Y
 clkload187/Y
 clkload188/Y
 clkload189/Y
 clkload19/Y
 clkload190/Y
 clkload191/Y
 clkload192/Y
 clkload193/Y
 clkload194/Y
 clkload195/Y
 clkload196/Y
 clkload197/Y
 clkload198/Y
 clkload199/Y
 clkload2/Y
 clkload20/Y
 clkload200/Y
 clkload201/Y
 clkload202/Y
 clkload203/Y
 clkload204/Y
 clkload205/Y
 clkload206/Y
 clkload207/Y
 clkload208/Y
 clkload209/X
 clkload21/Y
 clkload210/X
 clkload211/Y
 clkload212/Y
 clkload213/X
 clkload214/Y
 clkload215/Y
 clkload216/Y
 clkload217/Y
 clkload218/Y
 clkload219/Y
 clkload22/Y
 clkload220/Y
 clkload221/Y
 clkload222/X
 clkload223/X
 clkload224/Y
 clkload225/Y
 clkload226/Y
 clkload227/X
 clkload228/Y
 clkload229/Y
 clkload23/X
 clkload230/Y
 clkload231/Y
 clkload232/X
 clkload233/Y
 clkload234/X
 clkload235/Y
 clkload236/Y
 clkload237/Y
 clkload238/Y
 clkload239/Y
 clkload24/Y
 clkload240/Y
 clkload241/Y
 clkload242/Y
 clkload243/Y
 clkload244/X
 clkload245/X
 clkload246/Y
 clkload247/Y
 clkload248/Y
 clkload249/Y
 clkload25/Y
 clkload250/Y
 clkload251/Y
 clkload252/Y
 clkload253/Y
 clkload254/Y
 clkload255/Y
 clkload256/Y
 clkload257/X
 clkload258/Y
 clkload259/Y
 clkload26/Y
 clkload260/Y
 clkload261/Y
 clkload262/Y
 clkload263/Y
 clkload264/Y
 clkload265/Y
 clkload266/Y
 clkload267/Y
 clkload268/Y
 clkload269/Y
 clkload27/Y
 clkload270/X
 clkload271/Y
 clkload272/Y
 clkload273/Y
 clkload274/X
 clkload275/Y
 clkload276/Y
 clkload277/Y
 clkload278/X
 clkload279/Y
 clkload28/Y
 clkload280/Y
 clkload281/Y
 clkload282/X
 clkload283/Y
 clkload284/Y
 clkload285/Y
 clkload286/X
 clkload287/X
 clkload288/Y
 clkload289/Y
 clkload29/Y
 clkload290/Y
 clkload291/Y
 clkload292/Y
 clkload293/Y
 clkload294/Y
 clkload295/Y
 clkload296/Y
 clkload297/Y
 clkload298/Y
 clkload299/Y
 clkload3/Y
 clkload30/Y
 clkload300/Y
 clkload301/Y
 clkload302/Y
 clkload303/Y
 clkload304/Y
 clkload305/Y
 clkload306/Y
 clkload307/Y
 clkload308/Y
 clkload309/Y
 clkload31/Y
 clkload310/Y
 clkload311/Y
 clkload312/Y
 clkload313/Y
 clkload314/X
 clkload315/Y
 clkload316/Y
 clkload317/X
 clkload318/Y
 clkload319/X
 clkload32/X
 clkload320/X
 clkload321/X
 clkload322/Y
 clkload323/Y
 clkload324/Y
 clkload325/Y
 clkload326/Y
 clkload327/X
 clkload328/X
 clkload329/X
 clkload33/X
 clkload330/Y
 clkload331/Y
 clkload332/Y
 clkload333/Y
 clkload334/Y
 clkload335/Y
 clkload336/X
 clkload337/X
 clkload338/Y
 clkload339/Y
 clkload34/Y
 clkload340/Y
 clkload341/Y
 clkload342/Y
 clkload343/Y
 clkload344/Y
 clkload345/Y
 clkload346/Y
 clkload35/Y
 clkload36/Y
 clkload37/Y
 clkload38/Y
 clkload39/Y
 clkload4/Y
 clkload40/Y
 clkload41/Y
 clkload42/Y
 clkload43/Y
 clkload44/Y
 clkload45/Y
 clkload46/X
 clkload47/Y
 clkload48/X
 clkload49/Y
 clkload5/Y
 clkload50/Y
 clkload51/Y
 clkload52/Y
 clkload53/Y
 clkload54/Y
 clkload55/X
 clkload56/Y
 clkload57/Y
 clkload58/Y
 clkload59/Y
 clkload6/Y
 clkload60/X
 clkload61/Y
 clkload62/Y
 clkload63/Y
 clkload64/Y
 clkload65/Y
 clkload66/Y
 clkload67/Y
 clkload68/Y
 clkload69/Y
 clkload7/Y
 clkload70/Y
 clkload71/Y
 clkload72/Y
 clkload73/Y
 clkload74/Y
 clkload75/Y
 clkload76/Y
 clkload77/Y
 clkload78/X
 clkload79/X
 clkload8/Y
 clkload80/Y
 clkload81/Y
 clkload82/Y
 clkload83/Y
 clkload84/Y
 clkload85/Y
 clkload86/Y
 clkload87/Y
 clkload88/Y
 clkload89/Y
 clkload9/Y
 clkload90/Y
 clkload91/Y
 clkload92/Y
 clkload93/Y
 clkload94/X
 clkload95/Y
 clkload96/Y
 clkload97/Y
 clkload98/Y
 clkload99/Y
Found 0 partially unannotated drivers.

===========================================================================
max slew violation count 0
max fanout violation count 214
max cap violation count 13
============================================================================

===========================================================================
check_setup -verbose -unconstrained_endpoints -multiple_clock -no_clock -no_input_delay -loops -generated_clocks
===========================================================================
