Reading timing models for corner nom_tt_025C_1v80…
Reading timing library for the 'nom_tt_025C_1v80' corner at '/Users/prahalad/.volare/volare/sky130/versions/0fe599b2afb6708d281543108caf8310912f54af/sky130A/libs.ref/sky130_fd_sc_hd/lib/sky130_fd_sc_hd__tt_025C_1v80.lib'…
Reading timing models for corner nom_ff_n40C_1v95…
Reading timing library for the 'nom_ff_n40C_1v95' corner at '/Users/prahalad/.volare/volare/sky130/versions/0fe599b2afb6708d281543108caf8310912f54af/sky130A/libs.ref/sky130_fd_sc_hd/lib/sky130_fd_sc_hd__ff_n40C_1v95.lib'…
Reading timing models for corner nom_ss_100C_1v60…
Reading timing library for the 'nom_ss_100C_1v60' corner at '/Users/prahalad/.volare/volare/sky130/versions/0fe599b2afb6708d281543108caf8310912f54af/sky130A/libs.ref/sky130_fd_sc_hd/lib/sky130_fd_sc_hd__ss_100C_1v60.lib'…
Reading OpenROAD database at '/Users/prahalad/Asic-Cryptography/main/rtl/runs/RUN_2025-07-30_13-59-37/34-openroad-cts/asic_top.odb'…
Reading design constraints file at '/nix/store/1shp1i9i4na0sqd794l2lhbyka37r5wh-python3-3.11.9-env/lib/python3.11/site-packages/openlane/scripts/base.sdc'…
[INFO] Using clock clk…
[INFO] Setting output delay to: 4.0
[INFO] Setting input delay to: 4.0
[INFO] Setting load to: 0.033442
[INFO] Setting clock uncertainty to: 0.25
[INFO] Setting clock transition to: 0.1499999999999999944488848768742172978818416595458984375
[INFO] Setting timing derate to: 5%
[INFO] Setting RC values…
[INFO RSZ-0094] Found 512 endpoints with setup violations.
[INFO RSZ-0099] Repairing 512 out of 512 (100.00%) violating endpoints...
   Iter   | Removed | Resized | Inserted | Cloned |  Pin  |    WNS   |   TNS      |  Viol  | Worst
          | Buffers |  Gates  | Buffers  |  Gates | Swaps |          |            | Endpts | Endpt
---------------------------------------------------------------------------------------------------
        0 |       0 |       0 |        0 |      0 |     0 |  -31.327 |   -12579.8 |    512 | _31895_/D
       10 |       0 |       2 |        4 |      0 |     5 |  -30.878 |   -12529.2 |    512 | _31895_/D
       20 |       0 |       6 |       11 |      0 |     8 |  -30.496 |   -12464.5 |    512 | _31895_/D
       30 |       0 |      10 |       17 |      0 |    11 |  -30.119 |   -12357.3 |    512 | _31830_/D
       40 |       0 |      16 |       19 |      0 |    14 |  -29.777 |   -12295.2 |    512 | _31830_/D
       50 |       0 |      22 |       21 |      0 |    17 |  -29.504 |   -12200.4 |    512 | _31895_/D
       60 |       0 |      31 |       21 |      0 |    18 |  -28.823 |   -12078.8 |    512 | _31830_/D
       70 |       0 |      33 |       27 |      0 |    23 |  -28.735 |   -12067.5 |    512 | _31830_/D
       80 |       0 |      40 |       27 |      0 |    26 |  -28.499 |   -12020.4 |    512 | _31895_/D
       90 |       0 |      45 |       29 |      0 |    30 |  -28.440 |   -12008.8 |    512 | _31895_/D
      100 |       0 |      47 |       40 |      0 |    33 |  -28.314 |   -11971.5 |    512 | _31830_/D
      110 |       0 |      49 |       48 |      0 |    37 |  -28.224 |   -11924.2 |    512 | _31895_/D
      120 |       0 |      53 |       50 |      0 |    42 |  -28.103 |   -11880.6 |    512 | _31895_/D
      130 |       0 |      56 |       58 |      0 |    45 |  -27.984 |   -11785.3 |    512 | _31800_/D
      140 |       0 |      58 |       60 |      0 |    52 |  -27.868 |   -11750.8 |    512 | _31734_/D
      150 |       0 |      62 |       64 |      0 |    56 |  -27.752 |   -11707.0 |    512 | _31830_/D
      160 |       0 |      67 |       68 |      0 |    59 |  -27.665 |   -11670.0 |    512 | _31895_/D
      170 |       0 |      71 |       74 |      0 |    62 |  -27.589 |   -11642.6 |    512 | _31734_/D
      180 |       0 |      79 |       76 |      0 |    63 |  -27.493 |   -11596.2 |    512 | _31892_/D
      190 |       0 |      86 |       76 |      0 |    66 |  -27.394 |   -11574.4 |    512 | _31830_/D
      200 |       0 |      87 |       90 |      0 |    68 |  -27.342 |   -11569.8 |    512 | _31851_/D
      210 |       0 |      89 |      102 |      0 |    70 |  -27.324 |   -11533.1 |    512 | _31800_/D
      220 |       0 |      93 |      102 |      0 |    76 |  -27.422 |   -11524.9 |    512 | _31734_/D
      230 |       0 |      99 |      104 |      0 |    79 |  -27.095 |   -11448.0 |    512 | _31800_/D
      240 |       0 |     103 |      108 |      0 |    83 |  -27.038 |   -11420.3 |    512 | _31851_/D
      250 |       0 |     107 |      112 |      0 |    87 |  -26.979 |   -11392.1 |    512 | _31734_/D
      260 |       0 |     112 |      116 |      0 |    90 |  -26.960 |   -11372.2 |    512 | _31800_/D
      270 |       0 |     119 |      118 |      0 |    92 |  -26.857 |   -11349.1 |    512 | _31800_/D
      280 |       0 |     120 |      124 |      0 |    98 |  -26.875 |   -11336.2 |    512 | _31895_/D
      290 |       0 |     125 |      124 |      0 |   103 |  -26.812 |   -11289.6 |    512 | _31895_/D
      300 |       0 |     128 |      128 |      0 |   108 |  -26.649 |   -11249.7 |    512 | _31830_/D
      310 |       0 |     132 |      128 |      0 |   114 |  -26.582 |   -11220.5 |    512 | _31734_/D
      320 |       0 |     134 |      136 |      0 |   118 |  -26.483 |   -11193.0 |    512 | _31830_/D
      330 |       0 |     136 |      143 |      0 |   123 |  -26.509 |   -11168.6 |    512 | _31830_/D
      340 |       0 |     145 |      143 |      0 |   124 |  -26.360 |   -11120.8 |    512 | _31895_/D
      350 |       0 |     148 |      145 |      0 |   130 |  -26.282 |   -11082.9 |    512 | _31800_/D
      360 |       0 |     152 |      153 |      0 |   132 |  -26.237 |   -11073.6 |    512 | _31895_/D
      370 |       0 |     158 |      158 |      0 |   134 |  -26.210 |   -11042.6 |    512 | _31800_/D
      380 |       0 |     164 |      162 |      0 |   136 |  -26.077 |   -10989.6 |    512 | _31800_/D
      390 |       0 |     167 |      170 |      0 |   139 |  -26.081 |   -10981.4 |    512 | _31800_/D
      400 |       0 |     174 |      170 |      0 |   142 |  -25.997 |   -10958.8 |    512 | _31800_/D
      410 |       0 |     176 |      172 |      0 |   149 |  -26.122 |   -10969.5 |    512 | _31895_/D
      420 |       0 |     178 |      176 |      0 |   155 |  -25.954 |   -10885.3 |    512 | _31895_/D
      430 |       0 |     181 |      178 |      0 |   161 |  -25.979 |   -10882.8 |    512 | _31734_/D
      440 |       0 |     182 |      185 |      0 |   167 |  -25.877 |   -10847.1 |    512 | _31830_/D
      450 |       0 |     187 |      189 |      0 |   170 |  -25.770 |   -10818.3 |    512 | _31895_/D
      460 |       1 |     192 |      189 |      0 |   174 |  -25.682 |   -10775.8 |    512 | _31830_/D
      470 |       1 |     196 |      189 |      0 |   180 |  -25.698 |   -10778.4 |    512 | _31734_/D
      480 |       1 |     200 |      191 |      0 |   185 |  -25.658 |   -10771.2 |    512 | _31734_/D
      490 |       1 |     204 |      193 |      0 |   190 |  -25.577 |   -10752.8 |    512 | _31830_/D
      500 |       1 |     210 |      195 |      0 |   193 |  -25.524 |   -10735.0 |    512 | _31895_/D
      510 |       1 |     213 |      197 |      0 |   199 |  -25.508 |   -10717.6 |    512 | _31830_/D
      520 |       1 |     218 |      199 |      0 |   203 |  -25.410 |   -10704.6 |    512 | _31760_/D
      530 |       1 |     223 |      203 |      0 |   206 |  -25.358 |   -10689.3 |    512 | _31800_/D
      540 |       1 |     227 |      205 |      0 |   211 |  -25.470 |   -10706.1 |    512 | _31760_/D
      550 |       1 |     229 |      211 |      0 |   216 |  -25.317 |   -10657.8 |    512 | _31895_/D
      560 |       1 |     234 |      211 |      0 |   221 |  -25.302 |   -10651.4 |    512 | _31895_/D
      570 |       1 |     238 |      215 |      0 |   225 |  -25.238 |   -10639.9 |    512 | _31895_/D
      580 |       1 |     244 |      219 |      0 |   227 |  -25.211 |   -10628.4 |    512 | _31798_/D
      590 |       1 |     248 |      221 |      0 |   232 |  -25.179 |   -10613.2 |    512 | _31895_/D
      600 |       1 |     251 |      229 |      0 |   236 |  -25.134 |   -10597.6 |    512 | _31830_/D
      610 |       1 |     255 |      231 |      0 |   241 |  -25.106 |   -10567.8 |    512 | _31798_/D
      620 |       1 |     258 |      239 |      0 |   244 |  -25.066 |   -10554.8 |    512 | _31856_/D
      630 |       1 |     263 |      239 |      0 |   249 |  -25.264 |   -10584.6 |    512 | _31851_/D
      638 |       1 |     260 |      239 |      0 |   246 |  -25.058 |   -10554.6 |    512 | _31830_/D
      640 |       1 |     260 |      239 |      0 |   247 |  -25.058 |   -10554.6 |    512 | _31830_/D
      650 |       1 |     266 |      239 |      0 |   251 |  -25.058 |   -10551.1 |    512 | _31830_/D
      660 |       1 |     268 |      239 |      0 |   259 |  -25.058 |   -10562.0 |    512 | _31830_/D
      667 |       1 |     264 |      240 |      0 |   250 |  -25.058 |   -10544.3 |    512 | _31830_/D
      670 |       1 |     265 |      240 |      0 |   251 |  -25.058 |   -10544.4 |    512 | _31830_/D
      680 |       1 |     270 |      240 |      0 |   256 |  -25.058 |   -10546.0 |    512 | _31830_/D
      686 |       1 |     273 |      244 |      0 |   257 |  -25.058 |   -10536.0 |    512 | _31830_/D
      690 |       1 |     274 |      244 |      0 |   259 |  -25.058 |   -10536.1 |    512 | _31830_/D
      690 |       1 |     274 |      244 |      0 |   259 |  -25.058 |   -10536.1 |    512 | _31830_/D
      700 |       1 |     279 |      244 |      0 |   263 |  -25.058 |   -10534.5 |    512 | _31830_/D
      703 |       1 |     282 |      244 |      0 |   263 |  -25.058 |   -10534.2 |    512 | _31830_/D
      710 |       1 |     286 |      244 |      0 |   265 |  -25.058 |   -10533.6 |    512 | _31830_/D
      715 |       1 |     289 |      244 |      0 |   267 |  -25.058 |   -10533.6 |    512 | _31830_/D
      718 |       1 |     290 |      244 |      0 |   267 |  -25.058 |   -10533.6 |    512 | _31830_/D
      720 |       1 |     291 |      244 |      0 |   267 |  -25.058 |   -10533.6 |    512 | _31830_/D
      721 |       1 |     291 |      244 |      0 |   267 |  -25.058 |   -10533.6 |    512 | _31830_/D
      730 |       1 |     295 |      244 |      0 |   271 |  -25.058 |   -10533.4 |    512 | _31830_/D
      730 |       1 |     295 |      244 |      0 |   270 |  -25.058 |   -10533.3 |    512 | _31830_/D
      735 |       1 |     297 |      244 |      0 |   270 |  -25.058 |   -10533.2 |    512 | _31830_/D
      740 |       1 |     301 |      244 |      0 |   270 |  -25.058 |   -10532.9 |    512 | _31830_/D
      744 |       1 |     300 |      244 |      0 |   270 |  -25.058 |   -10532.9 |    512 | _31830_/D
      747 |       1 |     301 |      244 |      0 |   270 |  -25.057 |   -10532.9 |    512 | _31832_/D
      750 |       1 |     301 |      244 |      0 |   272 |  -25.057 |   -10533.0 |    512 | _31832_/D
      751 |       1 |     301 |      244 |      0 |   270 |  -25.057 |   -10532.9 |    512 | _31832_/D
      758 |       1 |     304 |      244 |      0 |   272 |  -25.057 |   -10532.8 |    512 | _31832_/D
      760 |       1 |     304 |      244 |      0 |   273 |  -25.057 |   -10532.9 |    512 | _31832_/D
      763 |       1 |     304 |      244 |      0 |   272 |  -25.057 |   -10532.8 |    512 | _31832_/D
      769 |       1 |     306 |      244 |      0 |   274 |  -25.057 |   -10532.9 |    512 | _31832_/D
      770 |       1 |     306 |      244 |      0 |   274 |  -25.057 |   -10532.9 |    512 | _31832_/D
      776 |       1 |     308 |      244 |      0 |   274 |  -25.057 |   -10532.8 |    512 | _31832_/D
      780 |       1 |     311 |      244 |      0 |   274 |  -25.057 |   -10532.7 |    512 | _31832_/D
      785 |       1 |     315 |      244 |      0 |   275 |  -25.057 |   -10532.5 |    512 | _31832_/D
      788 |       1 |     315 |      244 |      0 |   275 |  -25.057 |   -10532.5 |    512 | _31832_/D
      790 |       1 |     315 |      244 |      0 |   276 |  -25.057 |   -10532.5 |    512 | _31832_/D
      790 |       1 |     315 |      244 |      0 |   276 |  -25.057 |   -10532.5 |    512 | _31832_/D
      794 |       1 |     318 |      244 |      0 |   276 |  -25.036 |   -10531.5 |    512 | _31798_/D
      800 |       1 |     321 |      244 |      0 |   278 |  -25.036 |   -10531.8 |    512 | _31798_/D
      802 |       1 |     320 |      244 |      0 |   277 |  -25.036 |   -10531.6 |    512 | _31798_/D
      810 |       1 |     325 |      244 |      0 |   279 |  -25.036 |   -10529.2 |    512 | _31798_/D
      811 |       1 |     325 |      244 |      0 |   280 |  -25.036 |   -10528.9 |    512 | _31798_/D
      815 |       1 |     327 |      244 |      0 |   280 |  -25.036 |   -10528.8 |    512 | _31798_/D
      820 |       1 |     330 |      244 |      0 |   281 |  -25.036 |   -10528.8 |    512 | _31798_/D
      828 |       1 |     337 |      244 |      0 |   282 |  -25.036 |   -10528.9 |    512 | _31798_/D
      830 |       1 |     337 |      244 |      0 |   283 |  -25.036 |   -10528.8 |    512 | _31798_/D
      830 |       1 |     337 |      244 |      0 |   283 |  -25.036 |   -10528.8 |    512 | _31798_/D
      835 |       1 |     337 |      244 |      0 |   283 |  -25.036 |   -10528.8 |    512 | _31798_/D
      838 |       1 |     337 |      244 |      0 |   283 |  -25.036 |   -10528.8 |    512 | _31798_/D
      840 |       1 |     338 |      244 |      0 |   283 |  -25.044 |   -10528.9 |    512 | _31832_/D
      843 |       1 |     340 |      244 |      0 |   283 |  -25.036 |   -10528.6 |    512 | _31798_/D
      849 |       1 |     342 |      244 |      0 |   285 |  -25.036 |   -10528.6 |    512 | _31798_/D
      850 |       1 |     342 |      244 |      0 |   285 |  -25.036 |   -10528.6 |    512 | _31798_/D
      860 |       1 |     350 |      244 |      0 |   287 |  -25.036 |   -10528.2 |    512 | _31798_/D
      861 |       1 |     350 |      244 |      0 |   287 |  -25.036 |   -10528.2 |    512 | _31798_/D
      870 |       1 |     353 |      244 |      0 |   292 |  -25.036 |   -10528.3 |    512 | _31798_/D
      870 |       1 |     352 |      244 |      0 |   288 |  -25.036 |   -10528.2 |    512 | _31798_/D
      874 |       1 |     354 |      244 |      0 |   289 |  -25.036 |   -10528.2 |    512 | _31798_/D
      880 |       1 |     359 |      244 |      0 |   289 |  -25.036 |   -10528.0 |    512 | _31798_/D
      882 |       1 |     360 |      244 |      0 |   290 |  -25.036 |   -10528.0 |    512 | _31798_/D
      884 |       1 |     360 |      244 |      0 |   291 |  -25.036 |   -10528.0 |    512 | _31798_/D
      887 |       1 |     360 |      244 |      0 |   291 |  -25.036 |   -10528.0 |    512 | _31798_/D
      890 |       1 |     362 |      244 |      0 |   291 |  -25.036 |   -10528.0 |    512 | _31798_/D
      891 |       1 |     361 |      244 |      0 |   291 |  -25.036 |   -10528.0 |    512 | _31798_/D
      900 |       1 |     368 |      244 |      0 |   292 |  -25.036 |   -10527.8 |    512 | _31798_/D
      900 |       1 |     368 |      244 |      0 |   292 |  -25.036 |   -10527.8 |    512 | _31798_/D
      910 |       1 |     373 |      244 |      0 |   296 |  -25.036 |   -10526.9 |    512 | _31798_/D
      920 |       1 |     380 |      244 |      0 |   299 |  -25.036 |   -10524.8 |    512 | _31798_/D
      924 |       1 |     380 |      244 |      0 |   297 |  -25.036 |   -10524.7 |    512 | _31798_/D
      929 |       1 |     381 |      244 |      0 |   297 |  -25.036 |   -10524.7 |    512 | _31798_/D
      930 |       1 |     381 |      244 |      0 |   297 |  -25.036 |   -10524.7 |    512 | _31798_/D
      932 |       1 |     382 |      244 |      0 |   298 |  -25.036 |   -10524.9 |    512 | _31798_/D
      934 |       1 |     382 |      244 |      0 |   298 |  -25.036 |   -10524.9 |    512 | _31798_/D
      936 |       1 |     382 |      244 |      0 |   299 |  -25.036 |   -10524.9 |    512 | _31798_/D
      940 |       1 |     385 |      244 |      0 |   299 |  -25.036 |   -10524.5 |    512 | _31798_/D
      943 |       1 |     387 |      244 |      0 |   300 |  -25.036 |   -10524.4 |    512 | _31798_/D
      946 |       1 |     387 |      244 |      0 |   300 |  -25.036 |   -10524.4 |    512 | _31798_/D
      950 |       1 |     390 |      244 |      0 |   300 |  -25.036 |   -10524.3 |    512 | _31798_/D
      953 |       1 |     390 |      244 |      0 |   300 |  -25.036 |   -10524.3 |    512 | _31798_/D
      960 |       1 |     395 |      244 |      0 |   301 |  -25.036 |   -10524.1 |    512 | _31798_/D
      963 |       1 |     398 |      244 |      0 |   301 |  -25.036 |   -10524.1 |    512 | _31798_/D
      965 |       1 |     398 |      244 |      0 |   302 |  -25.036 |   -10524.1 |    512 | _31798_/D
      970 |       1 |     400 |      244 |      0 |   304 |  -25.036 |   -10524.1 |    512 | _31798_/D
      973 |       1 |     401 |      244 |      0 |   304 |  -25.036 |   -10524.1 |    512 | _31798_/D
      975 |       1 |     401 |      244 |      0 |   304 |  -25.036 |   -10524.1 |    512 | _31798_/D
      977 |       1 |     401 |      244 |      0 |   305 |  -25.036 |   -10524.1 |    512 | _31798_/D
      979 |       1 |     401 |      244 |      0 |   305 |  -25.036 |   -10524.1 |    512 | _31798_/D
      980 |       1 |     401 |      244 |      0 |   305 |  -25.036 |   -10524.1 |    512 | _31798_/D
      981 |       1 |     401 |      244 |      0 |   305 |  -25.036 |   -10524.1 |    512 | _31798_/D
      986 |       1 |     401 |      244 |      0 |   305 |  -25.036 |   -10524.1 |    512 | _31798_/D
      990 |       1 |     403 |      244 |      0 |   306 |  -25.036 |   -10524.0 |    512 | _31798_/D
      992 |       1 |     404 |      244 |      0 |   306 |  -25.036 |   -10523.9 |    512 | _31798_/D
      994 |       1 |     404 |      244 |      0 |   306 |  -25.036 |   -10523.9 |    512 | _31798_/D
     1000 |       1 |     407 |      244 |      0 |   308 |  -25.036 |   -10525.8 |    512 | _31798_/D
     1002 |       1 |     409 |      244 |      0 |   308 |  -25.036 |   -10525.6 |    512 | _31798_/D
     1004 |       1 |     409 |      244 |      0 |   309 |  -25.036 |   -10525.6 |    512 | _31798_/D
     1010 |       1 |     412 |      244 |      0 |   311 |  -25.036 |   -10525.5 |    512 | _31798_/D
     1012 |       1 |     413 |      244 |      0 |   311 |  -25.036 |   -10525.6 |    512 | _31798_/D
     1020 |       1 |     419 |      244 |      0 |   312 |  -25.036 |   -10525.3 |    512 | _31798_/D
     1020 |       1 |     419 |      244 |      0 |   312 |  -25.036 |   -10525.3 |    512 | _31798_/D
     1023 |       1 |     421 |      244 |      0 |   312 |  -25.036 |   -10525.1 |    512 | _31798_/D
     1028 |       1 |     422 |      244 |      0 |   313 |  -25.036 |   -10525.1 |    512 | _31798_/D
     1030 |       1 |     422 |      244 |      0 |   314 |  -25.036 |   -10525.1 |    512 | _31798_/D
     1030 |       1 |     422 |      244 |      0 |   314 |  -25.036 |   -10525.1 |    512 | _31798_/D
     1032 |       1 |     422 |      244 |      0 |   314 |  -25.036 |   -10525.1 |    512 | _31798_/D
     1035 |       1 |     422 |      244 |      0 |   314 |  -25.036 |   -10525.1 |    512 | _31798_/D
     1037 |       1 |     422 |      244 |      0 |   314 |  -25.036 |   -10525.1 |    512 | _31798_/D
     1040 |       1 |     422 |      244 |      0 |   316 |  -25.036 |   -10525.2 |    512 | _31798_/D
     1040 |       1 |     422 |      244 |      0 |   314 |  -25.036 |   -10525.1 |    512 | _31798_/D
     1042 |       1 |     422 |      244 |      0 |   314 |  -25.036 |   -10525.1 |    512 | _31798_/D
     1050 |       1 |     425 |      244 |      0 |   318 |  -25.036 |   -10523.2 |    512 | _31798_/D
     1059 |       1 |     427 |      246 |      0 |   319 |  -25.036 |   -10522.5 |    512 | _31798_/D
     1060 |       1 |     427 |      246 |      0 |   319 |  -25.036 |   -10522.5 |    512 | _31798_/D
     1061 |       1 |     427 |      246 |      0 |   320 |  -25.036 |   -10522.5 |    512 | _31798_/D
     1063 |       1 |     427 |      246 |      0 |   320 |  -25.036 |   -10522.5 |    512 | _31798_/D
     1065 |       1 |     427 |      246 |      0 |   321 |  -25.036 |   -10522.5 |    512 | _31798_/D
     1067 |       1 |     427 |      246 |      0 |   321 |  -25.036 |   -10522.5 |    512 | _31798_/D
     1069 |       1 |     428 |      246 |      0 |   321 |  -25.036 |   -10522.5 |    512 | _31798_/D
     1070 |       1 |     428 |      246 |      0 |   321 |  -25.036 |   -10522.5 |    512 | _31798_/D
     1071 |       1 |     428 |      246 |      0 |   322 |  -25.036 |   -10522.5 |    512 | _31798_/D
     1076 |       1 |     430 |      246 |      0 |   322 |  -25.036 |   -10522.3 |    512 | _31798_/D
     1078 |       1 |     430 |      246 |      0 |   323 |  -25.036 |   -10522.3 |    512 | _31798_/D
     1080 |       1 |     431 |      246 |      0 |   323 |  -25.036 |   -10522.3 |    512 | _31798_/D
     1082 |       1 |     432 |      246 |      0 |   323 |  -25.036 |   -10522.3 |    512 | _31798_/D
     1084 |       1 |     432 |      246 |      0 |   323 |  -25.036 |   -10522.3 |    512 | _31798_/D
     1090 |       1 |     436 |      246 |      0 |   324 |  -25.036 |   -10521.9 |    512 | _31798_/D
     1095 |       1 |     437 |      246 |      0 |   324 |  -25.036 |   -10521.9 |    512 | _31798_/D
     1100 |       1 |     440 |      246 |      0 |   325 |  -25.036 |   -10521.7 |    512 | _31798_/D
     1106 |       1 |     440 |      246 |      0 |   324 |  -25.036 |   -10521.6 |    512 | _31798_/D
     1110 |       1 |     443 |      246 |      0 |   324 |  -25.063 |   -10522.8 |    512 | _31830_/D
     1117 |       1 |     443 |      246 |      0 |   324 |  -25.036 |   -10521.6 |    512 | _31798_/D
     1119 |       1 |     443 |      246 |      0 |   325 |  -25.036 |   -10521.6 |    512 | _31798_/D
     1120 |       1 |     443 |      246 |      0 |   325 |  -25.036 |   -10521.6 |    512 | _31798_/D
     1130 |       1 |     449 |      246 |      0 |   329 |  -25.036 |   -10521.3 |    512 | _31798_/D
     1134 |       1 |     451 |      246 |      0 |   329 |  -25.036 |   -10521.2 |    512 | _31798_/D
     1138 |       1 |     453 |      246 |      0 |   330 |  -25.036 |   -10521.7 |    512 | _31798_/D
     1140 |       1 |     454 |      246 |      0 |   330 |  -25.036 |   -10521.5 |    512 | _31798_/D
     1146 |       1 |     455 |      246 |      0 |   330 |  -25.036 |   -10521.5 |    512 | _31798_/D
     1148 |       1 |     455 |      246 |      0 |   330 |  -25.036 |   -10521.5 |    512 | _31798_/D
     1150 |       1 |     456 |      246 |      0 |   330 |  -25.036 |   -10521.2 |    512 | _31798_/D
     1156 |       1 |     459 |      246 |      0 |   333 |  -25.036 |   -10521.0 |    512 | _31798_/D
     1160 |       1 |     461 |      246 |      0 |   334 |  -25.036 |   -10520.8 |    512 | _31798_/D
     1160 |       1 |     461 |      246 |      0 |   334 |  -25.036 |   -10520.8 |    512 | _31798_/D
     1162 |       1 |     461 |      246 |      0 |   335 |  -25.036 |   -10520.8 |    512 | _31798_/D
     1166 |       1 |     463 |      246 |      0 |   336 |  -25.036 |   -10520.5 |    512 | _31798_/D
     1170 |       1 |     465 |      246 |      0 |   337 |  -25.036 |   -10520.4 |    512 | _31798_/D
     1172 |       1 |     467 |      246 |      0 |   337 |  -25.036 |   -10520.2 |    512 | _31798_/D
     1175 |       1 |     467 |      246 |      0 |   337 |  -25.036 |   -10520.2 |    512 | _31798_/D
     1180 |       1 |     470 |      246 |      0 |   338 |  -25.063 |   -10521.4 |    512 | _31830_/D
     1183 |       1 |     469 |      246 |      0 |   337 |  -25.036 |   -10520.0 |    512 | _31798_/D
     1185 |       1 |     469 |      246 |      0 |   338 |  -25.036 |   -10520.0 |    512 | _31798_/D
     1187 |       1 |     469 |      246 |      0 |   339 |  -25.036 |   -10520.0 |    512 | _31798_/D
     1190 |       1 |     470 |      246 |      0 |   340 |  -25.036 |   -10521.7 |    512 | _31798_/D
     1200 |       1 |     474 |      250 |      0 |   344 |  -25.036 |   -10507.8 |    512 | _31798_/D
     1210 |       1 |     480 |      252 |      0 |   347 |  -25.036 |   -10469.9 |    512 | _31798_/D
     1220 |       1 |     486 |      256 |      0 |   349 |  -25.036 |   -10470.5 |    512 | _31798_/D
     1230 |       1 |     493 |      259 |      0 |   351 |  -25.036 |   -10438.7 |    512 | _31798_/D
     1240 |       1 |     498 |      263 |      0 |   354 |  -25.036 |   -10430.6 |    512 | _31798_/D
     1250 |       1 |     501 |      267 |      0 |   359 |  -25.036 |   -10429.4 |    512 | _31798_/D
     1260 |       1 |     506 |      267 |      0 |   364 |  -25.036 |   -10418.7 |    512 | _31798_/D
     1270 |       1 |     509 |      271 |      0 |   369 |  -25.036 |   -10423.8 |    512 | _31798_/D
     1280 |       1 |     513 |      271 |      0 |   375 |  -25.036 |   -10415.7 |    512 | _31798_/D
     1290 |       1 |     516 |      277 |      0 |   379 |  -25.036 |   -10406.6 |    512 | _31798_/D
     1300 |       1 |     521 |      279 |      0 |   383 |  -25.036 |   -10392.1 |    512 | _31798_/D
     1310 |       1 |     523 |      281 |      0 |   390 |  -25.036 |   -10385.1 |    512 | _31798_/D
     1320 |       1 |     526 |      287 |      0 |   394 |  -25.036 |   -10349.6 |    512 | _31798_/D
     1330 |       1 |     531 |      287 |      0 |   399 |  -25.036 |   -10353.8 |    512 | _31798_/D
     1340 |       1 |     540 |      287 |      0 |   400 |  -25.036 |   -10345.6 |    512 | _31798_/D
     1342 |       1 |     540 |      287 |      0 |   400 |  -25.036 |   -10345.6 |    512 | _31798_/D
     1345 |       1 |     540 |      287 |      0 |   400 |  -25.036 |   -10345.6 |    512 | _31798_/D
     1350 |       1 |     542 |      287 |      0 |   402 |  -25.036 |   -10345.1 |    512 | _31798_/D
     1354 |       1 |     542 |      287 |      0 |   402 |  -25.036 |   -10345.1 |    512 | _31798_/D
     1356 |       1 |     542 |      287 |      0 |   402 |  -25.036 |   -10345.1 |    512 | _31798_/D
     1360 |       1 |     545 |      287 |      0 |   402 |  -25.036 |   -10344.9 |    512 | _31798_/D
     1368 |       1 |     550 |      287 |      0 |   403 |  -25.036 |   -10345.2 |    512 | _31798_/D
     1370 |       1 |     550 |      287 |      0 |   404 |  -25.036 |   -10345.2 |    512 | _31798_/D
     1377 |       1 |     553 |      287 |      0 |   404 |  -25.036 |   -10345.2 |    512 | _31798_/D
     1380 |       1 |     554 |      287 |      0 |   405 |  -25.036 |   -10345.0 |    512 | _31798_/D
     1385 |       1 |     554 |      287 |      0 |   406 |  -25.036 |   -10344.8 |    512 | _31798_/D
     1390 |       1 |     557 |      287 |      0 |   407 |  -25.063 |   -10346.7 |    512 | _31830_/D
     1390 |       1 |     555 |      287 |      0 |   406 |  -25.036 |   -10344.8 |    512 | _31798_/D
     1400 |       1 |     560 |      287 |      0 |   410 |  -25.027 |   -10309.2 |    512 | _31830_/D
     1410 |       1 |     566 |      287 |      0 |   414 |  -25.027 |   -10312.1 |    512 | _31830_/D
     1420 |       1 |     570 |      291 |      0 |   418 |  -25.027 |   -10273.1 |    512 | _31830_/D
     1430 |       1 |     578 |      291 |      0 |   420 |  -25.027 |   -10226.5 |    512 | _31830_/D
     1440 |       1 |     583 |      291 |      0 |   425 |  -25.027 |   -10244.8 |    512 | _31830_/D
     1450 |       1 |     585 |      295 |      0 |   431 |  -25.027 |   -10247.8 |    512 | _31830_/D
     1460 |       1 |     590 |      297 |      0 |   435 |  -25.027 |   -10221.0 |    512 | _31830_/D
     1470 |       1 |     594 |      301 |      0 |   439 |  -25.027 |   -10224.2 |    512 | _31830_/D
     1480 |       1 |     600 |      303 |      0 |   442 |  -25.027 |   -10203.8 |    512 | _31830_/D
     1490 |       1 |     607 |      305 |      0 |   444 |  -25.027 |   -10198.1 |    512 | _31830_/D
     1500 |       1 |     610 |      305 |      0 |   451 |  -25.027 |   -10185.9 |    512 | _31830_/D
     1510 |       1 |     612 |      309 |      0 |   457 |  -25.027 |   -10172.4 |    512 | _31830_/D
     1520 |       1 |     616 |      313 |      0 |   461 |  -25.027 |   -10186.6 |    512 | _31830_/D
     1530 |       1 |     620 |      315 |      0 |   466 |  -25.027 |   -10169.2 |    512 | _31830_/D
     1540 |       2 |     624 |      319 |      0 |   469 |  -25.027 |   -10133.4 |    512 | _31830_/D
     1550 |       2 |     628 |      323 |      0 |   473 |  -25.027 |   -10177.4 |    512 | _31830_/D
     1560 |       2 |     633 |      325 |      0 |   477 |  -25.027 |   -10190.7 |    512 | _31830_/D
     1570 |       2 |     640 |      327 |      0 |   479 |  -25.027 |   -10159.7 |    512 | _31830_/D
     1580 |       2 |     648 |      327 |      0 |   481 |  -25.027 |   -10158.9 |    512 | _31830_/D
     1587 |       2 |     652 |      327 |      0 |   484 |  -25.027 |   -10162.9 |    512 | _31830_/D
     1590 |       2 |     654 |      327 |      0 |   484 |  -25.052 |   -10164.0 |    512 | _31830_/D
     1591 |       2 |     653 |      327 |      0 |   484 |  -25.027 |   -10162.8 |    512 | _31830_/D
     1594 |       2 |     653 |      327 |      0 |   484 |  -25.027 |   -10162.8 |    512 | _31830_/D
     1599 |       2 |     656 |      327 |      0 |   485 |  -25.027 |   -10162.6 |    512 | _31830_/D
     1600 |       2 |     656 |      327 |      0 |   485 |  -25.027 |   -10162.6 |    512 | _31830_/D
     1603 |       2 |     656 |      327 |      0 |   485 |  -25.027 |   -10162.6 |    512 | _31830_/D
     1610 |       2 |     659 |      327 |      0 |   488 |  -25.027 |   -10162.5 |    512 | _31830_/D
     1616 |       2 |     659 |      327 |      0 |   487 |  -25.027 |   -10162.5 |    512 | _31830_/D
     1620 |       2 |     661 |      327 |      0 |   488 |  -25.027 |   -10163.2 |    512 | _31830_/D
     1622 |       2 |     663 |      327 |      0 |   488 |  -25.027 |   -10163.0 |    512 | _31830_/D
     1627 |       2 |     664 |      327 |      0 |   488 |  -25.027 |   -10163.0 |    512 | _31830_/D
     1630 |       2 |     665 |      327 |      0 |   489 |  -25.027 |   -10162.9 |    512 | _31830_/D
     1633 |       2 |     667 |      327 |      0 |   490 |  -25.027 |   -10162.6 |    512 | _31830_/D
     1637 |       2 |     667 |      327 |      0 |   490 |  -25.027 |   -10162.6 |    512 | _31830_/D
     1640 |       2 |     667 |      327 |      0 |   492 |  -25.027 |   -10162.5 |    512 | _31830_/D
     1647 |       2 |     669 |      327 |      0 |   492 |  -25.027 |   -10162.2 |    512 | _31830_/D
     1650 |       2 |     670 |      327 |      0 |   493 |  -25.063 |   -10163.3 |    512 | _31830_/D
     1650 |       2 |     669 |      327 |      0 |   492 |  -25.027 |   -10162.2 |    512 | _31830_/D
     1656 |       2 |     669 |      327 |      0 |   492 |  -25.027 |   -10162.2 |    512 | _31830_/D
     1659 |       2 |     670 |      327 |      0 |   492 |  -25.027 |   -10162.2 |    512 | _31830_/D
     1660 |       2 |     670 |      327 |      0 |   492 |  -25.027 |   -10162.2 |    512 | _31830_/D
     1669 |       2 |     674 |      327 |      0 |   493 |  -25.027 |   -10163.4 |    512 | _31830_/D
     1670 |       2 |     674 |      327 |      0 |   493 |  -25.027 |   -10163.4 |    512 | _31830_/D
     1678 |       2 |     678 |      327 |      0 |   493 |  -25.027 |   -10163.3 |    512 | _31830_/D
     1680 |       2 |     678 |      327 |      0 |   494 |  -25.027 |   -10163.2 |    512 | _31830_/D
     1681 |       2 |     678 |      327 |      0 |   494 |  -25.027 |   -10163.2 |    512 | _31830_/D
     1687 |       2 |     679 |      327 |      0 |   494 |  -25.027 |   -10163.3 |    512 | _31830_/D
     1690 |       2 |     680 |      327 |      0 |   495 |  -25.027 |   -10163.6 |    512 | _31830_/D
     1691 |       2 |     679 |      327 |      0 |   494 |  -25.027 |   -10163.3 |    512 | _31830_/D
     1700 |       2 |     683 |      327 |      0 |   498 |  -25.027 |   -10163.8 |    512 | _31830_/D
     1700 |       2 |     683 |      327 |      0 |   498 |  -25.027 |   -10163.8 |    512 | _31830_/D
     1710 |       2 |     690 |      327 |      0 |   500 |  -25.027 |   -10162.3 |    512 | _31830_/D
     1717 |       2 |     693 |      329 |      0 |   502 |  -25.027 |   -10167.3 |    512 | _31830_/D
     1720 |       2 |     694 |      329 |      0 |   503 |  -25.027 |   -10167.3 |    512 | _31830_/D
     1725 |       2 |     695 |      329 |      0 |   503 |  -25.027 |   -10167.3 |    512 | _31830_/D
     1730 |       2 |     698 |      329 |      0 |   504 |  -25.027 |   -10167.2 |    512 | _31830_/D
     1737 |       2 |     698 |      329 |      0 |   504 |  -25.027 |   -10167.2 |    512 | _31830_/D
     1740 |       2 |     699 |      329 |      0 |   505 |  -25.027 |   -10167.4 |    512 | _31830_/D
     1740 |       2 |     698 |      329 |      0 |   504 |  -25.027 |   -10167.2 |    512 | _31830_/D
     1750 |       2 |     704 |      333 |      0 |   505 |  -25.027 |   -10168.3 |    512 | _31830_/D
     1758 |       2 |     703 |      332 |      0 |   504 |  -25.027 |   -10167.0 |    512 | _31830_/D
     1760 |       2 |     704 |      332 |      0 |   504 |  -25.027 |   -10167.4 |    512 | _31830_/D
     1769 |       2 |     709 |      332 |      0 |   507 |  -25.027 |   -10166.9 |    512 | _31830_/D
     1770 |       2 |     709 |      332 |      0 |   507 |  -25.027 |   -10166.9 |    512 | _31830_/D
     1772 |       2 |     710 |      332 |      0 |   507 |  -25.027 |   -10166.9 |    512 | _31830_/D
     1780 |       2 |     715 |      332 |      0 |   509 |  -25.027 |   -10167.1 |    512 | _31830_/D
     1783 |       2 |     717 |      332 |      0 |   510 |  -25.027 |   -10166.9 |    512 | _31830_/D
     1788 |       2 |     717 |      332 |      0 |   510 |  -25.027 |   -10166.9 |    512 | _31830_/D
     1790 |       2 |     717 |      332 |      0 |   511 |  -25.027 |   -10167.0 |    512 | _31830_/D
     1794 |       2 |     718 |      332 |      0 |   511 |  -25.027 |   -10167.0 |    512 | _31830_/D
     1800 |       2 |     722 |      332 |      0 |   512 |  -25.027 |   -10167.0 |    512 | _31830_/D
     1800 |       2 |     722 |      332 |      0 |   512 |  -25.027 |   -10167.0 |    512 | _31830_/D
    1800* |       2 |     722 |      332 |      0 |   512 |  -25.027 |   -10167.0 |    512 | _31830_/D
    1801* |       2 |     722 |      332 |      0 |   512 |  -25.027 |   -10167.0 |    512 | _31830_/D
    1804* |       2 |     724 |      332 |      0 |   512 |  -25.027 |   -10166.8 |    512 | _31830_/D
    1805* |       2 |     724 |      332 |      0 |   512 |  -25.027 |   -10166.8 |    512 | _31830_/D
    1808* |       2 |     726 |      332 |      0 |   512 |  -25.027 |   -10166.6 |    512 | _31830_/D
    1809* |       2 |     726 |      332 |      0 |   512 |  -25.027 |   -10166.6 |    512 | _31830_/D
    1810* |       2 |     726 |      332 |      0 |   512 |  -25.027 |   -10166.6 |    512 | _31830_/D
    1810* |       2 |     726 |      332 |      0 |   512 |  -25.027 |   -10166.6 |    512 | _31830_/D
    1811* |       2 |     726 |      332 |      0 |   512 |  -25.027 |   -10166.6 |    512 | _31830_/D
    1812* |       2 |     726 |      332 |      0 |   512 |  -25.027 |   -10166.6 |    512 | _31830_/D
    1813* |       2 |     726 |      332 |      0 |   512 |  -25.027 |   -10166.6 |    512 | _31830_/D
    1814* |       2 |     726 |      332 |      0 |   512 |  -25.027 |   -10166.6 |    512 | _31830_/D
    1815* |       2 |     726 |      332 |      0 |   512 |  -25.027 |   -10166.6 |    512 | _31830_/D
    1816* |       2 |     726 |      332 |      0 |   512 |  -25.027 |   -10166.6 |    512 | _31830_/D
    1817* |       2 |     726 |      332 |      0 |   512 |  -25.027 |   -10166.6 |    512 | _31830_/D
    1818* |       2 |     726 |      332 |      0 |   512 |  -25.027 |   -10166.6 |    512 | _31830_/D
    1819* |       2 |     726 |      332 |      0 |   512 |  -25.027 |   -10166.6 |    512 | _31830_/D
    1820* |       2 |     726 |      332 |      0 |   512 |  -25.027 |   -10166.6 |    512 | _31830_/D
    1820* |       2 |     726 |      332 |      0 |   512 |  -25.027 |   -10166.6 |    512 | _31830_/D
    1821* |       2 |     726 |      332 |      0 |   512 |  -25.027 |   -10166.6 |    512 | _31830_/D
    1822* |       2 |     726 |      332 |      0 |   512 |  -25.027 |   -10166.6 |    512 | _31830_/D
    1823* |       2 |     726 |      332 |      0 |   512 |  -25.027 |   -10166.6 |    512 | _31830_/D
    1824* |       2 |     726 |      332 |      0 |   512 |  -25.027 |   -10166.6 |    512 | _31830_/D
    1825* |       2 |     726 |      332 |      0 |   512 |  -25.027 |   -10166.6 |    512 | _31830_/D
    1826* |       2 |     726 |      332 |      0 |   512 |  -25.027 |   -10166.6 |    512 | _31830_/D
    1827* |       2 |     726 |      332 |      0 |   512 |  -25.027 |   -10166.6 |    512 | _31830_/D
    1828* |       2 |     726 |      332 |      0 |   512 |  -25.027 |   -10166.6 |    512 | _31830_/D
    1829* |       2 |     726 |      332 |      0 |   512 |  -25.027 |   -10166.6 |    512 | _31830_/D
    1830* |       2 |     726 |      332 |      0 |   512 |  -25.027 |   -10166.6 |    512 | _31830_/D
    1830* |       2 |     726 |      332 |      0 |   512 |  -25.027 |   -10166.6 |    512 | _31830_/D
    1832* |       2 |     727 |      332 |      0 |   512 |  -25.027 |   -10166.6 |    512 | _31830_/D
    1833* |       2 |     727 |      332 |      0 |   512 |  -25.027 |   -10166.6 |    512 | _31830_/D
    1834* |       2 |     727 |      332 |      0 |   512 |  -25.027 |   -10166.6 |    512 | _31830_/D
    1835* |       2 |     727 |      332 |      0 |   512 |  -25.027 |   -10166.6 |    512 | _31830_/D
    1836* |       2 |     727 |      332 |      0 |   512 |  -25.027 |   -10166.6 |    512 | _31830_/D
    1837* |       2 |     727 |      332 |      0 |   512 |  -25.027 |   -10166.6 |    512 | _31830_/D
    1838* |       2 |     727 |      332 |      0 |   512 |  -25.027 |   -10166.6 |    512 | _31830_/D
    1839* |       2 |     727 |      332 |      0 |   512 |  -25.027 |   -10166.6 |    512 | _31830_/D
    1840* |       2 |     727 |      332 |      0 |   512 |  -25.027 |   -10166.6 |    512 | _31830_/D
    1840* |       2 |     727 |      332 |      0 |   512 |  -25.027 |   -10166.6 |    512 | _31830_/D
    1841* |       2 |     727 |      332 |      0 |   512 |  -25.027 |   -10166.6 |    512 | _31830_/D
    1842* |       2 |     727 |      332 |      0 |   512 |  -25.027 |   -10166.6 |    512 | _31830_/D
    1843* |       2 |     727 |      332 |      0 |   512 |  -25.027 |   -10166.6 |    512 | _31830_/D
    1844* |       2 |     727 |      332 |      0 |   512 |  -25.027 |   -10166.6 |    512 | _31830_/D
    1845* |       2 |     727 |      332 |      0 |   512 |  -25.027 |   -10166.6 |    512 | _31830_/D
    1847* |       2 |     728 |      332 |      0 |   512 |  -25.027 |   -10166.6 |    512 | _31830_/D
    1848* |       2 |     728 |      332 |      0 |   512 |  -25.027 |   -10166.6 |    512 | _31830_/D
    1849* |       2 |     728 |      332 |      0 |   512 |  -25.027 |   -10166.6 |    512 | _31830_/D
    1850* |       2 |     728 |      332 |      0 |   512 |  -25.027 |   -10166.6 |    512 | _31830_/D
    1850* |       2 |     728 |      332 |      0 |   512 |  -25.027 |   -10166.6 |    512 | _31830_/D
    1851* |       2 |     728 |      332 |      0 |   512 |  -25.027 |   -10166.6 |    512 | _31830_/D
    1852* |       2 |     728 |      332 |      0 |   512 |  -25.027 |   -10166.6 |    512 | _31830_/D
    1854* |       2 |     729 |      332 |      0 |   512 |  -25.027 |   -10166.6 |    512 | _31830_/D
    1857* |       2 |     731 |      332 |      0 |   512 |  -25.027 |   -10166.6 |    512 | _31830_/D
    1858* |       2 |     731 |      332 |      0 |   512 |  -25.027 |   -10166.6 |    512 | _31830_/D
    1859* |       2 |     731 |      332 |      0 |   512 |  -25.027 |   -10166.6 |    512 | _31830_/D
    1860* |       2 |     731 |      332 |      0 |   512 |  -25.027 |   -10166.6 |    512 | _31830_/D
    1860* |       2 |     731 |      332 |      0 |   512 |  -25.027 |   -10166.6 |    512 | _31830_/D
    1861* |       2 |     731 |      332 |      0 |   512 |  -25.027 |   -10166.6 |    512 | _31830_/D
    1862* |       2 |     731 |      332 |      0 |   512 |  -25.027 |   -10166.6 |    512 | _31830_/D
    1863* |       2 |     731 |      332 |      0 |   512 |  -25.027 |   -10166.6 |    512 | _31830_/D
    1864* |       2 |     731 |      332 |      0 |   512 |  -25.027 |   -10166.6 |    512 | _31830_/D
    1865* |       2 |     731 |      332 |      0 |   512 |  -25.027 |   -10166.6 |    512 | _31830_/D
    1866* |       2 |     731 |      332 |      0 |   512 |  -25.027 |   -10166.6 |    512 | _31830_/D
    1867* |       2 |     731 |      332 |      0 |   512 |  -25.027 |   -10166.6 |    512 | _31830_/D
    1868* |       2 |     731 |      332 |      0 |   512 |  -25.027 |   -10166.6 |    512 | _31830_/D
    1869* |       2 |     731 |      332 |      0 |   512 |  -25.027 |   -10166.6 |    512 | _31830_/D
    1870* |       2 |     731 |      332 |      0 |   512 |  -25.027 |   -10166.6 |    512 | _31830_/D
    1870* |       2 |     731 |      332 |      0 |   512 |  -25.027 |   -10166.6 |    512 | _31830_/D
    1871* |       2 |     731 |      332 |      0 |   512 |  -25.027 |   -10166.6 |    512 | _31830_/D
    1872* |       2 |     731 |      332 |      0 |   512 |  -25.027 |   -10166.6 |    512 | _31830_/D
    1873* |       2 |     731 |      332 |      0 |   512 |  -25.027 |   -10166.6 |    512 | _31830_/D
    1874* |       2 |     731 |      332 |      0 |   512 |  -25.027 |   -10166.6 |    512 | _31830_/D
    1875* |       2 |     731 |      332 |      0 |   512 |  -25.027 |   -10166.6 |    512 | _31830_/D
    1876* |       2 |     731 |      332 |      0 |   512 |  -25.027 |   -10166.6 |    512 | _31830_/D
    1877* |       2 |     731 |      332 |      0 |   512 |  -25.027 |   -10166.6 |    512 | _31830_/D
    1878* |       2 |     731 |      332 |      0 |   512 |  -25.027 |   -10166.6 |    512 | _31830_/D
    1879* |       2 |     731 |      332 |      0 |   512 |  -25.027 |   -10166.6 |    512 | _31830_/D
    1880* |       2 |     731 |      332 |      0 |   512 |  -25.027 |   -10166.6 |    512 | _31830_/D
    1880* |       2 |     731 |      332 |      0 |   512 |  -25.027 |   -10166.6 |    512 | _31830_/D
    1881* |       2 |     731 |      332 |      0 |   512 |  -25.027 |   -10166.6 |    512 | _31830_/D
    1882* |       2 |     731 |      332 |      0 |   512 |  -25.027 |   -10166.6 |    512 | _31830_/D
    1883* |       2 |     731 |      332 |      0 |   512 |  -25.027 |   -10166.6 |    512 | _31830_/D
    1884* |       2 |     731 |      332 |      0 |   512 |  -25.027 |   -10166.6 |    512 | _31830_/D
    1885* |       2 |     731 |      332 |      0 |   512 |  -25.027 |   -10166.6 |    512 | _31830_/D
    1886* |       2 |     731 |      332 |      0 |   512 |  -25.027 |   -10166.6 |    512 | _31830_/D
    1887* |       2 |     731 |      332 |      0 |   512 |  -25.027 |   -10166.6 |    512 | _31830_/D
    1888* |       2 |     731 |      332 |      0 |   512 |  -25.027 |   -10166.6 |    512 | _31830_/D
    1889* |       2 |     731 |      332 |      0 |   512 |  -25.027 |   -10166.6 |    512 | _31830_/D
    1890* |       2 |     731 |      332 |      0 |   512 |  -25.027 |   -10166.6 |    512 | _31830_/D
    1890* |       2 |     731 |      332 |      0 |   512 |  -25.027 |   -10166.6 |    512 | _31830_/D
    1891* |       2 |     731 |      332 |      0 |   512 |  -25.027 |   -10166.6 |    512 | _31830_/D
    1892* |       2 |     731 |      332 |      0 |   512 |  -25.027 |   -10166.6 |    512 | _31830_/D
    1893* |       2 |     731 |      332 |      0 |   512 |  -25.027 |   -10166.6 |    512 | _31830_/D
    1894* |       2 |     731 |      332 |      0 |   512 |  -25.027 |   -10166.6 |    512 | _31830_/D
    1895* |       2 |     731 |      332 |      0 |   512 |  -25.027 |   -10166.6 |    512 | _31830_/D
    1896* |       2 |     731 |      332 |      0 |   512 |  -25.027 |   -10166.6 |    512 | _31830_/D
    1897* |       2 |     731 |      332 |      0 |   512 |  -25.027 |   -10166.6 |    512 | _31830_/D
    1898* |       2 |     731 |      332 |      0 |   512 |  -25.027 |   -10166.6 |    512 | _31830_/D
    1899* |       2 |     731 |      332 |      0 |   512 |  -25.027 |   -10166.6 |    512 | _31830_/D
    1900* |       2 |     731 |      332 |      0 |   512 |  -25.027 |   -10166.6 |    512 | _31830_/D
    1901* |       2 |     731 |      332 |      0 |   512 |  -25.027 |   -10166.6 |    512 | _31830_/D
    1904* |       2 |     733 |      332 |      0 |   512 |  -25.027 |   -10166.4 |    512 | _31830_/D
    1905* |       2 |     733 |      332 |      0 |   512 |  -25.027 |   -10166.4 |    512 | _31830_/D
    1906* |       2 |     733 |      332 |      0 |   512 |  -25.027 |   -10166.4 |    512 | _31830_/D
    1907* |       2 |     733 |      332 |      0 |   512 |  -25.027 |   -10166.4 |    512 | _31830_/D
    1908* |       2 |     733 |      332 |      0 |   512 |  -25.027 |   -10166.4 |    512 | _31830_/D
    1909* |       2 |     733 |      332 |      0 |   512 |  -25.027 |   -10166.4 |    512 | _31830_/D
    1910* |       2 |     733 |      332 |      0 |   512 |  -25.027 |   -10166.4 |    512 | _31830_/D
    1917* |       2 |     740 |      332 |      0 |   512 |  -25.027 |   -10165.3 |    512 | _31830_/D
    1918* |       2 |     740 |      332 |      0 |   512 |  -25.027 |   -10165.3 |    512 | _31830_/D
    1919* |       2 |     740 |      332 |      0 |   512 |  -25.027 |   -10165.3 |    512 | _31830_/D
    1920* |       2 |     740 |      332 |      0 |   512 |  -25.027 |   -10165.3 |    512 | _31830_/D
    1920* |       2 |     740 |      332 |      0 |   512 |  -25.027 |   -10165.3 |    512 | _31830_/D
    1921* |       2 |     740 |      332 |      0 |   512 |  -25.027 |   -10165.3 |    512 | _31830_/D
    1922* |       2 |     740 |      332 |      0 |   512 |  -25.027 |   -10165.3 |    512 | _31830_/D
    1923* |       2 |     740 |      332 |      0 |   512 |  -25.027 |   -10165.3 |    512 | _31830_/D
    1924* |       2 |     740 |      332 |      0 |   512 |  -25.027 |   -10165.3 |    512 | _31830_/D
    1925* |       2 |     740 |      332 |      0 |   512 |  -25.027 |   -10165.3 |    512 | _31830_/D
    1926* |       2 |     740 |      332 |      0 |   512 |  -25.027 |   -10165.3 |    512 | _31830_/D
    1927* |       2 |     740 |      332 |      0 |   512 |  -25.027 |   -10165.3 |    512 | _31830_/D
    1928* |       2 |     740 |      332 |      0 |   512 |  -25.027 |   -10165.3 |    512 | _31830_/D
    1929* |       2 |     740 |      332 |      0 |   512 |  -25.027 |   -10165.3 |    512 | _31830_/D
    1930* |       2 |     740 |      332 |      0 |   512 |  -25.027 |   -10165.3 |    512 | _31830_/D
    1931* |       2 |     741 |      332 |      0 |   512 |  -25.027 |   -10165.4 |    512 | _31830_/D
    1932* |       2 |     741 |      332 |      0 |   512 |  -25.027 |   -10165.4 |    512 | _31830_/D
    1933* |       2 |     741 |      332 |      0 |   512 |  -25.027 |   -10165.4 |    512 | _31830_/D
    1934* |       2 |     741 |      332 |      0 |   512 |  -25.027 |   -10165.4 |    512 | _31830_/D
    1935* |       2 |     741 |      332 |      0 |   512 |  -25.027 |   -10165.4 |    512 | _31830_/D
    1936* |       2 |     741 |      332 |      0 |   512 |  -25.027 |   -10165.4 |    512 | _31830_/D
    1937* |       2 |     741 |      332 |      0 |   512 |  -25.027 |   -10165.4 |    512 | _31830_/D
    1939* |       2 |     742 |      332 |      0 |   512 |  -25.027 |   -10165.3 |    512 | _31830_/D
    1940* |       2 |     742 |      332 |      0 |   512 |  -25.027 |   -10165.3 |    512 | _31830_/D
    1940* |       2 |     742 |      332 |      0 |   512 |  -25.027 |   -10165.3 |    512 | _31830_/D
    1942* |       2 |     743 |      332 |      0 |   512 |  -25.027 |   -10165.1 |    512 | _31830_/D
    1943* |       2 |     743 |      332 |      0 |   512 |  -25.027 |   -10165.1 |    512 | _31830_/D
    1944* |       2 |     743 |      332 |      0 |   512 |  -25.027 |   -10165.1 |    512 | _31830_/D
    1948* |       2 |     746 |      332 |      0 |   512 |  -25.027 |   -10165.0 |    512 | _31830_/D
    1950* |       2 |     747 |      332 |      0 |   512 |  -25.027 |   -10164.6 |    512 | _31830_/D
    1954* |       2 |     751 |      332 |      0 |   512 |  -25.027 |   -10164.2 |    512 | _31830_/D
    1955* |       2 |     751 |      332 |      0 |   512 |  -25.027 |   -10164.2 |    512 | _31830_/D
    1956* |       2 |     751 |      332 |      0 |   512 |  -25.027 |   -10164.2 |    512 | _31830_/D
    1957* |       2 |     751 |      332 |      0 |   512 |  -25.027 |   -10164.2 |    512 | _31830_/D
    1959* |       2 |     752 |      332 |      0 |   512 |  -25.027 |   -10164.1 |    512 | _31830_/D
    1960* |       2 |     752 |      332 |      0 |   512 |  -25.027 |   -10164.1 |    512 | _31830_/D
    1960* |       2 |     752 |      332 |      0 |   512 |  -25.027 |   -10164.1 |    512 | _31830_/D
    1961* |       2 |     752 |      332 |      0 |   512 |  -25.027 |   -10164.1 |    512 | _31830_/D
    1962* |       2 |     752 |      332 |      0 |   512 |  -25.027 |   -10164.1 |    512 | _31830_/D
    1963* |       2 |     752 |      332 |      0 |   512 |  -25.027 |   -10164.1 |    512 | _31830_/D
    1967* |       2 |     755 |      332 |      0 |   512 |  -25.027 |   -10163.9 |    512 | _31830_/D
    1968* |       2 |     755 |      332 |      0 |   512 |  -25.027 |   -10163.9 |    512 | _31830_/D
    1969* |       2 |     755 |      332 |      0 |   512 |  -25.027 |   -10163.9 |    512 | _31830_/D
    1970* |       2 |     755 |      332 |      0 |   512 |  -25.027 |   -10163.9 |    512 | _31830_/D
    1970* |       2 |     755 |      332 |      0 |   512 |  -25.027 |   -10163.9 |    512 | _31830_/D
    1971* |       2 |     755 |      332 |      0 |   512 |  -25.027 |   -10163.9 |    512 | _31830_/D
    1972* |       2 |     755 |      332 |      0 |   512 |  -25.027 |   -10163.9 |    512 | _31830_/D
    1976* |       2 |     758 |      332 |      0 |   512 |  -25.027 |   -10163.4 |    512 | _31830_/D
    1979* |       2 |     760 |      332 |      0 |   512 |  -25.027 |   -10163.2 |    512 | _31830_/D
    1980* |       2 |     760 |      332 |      0 |   512 |  -25.027 |   -10163.2 |    512 | _31830_/D
    1980* |       2 |     760 |      332 |      0 |   512 |  -25.027 |   -10163.2 |    512 | _31830_/D
    1983* |       2 |     762 |      332 |      0 |   512 |  -25.027 |   -10163.0 |    512 | _31830_/D
    1984* |       2 |     762 |      332 |      0 |   512 |  -25.027 |   -10163.0 |    512 | _31830_/D
    1987* |       2 |     764 |      332 |      0 |   512 |  -25.027 |   -10162.8 |    512 | _31830_/D
    1988* |       2 |     764 |      332 |      0 |   512 |  -25.027 |   -10162.8 |    512 | _31830_/D
    1989* |       2 |     764 |      332 |      0 |   512 |  -25.027 |   -10162.8 |    512 | _31830_/D
    1990* |       2 |     764 |      332 |      0 |   512 |  -25.027 |   -10162.8 |    512 | _31830_/D
    1991* |       2 |     765 |      332 |      0 |   512 |  -25.027 |   -10162.8 |    512 | _31830_/D
    1992* |       2 |     765 |      332 |      0 |   512 |  -25.027 |   -10162.8 |    512 | _31830_/D
    1993* |       2 |     765 |      332 |      0 |   512 |  -25.027 |   -10162.8 |    512 | _31830_/D
    1994* |       2 |     765 |      332 |      0 |   512 |  -25.027 |   -10162.8 |    512 | _31830_/D
    1996* |       2 |     766 |      332 |      0 |   512 |  -25.027 |   -10162.8 |    512 | _31830_/D
    1997* |       2 |     766 |      332 |      0 |   512 |  -25.027 |   -10162.8 |    512 | _31830_/D
    1999* |       2 |     767 |      332 |      0 |   512 |  -25.027 |   -10162.7 |    512 | _31830_/D
    2000* |       2 |     767 |      332 |      0 |   512 |  -25.027 |   -10162.7 |    512 | _31830_/D
    final |       2 |     767 |      332 |      0 |   512 |  -25.027 |   -10162.7 |    512 | _31830_/D
---------------------------------------------------------------------------------------------------
[INFO RSZ-0059] Removed 2 buffers.
[INFO RSZ-0045] Inserted 167 buffers, 1 to split loads.
[INFO RSZ-0041] Resized 767 instances.
[INFO RSZ-0043] Swapped pins on 512 instances.
[WARNING RSZ-0062] Unable to repair all setup violations.
[INFO RSZ-0046] Found 2347 endpoints with hold violations.
Iteration | Resized | Buffers | Cloned Gates |   WNS   |   TNS   | Endpoint
---------------------------------------------------------------------------
        0 |       0 |       0 |            0 |   0.032 |  -0.089 | _32811_/D
    final |       0 |    2319 |            0 |   0.100 |   0.000 | _34048_/D
---------------------------------------------------------------------------
[INFO RSZ-0032] Inserted 2319 hold buffers.
Placement Analysis
---------------------------------
total displacement      17117.9 u
average displacement        0.5 u
max displacement           17.0 u
original HPWL         1261503.3 u
legalized HPWL        1291741.5 u
delta HPWL                    2 %

[INFO DPL-0020] Mirrored 9413 instances
[INFO DPL-0021] HPWL before          1291741.5 u
[INFO DPL-0022] HPWL after           1271127.6 u
[INFO DPL-0023] HPWL delta               -1.6 %
[INFO] Setting RC values…
Setting global connections for newly added cells…
[INFO] Setting global connections...
Updating metrics…
Cell type report:                       Count       Area
  Fill cell                               590    2214.62
  Tap cell                               9207   11519.80
  Clock buffer                            441    6257.25
  Timing Repair Buffer                   4259   37534.75
  Inverter                                318    1221.17
  Clock inverter                          295    3867.46
  Sequential cell                        2978   74113.58
  Multi-Input combinational cell        15307  151428.98
  Total                                 33395  288157.62
Writing OpenROAD database to '/Users/prahalad/Asic-Cryptography/main/rtl/runs/RUN_2025-07-30_13-59-37/36-openroad-resizertimingpostcts/asic_top.odb'…
Writing netlist to '/Users/prahalad/Asic-Cryptography/main/rtl/runs/RUN_2025-07-30_13-59-37/36-openroad-resizertimingpostcts/asic_top.nl.v'…
Writing powered netlist to '/Users/prahalad/Asic-Cryptography/main/rtl/runs/RUN_2025-07-30_13-59-37/36-openroad-resizertimingpostcts/asic_top.pnl.v'…
Writing layout to '/Users/prahalad/Asic-Cryptography/main/rtl/runs/RUN_2025-07-30_13-59-37/36-openroad-resizertimingpostcts/asic_top.def'…
Writing timing constraints to '/Users/prahalad/Asic-Cryptography/main/rtl/runs/RUN_2025-07-30_13-59-37/36-openroad-resizertimingpostcts/asic_top.sdc'…
