Reading OpenROAD database at '/Users/prahalad/Asic-Cryptography/main/rtl/runs/RUN_2025-07-30_13-59-37/20-openroad-generatepdn/asic_top.odb'…
Reading library file at '/Users/prahalad/.volare/volare/sky130/versions/0fe599b2afb6708d281543108caf8310912f54af/sky130A/libs.ref/sky130_fd_sc_hd/lib/sky130_fd_sc_hd__tt_025C_1v80.lib'…
Reading design constraints file at '/nix/store/1shp1i9i4na0sqd794l2lhbyka37r5wh-python3-3.11.9-env/lib/python3.11/site-packages/openlane/scripts/base.sdc'…
[INFO] Using clock clk…
[INFO] Setting output delay to: 4.0
[INFO] Setting input delay to: 4.0
[INFO] Setting load to: 0.033442
[INFO] Setting clock uncertainty to: 0.25
[INFO] Setting clock transition to: 0.1499999999999999944488848768742172978818416595458984375
[INFO] Setting timing derate to: 5%
+ global_placement -density 0.46828400000000003 -skip_io -pad_right 0 -pad_left 0 -init_wirelength_coef 0.25
[INFO GPL-0002] DBU: 1000
[INFO GPL-0003] SiteSize: (  0.460  2.720 ) um
[INFO GPL-0004] CoreBBox: (  5.520 10.880 ) ( 808.680 813.280 ) um
[INFO GPL-0006] NumInstances:             28400
[INFO GPL-0007] NumPlaceInstances:        18603
[INFO GPL-0008] NumFixedInstances:         9797
[INFO GPL-0009] NumDummyInstances:            0
[INFO GPL-0010] NumNets:                  18679
[INFO GPL-0011] NumPins:                  68379
[INFO GPL-0012] DieBBox:  (  0.000  0.000 ) ( 814.290 825.010 ) um
[INFO GPL-0013] CoreBBox: (  5.520 10.880 ) ( 808.680 813.280 ) um
[INFO GPL-0016] CoreArea:            644455.584 um^2
[INFO GPL-0017] NonPlaceInstsArea:    13734.422 um^2
[INFO GPL-0018] PlaceInstsArea:      225822.832 um^2
[INFO GPL-0019] Util:                    35.804 %
[INFO GPL-0020] StdInstsArea:        225822.832 um^2
[INFO GPL-0021] MacroInstsArea:           0.000 um^2
[INFO GPL-0031] FillerInit:NumGCells:     24532
[INFO GPL-0032] FillerInit:NumGNets:      18679
[INFO GPL-0033] FillerInit:NumGPins:      68379
[INFO GPL-0023] TargetDensity:            0.468
[INFO GPL-0024] AvrgPlaceInstArea:       12.139 um^2
[INFO GPL-0025] IdealBinArea:            25.922 um^2
[INFO GPL-0026] IdealBinCnt:              24860
[INFO GPL-0027] TotalBinArea:        644455.584 um^2
[INFO GPL-0028] BinCnt:       128    128
[INFO GPL-0029] BinSize: (  6.275  6.269 )
[INFO GPL-0030] NumBins: 16384
[NesterovSolve] Iter:    1 overflow: 0.999 HPWL: 54481705
[NesterovSolve] Iter:   10 overflow: 0.999 HPWL: 39438910
[NesterovSolve] Iter:   20 overflow: 0.999 HPWL: 38788143
[NesterovSolve] Iter:   30 overflow: 0.999 HPWL: 38577976
[NesterovSolve] Iter:   40 overflow: 0.999 HPWL: 38510634
[NesterovSolve] Iter:   50 overflow: 0.999 HPWL: 38482761
[NesterovSolve] Iter:   60 overflow: 0.999 HPWL: 38477616
[NesterovSolve] Iter:   70 overflow: 0.999 HPWL: 38486313
[NesterovSolve] Iter:   80 overflow: 0.999 HPWL: 38512031
[NesterovSolve] Iter:   90 overflow: 0.999 HPWL: 38594821
[NesterovSolve] Iter:  100 overflow: 0.998 HPWL: 38851484
[NesterovSolve] Iter:  110 overflow: 0.998 HPWL: 39595590
[NesterovSolve] Iter:  120 overflow: 0.998 HPWL: 41570309
[NesterovSolve] Iter:  130 overflow: 0.997 HPWL: 45825423
[NesterovSolve] Iter:  140 overflow: 0.996 HPWL: 53013205
[NesterovSolve] Iter:  150 overflow: 0.994 HPWL: 65023649
[NesterovSolve] Iter:  160 overflow: 0.990 HPWL: 86717898
[NesterovSolve] Iter:  170 overflow: 0.985 HPWL: 112112156
[NesterovSolve] Iter:  180 overflow: 0.980 HPWL: 134948619
[NesterovSolve] Iter:  190 overflow: 0.971 HPWL: 161992404
[NesterovSolve] Iter:  200 overflow: 0.958 HPWL: 198232445
[NesterovSolve] Iter:  210 overflow: 0.940 HPWL: 239678565
[NesterovSolve] Iter:  220 overflow: 0.918 HPWL: 281550291
[NesterovSolve] Iter:  230 overflow: 0.893 HPWL: 327096980
[NesterovSolve] Iter:  240 overflow: 0.860 HPWL: 376767818
[NesterovSolve] Iter:  250 overflow: 0.821 HPWL: 426243727
[NesterovSolve] Iter:  260 overflow: 0.779 HPWL: 474407886
[NesterovSolve] Iter:  270 overflow: 0.727 HPWL: 523410684
[NesterovSolve] Iter:  280 overflow: 0.669 HPWL: 567416000
[NesterovSolve] Iter:  290 overflow: 0.619 HPWL: 609209102
[NesterovSolve] Iter:  300 overflow: 0.563 HPWL: 670748401
[NesterovSolve] Iter:  310 overflow: 0.505 HPWL: 734195409
[NesterovSolve] Iter:  320 overflow: 0.451 HPWL: 778255067
[NesterovSolve] Iter:  330 overflow: 0.415 HPWL: 801329522
[NesterovSolve] Iter:  340 overflow: 0.381 HPWL: 809290175
[NesterovSolve] Iter:  350 overflow: 0.344 HPWL: 814750576
[NesterovSolve] Iter:  360 overflow: 0.320 HPWL: 821000991
[NesterovSolve] Iter:  370 overflow: 0.300 HPWL: 816333617
[NesterovSolve] Iter:  380 overflow: 0.278 HPWL: 816472533
[NesterovSolve] Iter:  390 overflow: 0.255 HPWL: 814201371
[NesterovSolve] Iter:  400 overflow: 0.228 HPWL: 813166551
[NesterovSolve] Iter:  410 overflow: 0.205 HPWL: 812061000
[NesterovSolve] Iter:  420 overflow: 0.185 HPWL: 811775532
[NesterovSolve] Iter:  430 overflow: 0.163 HPWL: 812185388
[NesterovSolve] Iter:  440 overflow: 0.144 HPWL: 812904691
[NesterovSolve] Iter:  450 overflow: 0.125 HPWL: 813789755
[NesterovSolve] Iter:  460 overflow: 0.108 HPWL: 815136371
[NesterovSolve] Finished with Overflow: 0.099936
[INFO] Setting RC values…
Setting global connections for newly added cells…
[INFO] Setting global connections...
Updating metrics…
Cell type report:                       Count       Area
  Fill cell                               590    2214.62
  Tap cell                               9207   11519.80
  Inverter                                318    1193.64
  Sequential cell                        2978   75489.90
  Multi-Input combinational cell        15307  149139.29
  Total                                 28400  239557.25
Writing OpenROAD database to '/Users/prahalad/Asic-Cryptography/main/rtl/runs/RUN_2025-07-30_13-59-37/23-openroad-globalplacementskipio/asic_top.odb'…
Writing netlist to '/Users/prahalad/Asic-Cryptography/main/rtl/runs/RUN_2025-07-30_13-59-37/23-openroad-globalplacementskipio/asic_top.nl.v'…
Writing powered netlist to '/Users/prahalad/Asic-Cryptography/main/rtl/runs/RUN_2025-07-30_13-59-37/23-openroad-globalplacementskipio/asic_top.pnl.v'…
Writing layout to '/Users/prahalad/Asic-Cryptography/main/rtl/runs/RUN_2025-07-30_13-59-37/23-openroad-globalplacementskipio/asic_top.def'…
Writing timing constraints to '/Users/prahalad/Asic-Cryptography/main/rtl/runs/RUN_2025-07-30_13-59-37/23-openroad-globalplacementskipio/asic_top.sdc'…
