Clock: clk
Sources: clk 
Generated: no
Virtual: yes
Propagated: no
Period: 20.000000

===========================================================================
report_clock_properties
============================================================================
Clock                   Period          Waveform
----------------------------------------------------
clk                  20.000000    0.000000 10.000000

===========================================================================
report_clock_latency
============================================================================
Clock clk
rise -> rise
    min     max
0.000000 0.000000 source latency
2.424704         network latency _32777_/CLK
        2.951281 network latency _31945_/CLK
---------------
2.424704 2.951281 latency
        0.526577 skew

fall -> fall
    min     max
0.000000 0.000000 source latency
1.939452         network latency _32777_/CLK
        2.395492 network latency _31945_/CLK
---------------
1.939452 2.395492 latency
        0.456040 skew



===========================================================================
report_clock_min_period
============================================================================
clk period_min = 49.28 fmax = 20.29
