
===========================================================================
report_checks -unconstrained
===========================================================================
======================= nom_tt_025C_1v80 Corner ===================================

Startpoint: rst_n (input port clocked by clk)
Endpoint: _31380_ (recovery check against rising-edge clock clk)
Path Group: asynchronous
Path Type: max

Fanout         Cap        Slew       Delay        Time   Description
---------------------------------------------------------------------------------------------
                                  0.000000    0.000000   clock clk (rise edge)
                                  0.000000    0.000000   clock network delay (propagated)
                                  4.000000    4.000000 ^ input external delay
     1    0.002579    0.018792    0.009524    4.009524 ^ rst_n (in)
                                                         rst_n (net)
                      0.018792    0.000000    4.009524 ^ input71/A (sky130_fd_sc_hd__dlymetal6s2s_1)
     1    0.017072    0.187565    0.179970    4.189494 ^ input71/X (sky130_fd_sc_hd__dlymetal6s2s_1)
                                                         net71 (net)
                      0.187570    0.000806    4.190300 ^ fanout1711/A (sky130_fd_sc_hd__buf_8)
     5    0.102156    0.169463    0.219894    4.410195 ^ fanout1711/X (sky130_fd_sc_hd__buf_8)
                                                         net1711 (net)
                      0.169463    0.000141    4.410336 ^ fanout1539/A (sky130_fd_sc_hd__buf_6)
     5    0.085413    0.173304    0.224972    4.635308 ^ fanout1539/X (sky130_fd_sc_hd__buf_6)
                                                         net1539 (net)
                      0.173407    0.003551    4.638860 ^ fanout1474/A (sky130_fd_sc_hd__clkbuf_8)
     7    0.069265    0.128754    0.235377    4.874237 ^ fanout1474/X (sky130_fd_sc_hd__clkbuf_8)
                                                         net1474 (net)
                      0.128769    0.001198    4.875434 ^ fanout1472/A (sky130_fd_sc_hd__buf_4)
    10    0.061338    0.172336    0.235723    5.111157 ^ fanout1472/X (sky130_fd_sc_hd__buf_4)
                                                         net1472 (net)
                      0.172336    0.000003    5.111161 ^ fanout1471/A (sky130_fd_sc_hd__buf_2)
     7    0.036479    0.180767    0.247114    5.358274 ^ fanout1471/X (sky130_fd_sc_hd__buf_2)
                                                         net1471 (net)
                      0.180767    0.000003    5.358277 ^ fanout1470/A (sky130_fd_sc_hd__buf_2)
     6    0.032535    0.162623    0.236679    5.594956 ^ fanout1470/X (sky130_fd_sc_hd__buf_2)
                                                         net1470 (net)
                      0.162623    0.000061    5.595017 ^ fanout1467/A (sky130_fd_sc_hd__clkbuf_4)
    10    0.043964    0.139866    0.247247    5.842264 ^ fanout1467/X (sky130_fd_sc_hd__clkbuf_4)
                                                         net1467 (net)
                      0.139866    0.000104    5.842368 ^ fanout1466/A (sky130_fd_sc_hd__clkbuf_4)
    10    0.043050    0.137062    0.238103    6.080472 ^ fanout1466/X (sky130_fd_sc_hd__clkbuf_4)
                                                         net1466 (net)
                      0.137062    0.000346    6.080818 ^ _31380_/RESET_B (sky130_fd_sc_hd__dfrtp_4)
                                              6.080818   data arrival time

                                 20.000000   20.000000   clock clk (rise edge)
                                  0.000000   20.000000   clock source latency
     1    0.071364    0.323119    0.232202   20.232203 ^ clk (in)
                                                         clk (net)
                      0.323987    0.000000   20.232203 ^ clkbuf_0_clk/A (sky130_fd_sc_hd__clkbuf_16)
     4    0.091621    0.110726    0.263690   20.495892 ^ clkbuf_0_clk/X (sky130_fd_sc_hd__clkbuf_16)
                                                         clknet_0_clk (net)
                      0.111063    0.004363   20.500254 ^ clkbuf_2_0_0_clk/A (sky130_fd_sc_hd__clkbuf_8)
     8    0.121628    0.212939    0.276387   20.776642 ^ clkbuf_2_0_0_clk/X (sky130_fd_sc_hd__clkbuf_8)
                                                         clknet_2_0_0_clk (net)
                      0.213020    0.000965   20.777605 ^ clkbuf_5_7__f_clk/A (sky130_fd_sc_hd__clkbuf_16)
    10    0.096005    0.112818    0.239909   21.017515 ^ clkbuf_5_7__f_clk/X (sky130_fd_sc_hd__clkbuf_16)
                                                         clknet_5_7__leaf_clk (net)
                      0.112818    0.000510   21.018024 ^ clkbuf_leaf_27_clk/A (sky130_fd_sc_hd__clkbuf_8)
    15    0.035887    0.075507    0.176954   21.194979 ^ clkbuf_leaf_27_clk/X (sky130_fd_sc_hd__clkbuf_8)
                                                         clknet_leaf_27_clk (net)
                      0.075507    0.000059   21.195038 ^ _31380_/CLK (sky130_fd_sc_hd__dfrtp_4)
                                 -0.250000   20.945038   clock uncertainty
                                  0.000000   20.945038   clock reconvergence pessimism
                                  0.196954   21.141993   library recovery time
                                             21.141993   data required time
---------------------------------------------------------------------------------------------
                                             21.141993   data required time
                                             -6.080818   data arrival time
---------------------------------------------------------------------------------------------
                                             15.061174   slack (MET)


Startpoint: _31831_ (rising edge-triggered flip-flop clocked by clk)
Endpoint: _31832_ (rising edge-triggered flip-flop clocked by clk)
Path Group: clk
Path Type: max

Fanout         Cap        Slew       Delay        Time   Description
---------------------------------------------------------------------------------------------
                                  0.000000    0.000000   clock clk (rise edge)
                                  0.000000    0.000000   clock source latency
     1    0.071364    0.323119    0.232202    0.232202 ^ clk (in)
                                                         clk (net)
                      0.323987    0.000000    0.232202 ^ clkbuf_0_clk/A (sky130_fd_sc_hd__clkbuf_16)
     4    0.091621    0.110726    0.263689    0.495892 ^ clkbuf_0_clk/X (sky130_fd_sc_hd__clkbuf_16)
                                                         clknet_0_clk (net)
                      0.111063    0.004362    0.500253 ^ clkbuf_2_0_0_clk/A (sky130_fd_sc_hd__clkbuf_8)
     8    0.121628    0.212939    0.276388    0.776641 ^ clkbuf_2_0_0_clk/X (sky130_fd_sc_hd__clkbuf_8)
                                                         clknet_2_0_0_clk (net)
                      0.213050    0.002297    0.778938 ^ clkbuf_5_1__f_clk/A (sky130_fd_sc_hd__clkbuf_16)
    12    0.105830    0.120679    0.246973    1.025912 ^ clkbuf_5_1__f_clk/X (sky130_fd_sc_hd__clkbuf_16)
                                                         clknet_5_1__leaf_clk (net)
                      0.120694    0.001078    1.026990 ^ clkbuf_leaf_329_clk/A (sky130_fd_sc_hd__clkbuf_8)
    12    0.034631    0.073564    0.178346    1.205336 ^ clkbuf_leaf_329_clk/X (sky130_fd_sc_hd__clkbuf_8)
                                                         clknet_leaf_329_clk (net)
                      0.073564    0.000047    1.205383 ^ _31831_/CLK (sky130_fd_sc_hd__dfrtp_4)
     7    0.076916    0.230629    0.562073    1.767457 ^ _31831_/Q (sky130_fd_sc_hd__dfrtp_4)
                                                         chacha_unit.U_QR_COL_1.in_b[5] (net)
                      0.230771    0.005428    1.772885 ^ _16308_/A (sky130_fd_sc_hd__or2_4)
     3    0.009450    0.047805    0.175828    1.948712 ^ _16308_/X (sky130_fd_sc_hd__or2_4)
                                                         _12323_ (net)
                      0.047805    0.000003    1.948715 ^ _16309_/B (sky130_fd_sc_hd__nand2_2)
     2    0.019800    0.086353    0.091815    2.040531 v _16309_/Y (sky130_fd_sc_hd__nand2_2)
                                                         _12324_ (net)
                      0.086353    0.000048    2.040578 v _16310_/A (sky130_fd_sc_hd__or4_4)
     1    0.004657    0.084481    0.540640    2.581218 v _16310_/X (sky130_fd_sc_hd__or4_4)
                                                         _12325_ (net)
                      0.084481    0.000010    2.581229 v _16311_/C1 (sky130_fd_sc_hd__a211o_4)
     2    0.030729    0.087166    0.325393    2.906621 v _16311_/X (sky130_fd_sc_hd__a211o_4)
                                                         _12326_ (net)
                      0.087279    0.003022    2.909643 v _16322_/A2 (sky130_fd_sc_hd__a211o_4)
     4    0.016420    0.067956    0.372737    3.282381 v _16322_/X (sky130_fd_sc_hd__a211o_4)
                                                         _12337_ (net)
                      0.067956    0.000405    3.282786 v _16345_/A2 (sky130_fd_sc_hd__a2111o_4)
     2    0.036548    0.115684    0.563431    3.846217 v _16345_/X (sky130_fd_sc_hd__a2111o_4)
                                                         _12360_ (net)
                      0.115851    0.004139    3.850356 v _16355_/A2 (sky130_fd_sc_hd__a21oi_4)
     4    0.017781    0.170110    0.223843    4.074199 ^ _16355_/Y (sky130_fd_sc_hd__a21oi_4)
                                                         _12370_ (net)
                      0.170110    0.000472    4.074670 ^ _16367_/A2 (sky130_fd_sc_hd__o211ai_2)
     3    0.007594    0.082451    0.110136    4.184807 v _16367_/Y (sky130_fd_sc_hd__o211ai_2)
                                                         _12382_ (net)
                      0.082451    0.000041    4.184848 v _16375_/A1 (sky130_fd_sc_hd__a211o_1)
     2    0.007730    0.071422    0.293179    4.478027 v _16375_/X (sky130_fd_sc_hd__a211o_1)
                                                         _12390_ (net)
                      0.071422    0.000033    4.478060 v _16376_/B (sky130_fd_sc_hd__nand2_2)
     1    0.016093    0.101693    0.115400    4.593461 ^ _16376_/Y (sky130_fd_sc_hd__nand2_2)
                                                         _12391_ (net)
                      0.101693    0.000032    4.593492 ^ _16378_/B (sky130_fd_sc_hd__xor2_4)
     3    0.026424    0.231151    0.244697    4.838189 ^ _16378_/X (sky130_fd_sc_hd__xor2_4)
                                                         _12393_ (net)
                      0.231151    0.000188    4.838377 ^ _16379_/B (sky130_fd_sc_hd__xnor2_4)
     2    0.041121    0.338525    0.213718    5.052095 ^ _16379_/Y (sky130_fd_sc_hd__xnor2_4)
                                                         _12394_ (net)
                      0.338610    0.004284    5.056379 ^ max_cap382/A (sky130_fd_sc_hd__buf_4)
     2    0.032548    0.100654    0.232385    5.288764 ^ max_cap382/X (sky130_fd_sc_hd__buf_4)
                                                         net382 (net)
                      0.100712    0.002292    5.291056 ^ _16381_/B (sky130_fd_sc_hd__xnor2_4)
     4    0.023328    0.090694    0.101553    5.392609 v _16381_/Y (sky130_fd_sc_hd__xnor2_4)
                                                         _12396_ (net)
                      0.090694    0.000017    5.392626 v _16404_/A (sky130_fd_sc_hd__or4_4)
     2    0.005370    0.085866    0.545470    5.938096 v _16404_/X (sky130_fd_sc_hd__or4_4)
                                                         _12419_ (net)
                      0.085866    0.000012    5.938108 v _16493_/A (sky130_fd_sc_hd__or4bb_4)
     3    0.013513    0.101494    0.576462    6.514570 v _16493_/X (sky130_fd_sc_hd__or4bb_4)
                                                         _12508_ (net)
                      0.101494    0.000103    6.514673 v _16565_/A1 (sky130_fd_sc_hd__a311o_4)
     3    0.047314    0.115208    0.411446    6.926118 v _16565_/X (sky130_fd_sc_hd__a311o_4)
                                                         _12580_ (net)
                      0.115980    0.007061    6.933179 v _16575_/A2 (sky130_fd_sc_hd__a31o_4)
     3    0.013063    0.046680    0.268492    7.201671 v _16575_/X (sky130_fd_sc_hd__a31o_4)
                                                         _12590_ (net)
                      0.046680    0.000076    7.201747 v _16687_/A2 (sky130_fd_sc_hd__o21ai_4)
     2    0.020284    0.190314    0.184941    7.386688 ^ _16687_/Y (sky130_fd_sc_hd__o21ai_4)
                                                         _12702_ (net)
                      0.190314    0.000123    7.386812 ^ _16688_/A1 (sky130_fd_sc_hd__a21o_1)
     1    0.018741    0.170070    0.232963    7.619775 ^ _16688_/X (sky130_fd_sc_hd__a21o_1)
                                                         _12703_ (net)
                      0.170070    0.000048    7.619823 ^ _16689_/A (sky130_fd_sc_hd__xor2_4)
     4    0.027404    0.237145    0.257185    7.877007 ^ _16689_/X (sky130_fd_sc_hd__xor2_4)
                                                         _12704_ (net)
                      0.237145    0.000208    7.877215 ^ _16690_/A (sky130_fd_sc_hd__xnor2_4)
     3    0.023575    0.098825    0.141394    8.018610 v _16690_/Y (sky130_fd_sc_hd__xnor2_4)
                                                         _12705_ (net)
                      0.098825    0.000169    8.018779 v _16693_/B (sky130_fd_sc_hd__xor2_4)
     2    0.019242    0.096937    0.187059    8.205838 v _16693_/X (sky130_fd_sc_hd__xor2_4)
                                                         _12708_ (net)
                      0.096937    0.000028    8.205866 v _16700_/B (sky130_fd_sc_hd__or2_4)
     2    0.007418    0.050772    0.250100    8.455965 v _16700_/X (sky130_fd_sc_hd__or2_4)
                                                         _12715_ (net)
                      0.050772    0.000027    8.455992 v _16704_/A4 (sky130_fd_sc_hd__o41a_4)
     3    0.030590    0.101648    0.407012    8.863004 v _16704_/X (sky130_fd_sc_hd__o41a_4)
                                                         _12719_ (net)
                      0.101738    0.002909    8.865912 v _16718_/A3 (sky130_fd_sc_hd__a311o_4)
     2    0.014523    0.071420    0.446522    9.312434 v _16718_/X (sky130_fd_sc_hd__a311o_4)
                                                         _12733_ (net)
                      0.071420    0.000089    9.312524 v _16772_/A1 (sky130_fd_sc_hd__a21oi_4)
     3    0.033568    0.267112    0.259584    9.572108 ^ _16772_/Y (sky130_fd_sc_hd__a21oi_4)
                                                         _12787_ (net)
                      0.267138    0.002125    9.574233 ^ _16780_/A1 (sky130_fd_sc_hd__o21ai_4)
     4    0.033880    0.106387    0.151029    9.725263 v _16780_/Y (sky130_fd_sc_hd__o21ai_4)
                                                         _12795_ (net)
                      0.106387    0.000386    9.725649 v _16927_/A1 (sky130_fd_sc_hd__a21oi_4)
     2    0.023528    0.204870    0.226136    9.951784 ^ _16927_/Y (sky130_fd_sc_hd__a21oi_4)
                                                         _12942_ (net)
                      0.204870    0.000130    9.951914 ^ _16928_/A2 (sky130_fd_sc_hd__a21bo_4)
     2    0.034769    0.122513    0.222578   10.174492 ^ _16928_/X (sky130_fd_sc_hd__a21bo_4)
                                                         _12943_ (net)
                      0.122513    0.000500   10.174992 ^ _16929_/B (sky130_fd_sc_hd__xor2_4)
     2    0.020128    0.193103    0.219599   10.394590 ^ _16929_/X (sky130_fd_sc_hd__xor2_4)
                                                         _12944_ (net)
                      0.193103    0.000258   10.394848 ^ _16931_/B (sky130_fd_sc_hd__xnor2_4)
     3    0.022166    0.111277    0.116887   10.511735 v _16931_/Y (sky130_fd_sc_hd__xnor2_4)
                                                         _12946_ (net)
                      0.111277    0.000192   10.511927 v _16949_/B (sky130_fd_sc_hd__or2_1)
     2    0.007304    0.070811    0.254408   10.766335 v _16949_/X (sky130_fd_sc_hd__or2_1)
                                                         _12964_ (net)
                      0.070811    0.000009   10.766344 v _16951_/A2 (sky130_fd_sc_hd__a21o_2)
     4    0.027712    0.090644    0.280962   11.047306 v _16951_/X (sky130_fd_sc_hd__a21o_2)
                                                         _12966_ (net)
                      0.090644    0.000384   11.047689 v _16983_/A (sky130_fd_sc_hd__and4_1)
     2    0.007553    0.058684    0.186295   11.233984 v _16983_/X (sky130_fd_sc_hd__and4_1)
                                                         _12998_ (net)
                      0.058684    0.000037   11.234021 v _16993_/A1 (sky130_fd_sc_hd__o31a_4)
     2    0.029417    0.082916    0.396516   11.630537 v _16993_/X (sky130_fd_sc_hd__o31a_4)
                                                         _13008_ (net)
                      0.083001    0.002514   11.633051 v _17009_/A2 (sky130_fd_sc_hd__o31a_1)
     1    0.007039    0.066585    0.308793   11.941844 v _17009_/X (sky130_fd_sc_hd__o31a_1)
                                                         _13024_ (net)
                      0.066585    0.000063   11.941907 v _17060_/A2 (sky130_fd_sc_hd__a211o_4)
     4    0.050854    0.119675    0.416782   12.358689 v _17060_/X (sky130_fd_sc_hd__a211o_4)
                                                         _13075_ (net)
                      0.120470    0.007345   12.366035 v _17068_/A1 (sky130_fd_sc_hd__a311o_4)
     3    0.014139    0.070986    0.361932   12.727966 v _17068_/X (sky130_fd_sc_hd__a311o_4)
                                                         _13083_ (net)
                      0.070986    0.000230   12.728197 v _17072_/A3 (sky130_fd_sc_hd__a31o_4)
     2    0.026165    0.062632    0.281662   13.009858 v _17072_/X (sky130_fd_sc_hd__a31o_4)
                                                         _13087_ (net)
                      0.062633    0.000328   13.010186 v _17073_/A1 (sky130_fd_sc_hd__a21oi_4)
     1    0.016829    0.164389    0.176186   13.186373 ^ _17073_/Y (sky130_fd_sc_hd__a21oi_4)
                                                         _13088_ (net)
                      0.164389    0.000056   13.186428 ^ _17078_/B (sky130_fd_sc_hd__xnor2_4)
     2    0.027144    0.111035    0.121496   13.307924 v _17078_/Y (sky130_fd_sc_hd__xnor2_4)
                                                         _13093_ (net)
                      0.111109    0.001275   13.309199 v _17079_/A (sky130_fd_sc_hd__xnor2_4)
     1    0.019281    0.198814    0.241900   13.551099 ^ _17079_/Y (sky130_fd_sc_hd__xnor2_4)
                                                         _13094_ (net)
                      0.198815    0.000715   13.551814 ^ wire242/A (sky130_fd_sc_hd__buf_8)
     3    0.045532    0.083690    0.169992   13.721807 ^ wire242/X (sky130_fd_sc_hd__buf_8)
                                                         net242 (net)
                      0.083729    0.001699   13.723505 ^ rebuffer54/A (sky130_fd_sc_hd__dlymetal6s2s_1)
     1    0.003510    0.062998    0.114228   13.837733 ^ rebuffer54/X (sky130_fd_sc_hd__dlymetal6s2s_1)
                                                         net1829 (net)
                      0.062998    0.000018   13.837750 ^ _17080_/B (sky130_fd_sc_hd__nand2_1)
     2    0.006473    0.112771    0.072382   13.910133 v _17080_/Y (sky130_fd_sc_hd__nand2_1)
                                                         _13095_ (net)
                      0.112771    0.000030   13.910163 v _17082_/A1 (sky130_fd_sc_hd__a21oi_1)
     1    0.006283    0.173931    0.194154   14.104318 ^ _17082_/Y (sky130_fd_sc_hd__a21oi_1)
                                                         _13097_ (net)
                      0.173931    0.000040   14.104357 ^ _17132_/B1 (sky130_fd_sc_hd__a41oi_2)
     3    0.008757    0.116703    0.070605   14.174962 v _17132_/Y (sky130_fd_sc_hd__a41oi_2)
                                                         _13147_ (net)
                      0.116703    0.000115   14.175076 v _17719_/A2 (sky130_fd_sc_hd__a21o_1)
     4    0.017793    0.094257    0.261420   14.436497 v _17719_/X (sky130_fd_sc_hd__a21o_1)
                                                         _13734_ (net)
                      0.094260    0.000651   14.437148 v _17729_/A2 (sky130_fd_sc_hd__a211o_4)
     2    0.015285    0.066501    0.372571   14.809719 v _17729_/X (sky130_fd_sc_hd__a211o_4)
                                                         _13744_ (net)
                      0.066508    0.000743   14.810462 v _18526_/A1 (sky130_fd_sc_hd__a21o_1)
     3    0.015334    0.083987    0.210748   15.021210 v _18526_/X (sky130_fd_sc_hd__a21o_1)
                                                         _14541_ (net)
                      0.083987    0.000220   15.021430 v _18529_/A2 (sky130_fd_sc_hd__o31ai_4)
     3    0.025980    0.357823    0.375076   15.396506 ^ _18529_/Y (sky130_fd_sc_hd__o31ai_4)
                                                         _14544_ (net)
                      0.357823    0.000188   15.396694 ^ _19129_/A3 (sky130_fd_sc_hd__a311o_4)
     2    0.023149    0.103580    0.296088   15.692782 ^ _19129_/X (sky130_fd_sc_hd__a311o_4)
                                                         _15144_ (net)
                      0.103580    0.000412   15.693194 ^ _19132_/A1 (sky130_fd_sc_hd__a21o_1)
     1    0.018514    0.168096    0.211919   15.905114 ^ _19132_/X (sky130_fd_sc_hd__a21o_1)
                                                         _15147_ (net)
                      0.168096    0.000041   15.905155 ^ _19142_/A (sky130_fd_sc_hd__xor2_4)
     2    0.030307    0.254871    0.270591   16.175745 ^ _19142_/X (sky130_fd_sc_hd__xor2_4)
                                                         _15157_ (net)
                      0.254879    0.001082   16.176828 ^ _19166_/B (sky130_fd_sc_hd__xnor2_4)
     4    0.038555    0.133209    0.159833   16.336660 v _19166_/Y (sky130_fd_sc_hd__xnor2_4)
                                                         _15181_ (net)
                      0.133352    0.003398   16.340059 v _19168_/A (sky130_fd_sc_hd__xnor2_4)
     3    0.007601    0.074673    0.175518   16.515577 v _19168_/Y (sky130_fd_sc_hd__xnor2_4)
                                                         _15183_ (net)
                      0.074673    0.000041   16.515617 v _19188_/B (sky130_fd_sc_hd__or4_4)
     1    0.002824    0.079334    0.506313   17.021931 v _19188_/X (sky130_fd_sc_hd__or4_4)
                                                         _15203_ (net)
                      0.079334    0.000007   17.021938 v _19189_/B1 (sky130_fd_sc_hd__a21o_1)
     3    0.014925    0.082302    0.212710   17.234648 v _19189_/X (sky130_fd_sc_hd__a21o_1)
                                                         _15204_ (net)
                      0.082302    0.000277   17.234924 v _19351_/A2 (sky130_fd_sc_hd__a211o_4)
     4    0.025990    0.080632    0.386120   17.621044 v _19351_/X (sky130_fd_sc_hd__a211o_4)
                                                         _15366_ (net)
                      0.080734    0.001947   17.622992 v _19388_/A2 (sky130_fd_sc_hd__a2111o_1)
     2    0.006988    0.080518    0.442352   18.065344 v _19388_/X (sky130_fd_sc_hd__a2111o_1)
                                                         _15403_ (net)
                      0.080518    0.000108   18.065453 v _19393_/A1 (sky130_fd_sc_hd__a31o_1)
     2    0.007551    0.058206    0.207386   18.272839 v _19393_/X (sky130_fd_sc_hd__a31o_1)
                                                         _15408_ (net)
                      0.058206    0.000046   18.272884 v _19528_/A1 (sky130_fd_sc_hd__a31o_4)
     2    0.023686    0.059534    0.250481   18.523365 v _19528_/X (sky130_fd_sc_hd__a31o_4)
                                                         _15543_ (net)
                      0.059534    0.000101   18.523466 v _19544_/B (sky130_fd_sc_hd__xor2_4)
     3    0.045932    0.351489    0.323416   18.846882 ^ _19544_/X (sky130_fd_sc_hd__xor2_4)
                                                         _15559_ (net)
                      0.351555    0.003888   18.850771 ^ _19545_/B (sky130_fd_sc_hd__xor2_4)
     3    0.018609    0.185494    0.230465   19.081234 ^ _19545_/X (sky130_fd_sc_hd__xor2_4)
                                                         _15560_ (net)
                      0.185494    0.000364   19.081598 ^ _19547_/B (sky130_fd_sc_hd__xor2_2)
     3    0.011108    0.184380    0.207033   19.288631 ^ _19547_/X (sky130_fd_sc_hd__xor2_2)
                                                         _15562_ (net)
                      0.184380    0.000011   19.288643 ^ _19548_/A (sky130_fd_sc_hd__inv_2)
     1    0.002722    0.035178    0.039481   19.328123 v _19548_/Y (sky130_fd_sc_hd__inv_2)
                                                         _15563_ (net)
                      0.035178    0.000007   19.328131 v _19550_/B (sky130_fd_sc_hd__or3_4)
     2    0.007361    0.070493    0.364846   19.692976 v _19550_/X (sky130_fd_sc_hd__or3_4)
                                                         _15565_ (net)
                      0.070493    0.000078   19.693054 v _19551_/B (sky130_fd_sc_hd__or4b_4)
     2    0.006796    0.088602    0.524659   20.217714 v _19551_/X (sky130_fd_sc_hd__or4b_4)
                                                         _15566_ (net)
                      0.088602    0.000025   20.217739 v _19609_/A2 (sky130_fd_sc_hd__a211o_4)
     2    0.024483    0.078768    0.386326   20.604065 v _19609_/X (sky130_fd_sc_hd__a211o_4)
                                                         _15624_ (net)
                      0.078860    0.001858   20.605923 v _19617_/A2 (sky130_fd_sc_hd__a21o_4)
     5    0.019738    0.052234    0.248647   20.854570 v _19617_/X (sky130_fd_sc_hd__a21o_4)
                                                         _02975_ (net)
                      0.052234    0.000178   20.854748 v _19668_/A2 (sky130_fd_sc_hd__o2111ai_4)
     3    0.024204    0.276185    0.264869   21.119617 ^ _19668_/Y (sky130_fd_sc_hd__o2111ai_4)
                                                         _03022_ (net)
                      0.276186    0.000584   21.120201 ^ _19684_/A1 (sky130_fd_sc_hd__a21oi_2)
     1    0.016128    0.108786    0.140732   21.260933 v _19684_/Y (sky130_fd_sc_hd__a21oi_2)
                                                         _03037_ (net)
                      0.108786    0.000037   21.260971 v _19685_/B (sky130_fd_sc_hd__xnor2_4)
     2    0.020170    0.094523    0.173683   21.434654 v _19685_/Y (sky130_fd_sc_hd__xnor2_4)
                                                         _03038_ (net)
                      0.094523    0.000046   21.434700 v _19686_/B (sky130_fd_sc_hd__xnor2_4)
     4    0.025775    0.239613    0.241648   21.676348 ^ _19686_/Y (sky130_fd_sc_hd__xnor2_4)
                                                         _03039_ (net)
                      0.239613    0.000155   21.676502 ^ _22968_/B (sky130_fd_sc_hd__xnor2_4)
     3    0.026373    0.252111    0.187796   21.864300 ^ _22968_/Y (sky130_fd_sc_hd__xnor2_4)
                                                         _06129_ (net)
                      0.252111    0.000083   21.864384 ^ _22995_/B (sky130_fd_sc_hd__nand2_1)
     1    0.004241    0.071164    0.098778   21.963161 v _22995_/Y (sky130_fd_sc_hd__nand2_1)
                                                         _06153_ (net)
                      0.071164    0.000039   21.963200 v _22996_/A (sky130_fd_sc_hd__or4_4)
     2    0.037030    0.138134    0.622100   22.585300 v _22996_/X (sky130_fd_sc_hd__or4_4)
                                                         _06154_ (net)
                      0.138276    0.004238   22.589539 v _23071_/A1 (sky130_fd_sc_hd__a211o_1)
     2    0.009967    0.079690    0.326741   22.916279 v _23071_/X (sky130_fd_sc_hd__a211o_1)
                                                         _06221_ (net)
                      0.079690    0.000099   22.916378 v _23148_/A1 (sky130_fd_sc_hd__a211oi_2)
     2    0.007055    0.210401    0.227859   23.144238 ^ _23148_/Y (sky130_fd_sc_hd__a211oi_2)
                                                         _06290_ (net)
                      0.210401    0.000021   23.144258 ^ _23152_/A3 (sky130_fd_sc_hd__o31a_4)
     3    0.042829    0.134214    0.230388   23.374647 ^ _23152_/X (sky130_fd_sc_hd__o31a_4)
                                                         _06294_ (net)
                      0.134557    0.005521   23.380167 ^ _23182_/A3 (sky130_fd_sc_hd__a311oi_4)
     2    0.007258    0.123116    0.111086   23.491255 v _23182_/Y (sky130_fd_sc_hd__a311oi_4)
                                                         _06320_ (net)
                      0.123117    0.000137   23.491390 v _23186_/A_N (sky130_fd_sc_hd__and2b_1)
     3    0.016701    0.160854    0.305302   23.796694 ^ _23186_/X (sky130_fd_sc_hd__and2b_1)
                                                         _06324_ (net)
                      0.160854    0.000027   23.796721 ^ _23200_/B2 (sky130_fd_sc_hd__o22a_4)
     2    0.014645    0.060883    0.177261   23.973980 ^ _23200_/X (sky130_fd_sc_hd__o22a_4)
                                                         _06336_ (net)
                      0.060883    0.000041   23.974022 ^ _23204_/A2 (sky130_fd_sc_hd__a21oi_2)
     1    0.008617    0.083329    0.066969   24.040991 v _23204_/Y (sky130_fd_sc_hd__a21oi_2)
                                                         _06339_ (net)
                      0.083329    0.000023   24.041014 v _23206_/B (sky130_fd_sc_hd__xnor2_2)
     2    0.007499    0.154589    0.162277   24.203291 ^ _23206_/Y (sky130_fd_sc_hd__xnor2_2)
                                                         _06341_ (net)
                      0.154589    0.000007   24.203299 ^ _24072_/B (sky130_fd_sc_hd__xor2_1)
     1    0.003079    0.120168    0.159581   24.362879 ^ _24072_/X (sky130_fd_sc_hd__xor2_1)
                                                         _06976_ (net)
                      0.120168    0.000009   24.362888 ^ _24073_/B (sky130_fd_sc_hd__nor2_1)
     1    0.002600    0.038554    0.052099   24.414986 v _24073_/Y (sky130_fd_sc_hd__nor2_1)
                                                         _06977_ (net)
                      0.038554    0.000005   24.414991 v _24074_/C1 (sky130_fd_sc_hd__a221o_1)
     1    0.002430    0.050966    0.249576   24.664568 v _24074_/X (sky130_fd_sc_hd__a221o_1)
                                                         _00595_ (net)
                      0.050966    0.000005   24.664574 v _31832_/D (sky130_fd_sc_hd__dfrtp_4)
                                             24.664574   data arrival time

                                 20.000000   20.000000   clock clk (rise edge)
                                  0.000000   20.000000   clock source latency
     1    0.071364    0.323119    0.232202   20.232203 ^ clk (in)
                                                         clk (net)
                      0.323987    0.000000   20.232203 ^ clkbuf_0_clk/A (sky130_fd_sc_hd__clkbuf_16)
     4    0.091621    0.110726    0.263690   20.495892 ^ clkbuf_0_clk/X (sky130_fd_sc_hd__clkbuf_16)
                                                         clknet_0_clk (net)
                      0.111063    0.004363   20.500254 ^ clkbuf_2_0_0_clk/A (sky130_fd_sc_hd__clkbuf_8)
     8    0.121628    0.212939    0.276387   20.776642 ^ clkbuf_2_0_0_clk/X (sky130_fd_sc_hd__clkbuf_8)
                                                         clknet_2_0_0_clk (net)
                      0.213050    0.002297   20.778938 ^ clkbuf_5_1__f_clk/A (sky130_fd_sc_hd__clkbuf_16)
    12    0.105830    0.120679    0.246974   21.025911 ^ clkbuf_5_1__f_clk/X (sky130_fd_sc_hd__clkbuf_16)
                                                         clknet_5_1__leaf_clk (net)
                      0.120713    0.001606   21.027517 ^ clkbuf_leaf_328_clk/A (sky130_fd_sc_hd__clkbuf_8)
     8    0.032436    0.070155    0.175669   21.203188 ^ clkbuf_leaf_328_clk/X (sky130_fd_sc_hd__clkbuf_8)
                                                         clknet_leaf_328_clk (net)
                      0.070155    0.000041   21.203228 ^ _31832_/CLK (sky130_fd_sc_hd__dfrtp_4)
                                 -0.250000   20.953230   clock uncertainty
                                  0.000000   20.953230   clock reconvergence pessimism
                                 -0.111117   20.842113   library setup time
                                             20.842113   data required time
---------------------------------------------------------------------------------------------
                                             20.842113   data required time
                                            -24.664574   data arrival time
---------------------------------------------------------------------------------------------
                                             -3.822461   slack (VIOLATED)




===========================================================================
report_checks --slack_max -0.01
============================================================================
======================= nom_tt_025C_1v80 Corner ===================================

Startpoint: _31831_ (rising edge-triggered flip-flop clocked by clk)
Endpoint: _31832_ (rising edge-triggered flip-flop clocked by clk)
Path Group: clk
Path Type: max

Fanout         Cap        Slew       Delay        Time   Description
---------------------------------------------------------------------------------------------
                                  0.000000    0.000000   clock clk (rise edge)
                                  0.000000    0.000000   clock source latency
     1    0.071364    0.323119    0.232202    0.232202 ^ clk (in)
                                                         clk (net)
                      0.323987    0.000000    0.232202 ^ clkbuf_0_clk/A (sky130_fd_sc_hd__clkbuf_16)
     4    0.091621    0.110726    0.263689    0.495892 ^ clkbuf_0_clk/X (sky130_fd_sc_hd__clkbuf_16)
                                                         clknet_0_clk (net)
                      0.111063    0.004362    0.500253 ^ clkbuf_2_0_0_clk/A (sky130_fd_sc_hd__clkbuf_8)
     8    0.121628    0.212939    0.276388    0.776641 ^ clkbuf_2_0_0_clk/X (sky130_fd_sc_hd__clkbuf_8)
                                                         clknet_2_0_0_clk (net)
                      0.213050    0.002297    0.778938 ^ clkbuf_5_1__f_clk/A (sky130_fd_sc_hd__clkbuf_16)
    12    0.105830    0.120679    0.246973    1.025912 ^ clkbuf_5_1__f_clk/X (sky130_fd_sc_hd__clkbuf_16)
                                                         clknet_5_1__leaf_clk (net)
                      0.120694    0.001078    1.026990 ^ clkbuf_leaf_329_clk/A (sky130_fd_sc_hd__clkbuf_8)
    12    0.034631    0.073564    0.178346    1.205336 ^ clkbuf_leaf_329_clk/X (sky130_fd_sc_hd__clkbuf_8)
                                                         clknet_leaf_329_clk (net)
                      0.073564    0.000047    1.205383 ^ _31831_/CLK (sky130_fd_sc_hd__dfrtp_4)
     7    0.076916    0.230629    0.562073    1.767457 ^ _31831_/Q (sky130_fd_sc_hd__dfrtp_4)
                                                         chacha_unit.U_QR_COL_1.in_b[5] (net)
                      0.230771    0.005428    1.772885 ^ _16308_/A (sky130_fd_sc_hd__or2_4)
     3    0.009450    0.047805    0.175828    1.948712 ^ _16308_/X (sky130_fd_sc_hd__or2_4)
                                                         _12323_ (net)
                      0.047805    0.000003    1.948715 ^ _16309_/B (sky130_fd_sc_hd__nand2_2)
     2    0.019800    0.086353    0.091815    2.040531 v _16309_/Y (sky130_fd_sc_hd__nand2_2)
                                                         _12324_ (net)
                      0.086353    0.000048    2.040578 v _16310_/A (sky130_fd_sc_hd__or4_4)
     1    0.004657    0.084481    0.540640    2.581218 v _16310_/X (sky130_fd_sc_hd__or4_4)
                                                         _12325_ (net)
                      0.084481    0.000010    2.581229 v _16311_/C1 (sky130_fd_sc_hd__a211o_4)
     2    0.030729    0.087166    0.325393    2.906621 v _16311_/X (sky130_fd_sc_hd__a211o_4)
                                                         _12326_ (net)
                      0.087279    0.003022    2.909643 v _16322_/A2 (sky130_fd_sc_hd__a211o_4)
     4    0.016420    0.067956    0.372737    3.282381 v _16322_/X (sky130_fd_sc_hd__a211o_4)
                                                         _12337_ (net)
                      0.067956    0.000405    3.282786 v _16345_/A2 (sky130_fd_sc_hd__a2111o_4)
     2    0.036548    0.115684    0.563431    3.846217 v _16345_/X (sky130_fd_sc_hd__a2111o_4)
                                                         _12360_ (net)
                      0.115851    0.004139    3.850356 v _16355_/A2 (sky130_fd_sc_hd__a21oi_4)
     4    0.017781    0.170110    0.223843    4.074199 ^ _16355_/Y (sky130_fd_sc_hd__a21oi_4)
                                                         _12370_ (net)
                      0.170110    0.000472    4.074670 ^ _16367_/A2 (sky130_fd_sc_hd__o211ai_2)
     3    0.007594    0.082451    0.110136    4.184807 v _16367_/Y (sky130_fd_sc_hd__o211ai_2)
                                                         _12382_ (net)
                      0.082451    0.000041    4.184848 v _16375_/A1 (sky130_fd_sc_hd__a211o_1)
     2    0.007730    0.071422    0.293179    4.478027 v _16375_/X (sky130_fd_sc_hd__a211o_1)
                                                         _12390_ (net)
                      0.071422    0.000033    4.478060 v _16376_/B (sky130_fd_sc_hd__nand2_2)
     1    0.016093    0.101693    0.115400    4.593461 ^ _16376_/Y (sky130_fd_sc_hd__nand2_2)
                                                         _12391_ (net)
                      0.101693    0.000032    4.593492 ^ _16378_/B (sky130_fd_sc_hd__xor2_4)
     3    0.026424    0.231151    0.244697    4.838189 ^ _16378_/X (sky130_fd_sc_hd__xor2_4)
                                                         _12393_ (net)
                      0.231151    0.000188    4.838377 ^ _16379_/B (sky130_fd_sc_hd__xnor2_4)
     2    0.041121    0.338525    0.213718    5.052095 ^ _16379_/Y (sky130_fd_sc_hd__xnor2_4)
                                                         _12394_ (net)
                      0.338610    0.004284    5.056379 ^ max_cap382/A (sky130_fd_sc_hd__buf_4)
     2    0.032548    0.100654    0.232385    5.288764 ^ max_cap382/X (sky130_fd_sc_hd__buf_4)
                                                         net382 (net)
                      0.100712    0.002292    5.291056 ^ _16381_/B (sky130_fd_sc_hd__xnor2_4)
     4    0.023328    0.090694    0.101553    5.392609 v _16381_/Y (sky130_fd_sc_hd__xnor2_4)
                                                         _12396_ (net)
                      0.090694    0.000017    5.392626 v _16404_/A (sky130_fd_sc_hd__or4_4)
     2    0.005370    0.085866    0.545470    5.938096 v _16404_/X (sky130_fd_sc_hd__or4_4)
                                                         _12419_ (net)
                      0.085866    0.000012    5.938108 v _16493_/A (sky130_fd_sc_hd__or4bb_4)
     3    0.013513    0.101494    0.576462    6.514570 v _16493_/X (sky130_fd_sc_hd__or4bb_4)
                                                         _12508_ (net)
                      0.101494    0.000103    6.514673 v _16565_/A1 (sky130_fd_sc_hd__a311o_4)
     3    0.047314    0.115208    0.411446    6.926118 v _16565_/X (sky130_fd_sc_hd__a311o_4)
                                                         _12580_ (net)
                      0.115980    0.007061    6.933179 v _16575_/A2 (sky130_fd_sc_hd__a31o_4)
     3    0.013063    0.046680    0.268492    7.201671 v _16575_/X (sky130_fd_sc_hd__a31o_4)
                                                         _12590_ (net)
                      0.046680    0.000076    7.201747 v _16687_/A2 (sky130_fd_sc_hd__o21ai_4)
     2    0.020284    0.190314    0.184941    7.386688 ^ _16687_/Y (sky130_fd_sc_hd__o21ai_4)
                                                         _12702_ (net)
                      0.190314    0.000123    7.386812 ^ _16688_/A1 (sky130_fd_sc_hd__a21o_1)
     1    0.018741    0.170070    0.232963    7.619775 ^ _16688_/X (sky130_fd_sc_hd__a21o_1)
                                                         _12703_ (net)
                      0.170070    0.000048    7.619823 ^ _16689_/A (sky130_fd_sc_hd__xor2_4)
     4    0.027404    0.237145    0.257185    7.877007 ^ _16689_/X (sky130_fd_sc_hd__xor2_4)
                                                         _12704_ (net)
                      0.237145    0.000208    7.877215 ^ _16690_/A (sky130_fd_sc_hd__xnor2_4)
     3    0.023575    0.098825    0.141394    8.018610 v _16690_/Y (sky130_fd_sc_hd__xnor2_4)
                                                         _12705_ (net)
                      0.098825    0.000169    8.018779 v _16693_/B (sky130_fd_sc_hd__xor2_4)
     2    0.019242    0.096937    0.187059    8.205838 v _16693_/X (sky130_fd_sc_hd__xor2_4)
                                                         _12708_ (net)
                      0.096937    0.000028    8.205866 v _16700_/B (sky130_fd_sc_hd__or2_4)
     2    0.007418    0.050772    0.250100    8.455965 v _16700_/X (sky130_fd_sc_hd__or2_4)
                                                         _12715_ (net)
                      0.050772    0.000027    8.455992 v _16704_/A4 (sky130_fd_sc_hd__o41a_4)
     3    0.030590    0.101648    0.407012    8.863004 v _16704_/X (sky130_fd_sc_hd__o41a_4)
                                                         _12719_ (net)
                      0.101738    0.002909    8.865912 v _16718_/A3 (sky130_fd_sc_hd__a311o_4)
     2    0.014523    0.071420    0.446522    9.312434 v _16718_/X (sky130_fd_sc_hd__a311o_4)
                                                         _12733_ (net)
                      0.071420    0.000089    9.312524 v _16772_/A1 (sky130_fd_sc_hd__a21oi_4)
     3    0.033568    0.267112    0.259584    9.572108 ^ _16772_/Y (sky130_fd_sc_hd__a21oi_4)
                                                         _12787_ (net)
                      0.267138    0.002125    9.574233 ^ _16780_/A1 (sky130_fd_sc_hd__o21ai_4)
     4    0.033880    0.106387    0.151029    9.725263 v _16780_/Y (sky130_fd_sc_hd__o21ai_4)
                                                         _12795_ (net)
                      0.106387    0.000386    9.725649 v _16927_/A1 (sky130_fd_sc_hd__a21oi_4)
     2    0.023528    0.204870    0.226136    9.951784 ^ _16927_/Y (sky130_fd_sc_hd__a21oi_4)
                                                         _12942_ (net)
                      0.204870    0.000130    9.951914 ^ _16928_/A2 (sky130_fd_sc_hd__a21bo_4)
     2    0.034769    0.122513    0.222578   10.174492 ^ _16928_/X (sky130_fd_sc_hd__a21bo_4)
                                                         _12943_ (net)
                      0.122513    0.000500   10.174992 ^ _16929_/B (sky130_fd_sc_hd__xor2_4)
     2    0.020128    0.193103    0.219599   10.394590 ^ _16929_/X (sky130_fd_sc_hd__xor2_4)
                                                         _12944_ (net)
                      0.193103    0.000258   10.394848 ^ _16931_/B (sky130_fd_sc_hd__xnor2_4)
     3    0.022166    0.111277    0.116887   10.511735 v _16931_/Y (sky130_fd_sc_hd__xnor2_4)
                                                         _12946_ (net)
                      0.111277    0.000192   10.511927 v _16949_/B (sky130_fd_sc_hd__or2_1)
     2    0.007304    0.070811    0.254408   10.766335 v _16949_/X (sky130_fd_sc_hd__or2_1)
                                                         _12964_ (net)
                      0.070811    0.000009   10.766344 v _16951_/A2 (sky130_fd_sc_hd__a21o_2)
     4    0.027712    0.090644    0.280962   11.047306 v _16951_/X (sky130_fd_sc_hd__a21o_2)
                                                         _12966_ (net)
                      0.090644    0.000384   11.047689 v _16983_/A (sky130_fd_sc_hd__and4_1)
     2    0.007553    0.058684    0.186295   11.233984 v _16983_/X (sky130_fd_sc_hd__and4_1)
                                                         _12998_ (net)
                      0.058684    0.000037   11.234021 v _16993_/A1 (sky130_fd_sc_hd__o31a_4)
     2    0.029417    0.082916    0.396516   11.630537 v _16993_/X (sky130_fd_sc_hd__o31a_4)
                                                         _13008_ (net)
                      0.083001    0.002514   11.633051 v _17009_/A2 (sky130_fd_sc_hd__o31a_1)
     1    0.007039    0.066585    0.308793   11.941844 v _17009_/X (sky130_fd_sc_hd__o31a_1)
                                                         _13024_ (net)
                      0.066585    0.000063   11.941907 v _17060_/A2 (sky130_fd_sc_hd__a211o_4)
     4    0.050854    0.119675    0.416782   12.358689 v _17060_/X (sky130_fd_sc_hd__a211o_4)
                                                         _13075_ (net)
                      0.120470    0.007345   12.366035 v _17068_/A1 (sky130_fd_sc_hd__a311o_4)
     3    0.014139    0.070986    0.361932   12.727966 v _17068_/X (sky130_fd_sc_hd__a311o_4)
                                                         _13083_ (net)
                      0.070986    0.000230   12.728197 v _17072_/A3 (sky130_fd_sc_hd__a31o_4)
     2    0.026165    0.062632    0.281662   13.009858 v _17072_/X (sky130_fd_sc_hd__a31o_4)
                                                         _13087_ (net)
                      0.062633    0.000328   13.010186 v _17073_/A1 (sky130_fd_sc_hd__a21oi_4)
     1    0.016829    0.164389    0.176186   13.186373 ^ _17073_/Y (sky130_fd_sc_hd__a21oi_4)
                                                         _13088_ (net)
                      0.164389    0.000056   13.186428 ^ _17078_/B (sky130_fd_sc_hd__xnor2_4)
     2    0.027144    0.111035    0.121496   13.307924 v _17078_/Y (sky130_fd_sc_hd__xnor2_4)
                                                         _13093_ (net)
                      0.111109    0.001275   13.309199 v _17079_/A (sky130_fd_sc_hd__xnor2_4)
     1    0.019281    0.198814    0.241900   13.551099 ^ _17079_/Y (sky130_fd_sc_hd__xnor2_4)
                                                         _13094_ (net)
                      0.198815    0.000715   13.551814 ^ wire242/A (sky130_fd_sc_hd__buf_8)
     3    0.045532    0.083690    0.169992   13.721807 ^ wire242/X (sky130_fd_sc_hd__buf_8)
                                                         net242 (net)
                      0.083729    0.001699   13.723505 ^ rebuffer54/A (sky130_fd_sc_hd__dlymetal6s2s_1)
     1    0.003510    0.062998    0.114228   13.837733 ^ rebuffer54/X (sky130_fd_sc_hd__dlymetal6s2s_1)
                                                         net1829 (net)
                      0.062998    0.000018   13.837750 ^ _17080_/B (sky130_fd_sc_hd__nand2_1)
     2    0.006473    0.112771    0.072382   13.910133 v _17080_/Y (sky130_fd_sc_hd__nand2_1)
                                                         _13095_ (net)
                      0.112771    0.000030   13.910163 v _17082_/A1 (sky130_fd_sc_hd__a21oi_1)
     1    0.006283    0.173931    0.194154   14.104318 ^ _17082_/Y (sky130_fd_sc_hd__a21oi_1)
                                                         _13097_ (net)
                      0.173931    0.000040   14.104357 ^ _17132_/B1 (sky130_fd_sc_hd__a41oi_2)
     3    0.008757    0.116703    0.070605   14.174962 v _17132_/Y (sky130_fd_sc_hd__a41oi_2)
                                                         _13147_ (net)
                      0.116703    0.000115   14.175076 v _17719_/A2 (sky130_fd_sc_hd__a21o_1)
     4    0.017793    0.094257    0.261420   14.436497 v _17719_/X (sky130_fd_sc_hd__a21o_1)
                                                         _13734_ (net)
                      0.094260    0.000651   14.437148 v _17729_/A2 (sky130_fd_sc_hd__a211o_4)
     2    0.015285    0.066501    0.372571   14.809719 v _17729_/X (sky130_fd_sc_hd__a211o_4)
                                                         _13744_ (net)
                      0.066508    0.000743   14.810462 v _18526_/A1 (sky130_fd_sc_hd__a21o_1)
     3    0.015334    0.083987    0.210748   15.021210 v _18526_/X (sky130_fd_sc_hd__a21o_1)
                                                         _14541_ (net)
                      0.083987    0.000220   15.021430 v _18529_/A2 (sky130_fd_sc_hd__o31ai_4)
     3    0.025980    0.357823    0.375076   15.396506 ^ _18529_/Y (sky130_fd_sc_hd__o31ai_4)
                                                         _14544_ (net)
                      0.357823    0.000188   15.396694 ^ _19129_/A3 (sky130_fd_sc_hd__a311o_4)
     2    0.023149    0.103580    0.296088   15.692782 ^ _19129_/X (sky130_fd_sc_hd__a311o_4)
                                                         _15144_ (net)
                      0.103580    0.000412   15.693194 ^ _19132_/A1 (sky130_fd_sc_hd__a21o_1)
     1    0.018514    0.168096    0.211919   15.905114 ^ _19132_/X (sky130_fd_sc_hd__a21o_1)
                                                         _15147_ (net)
                      0.168096    0.000041   15.905155 ^ _19142_/A (sky130_fd_sc_hd__xor2_4)
     2    0.030307    0.254871    0.270591   16.175745 ^ _19142_/X (sky130_fd_sc_hd__xor2_4)
                                                         _15157_ (net)
                      0.254879    0.001082   16.176828 ^ _19166_/B (sky130_fd_sc_hd__xnor2_4)
     4    0.038555    0.133209    0.159833   16.336660 v _19166_/Y (sky130_fd_sc_hd__xnor2_4)
                                                         _15181_ (net)
                      0.133352    0.003398   16.340059 v _19168_/A (sky130_fd_sc_hd__xnor2_4)
     3    0.007601    0.074673    0.175518   16.515577 v _19168_/Y (sky130_fd_sc_hd__xnor2_4)
                                                         _15183_ (net)
                      0.074673    0.000041   16.515617 v _19188_/B (sky130_fd_sc_hd__or4_4)
     1    0.002824    0.079334    0.506313   17.021931 v _19188_/X (sky130_fd_sc_hd__or4_4)
                                                         _15203_ (net)
                      0.079334    0.000007   17.021938 v _19189_/B1 (sky130_fd_sc_hd__a21o_1)
     3    0.014925    0.082302    0.212710   17.234648 v _19189_/X (sky130_fd_sc_hd__a21o_1)
                                                         _15204_ (net)
                      0.082302    0.000277   17.234924 v _19351_/A2 (sky130_fd_sc_hd__a211o_4)
     4    0.025990    0.080632    0.386120   17.621044 v _19351_/X (sky130_fd_sc_hd__a211o_4)
                                                         _15366_ (net)
                      0.080734    0.001947   17.622992 v _19388_/A2 (sky130_fd_sc_hd__a2111o_1)
     2    0.006988    0.080518    0.442352   18.065344 v _19388_/X (sky130_fd_sc_hd__a2111o_1)
                                                         _15403_ (net)
                      0.080518    0.000108   18.065453 v _19393_/A1 (sky130_fd_sc_hd__a31o_1)
     2    0.007551    0.058206    0.207386   18.272839 v _19393_/X (sky130_fd_sc_hd__a31o_1)
                                                         _15408_ (net)
                      0.058206    0.000046   18.272884 v _19528_/A1 (sky130_fd_sc_hd__a31o_4)
     2    0.023686    0.059534    0.250481   18.523365 v _19528_/X (sky130_fd_sc_hd__a31o_4)
                                                         _15543_ (net)
                      0.059534    0.000101   18.523466 v _19544_/B (sky130_fd_sc_hd__xor2_4)
     3    0.045932    0.351489    0.323416   18.846882 ^ _19544_/X (sky130_fd_sc_hd__xor2_4)
                                                         _15559_ (net)
                      0.351555    0.003888   18.850771 ^ _19545_/B (sky130_fd_sc_hd__xor2_4)
     3    0.018609    0.185494    0.230465   19.081234 ^ _19545_/X (sky130_fd_sc_hd__xor2_4)
                                                         _15560_ (net)
                      0.185494    0.000364   19.081598 ^ _19547_/B (sky130_fd_sc_hd__xor2_2)
     3    0.011108    0.184380    0.207033   19.288631 ^ _19547_/X (sky130_fd_sc_hd__xor2_2)
                                                         _15562_ (net)
                      0.184380    0.000011   19.288643 ^ _19548_/A (sky130_fd_sc_hd__inv_2)
     1    0.002722    0.035178    0.039481   19.328123 v _19548_/Y (sky130_fd_sc_hd__inv_2)
                                                         _15563_ (net)
                      0.035178    0.000007   19.328131 v _19550_/B (sky130_fd_sc_hd__or3_4)
     2    0.007361    0.070493    0.364846   19.692976 v _19550_/X (sky130_fd_sc_hd__or3_4)
                                                         _15565_ (net)
                      0.070493    0.000078   19.693054 v _19551_/B (sky130_fd_sc_hd__or4b_4)
     2    0.006796    0.088602    0.524659   20.217714 v _19551_/X (sky130_fd_sc_hd__or4b_4)
                                                         _15566_ (net)
                      0.088602    0.000025   20.217739 v _19609_/A2 (sky130_fd_sc_hd__a211o_4)
     2    0.024483    0.078768    0.386326   20.604065 v _19609_/X (sky130_fd_sc_hd__a211o_4)
                                                         _15624_ (net)
                      0.078860    0.001858   20.605923 v _19617_/A2 (sky130_fd_sc_hd__a21o_4)
     5    0.019738    0.052234    0.248647   20.854570 v _19617_/X (sky130_fd_sc_hd__a21o_4)
                                                         _02975_ (net)
                      0.052234    0.000178   20.854748 v _19668_/A2 (sky130_fd_sc_hd__o2111ai_4)
     3    0.024204    0.276185    0.264869   21.119617 ^ _19668_/Y (sky130_fd_sc_hd__o2111ai_4)
                                                         _03022_ (net)
                      0.276186    0.000584   21.120201 ^ _19684_/A1 (sky130_fd_sc_hd__a21oi_2)
     1    0.016128    0.108786    0.140732   21.260933 v _19684_/Y (sky130_fd_sc_hd__a21oi_2)
                                                         _03037_ (net)
                      0.108786    0.000037   21.260971 v _19685_/B (sky130_fd_sc_hd__xnor2_4)
     2    0.020170    0.094523    0.173683   21.434654 v _19685_/Y (sky130_fd_sc_hd__xnor2_4)
                                                         _03038_ (net)
                      0.094523    0.000046   21.434700 v _19686_/B (sky130_fd_sc_hd__xnor2_4)
     4    0.025775    0.239613    0.241648   21.676348 ^ _19686_/Y (sky130_fd_sc_hd__xnor2_4)
                                                         _03039_ (net)
                      0.239613    0.000155   21.676502 ^ _22968_/B (sky130_fd_sc_hd__xnor2_4)
     3    0.026373    0.252111    0.187796   21.864300 ^ _22968_/Y (sky130_fd_sc_hd__xnor2_4)
                                                         _06129_ (net)
                      0.252111    0.000083   21.864384 ^ _22995_/B (sky130_fd_sc_hd__nand2_1)
     1    0.004241    0.071164    0.098778   21.963161 v _22995_/Y (sky130_fd_sc_hd__nand2_1)
                                                         _06153_ (net)
                      0.071164    0.000039   21.963200 v _22996_/A (sky130_fd_sc_hd__or4_4)
     2    0.037030    0.138134    0.622100   22.585300 v _22996_/X (sky130_fd_sc_hd__or4_4)
                                                         _06154_ (net)
                      0.138276    0.004238   22.589539 v _23071_/A1 (sky130_fd_sc_hd__a211o_1)
     2    0.009967    0.079690    0.326741   22.916279 v _23071_/X (sky130_fd_sc_hd__a211o_1)
                                                         _06221_ (net)
                      0.079690    0.000099   22.916378 v _23148_/A1 (sky130_fd_sc_hd__a211oi_2)
     2    0.007055    0.210401    0.227859   23.144238 ^ _23148_/Y (sky130_fd_sc_hd__a211oi_2)
                                                         _06290_ (net)
                      0.210401    0.000021   23.144258 ^ _23152_/A3 (sky130_fd_sc_hd__o31a_4)
     3    0.042829    0.134214    0.230388   23.374647 ^ _23152_/X (sky130_fd_sc_hd__o31a_4)
                                                         _06294_ (net)
                      0.134557    0.005521   23.380167 ^ _23182_/A3 (sky130_fd_sc_hd__a311oi_4)
     2    0.007258    0.123116    0.111086   23.491255 v _23182_/Y (sky130_fd_sc_hd__a311oi_4)
                                                         _06320_ (net)
                      0.123117    0.000137   23.491390 v _23186_/A_N (sky130_fd_sc_hd__and2b_1)
     3    0.016701    0.160854    0.305302   23.796694 ^ _23186_/X (sky130_fd_sc_hd__and2b_1)
                                                         _06324_ (net)
                      0.160854    0.000027   23.796721 ^ _23200_/B2 (sky130_fd_sc_hd__o22a_4)
     2    0.014645    0.060883    0.177261   23.973980 ^ _23200_/X (sky130_fd_sc_hd__o22a_4)
                                                         _06336_ (net)
                      0.060883    0.000041   23.974022 ^ _23204_/A2 (sky130_fd_sc_hd__a21oi_2)
     1    0.008617    0.083329    0.066969   24.040991 v _23204_/Y (sky130_fd_sc_hd__a21oi_2)
                                                         _06339_ (net)
                      0.083329    0.000023   24.041014 v _23206_/B (sky130_fd_sc_hd__xnor2_2)
     2    0.007499    0.154589    0.162277   24.203291 ^ _23206_/Y (sky130_fd_sc_hd__xnor2_2)
                                                         _06341_ (net)
                      0.154589    0.000007   24.203299 ^ _24072_/B (sky130_fd_sc_hd__xor2_1)
     1    0.003079    0.120168    0.159581   24.362879 ^ _24072_/X (sky130_fd_sc_hd__xor2_1)
                                                         _06976_ (net)
                      0.120168    0.000009   24.362888 ^ _24073_/B (sky130_fd_sc_hd__nor2_1)
     1    0.002600    0.038554    0.052099   24.414986 v _24073_/Y (sky130_fd_sc_hd__nor2_1)
                                                         _06977_ (net)
                      0.038554    0.000005   24.414991 v _24074_/C1 (sky130_fd_sc_hd__a221o_1)
     1    0.002430    0.050966    0.249576   24.664568 v _24074_/X (sky130_fd_sc_hd__a221o_1)
                                                         _00595_ (net)
                      0.050966    0.000005   24.664574 v _31832_/D (sky130_fd_sc_hd__dfrtp_4)
                                             24.664574   data arrival time

                                 20.000000   20.000000   clock clk (rise edge)
                                  0.000000   20.000000   clock source latency
     1    0.071364    0.323119    0.232202   20.232203 ^ clk (in)
                                                         clk (net)
                      0.323987    0.000000   20.232203 ^ clkbuf_0_clk/A (sky130_fd_sc_hd__clkbuf_16)
     4    0.091621    0.110726    0.263690   20.495892 ^ clkbuf_0_clk/X (sky130_fd_sc_hd__clkbuf_16)
                                                         clknet_0_clk (net)
                      0.111063    0.004363   20.500254 ^ clkbuf_2_0_0_clk/A (sky130_fd_sc_hd__clkbuf_8)
     8    0.121628    0.212939    0.276387   20.776642 ^ clkbuf_2_0_0_clk/X (sky130_fd_sc_hd__clkbuf_8)
                                                         clknet_2_0_0_clk (net)
                      0.213050    0.002297   20.778938 ^ clkbuf_5_1__f_clk/A (sky130_fd_sc_hd__clkbuf_16)
    12    0.105830    0.120679    0.246974   21.025911 ^ clkbuf_5_1__f_clk/X (sky130_fd_sc_hd__clkbuf_16)
                                                         clknet_5_1__leaf_clk (net)
                      0.120713    0.001606   21.027517 ^ clkbuf_leaf_328_clk/A (sky130_fd_sc_hd__clkbuf_8)
     8    0.032436    0.070155    0.175669   21.203188 ^ clkbuf_leaf_328_clk/X (sky130_fd_sc_hd__clkbuf_8)
                                                         clknet_leaf_328_clk (net)
                      0.070155    0.000041   21.203228 ^ _31832_/CLK (sky130_fd_sc_hd__dfrtp_4)
                                 -0.250000   20.953230   clock uncertainty
                                  0.000000   20.953230   clock reconvergence pessimism
                                 -0.111117   20.842113   library setup time
                                             20.842113   data required time
---------------------------------------------------------------------------------------------
                                             20.842113   data required time
                                            -24.664574   data arrival time
---------------------------------------------------------------------------------------------
                                             -3.822461   slack (VIOLATED)




===========================================================================
 report_check_types -max_slew -max_cap -max_fanout -violators
============================================================================
======================= nom_tt_025C_1v80 Corner ===================================

max fanout

Pin                                   Limit Fanout  Slack
---------------------------------------------------------
clkbuf_leaf_332_clk/X                    10     20    -10 (VIOLATED)
clkbuf_leaf_66_clk/X                     10     20    -10 (VIOLATED)
clkbuf_5_4__f_clk/X                      10     19     -9 (VIOLATED)
clkbuf_5_17__f_clk/X                     10     18     -8 (VIOLATED)
clkbuf_5_22__f_clk/X                     10     18     -8 (VIOLATED)
clkbuf_leaf_362_clk/X                    10     18     -8 (VIOLATED)
clkbuf_leaf_364_clk/X                    10     18     -8 (VIOLATED)
clkbuf_leaf_113_clk/X                    10     17     -7 (VIOLATED)
clkbuf_leaf_124_clk/X                    10     17     -7 (VIOLATED)
clkbuf_5_16__f_clk/X                     10     16     -6 (VIOLATED)
clkbuf_5_26__f_clk/X                     10     16     -6 (VIOLATED)
clkbuf_leaf_260_clk/X                    10     16     -6 (VIOLATED)
clkbuf_leaf_363_clk/X                    10     16     -6 (VIOLATED)
clkbuf_leaf_86_clk/X                     10     16     -6 (VIOLATED)
clkbuf_5_0__f_clk/X                      10     15     -5 (VIOLATED)
clkbuf_5_27__f_clk/X                     10     15     -5 (VIOLATED)
clkbuf_5_29__f_clk/X                     10     15     -5 (VIOLATED)
clkbuf_leaf_10_clk/X                     10     15     -5 (VIOLATED)
clkbuf_leaf_114_clk/X                    10     15     -5 (VIOLATED)
clkbuf_leaf_11_clk/X                     10     15     -5 (VIOLATED)
clkbuf_leaf_27_clk/X                     10     15     -5 (VIOLATED)
clkbuf_leaf_291_clk/X                    10     15     -5 (VIOLATED)
clkbuf_leaf_331_clk/X                    10     15     -5 (VIOLATED)
clkbuf_leaf_359_clk/X                    10     15     -5 (VIOLATED)
clkbuf_leaf_360_clk/X                    10     15     -5 (VIOLATED)
clkbuf_leaf_63_clk/X                     10     15     -5 (VIOLATED)
clkbuf_leaf_65_clk/X                     10     15     -5 (VIOLATED)
clkbuf_leaf_8_clk/X                      10     15     -5 (VIOLATED)
clkbuf_leaf_90_clk/X                     10     15     -5 (VIOLATED)
clkbuf_5_14__f_clk/X                     10     14     -4 (VIOLATED)
clkbuf_5_15__f_clk/X                     10     14     -4 (VIOLATED)
clkbuf_5_19__f_clk/X                     10     14     -4 (VIOLATED)
clkbuf_5_23__f_clk/X                     10     14     -4 (VIOLATED)
clkbuf_5_5__f_clk/X                      10     14     -4 (VIOLATED)
clkbuf_leaf_122_clk/X                    10     14     -4 (VIOLATED)
clkbuf_leaf_19_clk/X                     10     14     -4 (VIOLATED)
clkbuf_leaf_204_clk/X                    10     14     -4 (VIOLATED)
clkbuf_leaf_243_clk/X                    10     14     -4 (VIOLATED)
clkbuf_leaf_258_clk/X                    10     14     -4 (VIOLATED)
clkbuf_leaf_270_clk/X                    10     14     -4 (VIOLATED)
clkbuf_leaf_292_clk/X                    10     14     -4 (VIOLATED)
clkbuf_leaf_325_clk/X                    10     14     -4 (VIOLATED)
clkbuf_leaf_327_clk/X                    10     14     -4 (VIOLATED)
clkbuf_leaf_339_clk/X                    10     14     -4 (VIOLATED)
clkbuf_leaf_46_clk/X                     10     14     -4 (VIOLATED)
clkbuf_leaf_87_clk/X                     10     14     -4 (VIOLATED)
clkbuf_leaf_89_clk/X                     10     14     -4 (VIOLATED)
clkbuf_leaf_94_clk/X                     10     14     -4 (VIOLATED)
clkbuf_5_12__f_clk/X                     10     13     -3 (VIOLATED)
clkbuf_5_21__f_clk/X                     10     13     -3 (VIOLATED)
clkbuf_5_25__f_clk/X                     10     13     -3 (VIOLATED)
clkbuf_5_2__f_clk/X                      10     13     -3 (VIOLATED)
clkbuf_5_3__f_clk/X                      10     13     -3 (VIOLATED)
clkbuf_5_6__f_clk/X                      10     13     -3 (VIOLATED)
clkbuf_leaf_107_clk/X                    10     13     -3 (VIOLATED)
clkbuf_leaf_121_clk/X                    10     13     -3 (VIOLATED)
clkbuf_leaf_147_clk/X                    10     13     -3 (VIOLATED)
clkbuf_leaf_148_clk/X                    10     13     -3 (VIOLATED)
clkbuf_leaf_153_clk/X                    10     13     -3 (VIOLATED)
clkbuf_leaf_155_clk/X                    10     13     -3 (VIOLATED)
clkbuf_leaf_156_clk/X                    10     13     -3 (VIOLATED)
clkbuf_leaf_160_clk/X                    10     13     -3 (VIOLATED)
clkbuf_leaf_166_clk/X                    10     13     -3 (VIOLATED)
clkbuf_leaf_179_clk/X                    10     13     -3 (VIOLATED)
clkbuf_leaf_20_clk/X                     10     13     -3 (VIOLATED)
clkbuf_leaf_219_clk/X                    10     13     -3 (VIOLATED)
clkbuf_leaf_249_clk/X                    10     13     -3 (VIOLATED)
clkbuf_leaf_264_clk/X                    10     13     -3 (VIOLATED)
clkbuf_leaf_265_clk/X                    10     13     -3 (VIOLATED)
clkbuf_leaf_271_clk/X                    10     13     -3 (VIOLATED)
clkbuf_leaf_272_clk/X                    10     13     -3 (VIOLATED)
clkbuf_leaf_280_clk/X                    10     13     -3 (VIOLATED)
clkbuf_leaf_286_clk/X                    10     13     -3 (VIOLATED)
clkbuf_leaf_299_clk/X                    10     13     -3 (VIOLATED)
clkbuf_leaf_301_clk/X                    10     13     -3 (VIOLATED)
clkbuf_leaf_324_clk/X                    10     13     -3 (VIOLATED)
clkbuf_leaf_338_clk/X                    10     13     -3 (VIOLATED)
clkbuf_leaf_348_clk/X                    10     13     -3 (VIOLATED)
clkbuf_leaf_361_clk/X                    10     13     -3 (VIOLATED)
clkbuf_leaf_366_clk/X                    10     13     -3 (VIOLATED)
clkbuf_leaf_367_clk/X                    10     13     -3 (VIOLATED)
clkbuf_leaf_3_clk/X                      10     13     -3 (VIOLATED)
clkbuf_leaf_4_clk/X                      10     13     -3 (VIOLATED)
clkbuf_leaf_91_clk/X                     10     13     -3 (VIOLATED)
clkbuf_5_1__f_clk/X                      10     12     -2 (VIOLATED)
clkbuf_5_20__f_clk/X                     10     12     -2 (VIOLATED)
clkbuf_leaf_100_clk/X                    10     12     -2 (VIOLATED)
clkbuf_leaf_103_clk/X                    10     12     -2 (VIOLATED)
clkbuf_leaf_112_clk/X                    10     12     -2 (VIOLATED)
clkbuf_leaf_125_clk/X                    10     12     -2 (VIOLATED)
clkbuf_leaf_12_clk/X                     10     12     -2 (VIOLATED)
clkbuf_leaf_13_clk/X                     10     12     -2 (VIOLATED)
clkbuf_leaf_164_clk/X                    10     12     -2 (VIOLATED)
clkbuf_leaf_167_clk/X                    10     12     -2 (VIOLATED)
clkbuf_leaf_168_clk/X                    10     12     -2 (VIOLATED)
clkbuf_leaf_176_clk/X                    10     12     -2 (VIOLATED)
clkbuf_leaf_177_clk/X                    10     12     -2 (VIOLATED)
clkbuf_leaf_178_clk/X                    10     12     -2 (VIOLATED)
clkbuf_leaf_187_clk/X                    10     12     -2 (VIOLATED)
clkbuf_leaf_191_clk/X                    10     12     -2 (VIOLATED)
clkbuf_leaf_198_clk/X                    10     12     -2 (VIOLATED)
clkbuf_leaf_205_clk/X                    10     12     -2 (VIOLATED)
clkbuf_leaf_210_clk/X                    10     12     -2 (VIOLATED)
clkbuf_leaf_211_clk/X                    10     12     -2 (VIOLATED)
clkbuf_leaf_250_clk/X                    10     12     -2 (VIOLATED)
clkbuf_leaf_329_clk/X                    10     12     -2 (VIOLATED)
clkbuf_leaf_337_clk/X                    10     12     -2 (VIOLATED)
clkbuf_leaf_344_clk/X                    10     12     -2 (VIOLATED)
clkbuf_leaf_351_clk/X                    10     12     -2 (VIOLATED)
clkbuf_leaf_352_clk/X                    10     12     -2 (VIOLATED)
clkbuf_leaf_53_clk/X                     10     12     -2 (VIOLATED)
clkbuf_leaf_57_clk/X                     10     12     -2 (VIOLATED)
clkbuf_leaf_5_clk/X                      10     12     -2 (VIOLATED)
clkbuf_leaf_67_clk/X                     10     12     -2 (VIOLATED)
clkbuf_leaf_68_clk/X                     10     12     -2 (VIOLATED)
clkbuf_leaf_6_clk/X                      10     12     -2 (VIOLATED)
clkbuf_leaf_82_clk/X                     10     12     -2 (VIOLATED)
clkbuf_leaf_88_clk/X                     10     12     -2 (VIOLATED)
clkbuf_leaf_93_clk/X                     10     12     -2 (VIOLATED)
clkbuf_leaf_96_clk/X                     10     12     -2 (VIOLATED)
clkbuf_5_28__f_clk/X                     10     11        (VIOLATED)
clkbuf_5_9__f_clk/X                      10     11        (VIOLATED)
clkbuf_leaf_0_clk/X                      10     11        (VIOLATED)
clkbuf_leaf_101_clk/X                    10     11        (VIOLATED)
clkbuf_leaf_102_clk/X                    10     11        (VIOLATED)
clkbuf_leaf_105_clk/X                    10     11        (VIOLATED)
clkbuf_leaf_117_clk/X                    10     11        (VIOLATED)
clkbuf_leaf_123_clk/X                    10     11        (VIOLATED)
clkbuf_leaf_212_clk/X                    10     11        (VIOLATED)
clkbuf_leaf_236_clk/X                    10     11        (VIOLATED)
clkbuf_leaf_245_clk/X                    10     11        (VIOLATED)
clkbuf_leaf_248_clk/X                    10     11        (VIOLATED)
clkbuf_leaf_256_clk/X                    10     11        (VIOLATED)
clkbuf_leaf_266_clk/X                    10     11        (VIOLATED)
clkbuf_leaf_278_clk/X                    10     11        (VIOLATED)
clkbuf_leaf_284_clk/X                    10     11        (VIOLATED)
clkbuf_leaf_285_clk/X                    10     11        (VIOLATED)
clkbuf_leaf_297_clk/X                    10     11        (VIOLATED)
clkbuf_leaf_2_clk/X                      10     11        (VIOLATED)
clkbuf_leaf_300_clk/X                    10     11        (VIOLATED)
clkbuf_leaf_308_clk/X                    10     11        (VIOLATED)
clkbuf_leaf_326_clk/X                    10     11        (VIOLATED)
clkbuf_leaf_341_clk/X                    10     11        (VIOLATED)
clkbuf_leaf_347_clk/X                    10     11        (VIOLATED)
clkbuf_leaf_349_clk/X                    10     11        (VIOLATED)
clkbuf_leaf_354_clk/X                    10     11        (VIOLATED)
clkbuf_leaf_355_clk/X                    10     11        (VIOLATED)
clkbuf_leaf_365_clk/X                    10     11        (VIOLATED)
clkbuf_leaf_43_clk/X                     10     11        (VIOLATED)
clkbuf_leaf_44_clk/X                     10     11        (VIOLATED)
clkbuf_leaf_47_clk/X                     10     11        (VIOLATED)
clkbuf_leaf_51_clk/X                     10     11        (VIOLATED)
clkbuf_leaf_52_clk/X                     10     11        (VIOLATED)
clkbuf_leaf_54_clk/X                     10     11        (VIOLATED)
clkbuf_leaf_58_clk/X                     10     11        (VIOLATED)
clkbuf_leaf_60_clk/X                     10     11        (VIOLATED)
clkbuf_leaf_62_clk/X                     10     11        (VIOLATED)
clkbuf_leaf_64_clk/X                     10     11        (VIOLATED)
clkbuf_leaf_7_clk/X                      10     11        (VIOLATED)
clkbuf_leaf_85_clk/X                     10     11        (VIOLATED)
clkbuf_leaf_95_clk/X                     10     11        (VIOLATED)



===========================================================================
report_parasitic_annotation -report_unannotated
============================================================================
Found 347 unannotated drivers.
 clkload0/Y
 clkload1/Y
 clkload10/Y
 clkload100/Y
 clkload101/X
 clkload102/Y
 clkload103/Y
 clkload104/Y
 clkload105/Y
 clkload106/Y
 clkload107/Y
 clkload108/Y
 clkload109/Y
 clkload11/Y
 clkload110/Y
 clkload111/Y
 clkload112/Y
 clkload113/X
 clkload114/Y
 clkload115/Y
 clkload116/Y
 clkload117/X
 clkload118/Y
 clkload119/Y
 clkload12/Y
 clkload120/Y
 clkload121/Y
 clkload122/Y
 clkload123/X
 clkload124/Y
 clkload125/Y
 clkload126/Y
 clkload127/Y
 clkload128/Y
 clkload129/Y
 clkload13/X
 clkload130/Y
 clkload131/Y
 clkload132/Y
 clkload133/X
 clkload134/X
 clkload135/X
 clkload136/X
 clkload137/Y
 clkload138/Y
 clkload139/Y
 clkload14/Y
 clkload140/Y
 clkload141/Y
 clkload142/Y
 clkload143/Y
 clkload144/Y
 clkload145/Y
 clkload146/Y
 clkload147/Y
 clkload148/Y
 clkload149/Y
 clkload15/X
 clkload150/Y
 clkload151/Y
 clkload152/Y
 clkload153/Y
 clkload154/Y
 clkload155/Y
 clkload156/Y
 clkload157/Y
 clkload158/Y
 clkload159/Y
 clkload16/Y
 clkload160/Y
 clkload161/X
 clkload162/Y
 clkload163/Y
 clkload164/Y
 clkload165/X
 clkload166/X
 clkload167/Y
 clkload168/Y
 clkload169/Y
 clkload17/Y
 clkload170/Y
 clkload171/Y
 clkload172/X
 clkload173/Y
 clkload174/Y
 clkload175/Y
 clkload176/Y
 clkload177/Y
 clkload178/X
 clkload179/Y
 clkload18/Y
 clkload180/Y
 clkload181/Y
 clkload182/Y
 clkload183/Y
 clkload184/Y
 clkload185/Y
 clkload186/Y
 clkload187/Y
 clkload188/Y
 clkload189/Y
 clkload19/Y
 clkload190/Y
 clkload191/Y
 clkload192/Y
 clkload193/Y
 clkload194/Y
 clkload195/Y
 clkload196/Y
 clkload197/Y
 clkload198/Y
 clkload199/Y
 clkload2/Y
 clkload20/Y
 clkload200/Y
 clkload201/Y
 clkload202/Y
 clkload203/Y
 clkload204/Y
 clkload205/Y
 clkload206/Y
 clkload207/Y
 clkload208/Y
 clkload209/X
 clkload21/Y
 clkload210/X
 clkload211/Y
 clkload212/Y
 clkload213/X
 clkload214/Y
 clkload215/Y
 clkload216/Y
 clkload217/Y
 clkload218/Y
 clkload219/Y
 clkload22/Y
 clkload220/Y
 clkload221/Y
 clkload222/X
 clkload223/X
 clkload224/Y
 clkload225/Y
 clkload226/Y
 clkload227/X
 clkload228/Y
 clkload229/Y
 clkload23/X
 clkload230/Y
 clkload231/Y
 clkload232/X
 clkload233/Y
 clkload234/X
 clkload235/Y
 clkload236/Y
 clkload237/Y
 clkload238/Y
 clkload239/Y
 clkload24/Y
 clkload240/Y
 clkload241/Y
 clkload242/Y
 clkload243/Y
 clkload244/X
 clkload245/X
 clkload246/Y
 clkload247/Y
 clkload248/Y
 clkload249/Y
 clkload25/Y
 clkload250/Y
 clkload251/Y
 clkload252/Y
 clkload253/Y
 clkload254/Y
 clkload255/Y
 clkload256/Y
 clkload257/X
 clkload258/Y
 clkload259/Y
 clkload26/Y
 clkload260/Y
 clkload261/Y
 clkload262/Y
 clkload263/Y
 clkload264/Y
 clkload265/Y
 clkload266/Y
 clkload267/Y
 clkload268/Y
 clkload269/Y
 clkload27/Y
 clkload270/X
 clkload271/Y
 clkload272/Y
 clkload273/Y
 clkload274/X
 clkload275/Y
 clkload276/Y
 clkload277/Y
 clkload278/X
 clkload279/Y
 clkload28/Y
 clkload280/Y
 clkload281/Y
 clkload282/X
 clkload283/Y
 clkload284/Y
 clkload285/Y
 clkload286/X
 clkload287/X
 clkload288/Y
 clkload289/Y
 clkload29/Y
 clkload290/Y
 clkload291/Y
 clkload292/Y
 clkload293/Y
 clkload294/Y
 clkload295/Y
 clkload296/Y
 clkload297/Y
 clkload298/Y
 clkload299/Y
 clkload3/Y
 clkload30/Y
 clkload300/Y
 clkload301/Y
 clkload302/Y
 clkload303/Y
 clkload304/Y
 clkload305/Y
 clkload306/Y
 clkload307/Y
 clkload308/Y
 clkload309/Y
 clkload31/Y
 clkload310/Y
 clkload311/Y
 clkload312/Y
 clkload313/Y
 clkload314/X
 clkload315/Y
 clkload316/Y
 clkload317/X
 clkload318/Y
 clkload319/X
 clkload32/X
 clkload320/X
 clkload321/X
 clkload322/Y
 clkload323/Y
 clkload324/Y
 clkload325/Y
 clkload326/Y
 clkload327/X
 clkload328/X
 clkload329/X
 clkload33/X
 clkload330/Y
 clkload331/Y
 clkload332/Y
 clkload333/Y
 clkload334/Y
 clkload335/Y
 clkload336/X
 clkload337/X
 clkload338/Y
 clkload339/Y
 clkload34/Y
 clkload340/Y
 clkload341/Y
 clkload342/Y
 clkload343/Y
 clkload344/Y
 clkload345/Y
 clkload346/Y
 clkload35/Y
 clkload36/Y
 clkload37/Y
 clkload38/Y
 clkload39/Y
 clkload4/Y
 clkload40/Y
 clkload41/Y
 clkload42/Y
 clkload43/Y
 clkload44/Y
 clkload45/Y
 clkload46/X
 clkload47/Y
 clkload48/X
 clkload49/Y
 clkload5/Y
 clkload50/Y
 clkload51/Y
 clkload52/Y
 clkload53/Y
 clkload54/Y
 clkload55/X
 clkload56/Y
 clkload57/Y
 clkload58/Y
 clkload59/Y
 clkload6/Y
 clkload60/X
 clkload61/Y
 clkload62/Y
 clkload63/Y
 clkload64/Y
 clkload65/Y
 clkload66/Y
 clkload67/Y
 clkload68/Y
 clkload69/Y
 clkload7/Y
 clkload70/Y
 clkload71/Y
 clkload72/Y
 clkload73/Y
 clkload74/Y
 clkload75/Y
 clkload76/Y
 clkload77/Y
 clkload78/X
 clkload79/X
 clkload8/Y
 clkload80/Y
 clkload81/Y
 clkload82/Y
 clkload83/Y
 clkload84/Y
 clkload85/Y
 clkload86/Y
 clkload87/Y
 clkload88/Y
 clkload89/Y
 clkload9/Y
 clkload90/Y
 clkload91/Y
 clkload92/Y
 clkload93/Y
 clkload94/X
 clkload95/Y
 clkload96/Y
 clkload97/Y
 clkload98/Y
 clkload99/Y
Found 0 partially unannotated drivers.

===========================================================================
max slew violation count 0
Writing metric design__max_slew_violation__count__corner:nom_tt_025C_1v80: 0
max fanout violation count 161
Writing metric design__max_fanout_violation__count__corner:nom_tt_025C_1v80: 161
max cap violation count 0
Writing metric design__max_cap_violation__count__corner:nom_tt_025C_1v80: 0
============================================================================

===========================================================================
check_setup -verbose -unconstrained_endpoints -multiple_clock -no_clock -no_input_delay -loops -generated_clocks
===========================================================================
