Clock: clk
Sources: clk 
Generated: no
Virtual: yes
Propagated: no
Period: 20.000000

===========================================================================
report_clock_properties
============================================================================
Clock                   Period          Waveform
----------------------------------------------------
clk                  20.000000    0.000000 10.000000

===========================================================================
report_clock_latency
============================================================================
Clock clk
rise -> rise
    min     max
0.000000 0.000000 source latency
1.007531         network latency _32777_/CLK
        1.242365 network latency _34127_/CLK
---------------
1.007531 1.242365 latency
        0.234833 skew

fall -> fall
    min     max
0.000000 0.000000 source latency
0.816536         network latency _32777_/CLK
        1.027081 network latency _34127_/CLK
---------------
0.816536 1.027081 latency
        0.210544 skew



===========================================================================
report_clock_min_period
============================================================================
clk period_min = 23.82 fmax = 41.98
