Clock: clk
Sources: clk 
Generated: no
Virtual: no
Propagated: no
Period: 20.000000

===========================================================================
report_clock_properties
============================================================================
Clock                   Period          Waveform
----------------------------------------------------
clk                  20.000000    0.000000 10.000000

===========================================================================
report_clock_latency
============================================================================
Clock clk
rise -> rise
    min     max
0.000000 0.000000 source latency
26.030174         network latency _31250_/CLK
        26.030174 network latency _31250_/CLK
---------------
26.030174 26.030174 latency
        0.000000 skew

fall -> fall
    min     max
0.000000 0.000000 source latency
14.401175         network latency _31250_/CLK
        14.401175 network latency _31250_/CLK
---------------
14.401175 14.401175 latency
        0.000000 skew



===========================================================================
report_clock_min_period
============================================================================
clk period_min = 49.56 fmax = 20.18
