Clock: clk
Sources: clk 
Generated: no
Virtual: yes
Propagated: no
Period: 20.000000

===========================================================================
report_clock_properties
============================================================================
Clock                   Period          Waveform
----------------------------------------------------
clk                  20.000000    0.000000 10.000000

===========================================================================
report_clock_latency
============================================================================
Clock clk
rise -> rise
    min     max
0.000000 0.000000 source latency
1.573614         network latency _32777_/CLK
        1.921822 network latency _31945_/CLK
---------------
1.573614 1.921822 latency
        0.348207 skew

fall -> fall
    min     max
0.000000 0.000000 source latency
1.215176         network latency _32777_/CLK
        1.515383 network latency _31945_/CLK
---------------
1.215176 1.515383 latency
        0.300207 skew



===========================================================================
report_clock_min_period
============================================================================
clk period_min = 27.44 fmax = 36.44
