
===========================================================================
report_checks -unconstrained
===========================================================================
======================= nom_tt_025C_1v80 Corner ===================================

Startpoint: rst_n (input port clocked by clk)
Endpoint: _31572_ (recovery check against rising-edge clock clk)
Path Group: asynchronous
Path Type: max

Fanout         Cap        Slew       Delay        Time   Description
---------------------------------------------------------------------------------------------
                                  0.000000    0.000000   clock clk (rise edge)
                                  0.000000    0.000000   clock network delay (propagated)
                                  4.000000    4.000000 ^ input external delay
     1    0.003039    0.020760    0.011163    4.011163 ^ rst_n (in)
                                                         rst_n (net)
                      0.020760    0.000000    4.011163 ^ input71/A (sky130_fd_sc_hd__dlymetal6s2s_1)
     1    0.017393    0.190599    0.182374    4.193537 ^ input71/X (sky130_fd_sc_hd__dlymetal6s2s_1)
                                                         net71 (net)
                      0.190624    0.001762    4.195299 ^ fanout1711/A (sky130_fd_sc_hd__buf_8)
     9    0.108695    0.179002    0.232014    4.427313 ^ fanout1711/X (sky130_fd_sc_hd__buf_8)
                                                         net1711 (net)
                      0.179025    0.001723    4.429036 ^ fanout1539/A (sky130_fd_sc_hd__buf_6)
     9    0.093076    0.188084    0.236400    4.665436 ^ fanout1539/X (sky130_fd_sc_hd__buf_6)
                                                         net1539 (net)
                      0.188646    0.008453    4.673890 ^ fanout1474/A (sky130_fd_sc_hd__clkbuf_8)
     9    0.072709    0.135229    0.242364    4.916254 ^ fanout1474/X (sky130_fd_sc_hd__clkbuf_8)
                                                         net1474 (net)
                      0.135382    0.003788    4.920042 ^ fanout1472/A (sky130_fd_sc_hd__buf_4)
    10    0.064649    0.181921    0.241929    5.161970 ^ fanout1472/X (sky130_fd_sc_hd__buf_4)
                                                         net1472 (net)
                      0.181926    0.000854    5.162824 ^ fanout1471/A (sky130_fd_sc_hd__buf_2)
     7    0.039018    0.192042    0.256921    5.419745 ^ fanout1471/X (sky130_fd_sc_hd__buf_2)
                                                         net1471 (net)
                      0.192111    0.000508    5.420254 ^ fanout1470/A (sky130_fd_sc_hd__buf_2)
     6    0.032904    0.164571    0.240062    5.660316 ^ fanout1470/X (sky130_fd_sc_hd__buf_2)
                                                         net1470 (net)
                      0.164571    0.000772    5.661088 ^ fanout1467/A (sky130_fd_sc_hd__clkbuf_4)
    10    0.046467    0.146571    0.251727    5.912815 ^ fanout1467/X (sky130_fd_sc_hd__clkbuf_4)
                                                         net1467 (net)
                      0.146571    0.000604    5.913418 ^ fanout1466/A (sky130_fd_sc_hd__clkbuf_4)
    10    0.047299    0.149184    0.248423    6.161840 ^ fanout1466/X (sky130_fd_sc_hd__clkbuf_4)
                                                         net1466 (net)
                      0.149204    0.001768    6.163609 ^ _31572_/RESET_B (sky130_fd_sc_hd__dfrtp_4)
                                              6.163609   data arrival time

                                 20.000000   20.000000   clock clk (rise edge)
                                  0.000000   20.000000   clock source latency
     3    0.074291    0.338914    0.243267   20.243267 ^ clk (in)
                                                         clk (net)
                      0.341298    0.000000   20.243267 ^ clkbuf_0_clk/A (sky130_fd_sc_hd__clkbuf_16)
     4    0.092952    0.112574    0.266409   20.509676 ^ clkbuf_0_clk/X (sky130_fd_sc_hd__clkbuf_16)
                                                         clknet_0_clk (net)
                      0.112866    0.004674   20.514349 ^ clkbuf_2_0_0_clk/A (sky130_fd_sc_hd__clkbuf_8)
     8    0.122705    0.215289    0.275126   20.789476 ^ clkbuf_2_0_0_clk/X (sky130_fd_sc_hd__clkbuf_8)
                                                         clknet_2_0_0_clk (net)
                      0.215332    0.002560   20.792036 ^ clkbuf_5_7__f_clk/A (sky130_fd_sc_hd__clkbuf_16)
    10    0.100544    0.117167    0.242137   21.034172 ^ clkbuf_5_7__f_clk/X (sky130_fd_sc_hd__clkbuf_16)
                                                         clknet_5_7__leaf_clk (net)
                      0.117206    0.002082   21.036255 ^ clkbuf_leaf_325_clk/A (sky130_fd_sc_hd__clkbuf_8)
    14    0.039628    0.081311    0.182581   21.218836 ^ clkbuf_leaf_325_clk/X (sky130_fd_sc_hd__clkbuf_8)
                                                         clknet_leaf_325_clk (net)
                      0.081331    0.001242   21.220078 ^ _31572_/CLK (sky130_fd_sc_hd__dfrtp_4)
                                 -0.250000   20.970078   clock uncertainty
                                  0.000000   20.970078   clock reconvergence pessimism
                                  0.194872   21.164949   library recovery time
                                             21.164949   data required time
---------------------------------------------------------------------------------------------
                                             21.164949   data required time
                                             -6.163609   data arrival time
---------------------------------------------------------------------------------------------
                                             15.001341   slack (MET)


Startpoint: _31831_ (rising edge-triggered flip-flop clocked by clk)
Endpoint: _31832_ (rising edge-triggered flip-flop clocked by clk)
Path Group: clk
Path Type: max

Fanout         Cap        Slew       Delay        Time   Description
---------------------------------------------------------------------------------------------
                                  0.000000    0.000000   clock clk (rise edge)
                                  0.000000    0.000000   clock source latency
     3    0.074291    0.338914    0.243266    0.243266 ^ clk (in)
                                                         clk (net)
                      0.341298    0.000000    0.243266 ^ clkbuf_0_clk/A (sky130_fd_sc_hd__clkbuf_16)
     4    0.092952    0.112574    0.266410    0.509676 ^ clkbuf_0_clk/X (sky130_fd_sc_hd__clkbuf_16)
                                                         clknet_0_clk (net)
                      0.112866    0.004673    0.514349 ^ clkbuf_2_0_0_clk/A (sky130_fd_sc_hd__clkbuf_8)
     8    0.122705    0.215289    0.275127    0.789476 ^ clkbuf_2_0_0_clk/X (sky130_fd_sc_hd__clkbuf_8)
                                                         clknet_2_0_0_clk (net)
                      0.215680    0.007532    0.797008 ^ clkbuf_5_1__f_clk/A (sky130_fd_sc_hd__clkbuf_16)
    12    0.110129    0.124852    0.249367    1.046376 ^ clkbuf_5_1__f_clk/X (sky130_fd_sc_hd__clkbuf_16)
                                                         clknet_5_1__leaf_clk (net)
                      0.125023    0.003697    1.050072 ^ clkbuf_leaf_329_clk/A (sky130_fd_sc_hd__clkbuf_8)
    12    0.039999    0.081941    0.185962    1.236034 ^ clkbuf_leaf_329_clk/X (sky130_fd_sc_hd__clkbuf_8)
                                                         clknet_leaf_329_clk (net)
                      0.081947    0.000799    1.236833 ^ _31831_/CLK (sky130_fd_sc_hd__dfrtp_4)
     7    0.080181    0.240326    0.564901    1.801734 ^ _31831_/Q (sky130_fd_sc_hd__dfrtp_4)
                                                         chacha_unit.U_QR_COL_1.in_b[5] (net)
                      0.241772    0.015076    1.816810 ^ _16308_/A (sky130_fd_sc_hd__or2_4)
     3    0.010818    0.049779    0.182074    1.998884 ^ _16308_/X (sky130_fd_sc_hd__or2_4)
                                                         _12323_ (net)
                      0.049779    0.000203    1.999087 ^ _16309_/B (sky130_fd_sc_hd__nand2_2)
     2    0.020662    0.090191    0.094353    2.093440 v _16309_/Y (sky130_fd_sc_hd__nand2_2)
                                                         _12324_ (net)
                      0.090194    0.000394    2.093834 v _16310_/A (sky130_fd_sc_hd__or4_4)
     1    0.005394    0.085825    0.545350    2.639184 v _16310_/X (sky130_fd_sc_hd__or4_4)
                                                         _12325_ (net)
                      0.085825    0.000154    2.639338 v _16311_/C1 (sky130_fd_sc_hd__a211o_4)
     2    0.038201    0.098470    0.337810    2.977148 v _16311_/X (sky130_fd_sc_hd__a211o_4)
                                                         _12326_ (net)
                      0.098554    0.002602    2.979750 v _16322_/A2 (sky130_fd_sc_hd__a211o_4)
     4    0.018480    0.071093    0.380736    3.360486 v _16322_/X (sky130_fd_sc_hd__a211o_4)
                                                         _12337_ (net)
                      0.071093    0.001280    3.361766 v _16345_/A2 (sky130_fd_sc_hd__a2111o_4)
     2    0.037868    0.118908    0.566266    3.928032 v _16345_/X (sky130_fd_sc_hd__a2111o_4)
                                                         _12360_ (net)
                      0.119197    0.005116    3.933148 v _16355_/A2 (sky130_fd_sc_hd__a21oi_4)
     4    0.018826    0.176445    0.229795    4.162943 ^ _16355_/Y (sky130_fd_sc_hd__a21oi_4)
                                                         _12370_ (net)
                      0.176452    0.001201    4.164144 ^ _16367_/A2 (sky130_fd_sc_hd__o211ai_2)
     3    0.008941    0.090738    0.117181    4.281325 v _16367_/Y (sky130_fd_sc_hd__o211ai_2)
                                                         _12382_ (net)
                      0.090738    0.000262    4.281587 v _16375_/A1 (sky130_fd_sc_hd__a211o_1)
     2    0.008720    0.075954    0.302081    4.583668 v _16375_/X (sky130_fd_sc_hd__a211o_1)
                                                         _12390_ (net)
                      0.075954    0.000244    4.583912 v _16376_/B (sky130_fd_sc_hd__nand2_2)
     1    0.016779    0.101645    0.119488    4.703400 ^ _16376_/Y (sky130_fd_sc_hd__nand2_2)
                                                         _12391_ (net)
                      0.101687    0.000634    4.704033 ^ _16378_/B (sky130_fd_sc_hd__xor2_4)
     3    0.028616    0.244590    0.254397    4.958431 ^ _16378_/X (sky130_fd_sc_hd__xor2_4)
                                                         _12393_ (net)
                      0.244597    0.001064    4.959495 ^ _16379_/B (sky130_fd_sc_hd__xnor2_4)
     2    0.046148    0.371300    0.225968    5.185463 ^ _16379_/Y (sky130_fd_sc_hd__xnor2_4)
                                                         _12394_ (net)
                      0.371374    0.004192    5.189655 ^ max_cap382/A (sky130_fd_sc_hd__buf_4)
     2    0.033762    0.104699    0.238240    5.427895 ^ max_cap382/X (sky130_fd_sc_hd__buf_4)
                                                         net382 (net)
                      0.105200    0.005288    5.433183 ^ _16381_/B (sky130_fd_sc_hd__xnor2_4)
     4    0.024804    0.094589    0.105028    5.538211 v _16381_/Y (sky130_fd_sc_hd__xnor2_4)
                                                         _12396_ (net)
                      0.094590    0.000458    5.538669 v _16404_/A (sky130_fd_sc_hd__or4_4)
     2    0.005641    0.086360    0.547869    6.086538 v _16404_/X (sky130_fd_sc_hd__or4_4)
                                                         _12419_ (net)
                      0.086360    0.000123    6.086660 v _16493_/A (sky130_fd_sc_hd__or4bb_4)
     3    0.013920    0.102350    0.577970    6.664630 v _16493_/X (sky130_fd_sc_hd__or4bb_4)
                                                         _12508_ (net)
                      0.102350    0.000434    6.665065 v _16565_/A1 (sky130_fd_sc_hd__a311o_4)
     3    0.056411    0.125712    0.423206    7.088271 v _16565_/X (sky130_fd_sc_hd__a311o_4)
                                                         _12580_ (net)
                      0.126031    0.005410    7.093681 v _16575_/A2 (sky130_fd_sc_hd__a31o_4)
     3    0.015112    0.049570    0.276610    7.370291 v _16575_/X (sky130_fd_sc_hd__a31o_4)
                                                         _12590_ (net)
                      0.049576    0.000528    7.370819 v _16687_/A2 (sky130_fd_sc_hd__o21ai_4)
     2    0.021631    0.198510    0.191860    7.562680 ^ _16687_/Y (sky130_fd_sc_hd__o21ai_4)
                                                         _12702_ (net)
                      0.198510    0.000592    7.563271 ^ _16688_/A1 (sky130_fd_sc_hd__a21o_1)
     1    0.019305    0.172099    0.237556    7.800827 ^ _16688_/X (sky130_fd_sc_hd__a21o_1)
                                                         _12703_ (net)
                      0.172099    0.000584    7.801411 ^ _16689_/A (sky130_fd_sc_hd__xor2_4)
     4    0.029956    0.252780    0.269140    8.070552 ^ _16689_/X (sky130_fd_sc_hd__xor2_4)
                                                         _12704_ (net)
                      0.252799    0.001714    8.072266 ^ _16690_/A (sky130_fd_sc_hd__xnor2_4)
     3    0.024588    0.102569    0.146530    8.218796 v _16690_/Y (sky130_fd_sc_hd__xnor2_4)
                                                         _12705_ (net)
                      0.102575    0.000859    8.219654 v _16693_/B (sky130_fd_sc_hd__xor2_4)
     2    0.019924    0.099724    0.189352    8.409006 v _16693_/X (sky130_fd_sc_hd__xor2_4)
                                                         _12708_ (net)
                      0.099724    0.000179    8.409185 v _16700_/B (sky130_fd_sc_hd__or2_4)
     2    0.008810    0.052652    0.254434    8.663619 v _16700_/X (sky130_fd_sc_hd__or2_4)
                                                         _12715_ (net)
                      0.052652    0.000242    8.663862 v _16704_/A4 (sky130_fd_sc_hd__o41a_4)
     3    0.031853    0.103954    0.408615    9.072477 v _16704_/X (sky130_fd_sc_hd__o41a_4)
                                                         _12719_ (net)
                      0.104638    0.005706    9.078183 v _16718_/A3 (sky130_fd_sc_hd__a311o_4)
     2    0.014853    0.072499    0.448526    9.526709 v _16718_/X (sky130_fd_sc_hd__a311o_4)
                                                         _12733_ (net)
                      0.072499    0.000495    9.527204 v _16772_/A1 (sky130_fd_sc_hd__a21oi_4)
     3    0.034507    0.273224    0.263089    9.790293 ^ _16772_/Y (sky130_fd_sc_hd__a21oi_4)
                                                         _12787_ (net)
                      0.273355    0.004762    9.795054 ^ _16780_/A1 (sky130_fd_sc_hd__o21ai_4)
     4    0.035598    0.110097    0.154708    9.949763 v _16780_/Y (sky130_fd_sc_hd__o21ai_4)
                                                         _12795_ (net)
                      0.110188    0.001748    9.951511 v _16927_/A1 (sky130_fd_sc_hd__a21oi_4)
     2    0.024230    0.209380    0.230681   10.182192 ^ _16927_/Y (sky130_fd_sc_hd__a21oi_4)
                                                         _12942_ (net)
                      0.209380    0.000698   10.182890 ^ _16928_/A2 (sky130_fd_sc_hd__a21bo_4)
     2    0.035146    0.123490    0.223781   10.406672 ^ _16928_/X (sky130_fd_sc_hd__a21bo_4)
                                                         _12943_ (net)
                      0.123512    0.001650   10.408321 ^ _16929_/B (sky130_fd_sc_hd__xor2_4)
     2    0.021830    0.203265    0.227254   10.635575 ^ _16929_/X (sky130_fd_sc_hd__xor2_4)
                                                         _12944_ (net)
                      0.203268    0.001063   10.636639 ^ _16931_/B (sky130_fd_sc_hd__xnor2_4)
     3    0.023448    0.115051    0.120905   10.757544 v _16931_/Y (sky130_fd_sc_hd__xnor2_4)
                                                         _12946_ (net)
                      0.115052    0.000666   10.758210 v _16949_/B (sky130_fd_sc_hd__or2_1)
     2    0.008187    0.073107    0.260868   11.019077 v _16949_/X (sky130_fd_sc_hd__or2_1)
                                                         _12964_ (net)
                      0.073107    0.000171   11.019249 v _16951_/A2 (sky130_fd_sc_hd__a21o_2)
     4    0.030075    0.096789    0.286263   11.305512 v _16951_/X (sky130_fd_sc_hd__a21o_2)
                                                         _12966_ (net)
                      0.096810    0.001385   11.306897 v _16983_/A (sky130_fd_sc_hd__and4_1)
     2    0.007842    0.060129    0.190272   11.497169 v _16983_/X (sky130_fd_sc_hd__and4_1)
                                                         _12998_ (net)
                      0.060129    0.000260   11.497429 v _16993_/A1 (sky130_fd_sc_hd__o31a_4)
     2    0.030566    0.084583    0.398748   11.896177 v _16993_/X (sky130_fd_sc_hd__o31a_4)
                                                         _13008_ (net)
                      0.084701    0.002814   11.898991 v _17009_/A2 (sky130_fd_sc_hd__o31a_1)
     1    0.008231    0.071486    0.316261   12.215251 v _17009_/X (sky130_fd_sc_hd__o31a_1)
                                                         _13024_ (net)
                      0.071487    0.000426   12.215677 v _17060_/A2 (sky130_fd_sc_hd__a211o_4)
     4    0.053101    0.123404    0.417875   12.633553 v _17060_/X (sky130_fd_sc_hd__a211o_4)
                                                         _13075_ (net)
                      0.126235    0.014857   12.648409 v _17068_/A1 (sky130_fd_sc_hd__a311o_4)
     3    0.014991    0.073176    0.365993   13.014401 v _17068_/X (sky130_fd_sc_hd__a311o_4)
                                                         _13083_ (net)
                      0.073176    0.000732   13.015133 v _17072_/A3 (sky130_fd_sc_hd__a31o_4)
     2    0.027913    0.065054    0.284327   13.299460 v _17072_/X (sky130_fd_sc_hd__a31o_4)
                                                         _13087_ (net)
                      0.065087    0.001362   13.300822 v _17073_/A1 (sky130_fd_sc_hd__a21oi_4)
     1    0.017443    0.168016    0.179828   13.480650 ^ _17073_/Y (sky130_fd_sc_hd__a21oi_4)
                                                         _13088_ (net)
                      0.168018    0.000687   13.481338 ^ _17078_/B (sky130_fd_sc_hd__xnor2_4)
     2    0.027315    0.110465    0.121942   13.603280 v _17078_/Y (sky130_fd_sc_hd__xnor2_4)
                                                         _13093_ (net)
                      0.110556    0.002477   13.605757 v _17079_/A (sky130_fd_sc_hd__xnor2_4)
     1    0.019192    0.198197    0.240742   13.846498 ^ _17079_/Y (sky130_fd_sc_hd__xnor2_4)
                                                         _13094_ (net)
                      0.198222    0.002229   13.848728 ^ wire242/A (sky130_fd_sc_hd__buf_8)
     3    0.046315    0.085405    0.169457   14.018186 ^ wire242/X (sky130_fd_sc_hd__buf_8)
                                                         net242 (net)
                      0.085671    0.003531   14.021717 ^ rebuffer54/A (sky130_fd_sc_hd__dlymetal6s2s_1)
     1    0.003693    0.064646    0.116051   14.137768 ^ rebuffer54/X (sky130_fd_sc_hd__dlymetal6s2s_1)
                                                         net1829 (net)
                      0.064646    0.000127   14.137895 ^ _17080_/B (sky130_fd_sc_hd__nand2_1)
     2    0.008676    0.127061    0.084340   14.222235 v _17080_/Y (sky130_fd_sc_hd__nand2_1)
                                                         _13095_ (net)
                      0.127061    0.000320   14.222554 v _17082_/A1 (sky130_fd_sc_hd__a21oi_1)
     1    0.006364    0.169269    0.200835   14.423389 ^ _17082_/Y (sky130_fd_sc_hd__a21oi_1)
                                                         _13097_ (net)
                      0.169269    0.000195   14.423584 ^ _17132_/B1 (sky130_fd_sc_hd__a41oi_2)
     3    0.011136    0.132737    0.076378   14.499962 v _17132_/Y (sky130_fd_sc_hd__a41oi_2)
                                                         _13147_ (net)
                      0.132738    0.000565   14.500526 v _17719_/A2 (sky130_fd_sc_hd__a21o_1)
     4    0.019284    0.100818    0.272155   14.772681 v _17719_/X (sky130_fd_sc_hd__a21o_1)
                                                         _13734_ (net)
                      0.100849    0.001656   14.774337 v _17729_/A2 (sky130_fd_sc_hd__a211o_4)
     2    0.017065    0.069503    0.379337   15.153674 v _17729_/X (sky130_fd_sc_hd__a211o_4)
                                                         _13744_ (net)
                      0.069503    0.001805   15.155479 v _18526_/A1 (sky130_fd_sc_hd__a21o_1)
     3    0.018106    0.095676    0.221469   15.376948 v _18526_/X (sky130_fd_sc_hd__a21o_1)
                                                         _14541_ (net)
                      0.095684    0.000934   15.377883 v _18529_/A2 (sky130_fd_sc_hd__o31ai_4)
     3    0.026878    0.365860    0.385194   15.763077 ^ _18529_/Y (sky130_fd_sc_hd__o31ai_4)
                                                         _14544_ (net)
                      0.365860    0.000787   15.763864 ^ _19129_/A3 (sky130_fd_sc_hd__a311o_4)
     2    0.024014    0.106233    0.299018   16.062881 ^ _19129_/X (sky130_fd_sc_hd__a311o_4)
                                                         _15144_ (net)
                      0.106243    0.001137   16.064018 ^ _19132_/A1 (sky130_fd_sc_hd__a21o_1)
     1    0.018789    0.167731    0.214055   16.278072 ^ _19132_/X (sky130_fd_sc_hd__a21o_1)
                                                         _15147_ (net)
                      0.167731    0.000476   16.278549 ^ _19142_/A (sky130_fd_sc_hd__xor2_4)
     2    0.031289    0.260905    0.274502   16.553051 ^ _19142_/X (sky130_fd_sc_hd__xor2_4)
                                                         _15157_ (net)
                      0.260954    0.002800   16.555851 ^ _19166_/B (sky130_fd_sc_hd__xnor2_4)
     4    0.041336    0.140427    0.164309   16.720160 v _19166_/Y (sky130_fd_sc_hd__xnor2_4)
                                                         _15181_ (net)
                      0.141066    0.007384   16.727545 v _19168_/A (sky130_fd_sc_hd__xnor2_4)
     3    0.008740    0.079076    0.181235   16.908779 v _19168_/Y (sky130_fd_sc_hd__xnor2_4)
                                                         _15183_ (net)
                      0.079077    0.000279   16.909058 v _19188_/B (sky130_fd_sc_hd__or4_4)
     1    0.003381    0.080444    0.510704   17.419762 v _19188_/X (sky130_fd_sc_hd__or4_4)
                                                         _15203_ (net)
                      0.080444    0.000110   17.419872 v _19189_/B1 (sky130_fd_sc_hd__a21o_1)
     3    0.015110    0.083215    0.213531   17.633402 v _19189_/X (sky130_fd_sc_hd__a21o_1)
                                                         _15204_ (net)
                      0.083221    0.000755   17.634157 v _19351_/A2 (sky130_fd_sc_hd__a211o_4)
     4    0.028632    0.084891    0.389630   18.023787 v _19351_/X (sky130_fd_sc_hd__a211o_4)
                                                         _15366_ (net)
                      0.085267    0.004606   18.028393 v _19388_/A2 (sky130_fd_sc_hd__a2111o_1)
     2    0.008646    0.089350    0.455573   18.483967 v _19388_/X (sky130_fd_sc_hd__a2111o_1)
                                                         _15403_ (net)
                      0.089350    0.000451   18.484419 v _19393_/A1 (sky130_fd_sc_hd__a31o_1)
     2    0.007835    0.059718    0.212330   18.696749 v _19393_/X (sky130_fd_sc_hd__a31o_1)
                                                         _15408_ (net)
                      0.059719    0.000266   18.697014 v _19528_/A1 (sky130_fd_sc_hd__a31o_4)
     2    0.024189    0.060236    0.251493   18.948507 v _19528_/X (sky130_fd_sc_hd__a31o_4)
                                                         _15543_ (net)
                      0.060249    0.000837   18.949345 v _19544_/B (sky130_fd_sc_hd__xor2_4)
     3    0.047287    0.359888    0.330379   19.279724 ^ _19544_/X (sky130_fd_sc_hd__xor2_4)
                                                         _15559_ (net)
                      0.359929    0.003118   19.282841 ^ _19545_/B (sky130_fd_sc_hd__xor2_4)
     3    0.019921    0.193199    0.236584   19.519424 ^ _19545_/X (sky130_fd_sc_hd__xor2_4)
                                                         _15560_ (net)
                      0.193200    0.000860   19.520285 ^ _19547_/B (sky130_fd_sc_hd__xor2_2)
     3    0.011670    0.183915    0.212273   19.732557 ^ _19547_/X (sky130_fd_sc_hd__xor2_2)
                                                         _15562_ (net)
                      0.183915    0.000183   19.732740 ^ _19548_/A (sky130_fd_sc_hd__inv_2)
     1    0.003478    0.036470    0.043606   19.776346 v _19548_/Y (sky130_fd_sc_hd__inv_2)
                                                         _15563_ (net)
                      0.036470    0.000117   19.776464 v _19550_/B (sky130_fd_sc_hd__or3_4)
     2    0.008684    0.072633    0.369242   20.145706 v _19550_/X (sky130_fd_sc_hd__or3_4)
                                                         _15565_ (net)
                      0.072633    0.000334   20.146040 v _19551_/B (sky130_fd_sc_hd__or4b_4)
     2    0.008008    0.090811    0.529756   20.675797 v _19551_/X (sky130_fd_sc_hd__or4b_4)
                                                         _15566_ (net)
                      0.090811    0.000261   20.676058 v _19609_/A2 (sky130_fd_sc_hd__a211o_4)
     2    0.025420    0.080147    0.388058   21.064116 v _19609_/X (sky130_fd_sc_hd__a211o_4)
                                                         _15624_ (net)
                      0.080422    0.003766   21.067881 v _19617_/A2 (sky130_fd_sc_hd__a21o_4)
     5    0.021429    0.054071    0.251182   21.319063 v _19617_/X (sky130_fd_sc_hd__a21o_4)
                                                         _02975_ (net)
                      0.054115    0.000854   21.319918 v _19668_/A2 (sky130_fd_sc_hd__o2111ai_4)
     3    0.025577    0.284106    0.271521   21.591438 ^ _19668_/Y (sky130_fd_sc_hd__o2111ai_4)
                                                         _03022_ (net)
                      0.284108    0.001686   21.593124 ^ _19684_/A1 (sky130_fd_sc_hd__a21oi_2)
     1    0.017470    0.111569    0.147274   21.740398 v _19684_/Y (sky130_fd_sc_hd__a21oi_2)
                                                         _03037_ (net)
                      0.111616    0.000796   21.741194 v _19685_/B (sky130_fd_sc_hd__xnor2_4)
     2    0.022735    0.219993    0.232909   21.974104 ^ _19685_/Y (sky130_fd_sc_hd__xnor2_4)
                                                         _03038_ (net)
                      0.219995    0.000982   21.975086 ^ _19686_/B (sky130_fd_sc_hd__xnor2_4)
     4    0.025260    0.110263    0.128267   22.103354 v _19686_/Y (sky130_fd_sc_hd__xnor2_4)
                                                         _03039_ (net)
                      0.110267    0.000849   22.104202 v _22968_/B (sky130_fd_sc_hd__xnor2_4)
     3    0.027480    0.250260    0.255515   22.359716 ^ _22968_/Y (sky130_fd_sc_hd__xnor2_4)
                                                         _06129_ (net)
                      0.250260    0.000687   22.360403 ^ _22995_/B (sky130_fd_sc_hd__nand2_1)
     1    0.005094    0.081379    0.104952   22.465357 v _22995_/Y (sky130_fd_sc_hd__nand2_1)
                                                         _06153_ (net)
                      0.081379    0.000220   22.465576 v _22996_/A (sky130_fd_sc_hd__or4_4)
     2    0.037317    0.138568    0.626944   23.092520 v _22996_/X (sky130_fd_sc_hd__or4_4)
                                                         _06154_ (net)
                      0.138609    0.002311   23.094831 v _23071_/A1 (sky130_fd_sc_hd__a211o_1)
     2    0.010194    0.080652    0.327695   23.422527 v _23071_/X (sky130_fd_sc_hd__a211o_1)
                                                         _06221_ (net)
                      0.080652    0.000385   23.422913 v _23148_/A1 (sky130_fd_sc_hd__a211oi_2)
     2    0.008639    0.227857    0.246573   23.669485 ^ _23148_/Y (sky130_fd_sc_hd__a211oi_2)
                                                         _06290_ (net)
                      0.227857    0.000295   23.669779 ^ _23152_/A3 (sky130_fd_sc_hd__o31a_4)
     3    0.043467    0.135178    0.236433   23.906212 ^ _23152_/X (sky130_fd_sc_hd__o31a_4)
                                                         _06294_ (net)
                      0.135351    0.003288   23.909500 ^ _23182_/A3 (sky130_fd_sc_hd__a311oi_4)
     2    0.007854    0.127731    0.112852   24.022352 v _23182_/Y (sky130_fd_sc_hd__a311oi_4)
                                                         _06320_ (net)
                      0.127731    0.000416   24.022768 v _23186_/A_N (sky130_fd_sc_hd__and2b_1)
     3    0.018521    0.173560    0.317980   24.340748 ^ _23186_/X (sky130_fd_sc_hd__and2b_1)
                                                         _06324_ (net)
                      0.173560    0.000595   24.341343 ^ _23200_/B2 (sky130_fd_sc_hd__o22a_4)
     2    0.015575    0.063205    0.182622   24.523966 ^ _23200_/X (sky130_fd_sc_hd__o22a_4)
                                                         _06336_ (net)
                      0.063207    0.000446   24.524412 ^ _23204_/A2 (sky130_fd_sc_hd__a21oi_2)
     1    0.009578    0.087258    0.069940   24.594353 v _23204_/Y (sky130_fd_sc_hd__a21oi_2)
                                                         _06339_ (net)
                      0.087259    0.000387   24.594740 v _23206_/B (sky130_fd_sc_hd__xnor2_2)
     2    0.007897    0.154609    0.167114   24.761854 ^ _23206_/Y (sky130_fd_sc_hd__xnor2_2)
                                                         _06341_ (net)
                      0.154609    0.000158   24.762012 ^ _24072_/B (sky130_fd_sc_hd__xor2_1)
     1    0.003597    0.127130    0.166660   24.928671 ^ _24072_/X (sky130_fd_sc_hd__xor2_1)
                                                         _06976_ (net)
                      0.127130    0.000091   24.928762 ^ _24073_/B (sky130_fd_sc_hd__nor2_1)
     1    0.003200    0.041810    0.056664   24.985426 v _24073_/Y (sky130_fd_sc_hd__nor2_1)
                                                         _06977_ (net)
                      0.041810    0.000080   24.985506 v _24074_/C1 (sky130_fd_sc_hd__a221o_1)
     1    0.003811    0.057178    0.261972   25.247478 v _24074_/X (sky130_fd_sc_hd__a221o_1)
                                                         _00595_ (net)
                      0.057178    0.000137   25.247614 v _31832_/D (sky130_fd_sc_hd__dfrtp_4)
                                             25.247614   data arrival time

                                 20.000000   20.000000   clock clk (rise edge)
                                  0.000000   20.000000   clock source latency
     3    0.074291    0.338914    0.243267   20.243267 ^ clk (in)
                                                         clk (net)
                      0.341298    0.000000   20.243267 ^ clkbuf_0_clk/A (sky130_fd_sc_hd__clkbuf_16)
     4    0.092952    0.112574    0.266409   20.509676 ^ clkbuf_0_clk/X (sky130_fd_sc_hd__clkbuf_16)
                                                         clknet_0_clk (net)
                      0.112866    0.004674   20.514349 ^ clkbuf_2_0_0_clk/A (sky130_fd_sc_hd__clkbuf_8)
     8    0.122705    0.215289    0.275126   20.789476 ^ clkbuf_2_0_0_clk/X (sky130_fd_sc_hd__clkbuf_8)
                                                         clknet_2_0_0_clk (net)
                      0.215680    0.007534   20.797009 ^ clkbuf_5_1__f_clk/A (sky130_fd_sc_hd__clkbuf_16)
    12    0.110129    0.124852    0.249367   21.046375 ^ clkbuf_5_1__f_clk/X (sky130_fd_sc_hd__clkbuf_16)
                                                         clknet_5_1__leaf_clk (net)
                      0.125101    0.004444   21.050819 ^ clkbuf_leaf_328_clk/A (sky130_fd_sc_hd__clkbuf_8)
     8    0.034809    0.073838    0.179735   21.230556 ^ clkbuf_leaf_328_clk/X (sky130_fd_sc_hd__clkbuf_8)
                                                         clknet_leaf_328_clk (net)
                      0.073841    0.000597   21.231153 ^ _31832_/CLK (sky130_fd_sc_hd__dfrtp_4)
                                 -0.250000   20.981153   clock uncertainty
                                  0.000000   20.981153   clock reconvergence pessimism
                                 -0.112978   20.868176   library setup time
                                             20.868176   data required time
---------------------------------------------------------------------------------------------
                                             20.868176   data required time
                                            -25.247614   data arrival time
---------------------------------------------------------------------------------------------
                                             -4.379439   slack (VIOLATED)




===========================================================================
report_checks --slack_max -0.01
============================================================================
======================= nom_tt_025C_1v80 Corner ===================================

Startpoint: _31831_ (rising edge-triggered flip-flop clocked by clk)
Endpoint: _31832_ (rising edge-triggered flip-flop clocked by clk)
Path Group: clk
Path Type: max

Fanout         Cap        Slew       Delay        Time   Description
---------------------------------------------------------------------------------------------
                                  0.000000    0.000000   clock clk (rise edge)
                                  0.000000    0.000000   clock source latency
     3    0.074291    0.338914    0.243266    0.243266 ^ clk (in)
                                                         clk (net)
                      0.341298    0.000000    0.243266 ^ clkbuf_0_clk/A (sky130_fd_sc_hd__clkbuf_16)
     4    0.092952    0.112574    0.266410    0.509676 ^ clkbuf_0_clk/X (sky130_fd_sc_hd__clkbuf_16)
                                                         clknet_0_clk (net)
                      0.112866    0.004673    0.514349 ^ clkbuf_2_0_0_clk/A (sky130_fd_sc_hd__clkbuf_8)
     8    0.122705    0.215289    0.275127    0.789476 ^ clkbuf_2_0_0_clk/X (sky130_fd_sc_hd__clkbuf_8)
                                                         clknet_2_0_0_clk (net)
                      0.215680    0.007532    0.797008 ^ clkbuf_5_1__f_clk/A (sky130_fd_sc_hd__clkbuf_16)
    12    0.110129    0.124852    0.249367    1.046376 ^ clkbuf_5_1__f_clk/X (sky130_fd_sc_hd__clkbuf_16)
                                                         clknet_5_1__leaf_clk (net)
                      0.125023    0.003697    1.050072 ^ clkbuf_leaf_329_clk/A (sky130_fd_sc_hd__clkbuf_8)
    12    0.039999    0.081941    0.185962    1.236034 ^ clkbuf_leaf_329_clk/X (sky130_fd_sc_hd__clkbuf_8)
                                                         clknet_leaf_329_clk (net)
                      0.081947    0.000799    1.236833 ^ _31831_/CLK (sky130_fd_sc_hd__dfrtp_4)
     7    0.080181    0.240326    0.564901    1.801734 ^ _31831_/Q (sky130_fd_sc_hd__dfrtp_4)
                                                         chacha_unit.U_QR_COL_1.in_b[5] (net)
                      0.241772    0.015076    1.816810 ^ _16308_/A (sky130_fd_sc_hd__or2_4)
     3    0.010818    0.049779    0.182074    1.998884 ^ _16308_/X (sky130_fd_sc_hd__or2_4)
                                                         _12323_ (net)
                      0.049779    0.000203    1.999087 ^ _16309_/B (sky130_fd_sc_hd__nand2_2)
     2    0.020662    0.090191    0.094353    2.093440 v _16309_/Y (sky130_fd_sc_hd__nand2_2)
                                                         _12324_ (net)
                      0.090194    0.000394    2.093834 v _16310_/A (sky130_fd_sc_hd__or4_4)
     1    0.005394    0.085825    0.545350    2.639184 v _16310_/X (sky130_fd_sc_hd__or4_4)
                                                         _12325_ (net)
                      0.085825    0.000154    2.639338 v _16311_/C1 (sky130_fd_sc_hd__a211o_4)
     2    0.038201    0.098470    0.337810    2.977148 v _16311_/X (sky130_fd_sc_hd__a211o_4)
                                                         _12326_ (net)
                      0.098554    0.002602    2.979750 v _16322_/A2 (sky130_fd_sc_hd__a211o_4)
     4    0.018480    0.071093    0.380736    3.360486 v _16322_/X (sky130_fd_sc_hd__a211o_4)
                                                         _12337_ (net)
                      0.071093    0.001280    3.361766 v _16345_/A2 (sky130_fd_sc_hd__a2111o_4)
     2    0.037868    0.118908    0.566266    3.928032 v _16345_/X (sky130_fd_sc_hd__a2111o_4)
                                                         _12360_ (net)
                      0.119197    0.005116    3.933148 v _16355_/A2 (sky130_fd_sc_hd__a21oi_4)
     4    0.018826    0.176445    0.229795    4.162943 ^ _16355_/Y (sky130_fd_sc_hd__a21oi_4)
                                                         _12370_ (net)
                      0.176452    0.001201    4.164144 ^ _16367_/A2 (sky130_fd_sc_hd__o211ai_2)
     3    0.008941    0.090738    0.117181    4.281325 v _16367_/Y (sky130_fd_sc_hd__o211ai_2)
                                                         _12382_ (net)
                      0.090738    0.000262    4.281587 v _16375_/A1 (sky130_fd_sc_hd__a211o_1)
     2    0.008720    0.075954    0.302081    4.583668 v _16375_/X (sky130_fd_sc_hd__a211o_1)
                                                         _12390_ (net)
                      0.075954    0.000244    4.583912 v _16376_/B (sky130_fd_sc_hd__nand2_2)
     1    0.016779    0.101645    0.119488    4.703400 ^ _16376_/Y (sky130_fd_sc_hd__nand2_2)
                                                         _12391_ (net)
                      0.101687    0.000634    4.704033 ^ _16378_/B (sky130_fd_sc_hd__xor2_4)
     3    0.028616    0.244590    0.254397    4.958431 ^ _16378_/X (sky130_fd_sc_hd__xor2_4)
                                                         _12393_ (net)
                      0.244597    0.001064    4.959495 ^ _16379_/B (sky130_fd_sc_hd__xnor2_4)
     2    0.046148    0.371300    0.225968    5.185463 ^ _16379_/Y (sky130_fd_sc_hd__xnor2_4)
                                                         _12394_ (net)
                      0.371374    0.004192    5.189655 ^ max_cap382/A (sky130_fd_sc_hd__buf_4)
     2    0.033762    0.104699    0.238240    5.427895 ^ max_cap382/X (sky130_fd_sc_hd__buf_4)
                                                         net382 (net)
                      0.105200    0.005288    5.433183 ^ _16381_/B (sky130_fd_sc_hd__xnor2_4)
     4    0.024804    0.094589    0.105028    5.538211 v _16381_/Y (sky130_fd_sc_hd__xnor2_4)
                                                         _12396_ (net)
                      0.094590    0.000458    5.538669 v _16404_/A (sky130_fd_sc_hd__or4_4)
     2    0.005641    0.086360    0.547869    6.086538 v _16404_/X (sky130_fd_sc_hd__or4_4)
                                                         _12419_ (net)
                      0.086360    0.000123    6.086660 v _16493_/A (sky130_fd_sc_hd__or4bb_4)
     3    0.013920    0.102350    0.577970    6.664630 v _16493_/X (sky130_fd_sc_hd__or4bb_4)
                                                         _12508_ (net)
                      0.102350    0.000434    6.665065 v _16565_/A1 (sky130_fd_sc_hd__a311o_4)
     3    0.056411    0.125712    0.423206    7.088271 v _16565_/X (sky130_fd_sc_hd__a311o_4)
                                                         _12580_ (net)
                      0.126031    0.005410    7.093681 v _16575_/A2 (sky130_fd_sc_hd__a31o_4)
     3    0.015112    0.049570    0.276610    7.370291 v _16575_/X (sky130_fd_sc_hd__a31o_4)
                                                         _12590_ (net)
                      0.049576    0.000528    7.370819 v _16687_/A2 (sky130_fd_sc_hd__o21ai_4)
     2    0.021631    0.198510    0.191860    7.562680 ^ _16687_/Y (sky130_fd_sc_hd__o21ai_4)
                                                         _12702_ (net)
                      0.198510    0.000592    7.563271 ^ _16688_/A1 (sky130_fd_sc_hd__a21o_1)
     1    0.019305    0.172099    0.237556    7.800827 ^ _16688_/X (sky130_fd_sc_hd__a21o_1)
                                                         _12703_ (net)
                      0.172099    0.000584    7.801411 ^ _16689_/A (sky130_fd_sc_hd__xor2_4)
     4    0.029956    0.252780    0.269140    8.070552 ^ _16689_/X (sky130_fd_sc_hd__xor2_4)
                                                         _12704_ (net)
                      0.252799    0.001714    8.072266 ^ _16690_/A (sky130_fd_sc_hd__xnor2_4)
     3    0.024588    0.102569    0.146530    8.218796 v _16690_/Y (sky130_fd_sc_hd__xnor2_4)
                                                         _12705_ (net)
                      0.102575    0.000859    8.219654 v _16693_/B (sky130_fd_sc_hd__xor2_4)
     2    0.019924    0.099724    0.189352    8.409006 v _16693_/X (sky130_fd_sc_hd__xor2_4)
                                                         _12708_ (net)
                      0.099724    0.000179    8.409185 v _16700_/B (sky130_fd_sc_hd__or2_4)
     2    0.008810    0.052652    0.254434    8.663619 v _16700_/X (sky130_fd_sc_hd__or2_4)
                                                         _12715_ (net)
                      0.052652    0.000242    8.663862 v _16704_/A4 (sky130_fd_sc_hd__o41a_4)
     3    0.031853    0.103954    0.408615    9.072477 v _16704_/X (sky130_fd_sc_hd__o41a_4)
                                                         _12719_ (net)
                      0.104638    0.005706    9.078183 v _16718_/A3 (sky130_fd_sc_hd__a311o_4)
     2    0.014853    0.072499    0.448526    9.526709 v _16718_/X (sky130_fd_sc_hd__a311o_4)
                                                         _12733_ (net)
                      0.072499    0.000495    9.527204 v _16772_/A1 (sky130_fd_sc_hd__a21oi_4)
     3    0.034507    0.273224    0.263089    9.790293 ^ _16772_/Y (sky130_fd_sc_hd__a21oi_4)
                                                         _12787_ (net)
                      0.273355    0.004762    9.795054 ^ _16780_/A1 (sky130_fd_sc_hd__o21ai_4)
     4    0.035598    0.110097    0.154708    9.949763 v _16780_/Y (sky130_fd_sc_hd__o21ai_4)
                                                         _12795_ (net)
                      0.110188    0.001748    9.951511 v _16927_/A1 (sky130_fd_sc_hd__a21oi_4)
     2    0.024230    0.209380    0.230681   10.182192 ^ _16927_/Y (sky130_fd_sc_hd__a21oi_4)
                                                         _12942_ (net)
                      0.209380    0.000698   10.182890 ^ _16928_/A2 (sky130_fd_sc_hd__a21bo_4)
     2    0.035146    0.123490    0.223781   10.406672 ^ _16928_/X (sky130_fd_sc_hd__a21bo_4)
                                                         _12943_ (net)
                      0.123512    0.001650   10.408321 ^ _16929_/B (sky130_fd_sc_hd__xor2_4)
     2    0.021830    0.203265    0.227254   10.635575 ^ _16929_/X (sky130_fd_sc_hd__xor2_4)
                                                         _12944_ (net)
                      0.203268    0.001063   10.636639 ^ _16931_/B (sky130_fd_sc_hd__xnor2_4)
     3    0.023448    0.115051    0.120905   10.757544 v _16931_/Y (sky130_fd_sc_hd__xnor2_4)
                                                         _12946_ (net)
                      0.115052    0.000666   10.758210 v _16949_/B (sky130_fd_sc_hd__or2_1)
     2    0.008187    0.073107    0.260868   11.019077 v _16949_/X (sky130_fd_sc_hd__or2_1)
                                                         _12964_ (net)
                      0.073107    0.000171   11.019249 v _16951_/A2 (sky130_fd_sc_hd__a21o_2)
     4    0.030075    0.096789    0.286263   11.305512 v _16951_/X (sky130_fd_sc_hd__a21o_2)
                                                         _12966_ (net)
                      0.096810    0.001385   11.306897 v _16983_/A (sky130_fd_sc_hd__and4_1)
     2    0.007842    0.060129    0.190272   11.497169 v _16983_/X (sky130_fd_sc_hd__and4_1)
                                                         _12998_ (net)
                      0.060129    0.000260   11.497429 v _16993_/A1 (sky130_fd_sc_hd__o31a_4)
     2    0.030566    0.084583    0.398748   11.896177 v _16993_/X (sky130_fd_sc_hd__o31a_4)
                                                         _13008_ (net)
                      0.084701    0.002814   11.898991 v _17009_/A2 (sky130_fd_sc_hd__o31a_1)
     1    0.008231    0.071486    0.316261   12.215251 v _17009_/X (sky130_fd_sc_hd__o31a_1)
                                                         _13024_ (net)
                      0.071487    0.000426   12.215677 v _17060_/A2 (sky130_fd_sc_hd__a211o_4)
     4    0.053101    0.123404    0.417875   12.633553 v _17060_/X (sky130_fd_sc_hd__a211o_4)
                                                         _13075_ (net)
                      0.126235    0.014857   12.648409 v _17068_/A1 (sky130_fd_sc_hd__a311o_4)
     3    0.014991    0.073176    0.365993   13.014401 v _17068_/X (sky130_fd_sc_hd__a311o_4)
                                                         _13083_ (net)
                      0.073176    0.000732   13.015133 v _17072_/A3 (sky130_fd_sc_hd__a31o_4)
     2    0.027913    0.065054    0.284327   13.299460 v _17072_/X (sky130_fd_sc_hd__a31o_4)
                                                         _13087_ (net)
                      0.065087    0.001362   13.300822 v _17073_/A1 (sky130_fd_sc_hd__a21oi_4)
     1    0.017443    0.168016    0.179828   13.480650 ^ _17073_/Y (sky130_fd_sc_hd__a21oi_4)
                                                         _13088_ (net)
                      0.168018    0.000687   13.481338 ^ _17078_/B (sky130_fd_sc_hd__xnor2_4)
     2    0.027315    0.110465    0.121942   13.603280 v _17078_/Y (sky130_fd_sc_hd__xnor2_4)
                                                         _13093_ (net)
                      0.110556    0.002477   13.605757 v _17079_/A (sky130_fd_sc_hd__xnor2_4)
     1    0.019192    0.198197    0.240742   13.846498 ^ _17079_/Y (sky130_fd_sc_hd__xnor2_4)
                                                         _13094_ (net)
                      0.198222    0.002229   13.848728 ^ wire242/A (sky130_fd_sc_hd__buf_8)
     3    0.046315    0.085405    0.169457   14.018186 ^ wire242/X (sky130_fd_sc_hd__buf_8)
                                                         net242 (net)
                      0.085671    0.003531   14.021717 ^ rebuffer54/A (sky130_fd_sc_hd__dlymetal6s2s_1)
     1    0.003693    0.064646    0.116051   14.137768 ^ rebuffer54/X (sky130_fd_sc_hd__dlymetal6s2s_1)
                                                         net1829 (net)
                      0.064646    0.000127   14.137895 ^ _17080_/B (sky130_fd_sc_hd__nand2_1)
     2    0.008676    0.127061    0.084340   14.222235 v _17080_/Y (sky130_fd_sc_hd__nand2_1)
                                                         _13095_ (net)
                      0.127061    0.000320   14.222554 v _17082_/A1 (sky130_fd_sc_hd__a21oi_1)
     1    0.006364    0.169269    0.200835   14.423389 ^ _17082_/Y (sky130_fd_sc_hd__a21oi_1)
                                                         _13097_ (net)
                      0.169269    0.000195   14.423584 ^ _17132_/B1 (sky130_fd_sc_hd__a41oi_2)
     3    0.011136    0.132737    0.076378   14.499962 v _17132_/Y (sky130_fd_sc_hd__a41oi_2)
                                                         _13147_ (net)
                      0.132738    0.000565   14.500526 v _17719_/A2 (sky130_fd_sc_hd__a21o_1)
     4    0.019284    0.100818    0.272155   14.772681 v _17719_/X (sky130_fd_sc_hd__a21o_1)
                                                         _13734_ (net)
                      0.100849    0.001656   14.774337 v _17729_/A2 (sky130_fd_sc_hd__a211o_4)
     2    0.017065    0.069503    0.379337   15.153674 v _17729_/X (sky130_fd_sc_hd__a211o_4)
                                                         _13744_ (net)
                      0.069503    0.001805   15.155479 v _18526_/A1 (sky130_fd_sc_hd__a21o_1)
     3    0.018106    0.095676    0.221469   15.376948 v _18526_/X (sky130_fd_sc_hd__a21o_1)
                                                         _14541_ (net)
                      0.095684    0.000934   15.377883 v _18529_/A2 (sky130_fd_sc_hd__o31ai_4)
     3    0.026878    0.365860    0.385194   15.763077 ^ _18529_/Y (sky130_fd_sc_hd__o31ai_4)
                                                         _14544_ (net)
                      0.365860    0.000787   15.763864 ^ _19129_/A3 (sky130_fd_sc_hd__a311o_4)
     2    0.024014    0.106233    0.299018   16.062881 ^ _19129_/X (sky130_fd_sc_hd__a311o_4)
                                                         _15144_ (net)
                      0.106243    0.001137   16.064018 ^ _19132_/A1 (sky130_fd_sc_hd__a21o_1)
     1    0.018789    0.167731    0.214055   16.278072 ^ _19132_/X (sky130_fd_sc_hd__a21o_1)
                                                         _15147_ (net)
                      0.167731    0.000476   16.278549 ^ _19142_/A (sky130_fd_sc_hd__xor2_4)
     2    0.031289    0.260905    0.274502   16.553051 ^ _19142_/X (sky130_fd_sc_hd__xor2_4)
                                                         _15157_ (net)
                      0.260954    0.002800   16.555851 ^ _19166_/B (sky130_fd_sc_hd__xnor2_4)
     4    0.041336    0.140427    0.164309   16.720160 v _19166_/Y (sky130_fd_sc_hd__xnor2_4)
                                                         _15181_ (net)
                      0.141066    0.007384   16.727545 v _19168_/A (sky130_fd_sc_hd__xnor2_4)
     3    0.008740    0.079076    0.181235   16.908779 v _19168_/Y (sky130_fd_sc_hd__xnor2_4)
                                                         _15183_ (net)
                      0.079077    0.000279   16.909058 v _19188_/B (sky130_fd_sc_hd__or4_4)
     1    0.003381    0.080444    0.510704   17.419762 v _19188_/X (sky130_fd_sc_hd__or4_4)
                                                         _15203_ (net)
                      0.080444    0.000110   17.419872 v _19189_/B1 (sky130_fd_sc_hd__a21o_1)
     3    0.015110    0.083215    0.213531   17.633402 v _19189_/X (sky130_fd_sc_hd__a21o_1)
                                                         _15204_ (net)
                      0.083221    0.000755   17.634157 v _19351_/A2 (sky130_fd_sc_hd__a211o_4)
     4    0.028632    0.084891    0.389630   18.023787 v _19351_/X (sky130_fd_sc_hd__a211o_4)
                                                         _15366_ (net)
                      0.085267    0.004606   18.028393 v _19388_/A2 (sky130_fd_sc_hd__a2111o_1)
     2    0.008646    0.089350    0.455573   18.483967 v _19388_/X (sky130_fd_sc_hd__a2111o_1)
                                                         _15403_ (net)
                      0.089350    0.000451   18.484419 v _19393_/A1 (sky130_fd_sc_hd__a31o_1)
     2    0.007835    0.059718    0.212330   18.696749 v _19393_/X (sky130_fd_sc_hd__a31o_1)
                                                         _15408_ (net)
                      0.059719    0.000266   18.697014 v _19528_/A1 (sky130_fd_sc_hd__a31o_4)
     2    0.024189    0.060236    0.251493   18.948507 v _19528_/X (sky130_fd_sc_hd__a31o_4)
                                                         _15543_ (net)
                      0.060249    0.000837   18.949345 v _19544_/B (sky130_fd_sc_hd__xor2_4)
     3    0.047287    0.359888    0.330379   19.279724 ^ _19544_/X (sky130_fd_sc_hd__xor2_4)
                                                         _15559_ (net)
                      0.359929    0.003118   19.282841 ^ _19545_/B (sky130_fd_sc_hd__xor2_4)
     3    0.019921    0.193199    0.236584   19.519424 ^ _19545_/X (sky130_fd_sc_hd__xor2_4)
                                                         _15560_ (net)
                      0.193200    0.000860   19.520285 ^ _19547_/B (sky130_fd_sc_hd__xor2_2)
     3    0.011670    0.183915    0.212273   19.732557 ^ _19547_/X (sky130_fd_sc_hd__xor2_2)
                                                         _15562_ (net)
                      0.183915    0.000183   19.732740 ^ _19548_/A (sky130_fd_sc_hd__inv_2)
     1    0.003478    0.036470    0.043606   19.776346 v _19548_/Y (sky130_fd_sc_hd__inv_2)
                                                         _15563_ (net)
                      0.036470    0.000117   19.776464 v _19550_/B (sky130_fd_sc_hd__or3_4)
     2    0.008684    0.072633    0.369242   20.145706 v _19550_/X (sky130_fd_sc_hd__or3_4)
                                                         _15565_ (net)
                      0.072633    0.000334   20.146040 v _19551_/B (sky130_fd_sc_hd__or4b_4)
     2    0.008008    0.090811    0.529756   20.675797 v _19551_/X (sky130_fd_sc_hd__or4b_4)
                                                         _15566_ (net)
                      0.090811    0.000261   20.676058 v _19609_/A2 (sky130_fd_sc_hd__a211o_4)
     2    0.025420    0.080147    0.388058   21.064116 v _19609_/X (sky130_fd_sc_hd__a211o_4)
                                                         _15624_ (net)
                      0.080422    0.003766   21.067881 v _19617_/A2 (sky130_fd_sc_hd__a21o_4)
     5    0.021429    0.054071    0.251182   21.319063 v _19617_/X (sky130_fd_sc_hd__a21o_4)
                                                         _02975_ (net)
                      0.054115    0.000854   21.319918 v _19668_/A2 (sky130_fd_sc_hd__o2111ai_4)
     3    0.025577    0.284106    0.271521   21.591438 ^ _19668_/Y (sky130_fd_sc_hd__o2111ai_4)
                                                         _03022_ (net)
                      0.284108    0.001686   21.593124 ^ _19684_/A1 (sky130_fd_sc_hd__a21oi_2)
     1    0.017470    0.111569    0.147274   21.740398 v _19684_/Y (sky130_fd_sc_hd__a21oi_2)
                                                         _03037_ (net)
                      0.111616    0.000796   21.741194 v _19685_/B (sky130_fd_sc_hd__xnor2_4)
     2    0.022735    0.219993    0.232909   21.974104 ^ _19685_/Y (sky130_fd_sc_hd__xnor2_4)
                                                         _03038_ (net)
                      0.219995    0.000982   21.975086 ^ _19686_/B (sky130_fd_sc_hd__xnor2_4)
     4    0.025260    0.110263    0.128267   22.103354 v _19686_/Y (sky130_fd_sc_hd__xnor2_4)
                                                         _03039_ (net)
                      0.110267    0.000849   22.104202 v _22968_/B (sky130_fd_sc_hd__xnor2_4)
     3    0.027480    0.250260    0.255515   22.359716 ^ _22968_/Y (sky130_fd_sc_hd__xnor2_4)
                                                         _06129_ (net)
                      0.250260    0.000687   22.360403 ^ _22995_/B (sky130_fd_sc_hd__nand2_1)
     1    0.005094    0.081379    0.104952   22.465357 v _22995_/Y (sky130_fd_sc_hd__nand2_1)
                                                         _06153_ (net)
                      0.081379    0.000220   22.465576 v _22996_/A (sky130_fd_sc_hd__or4_4)
     2    0.037317    0.138568    0.626944   23.092520 v _22996_/X (sky130_fd_sc_hd__or4_4)
                                                         _06154_ (net)
                      0.138609    0.002311   23.094831 v _23071_/A1 (sky130_fd_sc_hd__a211o_1)
     2    0.010194    0.080652    0.327695   23.422527 v _23071_/X (sky130_fd_sc_hd__a211o_1)
                                                         _06221_ (net)
                      0.080652    0.000385   23.422913 v _23148_/A1 (sky130_fd_sc_hd__a211oi_2)
     2    0.008639    0.227857    0.246573   23.669485 ^ _23148_/Y (sky130_fd_sc_hd__a211oi_2)
                                                         _06290_ (net)
                      0.227857    0.000295   23.669779 ^ _23152_/A3 (sky130_fd_sc_hd__o31a_4)
     3    0.043467    0.135178    0.236433   23.906212 ^ _23152_/X (sky130_fd_sc_hd__o31a_4)
                                                         _06294_ (net)
                      0.135351    0.003288   23.909500 ^ _23182_/A3 (sky130_fd_sc_hd__a311oi_4)
     2    0.007854    0.127731    0.112852   24.022352 v _23182_/Y (sky130_fd_sc_hd__a311oi_4)
                                                         _06320_ (net)
                      0.127731    0.000416   24.022768 v _23186_/A_N (sky130_fd_sc_hd__and2b_1)
     3    0.018521    0.173560    0.317980   24.340748 ^ _23186_/X (sky130_fd_sc_hd__and2b_1)
                                                         _06324_ (net)
                      0.173560    0.000595   24.341343 ^ _23200_/B2 (sky130_fd_sc_hd__o22a_4)
     2    0.015575    0.063205    0.182622   24.523966 ^ _23200_/X (sky130_fd_sc_hd__o22a_4)
                                                         _06336_ (net)
                      0.063207    0.000446   24.524412 ^ _23204_/A2 (sky130_fd_sc_hd__a21oi_2)
     1    0.009578    0.087258    0.069940   24.594353 v _23204_/Y (sky130_fd_sc_hd__a21oi_2)
                                                         _06339_ (net)
                      0.087259    0.000387   24.594740 v _23206_/B (sky130_fd_sc_hd__xnor2_2)
     2    0.007897    0.154609    0.167114   24.761854 ^ _23206_/Y (sky130_fd_sc_hd__xnor2_2)
                                                         _06341_ (net)
                      0.154609    0.000158   24.762012 ^ _24072_/B (sky130_fd_sc_hd__xor2_1)
     1    0.003597    0.127130    0.166660   24.928671 ^ _24072_/X (sky130_fd_sc_hd__xor2_1)
                                                         _06976_ (net)
                      0.127130    0.000091   24.928762 ^ _24073_/B (sky130_fd_sc_hd__nor2_1)
     1    0.003200    0.041810    0.056664   24.985426 v _24073_/Y (sky130_fd_sc_hd__nor2_1)
                                                         _06977_ (net)
                      0.041810    0.000080   24.985506 v _24074_/C1 (sky130_fd_sc_hd__a221o_1)
     1    0.003811    0.057178    0.261972   25.247478 v _24074_/X (sky130_fd_sc_hd__a221o_1)
                                                         _00595_ (net)
                      0.057178    0.000137   25.247614 v _31832_/D (sky130_fd_sc_hd__dfrtp_4)
                                             25.247614   data arrival time

                                 20.000000   20.000000   clock clk (rise edge)
                                  0.000000   20.000000   clock source latency
     3    0.074291    0.338914    0.243267   20.243267 ^ clk (in)
                                                         clk (net)
                      0.341298    0.000000   20.243267 ^ clkbuf_0_clk/A (sky130_fd_sc_hd__clkbuf_16)
     4    0.092952    0.112574    0.266409   20.509676 ^ clkbuf_0_clk/X (sky130_fd_sc_hd__clkbuf_16)
                                                         clknet_0_clk (net)
                      0.112866    0.004674   20.514349 ^ clkbuf_2_0_0_clk/A (sky130_fd_sc_hd__clkbuf_8)
     8    0.122705    0.215289    0.275126   20.789476 ^ clkbuf_2_0_0_clk/X (sky130_fd_sc_hd__clkbuf_8)
                                                         clknet_2_0_0_clk (net)
                      0.215680    0.007534   20.797009 ^ clkbuf_5_1__f_clk/A (sky130_fd_sc_hd__clkbuf_16)
    12    0.110129    0.124852    0.249367   21.046375 ^ clkbuf_5_1__f_clk/X (sky130_fd_sc_hd__clkbuf_16)
                                                         clknet_5_1__leaf_clk (net)
                      0.125101    0.004444   21.050819 ^ clkbuf_leaf_328_clk/A (sky130_fd_sc_hd__clkbuf_8)
     8    0.034809    0.073838    0.179735   21.230556 ^ clkbuf_leaf_328_clk/X (sky130_fd_sc_hd__clkbuf_8)
                                                         clknet_leaf_328_clk (net)
                      0.073841    0.000597   21.231153 ^ _31832_/CLK (sky130_fd_sc_hd__dfrtp_4)
                                 -0.250000   20.981153   clock uncertainty
                                  0.000000   20.981153   clock reconvergence pessimism
                                 -0.112978   20.868176   library setup time
                                             20.868176   data required time
---------------------------------------------------------------------------------------------
                                             20.868176   data required time
                                            -25.247614   data arrival time
---------------------------------------------------------------------------------------------
                                             -4.379439   slack (VIOLATED)




===========================================================================
 report_check_types -max_slew -max_cap -max_fanout -violators
============================================================================
======================= nom_tt_025C_1v80 Corner ===================================

max fanout

Pin                                   Limit Fanout  Slack
---------------------------------------------------------
clkbuf_leaf_332_clk/X                    10     20    -10 (VIOLATED)
clkbuf_leaf_66_clk/X                     10     20    -10 (VIOLATED)
clkbuf_5_4__f_clk/X                      10     19     -9 (VIOLATED)
clkbuf_5_17__f_clk/X                     10     18     -8 (VIOLATED)
clkbuf_5_22__f_clk/X                     10     18     -8 (VIOLATED)
clkbuf_leaf_362_clk/X                    10     18     -8 (VIOLATED)
clkbuf_leaf_364_clk/X                    10     18     -8 (VIOLATED)
clkbuf_leaf_113_clk/X                    10     17     -7 (VIOLATED)
clkbuf_leaf_124_clk/X                    10     17     -7 (VIOLATED)
clkbuf_5_16__f_clk/X                     10     16     -6 (VIOLATED)
clkbuf_5_26__f_clk/X                     10     16     -6 (VIOLATED)
clkbuf_leaf_260_clk/X                    10     16     -6 (VIOLATED)
clkbuf_leaf_363_clk/X                    10     16     -6 (VIOLATED)
clkbuf_leaf_86_clk/X                     10     16     -6 (VIOLATED)
clkbuf_5_0__f_clk/X                      10     15     -5 (VIOLATED)
clkbuf_5_27__f_clk/X                     10     15     -5 (VIOLATED)
clkbuf_5_29__f_clk/X                     10     15     -5 (VIOLATED)
clkbuf_leaf_10_clk/X                     10     15     -5 (VIOLATED)
clkbuf_leaf_114_clk/X                    10     15     -5 (VIOLATED)
clkbuf_leaf_11_clk/X                     10     15     -5 (VIOLATED)
clkbuf_leaf_27_clk/X                     10     15     -5 (VIOLATED)
clkbuf_leaf_291_clk/X                    10     15     -5 (VIOLATED)
clkbuf_leaf_331_clk/X                    10     15     -5 (VIOLATED)
clkbuf_leaf_359_clk/X                    10     15     -5 (VIOLATED)
clkbuf_leaf_360_clk/X                    10     15     -5 (VIOLATED)
clkbuf_leaf_63_clk/X                     10     15     -5 (VIOLATED)
clkbuf_leaf_65_clk/X                     10     15     -5 (VIOLATED)
clkbuf_leaf_8_clk/X                      10     15     -5 (VIOLATED)
clkbuf_leaf_90_clk/X                     10     15     -5 (VIOLATED)
_31794_/Q                                10     14     -4 (VIOLATED)
_33726_/Q                                10     14     -4 (VIOLATED)
clkbuf_5_14__f_clk/X                     10     14     -4 (VIOLATED)
clkbuf_5_15__f_clk/X                     10     14     -4 (VIOLATED)
clkbuf_5_19__f_clk/X                     10     14     -4 (VIOLATED)
clkbuf_5_23__f_clk/X                     10     14     -4 (VIOLATED)
clkbuf_5_5__f_clk/X                      10     14     -4 (VIOLATED)
clkbuf_leaf_122_clk/X                    10     14     -4 (VIOLATED)
clkbuf_leaf_19_clk/X                     10     14     -4 (VIOLATED)
clkbuf_leaf_204_clk/X                    10     14     -4 (VIOLATED)
clkbuf_leaf_243_clk/X                    10     14     -4 (VIOLATED)
clkbuf_leaf_258_clk/X                    10     14     -4 (VIOLATED)
clkbuf_leaf_270_clk/X                    10     14     -4 (VIOLATED)
clkbuf_leaf_292_clk/X                    10     14     -4 (VIOLATED)
clkbuf_leaf_325_clk/X                    10     14     -4 (VIOLATED)
clkbuf_leaf_327_clk/X                    10     14     -4 (VIOLATED)
clkbuf_leaf_339_clk/X                    10     14     -4 (VIOLATED)
clkbuf_leaf_46_clk/X                     10     14     -4 (VIOLATED)
clkbuf_leaf_87_clk/X                     10     14     -4 (VIOLATED)
clkbuf_leaf_89_clk/X                     10     14     -4 (VIOLATED)
clkbuf_leaf_94_clk/X                     10     14     -4 (VIOLATED)
fanout1020/X                             10     14     -4 (VIOLATED)
fanout575/X                              10     14     -4 (VIOLATED)
_22027_/Y                                10     13     -3 (VIOLATED)
_31823_/Q                                10     13     -3 (VIOLATED)
_31824_/Q                                10     13     -3 (VIOLATED)
clkbuf_5_12__f_clk/X                     10     13     -3 (VIOLATED)
clkbuf_5_21__f_clk/X                     10     13     -3 (VIOLATED)
clkbuf_5_25__f_clk/X                     10     13     -3 (VIOLATED)
clkbuf_5_2__f_clk/X                      10     13     -3 (VIOLATED)
clkbuf_5_3__f_clk/X                      10     13     -3 (VIOLATED)
clkbuf_5_6__f_clk/X                      10     13     -3 (VIOLATED)
clkbuf_leaf_107_clk/X                    10     13     -3 (VIOLATED)
clkbuf_leaf_121_clk/X                    10     13     -3 (VIOLATED)
clkbuf_leaf_147_clk/X                    10     13     -3 (VIOLATED)
clkbuf_leaf_148_clk/X                    10     13     -3 (VIOLATED)
clkbuf_leaf_153_clk/X                    10     13     -3 (VIOLATED)
clkbuf_leaf_155_clk/X                    10     13     -3 (VIOLATED)
clkbuf_leaf_156_clk/X                    10     13     -3 (VIOLATED)
clkbuf_leaf_160_clk/X                    10     13     -3 (VIOLATED)
clkbuf_leaf_166_clk/X                    10     13     -3 (VIOLATED)
clkbuf_leaf_179_clk/X                    10     13     -3 (VIOLATED)
clkbuf_leaf_20_clk/X                     10     13     -3 (VIOLATED)
clkbuf_leaf_219_clk/X                    10     13     -3 (VIOLATED)
clkbuf_leaf_249_clk/X                    10     13     -3 (VIOLATED)
clkbuf_leaf_264_clk/X                    10     13     -3 (VIOLATED)
clkbuf_leaf_265_clk/X                    10     13     -3 (VIOLATED)
clkbuf_leaf_271_clk/X                    10     13     -3 (VIOLATED)
clkbuf_leaf_272_clk/X                    10     13     -3 (VIOLATED)
clkbuf_leaf_280_clk/X                    10     13     -3 (VIOLATED)
clkbuf_leaf_286_clk/X                    10     13     -3 (VIOLATED)
clkbuf_leaf_299_clk/X                    10     13     -3 (VIOLATED)
clkbuf_leaf_301_clk/X                    10     13     -3 (VIOLATED)
clkbuf_leaf_324_clk/X                    10     13     -3 (VIOLATED)
clkbuf_leaf_338_clk/X                    10     13     -3 (VIOLATED)
clkbuf_leaf_348_clk/X                    10     13     -3 (VIOLATED)
clkbuf_leaf_361_clk/X                    10     13     -3 (VIOLATED)
clkbuf_leaf_366_clk/X                    10     13     -3 (VIOLATED)
clkbuf_leaf_367_clk/X                    10     13     -3 (VIOLATED)
clkbuf_leaf_3_clk/X                      10     13     -3 (VIOLATED)
clkbuf_leaf_4_clk/X                      10     13     -3 (VIOLATED)
clkbuf_leaf_91_clk/X                     10     13     -3 (VIOLATED)
fanout638/X                              10     13     -3 (VIOLATED)
fanout704/X                              10     13     -3 (VIOLATED)
_23153_/X                                10     12     -2 (VIOLATED)
_23957_/X                                10     12     -2 (VIOLATED)
_23973_/X                                10     12     -2 (VIOLATED)
_24022_/X                                10     12     -2 (VIOLATED)
_24025_/X                                10     12     -2 (VIOLATED)
_24247_/Y                                10     12     -2 (VIOLATED)
clkbuf_5_1__f_clk/X                      10     12     -2 (VIOLATED)
clkbuf_5_20__f_clk/X                     10     12     -2 (VIOLATED)
clkbuf_leaf_100_clk/X                    10     12     -2 (VIOLATED)
clkbuf_leaf_103_clk/X                    10     12     -2 (VIOLATED)
clkbuf_leaf_112_clk/X                    10     12     -2 (VIOLATED)
clkbuf_leaf_125_clk/X                    10     12     -2 (VIOLATED)
clkbuf_leaf_12_clk/X                     10     12     -2 (VIOLATED)
clkbuf_leaf_13_clk/X                     10     12     -2 (VIOLATED)
clkbuf_leaf_164_clk/X                    10     12     -2 (VIOLATED)
clkbuf_leaf_167_clk/X                    10     12     -2 (VIOLATED)
clkbuf_leaf_168_clk/X                    10     12     -2 (VIOLATED)
clkbuf_leaf_176_clk/X                    10     12     -2 (VIOLATED)
clkbuf_leaf_177_clk/X                    10     12     -2 (VIOLATED)
clkbuf_leaf_178_clk/X                    10     12     -2 (VIOLATED)
clkbuf_leaf_187_clk/X                    10     12     -2 (VIOLATED)
clkbuf_leaf_191_clk/X                    10     12     -2 (VIOLATED)
clkbuf_leaf_198_clk/X                    10     12     -2 (VIOLATED)
clkbuf_leaf_205_clk/X                    10     12     -2 (VIOLATED)
clkbuf_leaf_210_clk/X                    10     12     -2 (VIOLATED)
clkbuf_leaf_211_clk/X                    10     12     -2 (VIOLATED)
clkbuf_leaf_250_clk/X                    10     12     -2 (VIOLATED)
clkbuf_leaf_329_clk/X                    10     12     -2 (VIOLATED)
clkbuf_leaf_337_clk/X                    10     12     -2 (VIOLATED)
clkbuf_leaf_344_clk/X                    10     12     -2 (VIOLATED)
clkbuf_leaf_351_clk/X                    10     12     -2 (VIOLATED)
clkbuf_leaf_352_clk/X                    10     12     -2 (VIOLATED)
clkbuf_leaf_53_clk/X                     10     12     -2 (VIOLATED)
clkbuf_leaf_57_clk/X                     10     12     -2 (VIOLATED)
clkbuf_leaf_5_clk/X                      10     12     -2 (VIOLATED)
clkbuf_leaf_67_clk/X                     10     12     -2 (VIOLATED)
clkbuf_leaf_68_clk/X                     10     12     -2 (VIOLATED)
clkbuf_leaf_6_clk/X                      10     12     -2 (VIOLATED)
clkbuf_leaf_82_clk/X                     10     12     -2 (VIOLATED)
clkbuf_leaf_88_clk/X                     10     12     -2 (VIOLATED)
clkbuf_leaf_93_clk/X                     10     12     -2 (VIOLATED)
clkbuf_leaf_96_clk/X                     10     12     -2 (VIOLATED)
fanout1371/X                             10     12     -2 (VIOLATED)
fanout624/X                              10     12     -2 (VIOLATED)
fanout629/X                              10     12     -2 (VIOLATED)
fanout633/X                              10     12     -2 (VIOLATED)
fanout643/X                              10     12     -2 (VIOLATED)
fanout658/X                              10     12     -2 (VIOLATED)
fanout684/X                              10     12     -2 (VIOLATED)
fanout711/X                              10     12     -2 (VIOLATED)
fanout816/X                              10     12     -2 (VIOLATED)
_24007_/X                                10     11        (VIOLATED)
_31515_/Q                                10     11        (VIOLATED)
_31545_/Q                                10     11        (VIOLATED)
_31551_/Q                                10     11        (VIOLATED)
_31570_/Q                                10     11        (VIOLATED)
_31597_/Q                                10     11        (VIOLATED)
_31828_/Q                                10     11        (VIOLATED)
_32082_/Q                                10     11        (VIOLATED)
clkbuf_5_28__f_clk/X                     10     11        (VIOLATED)
clkbuf_5_9__f_clk/X                      10     11        (VIOLATED)
clkbuf_leaf_0_clk/X                      10     11        (VIOLATED)
clkbuf_leaf_101_clk/X                    10     11        (VIOLATED)
clkbuf_leaf_102_clk/X                    10     11        (VIOLATED)
clkbuf_leaf_105_clk/X                    10     11        (VIOLATED)
clkbuf_leaf_117_clk/X                    10     11        (VIOLATED)
clkbuf_leaf_123_clk/X                    10     11        (VIOLATED)
clkbuf_leaf_212_clk/X                    10     11        (VIOLATED)
clkbuf_leaf_236_clk/X                    10     11        (VIOLATED)
clkbuf_leaf_245_clk/X                    10     11        (VIOLATED)
clkbuf_leaf_248_clk/X                    10     11        (VIOLATED)
clkbuf_leaf_256_clk/X                    10     11        (VIOLATED)
clkbuf_leaf_266_clk/X                    10     11        (VIOLATED)
clkbuf_leaf_278_clk/X                    10     11        (VIOLATED)
clkbuf_leaf_284_clk/X                    10     11        (VIOLATED)
clkbuf_leaf_285_clk/X                    10     11        (VIOLATED)
clkbuf_leaf_297_clk/X                    10     11        (VIOLATED)
clkbuf_leaf_2_clk/X                      10     11        (VIOLATED)
clkbuf_leaf_300_clk/X                    10     11        (VIOLATED)
clkbuf_leaf_308_clk/X                    10     11        (VIOLATED)
clkbuf_leaf_326_clk/X                    10     11        (VIOLATED)
clkbuf_leaf_341_clk/X                    10     11        (VIOLATED)
clkbuf_leaf_347_clk/X                    10     11        (VIOLATED)
clkbuf_leaf_349_clk/X                    10     11        (VIOLATED)
clkbuf_leaf_354_clk/X                    10     11        (VIOLATED)
clkbuf_leaf_355_clk/X                    10     11        (VIOLATED)
clkbuf_leaf_365_clk/X                    10     11        (VIOLATED)
clkbuf_leaf_43_clk/X                     10     11        (VIOLATED)
clkbuf_leaf_44_clk/X                     10     11        (VIOLATED)
clkbuf_leaf_47_clk/X                     10     11        (VIOLATED)
clkbuf_leaf_51_clk/X                     10     11        (VIOLATED)
clkbuf_leaf_52_clk/X                     10     11        (VIOLATED)
clkbuf_leaf_54_clk/X                     10     11        (VIOLATED)
clkbuf_leaf_58_clk/X                     10     11        (VIOLATED)
clkbuf_leaf_60_clk/X                     10     11        (VIOLATED)
clkbuf_leaf_62_clk/X                     10     11        (VIOLATED)
clkbuf_leaf_64_clk/X                     10     11        (VIOLATED)
clkbuf_leaf_7_clk/X                      10     11        (VIOLATED)
clkbuf_leaf_85_clk/X                     10     11        (VIOLATED)
clkbuf_leaf_95_clk/X                     10     11        (VIOLATED)
fanout1244/X                             10     11        (VIOLATED)
fanout1256/X                             10     11        (VIOLATED)
fanout1261/X                             10     11        (VIOLATED)
fanout1269/X                             10     11        (VIOLATED)
fanout1360/X                             10     11        (VIOLATED)
fanout1710/X                             10     11        (VIOLATED)
fanout1736/X                             10     11        (VIOLATED)
fanout1740/X                             10     11        (VIOLATED)
fanout1750/X                             10     11        (VIOLATED)
fanout412/X                              10     11        (VIOLATED)
fanout414/X                              10     11        (VIOLATED)
fanout525/X                              10     11        (VIOLATED)
fanout557/X                              10     11        (VIOLATED)
fanout559/X                              10     11        (VIOLATED)
fanout563/X                              10     11        (VIOLATED)
fanout577/X                              10     11        (VIOLATED)
fanout668/X                              10     11        (VIOLATED)
fanout679/X                              10     11        (VIOLATED)
fanout687/X                              10     11        (VIOLATED)
fanout863/X                              10     11        (VIOLATED)
fanout902/X                              10     11        (VIOLATED)



===========================================================================
report_parasitic_annotation -report_unannotated
============================================================================
Found 347 unannotated drivers.
 clkload0/Y
 clkload1/Y
 clkload10/Y
 clkload100/Y
 clkload101/X
 clkload102/Y
 clkload103/Y
 clkload104/Y
 clkload105/Y
 clkload106/Y
 clkload107/Y
 clkload108/Y
 clkload109/Y
 clkload11/Y
 clkload110/Y
 clkload111/Y
 clkload112/Y
 clkload113/X
 clkload114/Y
 clkload115/Y
 clkload116/Y
 clkload117/X
 clkload118/Y
 clkload119/Y
 clkload12/Y
 clkload120/Y
 clkload121/Y
 clkload122/Y
 clkload123/X
 clkload124/Y
 clkload125/Y
 clkload126/Y
 clkload127/Y
 clkload128/Y
 clkload129/Y
 clkload13/X
 clkload130/Y
 clkload131/Y
 clkload132/Y
 clkload133/X
 clkload134/X
 clkload135/X
 clkload136/X
 clkload137/Y
 clkload138/Y
 clkload139/Y
 clkload14/Y
 clkload140/Y
 clkload141/Y
 clkload142/Y
 clkload143/Y
 clkload144/Y
 clkload145/Y
 clkload146/Y
 clkload147/Y
 clkload148/Y
 clkload149/Y
 clkload15/X
 clkload150/Y
 clkload151/Y
 clkload152/Y
 clkload153/Y
 clkload154/Y
 clkload155/Y
 clkload156/Y
 clkload157/Y
 clkload158/Y
 clkload159/Y
 clkload16/Y
 clkload160/Y
 clkload161/X
 clkload162/Y
 clkload163/Y
 clkload164/Y
 clkload165/X
 clkload166/X
 clkload167/Y
 clkload168/Y
 clkload169/Y
 clkload17/Y
 clkload170/Y
 clkload171/Y
 clkload172/X
 clkload173/Y
 clkload174/Y
 clkload175/Y
 clkload176/Y
 clkload177/Y
 clkload178/X
 clkload179/Y
 clkload18/Y
 clkload180/Y
 clkload181/Y
 clkload182/Y
 clkload183/Y
 clkload184/Y
 clkload185/Y
 clkload186/Y
 clkload187/Y
 clkload188/Y
 clkload189/Y
 clkload19/Y
 clkload190/Y
 clkload191/Y
 clkload192/Y
 clkload193/Y
 clkload194/Y
 clkload195/Y
 clkload196/Y
 clkload197/Y
 clkload198/Y
 clkload199/Y
 clkload2/Y
 clkload20/Y
 clkload200/Y
 clkload201/Y
 clkload202/Y
 clkload203/Y
 clkload204/Y
 clkload205/Y
 clkload206/Y
 clkload207/Y
 clkload208/Y
 clkload209/X
 clkload21/Y
 clkload210/X
 clkload211/Y
 clkload212/Y
 clkload213/X
 clkload214/Y
 clkload215/Y
 clkload216/Y
 clkload217/Y
 clkload218/Y
 clkload219/Y
 clkload22/Y
 clkload220/Y
 clkload221/Y
 clkload222/X
 clkload223/X
 clkload224/Y
 clkload225/Y
 clkload226/Y
 clkload227/X
 clkload228/Y
 clkload229/Y
 clkload23/X
 clkload230/Y
 clkload231/Y
 clkload232/X
 clkload233/Y
 clkload234/X
 clkload235/Y
 clkload236/Y
 clkload237/Y
 clkload238/Y
 clkload239/Y
 clkload24/Y
 clkload240/Y
 clkload241/Y
 clkload242/Y
 clkload243/Y
 clkload244/X
 clkload245/X
 clkload246/Y
 clkload247/Y
 clkload248/Y
 clkload249/Y
 clkload25/Y
 clkload250/Y
 clkload251/Y
 clkload252/Y
 clkload253/Y
 clkload254/Y
 clkload255/Y
 clkload256/Y
 clkload257/X
 clkload258/Y
 clkload259/Y
 clkload26/Y
 clkload260/Y
 clkload261/Y
 clkload262/Y
 clkload263/Y
 clkload264/Y
 clkload265/Y
 clkload266/Y
 clkload267/Y
 clkload268/Y
 clkload269/Y
 clkload27/Y
 clkload270/X
 clkload271/Y
 clkload272/Y
 clkload273/Y
 clkload274/X
 clkload275/Y
 clkload276/Y
 clkload277/Y
 clkload278/X
 clkload279/Y
 clkload28/Y
 clkload280/Y
 clkload281/Y
 clkload282/X
 clkload283/Y
 clkload284/Y
 clkload285/Y
 clkload286/X
 clkload287/X
 clkload288/Y
 clkload289/Y
 clkload29/Y
 clkload290/Y
 clkload291/Y
 clkload292/Y
 clkload293/Y
 clkload294/Y
 clkload295/Y
 clkload296/Y
 clkload297/Y
 clkload298/Y
 clkload299/Y
 clkload3/Y
 clkload30/Y
 clkload300/Y
 clkload301/Y
 clkload302/Y
 clkload303/Y
 clkload304/Y
 clkload305/Y
 clkload306/Y
 clkload307/Y
 clkload308/Y
 clkload309/Y
 clkload31/Y
 clkload310/Y
 clkload311/Y
 clkload312/Y
 clkload313/Y
 clkload314/X
 clkload315/Y
 clkload316/Y
 clkload317/X
 clkload318/Y
 clkload319/X
 clkload32/X
 clkload320/X
 clkload321/X
 clkload322/Y
 clkload323/Y
 clkload324/Y
 clkload325/Y
 clkload326/Y
 clkload327/X
 clkload328/X
 clkload329/X
 clkload33/X
 clkload330/Y
 clkload331/Y
 clkload332/Y
 clkload333/Y
 clkload334/Y
 clkload335/Y
 clkload336/X
 clkload337/X
 clkload338/Y
 clkload339/Y
 clkload34/Y
 clkload340/Y
 clkload341/Y
 clkload342/Y
 clkload343/Y
 clkload344/Y
 clkload345/Y
 clkload346/Y
 clkload35/Y
 clkload36/Y
 clkload37/Y
 clkload38/Y
 clkload39/Y
 clkload4/Y
 clkload40/Y
 clkload41/Y
 clkload42/Y
 clkload43/Y
 clkload44/Y
 clkload45/Y
 clkload46/X
 clkload47/Y
 clkload48/X
 clkload49/Y
 clkload5/Y
 clkload50/Y
 clkload51/Y
 clkload52/Y
 clkload53/Y
 clkload54/Y
 clkload55/X
 clkload56/Y
 clkload57/Y
 clkload58/Y
 clkload59/Y
 clkload6/Y
 clkload60/X
 clkload61/Y
 clkload62/Y
 clkload63/Y
 clkload64/Y
 clkload65/Y
 clkload66/Y
 clkload67/Y
 clkload68/Y
 clkload69/Y
 clkload7/Y
 clkload70/Y
 clkload71/Y
 clkload72/Y
 clkload73/Y
 clkload74/Y
 clkload75/Y
 clkload76/Y
 clkload77/Y
 clkload78/X
 clkload79/X
 clkload8/Y
 clkload80/Y
 clkload81/Y
 clkload82/Y
 clkload83/Y
 clkload84/Y
 clkload85/Y
 clkload86/Y
 clkload87/Y
 clkload88/Y
 clkload89/Y
 clkload9/Y
 clkload90/Y
 clkload91/Y
 clkload92/Y
 clkload93/Y
 clkload94/X
 clkload95/Y
 clkload96/Y
 clkload97/Y
 clkload98/Y
 clkload99/Y
Found 0 partially unannotated drivers.

===========================================================================
max slew violation count 0
Writing metric design__max_slew_violation__count__corner:nom_tt_025C_1v80: 0
max fanout violation count 214
Writing metric design__max_fanout_violation__count__corner:nom_tt_025C_1v80: 214
max cap violation count 0
Writing metric design__max_cap_violation__count__corner:nom_tt_025C_1v80: 0
============================================================================

===========================================================================
check_setup -verbose -unconstrained_endpoints -multiple_clock -no_clock -no_input_delay -loops -generated_clocks
===========================================================================
