
===========================================================================
Violator List
============================================================================
[setup reg-reg] _31831_/Q -> _31832_/D : -4.379439
[setup reg-reg] _31831_/Q -> _31830_/D : -4.355586
[setup reg-reg] _31831_/Q -> _31856_/D : -4.275270
[setup reg-reg] _31831_/Q -> _31831_/D : -4.271605
[setup reg-reg] _31831_/Q -> _31851_/D : -4.248831
[setup reg-reg] _31831_/Q -> _31601_/D : -4.184661
[setup reg-reg] _31831_/Q -> _31855_/D : -4.164983
[setup reg-reg] _31831_/Q -> _31828_/D : -4.107637
[setup reg-reg] _31831_/Q -> _31600_/D : -4.104271
[setup reg-reg] _31831_/Q -> _31852_/D : -4.086392
[setup reg-reg] _31891_/Q -> _31895_/D : -4.084779
[setup reg-reg] _31891_/Q -> _31892_/D : -4.078606
[setup reg-reg] _31891_/Q -> _31665_/D : -4.047211
[setup reg-reg] _31831_/Q -> _31850_/D : -4.034179
[setup reg-reg] _31831_/Q -> _31829_/D : -4.023262
[setup reg-reg] _31831_/Q -> _31599_/D : -4.009383
[setup reg-reg] _31831_/Q -> _31826_/D : -3.990985
[setup reg-reg] _31831_/Q -> _31848_/D : -3.983368
[setup reg-reg] _31831_/Q -> _31827_/D : -3.960786
[setup reg-reg] _31831_/Q -> _31598_/D : -3.953367
[setup reg-reg] _31831_/Q -> _31589_/D : -3.930371
[setup reg-reg] _31891_/Q -> _31896_/D : -3.927923
[setup reg-reg] _31891_/Q -> _31912_/D : -3.908079
[setup reg-reg] _31831_/Q -> _31596_/D : -3.903566
[setup reg-reg] _31831_/Q -> _31854_/D : -3.900357
[setup reg-reg] _31891_/Q -> _31919_/D : -3.898357
[setup reg-reg] _31735_/Q -> _31760_/D : -3.897364
[setup reg-reg] _31891_/Q -> _31661_/D : -3.882557
[setup reg-reg] _31891_/Q -> _31911_/D : -3.881622
[setup reg-reg] _31831_/Q -> _31857_/D : -3.872325
[setup reg-reg] _31831_/Q -> _31585_/D : -3.845379
[setup reg-reg] _31891_/Q -> _31664_/D : -3.843894
[setup reg-reg] _31831_/Q -> _31847_/D : -3.833886
[setup reg-reg] _31831_/Q -> _31853_/D : -3.829264
[setup reg-reg] _31831_/Q -> _31849_/D : -3.823818
[setup reg-reg] _31891_/Q -> _31916_/D : -3.819691
[setup reg-reg] _31831_/Q -> _31597_/D : -3.800242
[setup reg-reg] _31891_/Q -> _31894_/D : -3.800080
[setup reg-reg] _31831_/Q -> _31593_/D : -3.799753
[setup reg-reg] _31891_/Q -> _31891_/D : -3.794293
[setup reg-reg] _31891_/Q -> _31890_/D : -3.790163
[setup reg-reg] _31831_/Q -> _31592_/D : -3.755155
[setup reg-reg] _31891_/Q -> _31893_/D : -3.739316
[setup reg-reg] _31891_/Q -> _31921_/D : -3.733872
[setup reg-reg] _31735_/Q -> _31736_/D : -3.729248
[setup reg-reg] _31891_/Q -> _31920_/D : -3.696595
[setup reg-reg] _31831_/Q -> _31591_/D : -3.664198
[setup reg-reg] _31735_/Q -> _31734_/D : -3.655425
[setup reg-reg] _31831_/Q -> _31588_/D : -3.654375
[setup reg-reg] _31831_/Q -> _31587_/D : -3.652819
[setup reg-reg] _31891_/Q -> _31663_/D : -3.649950
[setup reg-reg] _31831_/Q -> _31595_/D : -3.641530
[setup reg-reg] _31735_/Q -> _31697_/D : -3.641400
[setup reg-reg] _31891_/Q -> _31915_/D : -3.623491
[setup reg-reg] _31891_/Q -> _31910_/D : -3.623292
[setup reg-reg] _31831_/Q -> _31846_/D : -3.622398
[setup reg-reg] _31831_/Q -> _31584_/D : -3.619302
[setup reg-reg] _31891_/Q -> _31908_/D : -3.591516
[setup reg-reg] _31891_/Q -> _31918_/D : -3.591467
[setup reg-reg] _31831_/Q -> _31843_/D : -3.583917
[setup reg-reg] _31735_/Q -> _31758_/D : -3.581102
[setup reg-reg] _31735_/Q -> _31689_/D : -3.576426
[setup reg-reg] _31891_/Q -> _31648_/D : -3.576195
[setup reg-reg] _31735_/Q -> _31732_/D : -3.568632
[setup reg-reg] _31891_/Q -> _31655_/D : -3.566458
[setup reg-reg] _31891_/Q -> _31907_/D : -3.561430
[setup reg-reg] _31735_/Q -> _31752_/D : -3.558162
[setup reg-reg] _31831_/Q -> _31840_/D : -3.546738
[setup reg-reg] _31794_/Q -> _31800_/D : -3.533824
[setup reg-reg] _31891_/Q -> _31917_/D : -3.530172
[setup reg-reg] _31794_/Q -> _31799_/D : -3.523793
[setup reg-reg] _31831_/Q -> _31845_/D : -3.518915
[setup reg-reg] _31735_/Q -> _31735_/D : -3.508758
[setup reg-reg] _31891_/Q -> _31649_/D : -3.502104
[setup reg-reg] _31891_/Q -> _31658_/D : -3.500178
[setup reg-reg] _31891_/Q -> _31906_/D : -3.498686
[setup reg-reg] _31891_/Q -> _31657_/D : -3.489198
[setup reg-reg] _31891_/Q -> _31656_/D : -3.483521
[setup reg-reg] _31794_/Q -> _31798_/D : -3.469433
[setup reg-reg] _31891_/Q -> _31660_/D : -3.454391
[setup reg-reg] _31831_/Q -> _31594_/D : -3.448637
[setup reg-reg] _31891_/Q -> _31652_/D : -3.436401
[setup reg-reg] _31891_/Q -> _31659_/D : -3.432831
[setup reg-reg] _31735_/Q -> _31693_/D : -3.431829
[setup reg-reg] _31831_/Q -> _31841_/D : -3.425603
[setup reg-reg] _31891_/Q -> _31653_/D : -3.422958
[setup reg-reg] _31794_/Q -> _31796_/D : -3.413076
[setup reg-reg] _31735_/Q -> _31681_/D : -3.401718
[setup reg-reg] _31735_/Q -> _31759_/D : -3.400516
[setup reg-reg] _31831_/Q -> _31842_/D : -3.393378
[setup reg-reg] _31735_/Q -> _31696_/D : -3.384289
[setup reg-reg] _31794_/Q -> _31824_/D : -3.359579
[setup reg-reg] _31891_/Q -> _31662_/D : -3.358622
[setup reg-reg] _31831_/Q -> _31839_/D : -3.347237
[setup reg-reg] _31794_/Q -> _31823_/D : -3.333400
[setup reg-reg] _31891_/Q -> _31645_/D : -3.328566
[setup reg-reg] _31794_/Q -> _31797_/D : -3.324299
[setup reg-reg] _31735_/Q -> _31730_/D : -3.322976
[setup reg-reg] _31831_/Q -> _31844_/D : -3.321253
[setup reg-reg] _31735_/Q -> _31733_/D : -3.320956
[setup reg-reg] _31735_/Q -> _31695_/D : -3.287269
[setup reg-reg] _31831_/Q -> _31586_/D : -3.275421
[setup reg-reg] _31891_/Q -> _31914_/D : -3.274297
[setup reg-reg] _31831_/Q -> _31590_/D : -3.260299
[setup reg-reg] _31735_/Q -> _31751_/D : -3.259588
[setup reg-reg] _31891_/Q -> _31647_/D : -3.253925
[setup reg-reg] _31735_/Q -> _31680_/D : -3.253103
[setup reg-reg] _31735_/Q -> _31756_/D : -3.244949
[setup reg-reg] _31735_/Q -> _31731_/D : -3.225710
[setup reg-reg] _31831_/Q -> _31583_/D : -3.213440
[setup reg-reg] _31891_/Q -> _31909_/D : -3.199055
[setup reg-reg] _31735_/Q -> _31691_/D : -3.196313
[setup reg-reg] _31735_/Q -> _31754_/D : -3.190502
[setup reg-reg] _31735_/Q -> _31694_/D : -3.189982
[setup reg-reg] _31735_/Q -> _31757_/D : -3.178061
[setup reg-reg] _31735_/Q -> _31750_/D : -3.174854
[setup reg-reg] _31891_/Q -> _31913_/D : -3.165459
[setup reg-reg] _31735_/Q -> _31755_/D : -3.157107
[setup reg-reg] _31831_/Q -> _31581_/D : -3.145015
[setup reg-reg] _31794_/Q -> _31822_/D : -3.142631
[setup reg-reg] _31831_/Q -> _31577_/D : -3.136918
[setup reg-reg] _31891_/Q -> _31643_/D : -3.129607
[setup reg-reg] _31735_/Q -> _31761_/D : -3.120745
[setup reg-reg] _31891_/Q -> _31644_/D : -3.113554
[setup reg-reg] _31735_/Q -> _31688_/D : -3.107662
[setup reg-reg] _31891_/Q -> _31646_/D : -3.089285
[setup reg-reg] _31891_/Q -> _31651_/D : -3.079428
[setup reg-reg] _31735_/Q -> _31679_/D : -3.040638
[setup reg-reg] _31794_/Q -> _31815_/D : -3.036842
[setup reg-reg] _31831_/Q -> _31579_/D : -3.029506
[setup reg-reg] _31735_/Q -> _31692_/D : -3.010278
[setup reg-reg] _31891_/Q -> _31654_/D : -2.997583
[setup reg-reg] _31794_/Q -> _31569_/D : -2.995687
[setup reg-reg] _31735_/Q -> _31748_/D : -2.993540
[setup reg-reg] _31831_/Q -> _31582_/D : -2.989369
[setup reg-reg] _31794_/Q -> _31825_/D : -2.983818
[setup reg-reg] _31831_/Q -> _31580_/D : -2.975273
[setup reg-reg] _31735_/Q -> _31690_/D : -2.958782
[setup reg-reg] _31794_/Q -> _31795_/D : -2.958217
[setup reg-reg] _31794_/Q -> _31821_/D : -2.951794
[setup reg-reg] _31794_/Q -> _31561_/D : -2.945287
[setup reg-reg] _31735_/Q -> _31687_/D : -2.940368
[setup reg-reg] _31735_/Q -> _31686_/D : -2.933396
[setup reg-reg] _31831_/Q -> _31837_/D : -2.920858
[setup reg-reg] _31794_/Q -> _31819_/D : -2.905212
[setup reg-reg] _31831_/Q -> _31838_/D : -2.899998
[setup reg-reg] _31735_/Q -> _31685_/D : -2.893593
[setup reg-reg] _31794_/Q -> _31794_/D : -2.890767
[setup reg-reg] _31735_/Q -> _31746_/D : -2.890509
[setup reg-reg] _31794_/Q -> _31560_/D : -2.889207
[setup reg-reg] _31891_/Q -> _31905_/D : -2.886825
[setup reg-reg] _31794_/Q -> _31820_/D : -2.885013
[setup reg-reg] _31891_/Q -> _31642_/D : -2.884192
[setup reg-reg] _31794_/Q -> _31816_/D : -2.882823
[setup reg-reg] _31794_/Q -> _31814_/D : -2.872618
[setup reg-reg] _31735_/Q -> _31749_/D : -2.870827
[setup reg-reg] _31794_/Q -> _31564_/D : -2.853563
[setup reg-reg] _31794_/Q -> _31818_/D : -2.853099
[setup reg-reg] _31794_/Q -> _31568_/D : -2.847559
[setup reg-reg] _31891_/Q -> _31904_/D : -2.841251
[setup reg-reg] _31735_/Q -> _31683_/D : -2.833289
[setup reg-reg] _31794_/Q -> _31567_/D : -2.828360
[setup reg-reg] _31794_/Q -> _31811_/D : -2.819023
[setup reg-reg] _31891_/Q -> _31903_/D : -2.801212
[setup reg-reg] _31735_/Q -> _31678_/D : -2.774652
[setup reg-reg] _31794_/Q -> _31565_/D : -2.772497
[setup reg-reg] _31831_/Q -> _31578_/D : -2.769870
[setup reg-reg] _31794_/Q -> _31812_/D : -2.768228
[setup reg-reg] _31735_/Q -> _31684_/D : -2.759908
[setup reg-reg] _31735_/Q -> _31677_/D : -2.749790
[setup reg-reg] _31794_/Q -> _31813_/D : -2.741134
[setup reg-reg] _31735_/Q -> _31753_/D : -2.734595
[setup reg-reg] _31891_/Q -> _31650_/D : -2.730769
[setup reg-reg] _31794_/Q -> _31566_/D : -2.720587
[setup reg-reg] _31794_/Q -> _31559_/D : -2.718707
[setup reg-reg] _31794_/Q -> _31552_/D : -2.714812
[setup reg-reg] _31831_/Q -> _31576_/D : -2.694014
[setup reg-reg] _31831_/Q -> _31409_/D : -2.691106
[setup reg-reg] _31794_/Q -> _31553_/D : -2.688834
[setup reg-reg] _31735_/Q -> _31747_/D : -2.687131
[setup reg-reg] _31891_/Q -> _31641_/D : -2.658899
[setup reg-reg] _31831_/Q -> _31836_/D : -2.649415
[setup reg-reg] _31794_/Q -> _31557_/D : -2.644514
[setup reg-reg] _31735_/Q -> _31682_/D : -2.643883
[setup reg-reg] _31735_/Q -> _31675_/D : -2.643587
[setup reg-reg] _31735_/Q -> _31676_/D : -2.632346
[setup reg-reg] _31794_/Q -> _31563_/D : -2.629758
[setup reg-reg] _31794_/Q -> _31549_/D : -2.625338
[setup reg-reg] _31891_/Q -> _31901_/D : -2.613732
[setup reg-reg] _31891_/Q -> _31640_/D : -2.608058
[setup reg-reg] _31794_/Q -> _31810_/D : -2.603326
[setup reg-reg] _31794_/Q -> _31817_/D : -2.596643
[setup reg-reg] _31735_/Q -> _31745_/D : -2.590403
[setup reg-reg] _31794_/Q -> _31562_/D : -2.531687
[setup reg-reg] _31891_/Q -> _31902_/D : -2.528379
[setup reg-reg] _31831_/Q -> _31574_/D : -2.502594
[setup reg-reg] _31831_/Q -> _31575_/D : -2.483530
[setup reg-reg] _31794_/Q -> _31548_/D : -2.455572
[setup reg-reg] _31794_/Q -> _31550_/D : -2.406946
[setup reg-reg] _31794_/Q -> _31551_/D : -2.386113
[setup reg-reg] _31735_/Q -> _31674_/D : -2.373257
[setup reg-reg] _31794_/Q -> _31809_/D : -2.358606
[setup reg-reg] _31891_/Q -> _31899_/D : -2.346004
[setup reg-reg] _31891_/Q -> _31638_/D : -2.329740
[setup reg-reg] _31794_/Q -> _31556_/D : -2.326957
[setup reg-reg] _31831_/Q -> _31835_/D : -2.326699
[setup reg-reg] _31794_/Q -> _31558_/D : -2.321958
[setup reg-reg] _31891_/Q -> _31900_/D : -2.320570
[setup reg-reg] _31794_/Q -> _31555_/D : -2.312147
[setup reg-reg] _31891_/Q -> _31639_/D : -2.273767
[setup reg-reg] _31794_/Q -> _31808_/D : -2.246866
[setup reg-reg] _31891_/Q -> _31637_/D : -2.240970
[setup reg-reg] _31794_/Q -> _31547_/D : -2.209681
[setup reg-reg] _31831_/Q -> _31834_/D : -2.205436
[setup reg-reg] _31831_/Q -> _31573_/D : -2.177091
[setup reg-reg] _31831_/Q -> _31408_/D : -2.174755
[setup reg-reg] _31794_/Q -> _31807_/D : -2.171472
[setup reg-reg] _31735_/Q -> _31744_/D : -2.165745
[setup reg-reg] _31831_/Q -> _32105_/D : -2.151282
[setup reg-reg] _31794_/Q -> _31805_/D : -2.126216
[setup reg-reg] _31735_/Q -> _31742_/D : -2.100599
[setup reg-reg] _31735_/Q -> _31743_/D : -2.088658
[setup reg-reg] _31891_/Q -> _31898_/D : -2.026662
[setup reg-reg] _31891_/Q -> _31636_/D : -2.010093
[setup reg-reg] _31794_/Q -> _31545_/D : -1.999409
[setup reg-reg] _31794_/Q -> _31806_/D : -1.998139
[setup reg-reg] _31831_/Q -> _31407_/D : -1.993628
[setup reg-reg] _31831_/Q -> _32104_/D : -1.979574
[setup reg-reg] _31831_/Q -> _31572_/D : -1.979275
[setup reg-reg] _31735_/Q -> _31673_/D : -1.968933
[setup reg-reg] _31794_/Q -> _31544_/D : -1.965361
[setup reg-reg] _31794_/Q -> _31554_/D : -1.959320
[setup reg-reg] _31891_/Q -> _31441_/D : -1.956581
[setup reg-reg] _31794_/Q -> _31546_/D : -1.956496
[setup reg-reg] _31794_/Q -> _31804_/D : -1.936691
[setup reg-reg] _31831_/Q -> _31833_/D : -1.909443
[setup reg-reg] _31831_/Q -> _31406_/D : -1.884542
[setup reg-reg] _31891_/Q -> _31897_/D : -1.879492
[setup reg-reg] _31831_/Q -> _31385_/D : -1.849013
[setup reg-reg] _31831_/Q -> _31571_/D : -1.827965
[setup reg-reg] _31735_/Q -> _31741_/D : -1.822215
[setup reg-reg] _31735_/Q -> _31671_/D : -1.801075
[setup reg-reg] _31735_/Q -> _31672_/D : -1.795229
[setup reg-reg] _31794_/Q -> _31543_/D : -1.776426
[setup reg-reg] _31831_/Q -> _32103_/D : -1.762542
[setup reg-reg] _31794_/Q -> _31803_/D : -1.709811
[setup reg-reg] _31735_/Q -> _31670_/D : -1.697302
[setup reg-reg] _31891_/Q -> _31439_/D : -1.684999
[setup reg-reg] _31831_/Q -> _31384_/D : -1.673167
[setup reg-reg] _31794_/Q -> _31541_/D : -1.672596
[setup reg-reg] _31794_/Q -> _31542_/D : -1.646329
[setup reg-reg] _31831_/Q -> _31383_/D : -1.640146
[setup reg-reg] _31891_/Q -> _31440_/D : -1.637783
[setup reg-reg] _31831_/Q -> _31381_/D : -1.624757
[setup reg-reg] _31735_/Q -> _31740_/D : -1.608244
[setup reg-reg] _31891_/Q -> _31635_/D : -1.594774
[setup reg-reg] _31891_/Q -> _31416_/D : -1.591850
[setup reg-reg] _31891_/Q -> _31415_/D : -1.556835
[setup reg-reg] _31831_/Q -> _32113_/D : -1.555440
[setup reg-reg] _31891_/Q -> _31417_/D : -1.549060
[setup reg-reg] _31891_/Q -> _31976_/D : -1.544704
[setup reg-reg] _31891_/Q -> _31977_/D : -1.529225
[setup reg-reg] _31735_/Q -> _31738_/D : -1.461830
[setup reg-reg] _31831_/Q -> _32102_/D : -1.422215
[setup reg-reg] _31831_/Q -> _31379_/D : -1.407050
[setup reg-reg] _31831_/Q -> _31570_/D : -1.389688
[setup reg-reg] _31735_/Q -> _31669_/D : -1.367893
[setup reg-reg] _31891_/Q -> _31975_/D : -1.328933
[setup reg-reg] _31831_/Q -> _31378_/D : -1.322567
[setup reg-reg] _31891_/Q -> _31634_/D : -1.312692
[setup reg-reg] _31891_/Q -> _31985_/D : -1.309767
[setup reg-reg] _31831_/Q -> _31405_/D : -1.304336
[setup reg-reg] _31735_/Q -> _31739_/D : -1.281526
[setup reg-reg] _31831_/Q -> _31382_/D : -1.272570
[setup reg-reg] _31794_/Q -> _31802_/D : -1.251681
[setup reg-reg] _31831_/Q -> _32111_/D : -1.246844
[setup reg-reg] _31794_/Q -> _31540_/D : -1.228733
[setup reg-reg] _31831_/Q -> _32112_/D : -1.226894
[setup reg-reg] _31891_/Q -> _31413_/D : -1.220693
[setup reg-reg] _31831_/Q -> _32109_/D : -1.208607
[setup reg-reg] _31735_/Q -> _31668_/D : -1.201451
[setup reg-reg] _31891_/Q -> _31437_/D : -1.200542
[setup reg-reg] _31735_/Q -> _31449_/D : -1.198313
[setup reg-reg] _31831_/Q -> _31380_/D : -1.192713
[setup reg-reg] _31735_/Q -> _31469_/D : -1.180501
[setup reg-reg] _31891_/Q -> _31981_/D : -1.156350
[setup reg-reg] _31891_/Q -> _31984_/D : -1.146077
[setup reg-reg] _31794_/Q -> _31536_/D : -1.137341
[setup reg-reg] _31891_/Q -> _31983_/D : -1.136934
[setup reg-reg] _31891_/Q -> _31414_/D : -1.128281
[setup reg-reg] _31735_/Q -> _31473_/D : -1.119258
[setup reg-reg] _31735_/Q -> _31737_/D : -1.113067
[setup reg-reg] _31891_/Q -> _31438_/D : -1.112746
[setup reg-reg] _31831_/Q -> _32110_/D : -1.091753
[setup reg-reg] _31891_/Q -> _31412_/D : -1.079119
[setup reg-reg] _31891_/Q -> _31411_/D : -1.073378
[setup reg-reg] _31831_/Q -> _32107_/D : -1.060441
[setup reg-reg] _31794_/Q -> _31537_/D : -1.058540
[setup reg-reg] _31831_/Q -> _31404_/D : -1.043757
[setup reg-reg] _31891_/Q -> _31982_/D : -1.015183
[setup reg-reg] _31794_/Q -> _32041_/D : -1.005937
[setup reg-reg] _31831_/Q -> _32101_/D : -0.992106
[setup reg-reg] _31831_/Q -> _32108_/D : -0.989775
[setup reg-reg] _31831_/Q -> _31401_/D : -0.987113
[setup reg-reg] _31794_/Q -> _31513_/D : -0.946555
[setup reg-reg] _31735_/Q -> _31468_/D : -0.938423
[setup reg-reg] _31831_/Q -> _31403_/D : -0.933191
[setup reg-reg] _31891_/Q -> _31436_/D : -0.931854
[setup reg-reg] _31735_/Q -> _32017_/D : -0.930074
[setup reg-reg] _31735_/Q -> _31666_/D : -0.907811
[setup reg-reg] _31891_/Q -> _31410_/D : -0.907106
[setup reg-reg] _31735_/Q -> _31448_/D : -0.907011
[setup reg-reg] _31794_/Q -> _31539_/D : -0.898233
[setup reg-reg] _31891_/Q -> _31980_/D : -0.893099
[setup reg-reg] _31891_/Q -> _31974_/D : -0.890113
[setup reg-reg] _31735_/Q -> _31667_/D : -0.874351
[setup reg-reg] _31831_/Q -> _32106_/D : -0.857620
[setup reg-reg] _31794_/Q -> _31535_/D : -0.840283
[setup reg-reg] _31735_/Q -> _32009_/D : -0.833387
[setup reg-reg] _31794_/Q -> _31533_/D : -0.828043
[setup reg-reg] _31794_/Q -> _31801_/D : -0.825953
[setup reg-reg] _31831_/Q -> _31400_/D : -0.808344
[setup reg-reg] _31735_/Q -> _31472_/D : -0.785791
[setup reg-reg] _31735_/Q -> _31465_/D : -0.779876
[setup reg-reg] _31794_/Q -> _31509_/D : -0.774211
[setup reg-reg] _31891_/Q -> _31973_/D : -0.771074
[setup reg-reg] _31891_/Q -> _31978_/D : -0.755804
[setup reg-reg] _31735_/Q -> _31467_/D : -0.747651
[setup reg-reg] _31891_/Q -> _31979_/D : -0.745569
[setup reg-reg] _31831_/Q -> _32100_/D : -0.741951
[setup reg-reg] _31735_/Q -> _31446_/D : -0.735758
[setup reg-reg] _31831_/Q -> _31402_/D : -0.732912
[setup reg-reg] _31794_/Q -> _31512_/D : -0.706406
[setup reg-reg] _31831_/Q -> _32099_/D : -0.705414
[setup reg-reg] _31735_/Q -> _31463_/D : -0.699378
[setup reg-reg] _31831_/Q -> _32097_/D : -0.695621
[setup reg-reg] _31794_/Q -> _32049_/D : -0.694227
[setup reg-reg] _31831_/Q -> _31399_/D : -0.678904
[setup reg-reg] _31891_/Q -> _31435_/D : -0.675049
[setup reg-reg] _31794_/Q -> _32040_/D : -0.669052
[setup reg-reg] _31735_/Q -> _31471_/D : -0.655263
[setup reg-reg] _31891_/Q -> _31433_/D : -0.652388
[setup reg-reg] _31794_/Q -> _32039_/D : -0.645981
[setup reg-reg] _31735_/Q -> _31447_/D : -0.633305
[setup reg-reg] _31735_/Q -> _32005_/D : -0.627773
[setup reg-reg] _31891_/Q -> _31969_/D : -0.626468
[setup reg-reg] _31735_/Q -> _31445_/D : -0.614927
[setup reg-reg] _31735_/Q -> _32003_/D : -0.608399
[setup reg-reg] _31794_/Q -> _31508_/D : -0.599151
[setup reg-reg] _31794_/Q -> _31529_/D : -0.591477
[setup reg-reg] _31794_/Q -> _31528_/D : -0.578170
[setup reg-reg] _31735_/Q -> _31443_/D : -0.562702
[setup reg-reg] _31735_/Q -> _32001_/D : -0.559837
[setup reg-reg] _31891_/Q -> _31432_/D : -0.553420
[setup reg-reg] _31891_/Q -> _31431_/D : -0.541180
[setup reg-reg] _31794_/Q -> _31507_/D : -0.534520
[setup reg-reg] _31831_/Q -> _31398_/D : -0.525555
[setup reg-reg] _31891_/Q -> _31430_/D : -0.507123
[setup reg-reg] _31831_/Q -> _32098_/D : -0.488832
[setup reg-reg] _31794_/Q -> _32048_/D : -0.486073
[setup reg-reg] _31735_/Q -> _31464_/D : -0.471141
[setup reg-reg] _31794_/Q -> _31538_/D : -0.467912
[setup reg-reg] _31794_/Q -> _31534_/D : -0.467011
[setup reg-reg] _31735_/Q -> _32016_/D : -0.448027
[setup reg-reg] _31735_/Q -> _32011_/D : -0.440863
[setup reg-reg] _31831_/Q -> _31396_/D : -0.439709
[setup reg-reg] _31891_/Q -> _31972_/D : -0.433825
[setup reg-reg] _31794_/Q -> _31510_/D : -0.433795
[setup reg-reg] _31891_/Q -> _31971_/D : -0.430562
[setup reg-reg] _31735_/Q -> _32013_/D : -0.426676
[setup reg-reg] _31735_/Q -> _32015_/D : -0.425551
[setup reg-reg] _31831_/Q -> _31397_/D : -0.423483
[setup reg-reg] _31735_/Q -> _31470_/D : -0.419890
[setup reg-reg] _31794_/Q -> _31511_/D : -0.410822
[setup reg-reg] _31735_/Q -> _32007_/D : -0.410125
[setup reg-reg] _31735_/Q -> _32012_/D : -0.407214
[setup reg-reg] _31831_/Q -> _32096_/D : -0.401929
[setup reg-reg] _31735_/Q -> _32004_/D : -0.396195
[setup reg-reg] _31735_/Q -> _32008_/D : -0.395737
[setup reg-reg] _31735_/Q -> _31444_/D : -0.392285
[setup reg-reg] _31794_/Q -> _31506_/D : -0.386853
[setup reg-reg] _31794_/Q -> _32033_/D : -0.382014
[setup reg-reg] _31891_/Q -> _31434_/D : -0.365036
[setup reg-reg] _31891_/Q -> _31968_/D : -0.358208
[setup reg-reg] _31794_/Q -> _32045_/D : -0.355842
[setup reg-reg] _31891_/Q -> _31429_/D : -0.351829
[setup reg-reg] _31735_/Q -> _31442_/D : -0.351513
[setup reg-reg] _31891_/Q -> _31967_/D : -0.339005
[setup reg-reg] _31794_/Q -> _32037_/D : -0.321050
[setup reg-reg] _31735_/Q -> _31462_/D : -0.314204
[setup reg-reg] _31735_/Q -> _31466_/D : -0.289882
[setup reg-reg] _31735_/Q -> _32000_/D : -0.276817
[setup reg-reg] _31831_/Q -> _31395_/D : -0.273820
[setup reg-reg] _31735_/Q -> _32014_/D : -0.268633
[setup reg-reg] _31831_/Q -> _32095_/D : -0.256382
[setup reg-reg] _31794_/Q -> _31527_/D : -0.248848
[setup reg-reg] _31891_/Q -> _31427_/D : -0.247244
[setup reg-reg] _31735_/Q -> _31999_/D : -0.229498
[setup reg-reg] _31794_/Q -> _32038_/D : -0.228530
[setup reg-reg] _31794_/Q -> _32047_/D : -0.196739
[setup reg-reg] _31794_/Q -> _32044_/D : -0.193124
[setup reg-reg] _31735_/Q -> _31460_/D : -0.170779
[setup reg-reg] _31891_/Q -> _31966_/D : -0.147550
[setup reg-reg] _31831_/Q -> _32093_/D : -0.139456
[setup reg-reg] _31831_/Q -> _32094_/D : -0.134143
[setup reg-reg] _31794_/Q -> _32031_/D : -0.129507
[setup reg-reg] _31794_/Q -> _32032_/D : -0.120313
[setup reg-reg] _31794_/Q -> _31532_/D : -0.113884
[setup reg-reg] _31735_/Q -> _31998_/D : -0.094722
[setup reg-reg] _31735_/Q -> _31461_/D : -0.092387
[setup reg-reg] _31735_/Q -> _32010_/D : -0.075586
[setup reg-reg] _31831_/Q -> _32092_/D : -0.073030
[setup reg-reg] _31735_/Q -> _32006_/D : -0.066118
[setup reg-reg] _31891_/Q -> _31428_/D : -0.052657
[setup reg-reg] _31891_/Q -> _31970_/D : -0.052022
[setup reg-reg] _31794_/Q -> _32046_/D : -0.051321
[setup reg-reg] _31794_/Q -> _31526_/D : -0.010658
[setup reg-reg] _31794_/Q -> _31525_/D : -0.001439
Writing metric timing__hold_vio__count__corner:nom_tt_025C_1v80: 0
Writing metric timing__hold_r2r__ws__corner:nom_tt_025C_1v80: 0.305858
Writing metric timing__hold_r2r_vio__count__corner:nom_tt_025C_1v80: 0
Writing metric timing__setup_vio__count__corner:nom_tt_025C_1v80: 418
Writing metric timing__setup_r2r__ws__corner:nom_tt_025C_1v80: -4.379439
Writing metric timing__setup_r2r_vio__count__corner:nom_tt_025C_1v80: 418
