Clock: clk
Sources: clk 
Generated: no
Virtual: yes
Propagated: no
Period: 20.000000

===========================================================================
report_clock_properties
============================================================================
Clock                   Period          Waveform
----------------------------------------------------
clk                  20.000000    0.000000 10.000000

===========================================================================
report_clock_latency
============================================================================
Clock clk
rise -> rise
    min     max
0.000000 0.000000 source latency
1.384240         network latency _32777_/CLK
        1.687822 network latency _31945_/CLK
---------------
1.384240 1.687822 latency
        0.303581 skew

fall -> fall
    min     max
0.000000 0.000000 source latency
1.077429         network latency _32777_/CLK
        1.341562 network latency _31945_/CLK
---------------
1.077429 1.341562 latency
        0.264133 skew



===========================================================================
report_clock_min_period
============================================================================
clk period_min = 26.03 fmax = 38.42
