
===========================================================================
report_checks -unconstrained
===========================================================================
======================= min_ff_n40C_1v95 Corner ===================================

Startpoint: rst_n (input port clocked by clk)
Endpoint: _31572_ (recovery check against rising-edge clock clk)
Path Group: asynchronous
Path Type: max

Fanout         Cap        Slew       Delay        Time   Description
---------------------------------------------------------------------------------------------
                                  0.000000    0.000000   clock clk (rise edge)
                                  0.000000    0.000000   clock network delay (propagated)
                                  4.000000    4.000000 ^ input external delay
     1    0.002652    0.013390    0.006837    4.006837 ^ rst_n (in)
                                                         rst_n (net)
                      0.013390    0.000000    4.006837 ^ input71/A (sky130_fd_sc_hd__dlymetal6s2s_1)
     1    0.019280    0.159802    0.140932    4.147769 ^ input71/X (sky130_fd_sc_hd__dlymetal6s2s_1)
                                                         net71 (net)
                      0.159821    0.001417    4.149186 ^ fanout1711/A (sky130_fd_sc_hd__buf_8)
     9    0.198657    0.240713    0.222131    4.371317 ^ fanout1711/X (sky130_fd_sc_hd__buf_8)
                                                         net1711 (net)
                      0.240714    0.000360    4.371677 ^ fanout1539/A (sky130_fd_sc_hd__buf_6)
     9    0.182173    0.270149    0.243427    4.615104 ^ fanout1539/X (sky130_fd_sc_hd__buf_6)
                                                         net1539 (net)
                      0.271175    0.013689    4.628793 ^ fanout1474/A (sky130_fd_sc_hd__clkbuf_8)
     9    0.124379    0.167017    0.222868    4.851661 ^ fanout1474/X (sky130_fd_sc_hd__clkbuf_8)
                                                         net1474 (net)
                      0.167298    0.005687    4.857348 ^ fanout1472/A (sky130_fd_sc_hd__buf_4)
    10    0.091025    0.189900    0.207830    5.065178 ^ fanout1472/X (sky130_fd_sc_hd__buf_4)
                                                         net1472 (net)
                      0.189901    0.000485    5.065663 ^ fanout1471/A (sky130_fd_sc_hd__buf_2)
     7    0.053592    0.196908    0.213307    5.278970 ^ fanout1471/X (sky130_fd_sc_hd__buf_2)
                                                         net1471 (net)
                      0.196908    0.000160    5.279130 ^ fanout1470/A (sky130_fd_sc_hd__buf_2)
     6    0.044200    0.163369    0.191089    5.470219 ^ fanout1470/X (sky130_fd_sc_hd__buf_2)
                                                         net1470 (net)
                      0.163370    0.000329    5.470548 ^ fanout1467/A (sky130_fd_sc_hd__clkbuf_4)
    10    0.053017    0.124726    0.186279    5.656826 ^ fanout1467/X (sky130_fd_sc_hd__clkbuf_4)
                                                         net1467 (net)
                      0.124781    0.000382    5.657208 ^ fanout1466/A (sky130_fd_sc_hd__clkbuf_4)
    10    0.048090    0.114127    0.173161    5.830369 ^ fanout1466/X (sky130_fd_sc_hd__clkbuf_4)
                                                         net1466 (net)
                      0.114135    0.001081    5.831450 ^ _31572_/RESET_B (sky130_fd_sc_hd__dfrtp_4)
                                              5.831450   data arrival time

                                 20.000000   20.000000   clock clk (rise edge)
                                  0.000000   20.000000   clock source latency
     3    0.123194    0.418001    0.298723   20.298723 ^ clk (in)
                                                         clk (net)
                      0.422760    0.000000   20.298723 ^ clkbuf_0_clk/A (sky130_fd_sc_hd__clkbuf_16)
     4    0.168027    0.141634    0.215305   20.514029 ^ clkbuf_0_clk/X (sky130_fd_sc_hd__clkbuf_16)
                                                         clknet_0_clk (net)
                      0.141963    0.005530   20.519558 ^ clkbuf_2_0_0_clk/A (sky130_fd_sc_hd__clkbuf_8)
     8    0.183163    0.240021    0.255937   20.775496 ^ clkbuf_2_0_0_clk/X (sky130_fd_sc_hd__clkbuf_8)
                                                         clknet_2_0_0_clk (net)
                      0.240026    0.000957   20.776453 ^ clkbuf_5_7__f_clk/A (sky130_fd_sc_hd__clkbuf_16)
    10    0.118541    0.104129    0.180638   20.957090 ^ clkbuf_5_7__f_clk/X (sky130_fd_sc_hd__clkbuf_16)
                                                         clknet_5_7__leaf_clk (net)
                      0.104130    0.000318   20.957409 ^ clkbuf_leaf_325_clk/A (sky130_fd_sc_hd__clkbuf_8)
    14    0.046001    0.069058    0.132129   21.089539 ^ clkbuf_leaf_325_clk/X (sky130_fd_sc_hd__clkbuf_8)
                                                         clknet_leaf_325_clk (net)
                      0.069060    0.000522   21.090059 ^ _31572_/CLK (sky130_fd_sc_hd__dfrtp_4)
                                 -0.250000   20.840061   clock uncertainty
                                  0.000000   20.840061   clock reconvergence pessimism
                                  0.110888   20.950951   library recovery time
                                             20.950951   data required time
---------------------------------------------------------------------------------------------
                                             20.950951   data required time
                                             -5.831450   data arrival time
---------------------------------------------------------------------------------------------
                                             15.119499   slack (MET)


Startpoint: _31827_ (rising edge-triggered flip-flop clocked by clk)
Endpoint: _31856_ (rising edge-triggered flip-flop clocked by clk)
Path Group: clk
Path Type: max

Fanout         Cap        Slew       Delay        Time   Description
---------------------------------------------------------------------------------------------
                                  0.000000    0.000000   clock clk (rise edge)
                                  0.000000    0.000000   clock source latency
     3    0.123194    0.418001    0.298723    0.298723 ^ clk (in)
                                                         clk (net)
                      0.422760    0.000000    0.298723 ^ clkbuf_0_clk/A (sky130_fd_sc_hd__clkbuf_16)
     4    0.168027    0.141634    0.215305    0.514028 ^ clkbuf_0_clk/X (sky130_fd_sc_hd__clkbuf_16)
                                                         clknet_0_clk (net)
                      0.141963    0.005530    0.519557 ^ clkbuf_2_0_0_clk/A (sky130_fd_sc_hd__clkbuf_8)
     8    0.183163    0.240021    0.255937    0.775495 ^ clkbuf_2_0_0_clk/X (sky130_fd_sc_hd__clkbuf_8)
                                                         clknet_2_0_0_clk (net)
                      0.240026    0.000958    0.776453 ^ clkbuf_5_7__f_clk/A (sky130_fd_sc_hd__clkbuf_16)
    10    0.118541    0.104129    0.180637    0.957090 ^ clkbuf_5_7__f_clk/X (sky130_fd_sc_hd__clkbuf_16)
                                                         clknet_5_7__leaf_clk (net)
                      0.104130    0.000318    0.957408 ^ clkbuf_leaf_325_clk/A (sky130_fd_sc_hd__clkbuf_8)
    14    0.046001    0.069058    0.132130    1.089538 ^ clkbuf_leaf_325_clk/X (sky130_fd_sc_hd__clkbuf_8)
                                                         clknet_leaf_325_clk (net)
                      0.069058    0.000246    1.089784 ^ _31827_/CLK (sky130_fd_sc_hd__dfrtp_4)
    10    0.129848    0.153507    0.410643    1.500427 v _31827_/Q (sky130_fd_sc_hd__dfrtp_4)
                                                         chacha_unit.U_QR_COL_1.in_b[1] (net)
                      0.156927    0.018115    1.518541 v _16228_/A (sky130_fd_sc_hd__xor2_2)
     2    0.014693    0.163625    0.208497    1.727039 ^ _16228_/X (sky130_fd_sc_hd__xor2_2)
                                                         _12243_ (net)
                      0.163625    0.000102    1.727140 ^ _16230_/A3 (sky130_fd_sc_hd__a31oi_4)
     2    0.023919    0.106259    0.086823    1.813963 v _16230_/Y (sky130_fd_sc_hd__a31oi_4)
                                                         _12245_ (net)
                      0.106297    0.000669    1.814632 v _16231_/A2 (sky130_fd_sc_hd__o21a_2)
     3    0.031449    0.069582    0.197546    2.012178 v _16231_/X (sky130_fd_sc_hd__o21a_2)
                                                         _12246_ (net)
                      0.069582    0.000192    2.012369 v _16311_/A1 (sky130_fd_sc_hd__a211o_4)
     2    0.067851    0.094867    0.286367    2.298737 v _16311_/X (sky130_fd_sc_hd__a211o_4)
                                                         _12326_ (net)
                      0.094966    0.002751    2.301488 v _16322_/A2 (sky130_fd_sc_hd__a211o_4)
     4    0.023295    0.055723    0.253513    2.555001 v _16322_/X (sky130_fd_sc_hd__a211o_4)
                                                         _12337_ (net)
                      0.055723    0.001141    2.556142 v _16345_/A2 (sky130_fd_sc_hd__a2111o_4)
     2    0.070706    0.114345    0.397078    2.953219 v _16345_/X (sky130_fd_sc_hd__a2111o_4)
                                                         _12360_ (net)
                      0.115365    0.007662    2.960881 v _16355_/A2 (sky130_fd_sc_hd__a21oi_4)
     4    0.023667    0.154539    0.187960    3.148841 ^ _16355_/Y (sky130_fd_sc_hd__a21oi_4)
                                                         _12370_ (net)
                      0.154543    0.001045    3.149886 ^ _16367_/A2 (sky130_fd_sc_hd__o211ai_2)
     3    0.009929    0.057857    0.066902    3.216788 v _16367_/Y (sky130_fd_sc_hd__o211ai_2)
                                                         _12382_ (net)
                      0.057857    0.000159    3.216947 v _16375_/A1 (sky130_fd_sc_hd__a211o_1)
     2    0.009036    0.054747    0.187310    3.404257 v _16375_/X (sky130_fd_sc_hd__a211o_1)
                                                         _12390_ (net)
                      0.054747    0.000101    3.404358 v _16376_/B (sky130_fd_sc_hd__nand2_2)
     1    0.015980    0.073632    0.083741    3.488099 ^ _16376_/Y (sky130_fd_sc_hd__nand2_2)
                                                         _12391_ (net)
                      0.073632    0.000147    3.488246 ^ _16378_/B (sky130_fd_sc_hd__xor2_4)
     3    0.031518    0.070176    0.073585    3.561832 v _16378_/X (sky130_fd_sc_hd__xor2_4)
                                                         _12393_ (net)
                      0.070181    0.000454    3.562286 v _16379_/B (sky130_fd_sc_hd__xnor2_4)
     2    0.073869    0.418547    0.342774    3.905060 ^ _16379_/Y (sky130_fd_sc_hd__xnor2_4)
                                                         _12394_ (net)
                      0.418606    0.004043    3.909104 ^ max_cap382/A (sky130_fd_sc_hd__buf_4)
     2    0.046467    0.104354    0.155485    4.064589 ^ max_cap382/X (sky130_fd_sc_hd__buf_4)
                                                         net382 (net)
                      0.104775    0.005326    4.069914 ^ _16381_/B (sky130_fd_sc_hd__xnor2_4)
     4    0.024127    0.070691    0.067463    4.137377 v _16381_/Y (sky130_fd_sc_hd__xnor2_4)
                                                         _12396_ (net)
                      0.070691    0.000132    4.137509 v _16404_/A (sky130_fd_sc_hd__or4_4)
     2    0.006202    0.060517    0.331969    4.469478 v _16404_/X (sky130_fd_sc_hd__or4_4)
                                                         _12419_ (net)
                      0.060517    0.000047    4.469525 v _16493_/A (sky130_fd_sc_hd__or4bb_4)
     3    0.016547    0.073082    0.352451    4.821976 v _16493_/X (sky130_fd_sc_hd__or4bb_4)
                                                         _12508_ (net)
                      0.073082    0.000453    4.822429 v _16502_/A2 (sky130_fd_sc_hd__a31o_1)
     2    0.009479    0.048009    0.167311    4.989740 v _16502_/X (sky130_fd_sc_hd__a31o_1)
                                                         _12517_ (net)
                      0.048009    0.000111    4.989851 v _16504_/A2 (sky130_fd_sc_hd__a21o_1)
     3    0.016691    0.062949    0.156906    5.146757 v _16504_/X (sky130_fd_sc_hd__a21o_1)
                                                         _12519_ (net)
                      0.062949    0.000149    5.146906 v _16668_/B (sky130_fd_sc_hd__and3_1)
     3    0.018281    0.071690    0.158940    5.305846 v _16668_/X (sky130_fd_sc_hd__and3_1)
                                                         _12683_ (net)
                      0.071694    0.000603    5.306448 v _16672_/A1 (sky130_fd_sc_hd__o21ai_4)
     3    0.064416    0.344071    0.302828    5.609276 ^ _16672_/Y (sky130_fd_sc_hd__o21ai_4)
                                                         _12687_ (net)
                      0.344105    0.002771    5.612047 ^ _16674_/C (sky130_fd_sc_hd__and3_1)
     2    0.024018    0.182680    0.224183    5.836230 ^ _16674_/X (sky130_fd_sc_hd__and3_1)
                                                         _12689_ (net)
                      0.182764    0.001817    5.838047 ^ _16678_/B1 (sky130_fd_sc_hd__a21o_1)
     2    0.024297    0.161641    0.146959    5.985005 ^ _16678_/X (sky130_fd_sc_hd__a21o_1)
                                                         _12693_ (net)
                      0.161686    0.000421    5.985426 ^ _16679_/A2 (sky130_fd_sc_hd__a21o_4)
     2    0.030141    0.069221    0.124479    6.109905 ^ _16679_/X (sky130_fd_sc_hd__a21o_4)
                                                         _12694_ (net)
                      0.069223    0.000464    6.110368 ^ _16682_/A2 (sky130_fd_sc_hd__a21oi_4)
     3    0.015111    0.045794    0.046021    6.156389 v _16682_/Y (sky130_fd_sc_hd__a21oi_4)
                                                         _12697_ (net)
                      0.045795    0.000343    6.156732 v _16704_/A1 (sky130_fd_sc_hd__o41a_4)
     3    0.048699    0.095599    0.364300    6.521031 v _16704_/X (sky130_fd_sc_hd__o41a_4)
                                                         _12719_ (net)
                      0.096546    0.007284    6.528316 v _16718_/A3 (sky130_fd_sc_hd__a311o_4)
     2    0.016710    0.057347    0.297603    6.825918 v _16718_/X (sky130_fd_sc_hd__a311o_4)
                                                         _12733_ (net)
                      0.057347    0.000249    6.826168 v _16772_/A1 (sky130_fd_sc_hd__a21oi_4)
     3    0.045227    0.254239    0.226079    7.052247 ^ _16772_/Y (sky130_fd_sc_hd__a21oi_4)
                                                         _12787_ (net)
                      0.254381    0.004813    7.057060 ^ _16908_/A2 (sky130_fd_sc_hd__o2111ai_4)
     3    0.019538    0.101111    0.095074    7.152134 v _16908_/Y (sky130_fd_sc_hd__o2111ai_4)
                                                         _12923_ (net)
                      0.101111    0.000431    7.152565 v _16962_/A2 (sky130_fd_sc_hd__a211o_1)
     2    0.006652    0.046291    0.216349    7.368914 v _16962_/X (sky130_fd_sc_hd__a211o_1)
                                                         _12977_ (net)
                      0.046291    0.000093    7.369008 v _16963_/A1 (sky130_fd_sc_hd__a21o_1)
     3    0.009340    0.043499    0.121180    7.490187 v _16963_/X (sky130_fd_sc_hd__a21o_1)
                                                         _12978_ (net)
                      0.043499    0.000089    7.490276 v _16975_/B (sky130_fd_sc_hd__and2_4)
     3    0.085767    0.084089    0.170048    7.660324 v _16975_/X (sky130_fd_sc_hd__and2_4)
                                                         _12990_ (net)
                      0.084095    0.000563    7.660887 v _16976_/A (sky130_fd_sc_hd__xnor2_4)
     3    0.021293    0.160866    0.180614    7.841501 ^ _16976_/Y (sky130_fd_sc_hd__xnor2_4)
                                                         _12991_ (net)
                      0.160866    0.000189    7.841690 ^ _16978_/B (sky130_fd_sc_hd__xor2_4)
     3    0.025214    0.091165    0.079700    7.921390 v _16978_/X (sky130_fd_sc_hd__xor2_4)
                                                         _12993_ (net)
                      0.091166    0.000289    7.921679 v _16980_/A (sky130_fd_sc_hd__and3_1)
     2    0.007728    0.041800    0.127086    8.048764 v _16980_/X (sky130_fd_sc_hd__and3_1)
                                                         _12995_ (net)
                      0.041800    0.000172    8.048937 v _16983_/C (sky130_fd_sc_hd__and4_1)
     2    0.009339    0.047755    0.142777    8.191714 v _16983_/X (sky130_fd_sc_hd__and4_1)
                                                         _12998_ (net)
                      0.047755    0.000172    8.191887 v _16993_/A1 (sky130_fd_sc_hd__o31a_4)
     2    0.052994    0.084516    0.279777    8.471663 v _16993_/X (sky130_fd_sc_hd__o31a_4)
                                                         _13008_ (net)
                      0.084675    0.003253    8.474917 v _17009_/A2 (sky130_fd_sc_hd__o31a_1)
     1    0.009505    0.054737    0.210435    8.685352 v _17009_/X (sky130_fd_sc_hd__o31a_1)
                                                         _13024_ (net)
                      0.054737    0.000224    8.685576 v _17060_/A2 (sky130_fd_sc_hd__a211o_4)
     4    0.085260    0.111859    0.292187    8.977763 v _17060_/X (sky130_fd_sc_hd__a211o_4)
                                                         _13075_ (net)
                      0.117400    0.019265    8.997027 v _17068_/A1 (sky130_fd_sc_hd__a311o_4)
     3    0.017377    0.058889    0.245887    9.242914 v _17068_/X (sky130_fd_sc_hd__a311o_4)
                                                         _13083_ (net)
                      0.058889    0.000577    9.243491 v _17072_/A3 (sky130_fd_sc_hd__a31o_4)
     2    0.030141    0.049933    0.190589    9.434080 v _17072_/X (sky130_fd_sc_hd__a31o_4)
                                                         _13087_ (net)
                      0.049962    0.001119    9.435200 v _17073_/A1 (sky130_fd_sc_hd__a21oi_4)
     1    0.017045    0.124527    0.126716    9.561915 ^ _17073_/Y (sky130_fd_sc_hd__a21oi_4)
                                                         _13088_ (net)
                      0.124527    0.000201    9.562116 ^ _17078_/B (sky130_fd_sc_hd__xnor2_4)
     2    0.036161    0.095916    0.085554    9.647670 v _17078_/Y (sky130_fd_sc_hd__xnor2_4)
                                                         _13093_ (net)
                      0.095997    0.002125    9.649795 v _17079_/A (sky130_fd_sc_hd__xnor2_4)
     1    0.033990    0.223087    0.228935    9.878730 ^ _17079_/Y (sky130_fd_sc_hd__xnor2_4)
                                                         _13094_ (net)
                      0.223149    0.002880    9.881611 ^ wire242/A (sky130_fd_sc_hd__buf_8)
     3    0.053995    0.072707    0.114649    9.996260 ^ wire242/X (sky130_fd_sc_hd__buf_8)
                                                         net242 (net)
                      0.072844    0.002522    9.998781 ^ rebuffer54/A (sky130_fd_sc_hd__dlymetal6s2s_1)
     1    0.004428    0.055771    0.081759   10.080541 ^ rebuffer54/X (sky130_fd_sc_hd__dlymetal6s2s_1)
                                                         net1829 (net)
                      0.055771    0.000071   10.080612 ^ _17080_/B (sky130_fd_sc_hd__nand2_1)
     2    0.007619    0.089339    0.049231   10.129843 v _17080_/Y (sky130_fd_sc_hd__nand2_1)
                                                         _13095_ (net)
                      0.089340    0.000093   10.129936 v _17082_/A1 (sky130_fd_sc_hd__a21oi_1)
     1    0.007902    0.144827    0.152381   10.282317 ^ _17082_/Y (sky130_fd_sc_hd__a21oi_1)
                                                         _13097_ (net)
                      0.144827    0.000139   10.282456 ^ _17132_/B1 (sky130_fd_sc_hd__a41oi_2)
     3    0.011950    0.086847    0.041215   10.323671 v _17132_/Y (sky130_fd_sc_hd__a41oi_2)
                                                         _13147_ (net)
                      0.086848    0.000347   10.324018 v _17719_/A2 (sky130_fd_sc_hd__a21o_1)
     4    0.025001    0.087203    0.190252   10.514271 v _17719_/X (sky130_fd_sc_hd__a21o_1)
                                                         _13734_ (net)
                      0.087234    0.001533   10.515803 v _17729_/A2 (sky130_fd_sc_hd__a211o_4)
     2    0.025470    0.057430    0.252802   10.768606 v _17729_/X (sky130_fd_sc_hd__a211o_4)
                                                         _13744_ (net)
                      0.057647    0.002191   10.770797 v _18526_/A1 (sky130_fd_sc_hd__a21o_1)
     3    0.017842    0.066241    0.146976   10.917773 v _18526_/X (sky130_fd_sc_hd__a21o_1)
                                                         _14541_ (net)
                      0.066244    0.000484   10.918257 v _18529_/A2 (sky130_fd_sc_hd__o31ai_4)
     3    0.027811    0.278658    0.274240   11.192497 ^ _18529_/Y (sky130_fd_sc_hd__o31ai_4)
                                                         _14544_ (net)
                      0.278658    0.000548   11.193045 ^ _19129_/A3 (sky130_fd_sc_hd__a311o_4)
     2    0.026418    0.085332    0.178980   11.372025 ^ _19129_/X (sky130_fd_sc_hd__a311o_4)
                                                         _15144_ (net)
                      0.085340    0.000862   11.372888 ^ _19132_/A1 (sky130_fd_sc_hd__a21o_1)
     1    0.018673    0.126008    0.142201   11.515089 ^ _19132_/X (sky130_fd_sc_hd__a21o_1)
                                                         _15147_ (net)
                      0.126008    0.000190   11.515279 ^ _19142_/A (sky130_fd_sc_hd__xor2_4)
     2    0.037906    0.227932    0.208108   11.723387 ^ _19142_/X (sky130_fd_sc_hd__xor2_4)
                                                         _15157_ (net)
                      0.227977    0.002539   11.725926 ^ _19166_/B (sky130_fd_sc_hd__xnor2_4)
     4    0.057524    0.132111    0.117152   11.843078 v _19166_/Y (sky130_fd_sc_hd__xnor2_4)
                                                         _15181_ (net)
                      0.133007    0.008583   11.851662 v _19168_/A (sky130_fd_sc_hd__xnor2_4)
     3    0.008936    0.071433    0.135839   11.987500 v _19168_/Y (sky130_fd_sc_hd__xnor2_4)
                                                         _15183_ (net)
                      0.071433    0.000139   11.987639 v _19188_/B (sky130_fd_sc_hd__or4_4)
     1    0.003185    0.055842    0.310644   12.298284 v _19188_/X (sky130_fd_sc_hd__or4_4)
                                                         _15203_ (net)
                      0.055842    0.000036   12.298319 v _19189_/B1 (sky130_fd_sc_hd__a21o_1)
     3    0.017969    0.066659    0.116473   12.414792 v _19189_/X (sky130_fd_sc_hd__a21o_1)
                                                         _15204_ (net)
                      0.066663    0.000574   12.415366 v _19351_/A2 (sky130_fd_sc_hd__a211o_4)
     4    0.040607    0.072906    0.260582   12.675948 v _19351_/X (sky130_fd_sc_hd__a211o_4)
                                                         _15366_ (net)
                      0.073337    0.004786   12.680734 v _19388_/A2 (sky130_fd_sc_hd__a2111o_1)
     2    0.009772    0.066923    0.289227   12.969960 v _19388_/X (sky130_fd_sc_hd__a2111o_1)
                                                         _15403_ (net)
                      0.066923    0.000280   12.970241 v _19393_/A1 (sky130_fd_sc_hd__a31o_1)
     2    0.008732    0.045774    0.140782   13.111022 v _19393_/X (sky130_fd_sc_hd__a31o_1)
                                                         _15408_ (net)
                      0.045774    0.000133   13.111156 v _19528_/A1 (sky130_fd_sc_hd__a31o_4)
     2    0.024778    0.045566    0.165881   13.277036 v _19528_/X (sky130_fd_sc_hd__a31o_4)
                                                         _15543_ (net)
                      0.045568    0.000309   13.277345 v _19529_/A2 (sky130_fd_sc_hd__o21ai_4)
     1    0.018311    0.133433    0.128106   13.405451 ^ _19529_/Y (sky130_fd_sc_hd__o21ai_4)
                                                         _15544_ (net)
                      0.133433    0.000211   13.405662 ^ _19541_/A (sky130_fd_sc_hd__xnor2_4)
     2    0.030447    0.078053    0.086684   13.492347 v _19541_/Y (sky130_fd_sc_hd__xnor2_4)
                                                         _15556_ (net)
                      0.078054    0.000193   13.492539 v _19542_/A (sky130_fd_sc_hd__xnor2_4)
     4    0.074115    0.419913    0.364170   13.856709 ^ _19542_/Y (sky130_fd_sc_hd__xnor2_4)
                                                         _15557_ (net)
                      0.419944    0.002967   13.859675 ^ _19549_/B (sky130_fd_sc_hd__xnor2_2)
     2    0.011907    0.088585    0.058572   13.918247 v _19549_/Y (sky130_fd_sc_hd__xnor2_2)
                                                         _15564_ (net)
                      0.088585    0.000049   13.918296 v _19550_/C (sky130_fd_sc_hd__or3_4)
     2    0.009842    0.051748    0.220783   14.139079 v _19550_/X (sky130_fd_sc_hd__or3_4)
                                                         _15565_ (net)
                      0.051748    0.000244   14.139323 v _19551_/B (sky130_fd_sc_hd__or4b_4)
     2    0.007531    0.062274    0.316375   14.455698 v _19551_/X (sky130_fd_sc_hd__or4b_4)
                                                         _15566_ (net)
                      0.062274    0.000085   14.455784 v _19609_/A2 (sky130_fd_sc_hd__a211o_4)
     2    0.039260    0.071793    0.256921   14.712705 v _19609_/X (sky130_fd_sc_hd__a211o_4)
                                                         _15624_ (net)
                      0.072596    0.005604   14.718307 v _19617_/A2 (sky130_fd_sc_hd__a21o_4)
     5    0.022763    0.041188    0.169982   14.888290 v _19617_/X (sky130_fd_sc_hd__a21o_4)
                                                         _02975_ (net)
                      0.041218    0.000638   14.888927 v _19668_/A2 (sky130_fd_sc_hd__o2111ai_4)
     3    0.028613    0.231645    0.208127   15.097054 ^ _19668_/Y (sky130_fd_sc_hd__o2111ai_4)
                                                         _03022_ (net)
                      0.231647    0.001148   15.098202 ^ _19684_/A1 (sky130_fd_sc_hd__a21oi_2)
     1    0.016106    0.078603    0.068907   15.167109 v _19684_/Y (sky130_fd_sc_hd__a21oi_2)
                                                         _03037_ (net)
                      0.078603    0.000160   15.167269 v _19685_/B (sky130_fd_sc_hd__xnor2_4)
     2    0.022385    0.166008    0.165739   15.333008 ^ _19685_/Y (sky130_fd_sc_hd__xnor2_4)
                                                         _03038_ (net)
                      0.166008    0.000199   15.333207 ^ _19686_/B (sky130_fd_sc_hd__xnor2_4)
     4    0.026142    0.092700    0.074184   15.407392 v _19686_/Y (sky130_fd_sc_hd__xnor2_4)
                                                         _03039_ (net)
                      0.092703    0.000433   15.407825 v _22968_/B (sky130_fd_sc_hd__xnor2_4)
     3    0.026946    0.187847    0.187244   15.595069 ^ _22968_/Y (sky130_fd_sc_hd__xnor2_4)
                                                         _06129_ (net)
                      0.187847    0.000250   15.595319 ^ _22995_/B (sky130_fd_sc_hd__nand2_1)
     1    0.005459    0.056328    0.051809   15.647128 v _22995_/Y (sky130_fd_sc_hd__nand2_1)
                                                         _06153_ (net)
                      0.056329    0.000117   15.647245 v _22996_/A (sky130_fd_sc_hd__or4_4)
     2    0.071340    0.126540    0.420371   16.067617 v _22996_/X (sky130_fd_sc_hd__or4_4)
                                                         _06154_ (net)
                      0.126639    0.003070   16.070686 v _23071_/A1 (sky130_fd_sc_hd__a211o_1)
     2    0.012973    0.065179    0.224398   16.295084 v _23071_/X (sky130_fd_sc_hd__a211o_1)
                                                         _06221_ (net)
                      0.065179    0.000362   16.295446 v _23072_/B (sky130_fd_sc_hd__and2_4)
     3    0.013312    0.030385    0.123338   16.418785 v _23072_/X (sky130_fd_sc_hd__and2_4)
                                                         _06222_ (net)
                      0.030385    0.000158   16.418943 v _23113_/A2 (sky130_fd_sc_hd__o21a_4)
     2    0.018923    0.038977    0.135618   16.554562 v _23113_/X (sky130_fd_sc_hd__o21a_4)
                                                         _06259_ (net)
                      0.038977    0.000103   16.554665 v _23114_/A_N (sky130_fd_sc_hd__nand2b_4)
     2    0.019138    0.063453    0.110191   16.664854 v _23114_/Y (sky130_fd_sc_hd__nand2b_4)
                                                         _06260_ (net)
                      0.063453    0.000201   16.665056 v _23130_/A2 (sky130_fd_sc_hd__a21oi_4)
     2    0.027084    0.170077    0.181061   16.846117 ^ _23130_/Y (sky130_fd_sc_hd__a21oi_4)
                                                         _06274_ (net)
                      0.170077    0.000332   16.846449 ^ _23137_/A2 (sky130_fd_sc_hd__a21oi_4)
     1    0.016648    0.072163    0.055223   16.901672 v _23137_/Y (sky130_fd_sc_hd__a21oi_4)
                                                         _06280_ (net)
                      0.072163    0.000179   16.901852 v _23138_/A (sky130_fd_sc_hd__xnor2_4)
     3    0.036075    0.232124    0.228079   17.129930 ^ _23138_/Y (sky130_fd_sc_hd__xnor2_4)
                                                         _06281_ (net)
                      0.232212    0.003523   17.133453 ^ _24153_/B (sky130_fd_sc_hd__nand2_1)
     1    0.010084    0.077173    0.080124   17.213577 v _24153_/Y (sky130_fd_sc_hd__nand2_1)
                                                         _07033_ (net)
                      0.077173    0.000133   17.213711 v _24155_/A2 (sky130_fd_sc_hd__a21oi_4)
     2    0.041863    0.238522    0.232955   17.446665 ^ _24155_/Y (sky130_fd_sc_hd__a21oi_4)
                                                         _07035_ (net)
                      0.238791    0.006363   17.453028 ^ _24156_/C1 (sky130_fd_sc_hd__a221o_1)
     1    0.003021    0.033864    0.071850   17.524878 ^ _24156_/X (sky130_fd_sc_hd__a221o_1)
                                                         _00619_ (net)
                      0.033864    0.000032   17.524910 ^ _31856_/D (sky130_fd_sc_hd__dfrtp_4)
                                             17.524910   data arrival time

                                 20.000000   20.000000   clock clk (rise edge)
                                  0.000000   20.000000   clock source latency
     3    0.123194    0.418001    0.298723   20.298723 ^ clk (in)
                                                         clk (net)
                      0.422760    0.000000   20.298723 ^ clkbuf_0_clk/A (sky130_fd_sc_hd__clkbuf_16)
     4    0.168027    0.141634    0.215305   20.514029 ^ clkbuf_0_clk/X (sky130_fd_sc_hd__clkbuf_16)
                                                         clknet_0_clk (net)
                      0.141963    0.005530   20.519558 ^ clkbuf_2_0_0_clk/A (sky130_fd_sc_hd__clkbuf_8)
     8    0.183163    0.240021    0.255937   20.775496 ^ clkbuf_2_0_0_clk/X (sky130_fd_sc_hd__clkbuf_8)
                                                         clknet_2_0_0_clk (net)
                      0.240026    0.000957   20.776453 ^ clkbuf_5_7__f_clk/A (sky130_fd_sc_hd__clkbuf_16)
    10    0.118541    0.104129    0.180638   20.957090 ^ clkbuf_5_7__f_clk/X (sky130_fd_sc_hd__clkbuf_16)
                                                         clknet_5_7__leaf_clk (net)
                      0.104211    0.002387   20.959478 ^ clkbuf_leaf_27_clk/A (sky130_fd_sc_hd__clkbuf_8)
    15    0.046694    0.069896    0.132799   21.092278 ^ clkbuf_leaf_27_clk/X (sky130_fd_sc_hd__clkbuf_8)
                                                         clknet_leaf_27_clk (net)
                      0.069896    0.000368   21.092644 ^ _31856_/CLK (sky130_fd_sc_hd__dfrtp_4)
                                 -0.250000   20.842646   clock uncertainty
                                  0.000000   20.842646   clock reconvergence pessimism
                                 -0.036352   20.806293   library setup time
                                             20.806293   data required time
---------------------------------------------------------------------------------------------
                                             20.806293   data required time
                                            -17.524910   data arrival time
---------------------------------------------------------------------------------------------
                                              3.281384   slack (MET)




===========================================================================
report_checks --slack_max -0.01
============================================================================
======================= min_ff_n40C_1v95 Corner ===================================

No paths found.


===========================================================================
 report_check_types -max_slew -max_cap -max_fanout -violators
============================================================================
======================= min_ff_n40C_1v95 Corner ===================================

max fanout

Pin                                   Limit Fanout  Slack
---------------------------------------------------------
clkbuf_leaf_332_clk/X                    10     20    -10 (VIOLATED)
clkbuf_leaf_66_clk/X                     10     20    -10 (VIOLATED)
clkbuf_5_4__f_clk/X                      10     19     -9 (VIOLATED)
clkbuf_5_17__f_clk/X                     10     18     -8 (VIOLATED)
clkbuf_5_22__f_clk/X                     10     18     -8 (VIOLATED)
clkbuf_leaf_362_clk/X                    10     18     -8 (VIOLATED)
clkbuf_leaf_364_clk/X                    10     18     -8 (VIOLATED)
clkbuf_leaf_113_clk/X                    10     17     -7 (VIOLATED)
clkbuf_leaf_124_clk/X                    10     17     -7 (VIOLATED)
clkbuf_5_16__f_clk/X                     10     16     -6 (VIOLATED)
clkbuf_5_26__f_clk/X                     10     16     -6 (VIOLATED)
clkbuf_leaf_260_clk/X                    10     16     -6 (VIOLATED)
clkbuf_leaf_363_clk/X                    10     16     -6 (VIOLATED)
clkbuf_leaf_86_clk/X                     10     16     -6 (VIOLATED)
clkbuf_5_0__f_clk/X                      10     15     -5 (VIOLATED)
clkbuf_5_27__f_clk/X                     10     15     -5 (VIOLATED)
clkbuf_5_29__f_clk/X                     10     15     -5 (VIOLATED)
clkbuf_leaf_10_clk/X                     10     15     -5 (VIOLATED)
clkbuf_leaf_114_clk/X                    10     15     -5 (VIOLATED)
clkbuf_leaf_11_clk/X                     10     15     -5 (VIOLATED)
clkbuf_leaf_27_clk/X                     10     15     -5 (VIOLATED)
clkbuf_leaf_291_clk/X                    10     15     -5 (VIOLATED)
clkbuf_leaf_331_clk/X                    10     15     -5 (VIOLATED)
clkbuf_leaf_359_clk/X                    10     15     -5 (VIOLATED)
clkbuf_leaf_360_clk/X                    10     15     -5 (VIOLATED)
clkbuf_leaf_63_clk/X                     10     15     -5 (VIOLATED)
clkbuf_leaf_65_clk/X                     10     15     -5 (VIOLATED)
clkbuf_leaf_8_clk/X                      10     15     -5 (VIOLATED)
clkbuf_leaf_90_clk/X                     10     15     -5 (VIOLATED)
_31794_/Q                                10     14     -4 (VIOLATED)
_33726_/Q                                10     14     -4 (VIOLATED)
clkbuf_5_14__f_clk/X                     10     14     -4 (VIOLATED)
clkbuf_5_15__f_clk/X                     10     14     -4 (VIOLATED)
clkbuf_5_19__f_clk/X                     10     14     -4 (VIOLATED)
clkbuf_5_23__f_clk/X                     10     14     -4 (VIOLATED)
clkbuf_5_5__f_clk/X                      10     14     -4 (VIOLATED)
clkbuf_leaf_122_clk/X                    10     14     -4 (VIOLATED)
clkbuf_leaf_19_clk/X                     10     14     -4 (VIOLATED)
clkbuf_leaf_204_clk/X                    10     14     -4 (VIOLATED)
clkbuf_leaf_243_clk/X                    10     14     -4 (VIOLATED)
clkbuf_leaf_258_clk/X                    10     14     -4 (VIOLATED)
clkbuf_leaf_270_clk/X                    10     14     -4 (VIOLATED)
clkbuf_leaf_292_clk/X                    10     14     -4 (VIOLATED)
clkbuf_leaf_325_clk/X                    10     14     -4 (VIOLATED)
clkbuf_leaf_327_clk/X                    10     14     -4 (VIOLATED)
clkbuf_leaf_339_clk/X                    10     14     -4 (VIOLATED)
clkbuf_leaf_46_clk/X                     10     14     -4 (VIOLATED)
clkbuf_leaf_87_clk/X                     10     14     -4 (VIOLATED)
clkbuf_leaf_89_clk/X                     10     14     -4 (VIOLATED)
clkbuf_leaf_94_clk/X                     10     14     -4 (VIOLATED)
fanout1020/X                             10     14     -4 (VIOLATED)
fanout575/X                              10     14     -4 (VIOLATED)
_22027_/Y                                10     13     -3 (VIOLATED)
_31823_/Q                                10     13     -3 (VIOLATED)
_31824_/Q                                10     13     -3 (VIOLATED)
clkbuf_5_12__f_clk/X                     10     13     -3 (VIOLATED)
clkbuf_5_21__f_clk/X                     10     13     -3 (VIOLATED)
clkbuf_5_25__f_clk/X                     10     13     -3 (VIOLATED)
clkbuf_5_2__f_clk/X                      10     13     -3 (VIOLATED)
clkbuf_5_3__f_clk/X                      10     13     -3 (VIOLATED)
clkbuf_5_6__f_clk/X                      10     13     -3 (VIOLATED)
clkbuf_leaf_107_clk/X                    10     13     -3 (VIOLATED)
clkbuf_leaf_121_clk/X                    10     13     -3 (VIOLATED)
clkbuf_leaf_147_clk/X                    10     13     -3 (VIOLATED)
clkbuf_leaf_148_clk/X                    10     13     -3 (VIOLATED)
clkbuf_leaf_153_clk/X                    10     13     -3 (VIOLATED)
clkbuf_leaf_155_clk/X                    10     13     -3 (VIOLATED)
clkbuf_leaf_156_clk/X                    10     13     -3 (VIOLATED)
clkbuf_leaf_160_clk/X                    10     13     -3 (VIOLATED)
clkbuf_leaf_166_clk/X                    10     13     -3 (VIOLATED)
clkbuf_leaf_179_clk/X                    10     13     -3 (VIOLATED)
clkbuf_leaf_20_clk/X                     10     13     -3 (VIOLATED)
clkbuf_leaf_219_clk/X                    10     13     -3 (VIOLATED)
clkbuf_leaf_249_clk/X                    10     13     -3 (VIOLATED)
clkbuf_leaf_264_clk/X                    10     13     -3 (VIOLATED)
clkbuf_leaf_265_clk/X                    10     13     -3 (VIOLATED)
clkbuf_leaf_271_clk/X                    10     13     -3 (VIOLATED)
clkbuf_leaf_272_clk/X                    10     13     -3 (VIOLATED)
clkbuf_leaf_280_clk/X                    10     13     -3 (VIOLATED)
clkbuf_leaf_286_clk/X                    10     13     -3 (VIOLATED)
clkbuf_leaf_299_clk/X                    10     13     -3 (VIOLATED)
clkbuf_leaf_301_clk/X                    10     13     -3 (VIOLATED)
clkbuf_leaf_324_clk/X                    10     13     -3 (VIOLATED)
clkbuf_leaf_338_clk/X                    10     13     -3 (VIOLATED)
clkbuf_leaf_348_clk/X                    10     13     -3 (VIOLATED)
clkbuf_leaf_361_clk/X                    10     13     -3 (VIOLATED)
clkbuf_leaf_366_clk/X                    10     13     -3 (VIOLATED)
clkbuf_leaf_367_clk/X                    10     13     -3 (VIOLATED)
clkbuf_leaf_3_clk/X                      10     13     -3 (VIOLATED)
clkbuf_leaf_4_clk/X                      10     13     -3 (VIOLATED)
clkbuf_leaf_91_clk/X                     10     13     -3 (VIOLATED)
fanout638/X                              10     13     -3 (VIOLATED)
fanout704/X                              10     13     -3 (VIOLATED)
_23153_/X                                10     12     -2 (VIOLATED)
_23957_/X                                10     12     -2 (VIOLATED)
_23973_/X                                10     12     -2 (VIOLATED)
_24022_/X                                10     12     -2 (VIOLATED)
_24025_/X                                10     12     -2 (VIOLATED)
_24247_/Y                                10     12     -2 (VIOLATED)
clkbuf_5_1__f_clk/X                      10     12     -2 (VIOLATED)
clkbuf_5_20__f_clk/X                     10     12     -2 (VIOLATED)
clkbuf_leaf_100_clk/X                    10     12     -2 (VIOLATED)
clkbuf_leaf_103_clk/X                    10     12     -2 (VIOLATED)
clkbuf_leaf_112_clk/X                    10     12     -2 (VIOLATED)
clkbuf_leaf_125_clk/X                    10     12     -2 (VIOLATED)
clkbuf_leaf_12_clk/X                     10     12     -2 (VIOLATED)
clkbuf_leaf_13_clk/X                     10     12     -2 (VIOLATED)
clkbuf_leaf_164_clk/X                    10     12     -2 (VIOLATED)
clkbuf_leaf_167_clk/X                    10     12     -2 (VIOLATED)
clkbuf_leaf_168_clk/X                    10     12     -2 (VIOLATED)
clkbuf_leaf_176_clk/X                    10     12     -2 (VIOLATED)
clkbuf_leaf_177_clk/X                    10     12     -2 (VIOLATED)
clkbuf_leaf_178_clk/X                    10     12     -2 (VIOLATED)
clkbuf_leaf_187_clk/X                    10     12     -2 (VIOLATED)
clkbuf_leaf_191_clk/X                    10     12     -2 (VIOLATED)
clkbuf_leaf_198_clk/X                    10     12     -2 (VIOLATED)
clkbuf_leaf_205_clk/X                    10     12     -2 (VIOLATED)
clkbuf_leaf_210_clk/X                    10     12     -2 (VIOLATED)
clkbuf_leaf_211_clk/X                    10     12     -2 (VIOLATED)
clkbuf_leaf_250_clk/X                    10     12     -2 (VIOLATED)
clkbuf_leaf_329_clk/X                    10     12     -2 (VIOLATED)
clkbuf_leaf_337_clk/X                    10     12     -2 (VIOLATED)
clkbuf_leaf_344_clk/X                    10     12     -2 (VIOLATED)
clkbuf_leaf_351_clk/X                    10     12     -2 (VIOLATED)
clkbuf_leaf_352_clk/X                    10     12     -2 (VIOLATED)
clkbuf_leaf_53_clk/X                     10     12     -2 (VIOLATED)
clkbuf_leaf_57_clk/X                     10     12     -2 (VIOLATED)
clkbuf_leaf_5_clk/X                      10     12     -2 (VIOLATED)
clkbuf_leaf_67_clk/X                     10     12     -2 (VIOLATED)
clkbuf_leaf_68_clk/X                     10     12     -2 (VIOLATED)
clkbuf_leaf_6_clk/X                      10     12     -2 (VIOLATED)
clkbuf_leaf_82_clk/X                     10     12     -2 (VIOLATED)
clkbuf_leaf_88_clk/X                     10     12     -2 (VIOLATED)
clkbuf_leaf_93_clk/X                     10     12     -2 (VIOLATED)
clkbuf_leaf_96_clk/X                     10     12     -2 (VIOLATED)
fanout1371/X                             10     12     -2 (VIOLATED)
fanout624/X                              10     12     -2 (VIOLATED)
fanout629/X                              10     12     -2 (VIOLATED)
fanout633/X                              10     12     -2 (VIOLATED)
fanout643/X                              10     12     -2 (VIOLATED)
fanout658/X                              10     12     -2 (VIOLATED)
fanout684/X                              10     12     -2 (VIOLATED)
fanout711/X                              10     12     -2 (VIOLATED)
fanout816/X                              10     12     -2 (VIOLATED)
_24007_/X                                10     11        (VIOLATED)
_31515_/Q                                10     11        (VIOLATED)
_31545_/Q                                10     11        (VIOLATED)
_31551_/Q                                10     11        (VIOLATED)
_31570_/Q                                10     11        (VIOLATED)
_31597_/Q                                10     11        (VIOLATED)
_31828_/Q                                10     11        (VIOLATED)
_32082_/Q                                10     11        (VIOLATED)
clkbuf_5_28__f_clk/X                     10     11        (VIOLATED)
clkbuf_5_9__f_clk/X                      10     11        (VIOLATED)
clkbuf_leaf_0_clk/X                      10     11        (VIOLATED)
clkbuf_leaf_101_clk/X                    10     11        (VIOLATED)
clkbuf_leaf_102_clk/X                    10     11        (VIOLATED)
clkbuf_leaf_105_clk/X                    10     11        (VIOLATED)
clkbuf_leaf_117_clk/X                    10     11        (VIOLATED)
clkbuf_leaf_123_clk/X                    10     11        (VIOLATED)
clkbuf_leaf_212_clk/X                    10     11        (VIOLATED)
clkbuf_leaf_236_clk/X                    10     11        (VIOLATED)
clkbuf_leaf_245_clk/X                    10     11        (VIOLATED)
clkbuf_leaf_248_clk/X                    10     11        (VIOLATED)
clkbuf_leaf_256_clk/X                    10     11        (VIOLATED)
clkbuf_leaf_266_clk/X                    10     11        (VIOLATED)
clkbuf_leaf_278_clk/X                    10     11        (VIOLATED)
clkbuf_leaf_284_clk/X                    10     11        (VIOLATED)
clkbuf_leaf_285_clk/X                    10     11        (VIOLATED)
clkbuf_leaf_297_clk/X                    10     11        (VIOLATED)
clkbuf_leaf_2_clk/X                      10     11        (VIOLATED)
clkbuf_leaf_300_clk/X                    10     11        (VIOLATED)
clkbuf_leaf_308_clk/X                    10     11        (VIOLATED)
clkbuf_leaf_326_clk/X                    10     11        (VIOLATED)
clkbuf_leaf_341_clk/X                    10     11        (VIOLATED)
clkbuf_leaf_347_clk/X                    10     11        (VIOLATED)
clkbuf_leaf_349_clk/X                    10     11        (VIOLATED)
clkbuf_leaf_354_clk/X                    10     11        (VIOLATED)
clkbuf_leaf_355_clk/X                    10     11        (VIOLATED)
clkbuf_leaf_365_clk/X                    10     11        (VIOLATED)
clkbuf_leaf_43_clk/X                     10     11        (VIOLATED)
clkbuf_leaf_44_clk/X                     10     11        (VIOLATED)
clkbuf_leaf_47_clk/X                     10     11        (VIOLATED)
clkbuf_leaf_51_clk/X                     10     11        (VIOLATED)
clkbuf_leaf_52_clk/X                     10     11        (VIOLATED)
clkbuf_leaf_54_clk/X                     10     11        (VIOLATED)
clkbuf_leaf_58_clk/X                     10     11        (VIOLATED)
clkbuf_leaf_60_clk/X                     10     11        (VIOLATED)
clkbuf_leaf_62_clk/X                     10     11        (VIOLATED)
clkbuf_leaf_64_clk/X                     10     11        (VIOLATED)
clkbuf_leaf_7_clk/X                      10     11        (VIOLATED)
clkbuf_leaf_85_clk/X                     10     11        (VIOLATED)
clkbuf_leaf_95_clk/X                     10     11        (VIOLATED)
fanout1244/X                             10     11        (VIOLATED)
fanout1256/X                             10     11        (VIOLATED)
fanout1261/X                             10     11        (VIOLATED)
fanout1269/X                             10     11        (VIOLATED)
fanout1360/X                             10     11        (VIOLATED)
fanout1710/X                             10     11        (VIOLATED)
fanout1736/X                             10     11        (VIOLATED)
fanout1740/X                             10     11        (VIOLATED)
fanout1750/X                             10     11        (VIOLATED)
fanout412/X                              10     11        (VIOLATED)
fanout414/X                              10     11        (VIOLATED)
fanout525/X                              10     11        (VIOLATED)
fanout557/X                              10     11        (VIOLATED)
fanout559/X                              10     11        (VIOLATED)
fanout563/X                              10     11        (VIOLATED)
fanout577/X                              10     11        (VIOLATED)
fanout668/X                              10     11        (VIOLATED)
fanout679/X                              10     11        (VIOLATED)
fanout687/X                              10     11        (VIOLATED)
fanout863/X                              10     11        (VIOLATED)
fanout902/X                              10     11        (VIOLATED)

max capacitance

Pin                                        Limit         Cap       Slack
------------------------------------------------------------------------
fanout1087/X                            0.200000    0.301098   -0.101098 (VIOLATED)
fanout1371/X                            0.200000    0.264081   -0.064081 (VIOLATED)
fanout412/X                             0.200000    0.260655   -0.060655 (VIOLATED)
fanout1247/X                            0.200000    0.250241   -0.050241 (VIOLATED)
wire1273/X                              0.200000    0.247614   -0.047614 (VIOLATED)
fanout1229/X                            0.200000    0.242908   -0.042908 (VIOLATED)
_29799_/X                               0.200000    0.234760   -0.034760 (VIOLATED)
fanout1260/X                            0.200000    0.228323   -0.028323 (VIOLATED)
_24569_/Y                               0.200000    0.217064   -0.017064 (VIOLATED)
fanout638/X                             0.200000    0.206395   -0.006395 (VIOLATED)
_31806_/Q                               0.200000    0.202341   -0.002341 (VIOLATED)
_31904_/Q                               0.200000    0.201282   -0.001282 (VIOLATED)
fanout1020/X                            0.200000    0.200961   -0.000961 (VIOLATED)



===========================================================================
report_parasitic_annotation -report_unannotated
============================================================================
Found 347 unannotated drivers.
 clkload0/Y
 clkload1/Y
 clkload10/Y
 clkload100/Y
 clkload101/X
 clkload102/Y
 clkload103/Y
 clkload104/Y
 clkload105/Y
 clkload106/Y
 clkload107/Y
 clkload108/Y
 clkload109/Y
 clkload11/Y
 clkload110/Y
 clkload111/Y
 clkload112/Y
 clkload113/X
 clkload114/Y
 clkload115/Y
 clkload116/Y
 clkload117/X
 clkload118/Y
 clkload119/Y
 clkload12/Y
 clkload120/Y
 clkload121/Y
 clkload122/Y
 clkload123/X
 clkload124/Y
 clkload125/Y
 clkload126/Y
 clkload127/Y
 clkload128/Y
 clkload129/Y
 clkload13/X
 clkload130/Y
 clkload131/Y
 clkload132/Y
 clkload133/X
 clkload134/X
 clkload135/X
 clkload136/X
 clkload137/Y
 clkload138/Y
 clkload139/Y
 clkload14/Y
 clkload140/Y
 clkload141/Y
 clkload142/Y
 clkload143/Y
 clkload144/Y
 clkload145/Y
 clkload146/Y
 clkload147/Y
 clkload148/Y
 clkload149/Y
 clkload15/X
 clkload150/Y
 clkload151/Y
 clkload152/Y
 clkload153/Y
 clkload154/Y
 clkload155/Y
 clkload156/Y
 clkload157/Y
 clkload158/Y
 clkload159/Y
 clkload16/Y
 clkload160/Y
 clkload161/X
 clkload162/Y
 clkload163/Y
 clkload164/Y
 clkload165/X
 clkload166/X
 clkload167/Y
 clkload168/Y
 clkload169/Y
 clkload17/Y
 clkload170/Y
 clkload171/Y
 clkload172/X
 clkload173/Y
 clkload174/Y
 clkload175/Y
 clkload176/Y
 clkload177/Y
 clkload178/X
 clkload179/Y
 clkload18/Y
 clkload180/Y
 clkload181/Y
 clkload182/Y
 clkload183/Y
 clkload184/Y
 clkload185/Y
 clkload186/Y
 clkload187/Y
 clkload188/Y
 clkload189/Y
 clkload19/Y
 clkload190/Y
 clkload191/Y
 clkload192/Y
 clkload193/Y
 clkload194/Y
 clkload195/Y
 clkload196/Y
 clkload197/Y
 clkload198/Y
 clkload199/Y
 clkload2/Y
 clkload20/Y
 clkload200/Y
 clkload201/Y
 clkload202/Y
 clkload203/Y
 clkload204/Y
 clkload205/Y
 clkload206/Y
 clkload207/Y
 clkload208/Y
 clkload209/X
 clkload21/Y
 clkload210/X
 clkload211/Y
 clkload212/Y
 clkload213/X
 clkload214/Y
 clkload215/Y
 clkload216/Y
 clkload217/Y
 clkload218/Y
 clkload219/Y
 clkload22/Y
 clkload220/Y
 clkload221/Y
 clkload222/X
 clkload223/X
 clkload224/Y
 clkload225/Y
 clkload226/Y
 clkload227/X
 clkload228/Y
 clkload229/Y
 clkload23/X
 clkload230/Y
 clkload231/Y
 clkload232/X
 clkload233/Y
 clkload234/X
 clkload235/Y
 clkload236/Y
 clkload237/Y
 clkload238/Y
 clkload239/Y
 clkload24/Y
 clkload240/Y
 clkload241/Y
 clkload242/Y
 clkload243/Y
 clkload244/X
 clkload245/X
 clkload246/Y
 clkload247/Y
 clkload248/Y
 clkload249/Y
 clkload25/Y
 clkload250/Y
 clkload251/Y
 clkload252/Y
 clkload253/Y
 clkload254/Y
 clkload255/Y
 clkload256/Y
 clkload257/X
 clkload258/Y
 clkload259/Y
 clkload26/Y
 clkload260/Y
 clkload261/Y
 clkload262/Y
 clkload263/Y
 clkload264/Y
 clkload265/Y
 clkload266/Y
 clkload267/Y
 clkload268/Y
 clkload269/Y
 clkload27/Y
 clkload270/X
 clkload271/Y
 clkload272/Y
 clkload273/Y
 clkload274/X
 clkload275/Y
 clkload276/Y
 clkload277/Y
 clkload278/X
 clkload279/Y
 clkload28/Y
 clkload280/Y
 clkload281/Y
 clkload282/X
 clkload283/Y
 clkload284/Y
 clkload285/Y
 clkload286/X
 clkload287/X
 clkload288/Y
 clkload289/Y
 clkload29/Y
 clkload290/Y
 clkload291/Y
 clkload292/Y
 clkload293/Y
 clkload294/Y
 clkload295/Y
 clkload296/Y
 clkload297/Y
 clkload298/Y
 clkload299/Y
 clkload3/Y
 clkload30/Y
 clkload300/Y
 clkload301/Y
 clkload302/Y
 clkload303/Y
 clkload304/Y
 clkload305/Y
 clkload306/Y
 clkload307/Y
 clkload308/Y
 clkload309/Y
 clkload31/Y
 clkload310/Y
 clkload311/Y
 clkload312/Y
 clkload313/Y
 clkload314/X
 clkload315/Y
 clkload316/Y
 clkload317/X
 clkload318/Y
 clkload319/X
 clkload32/X
 clkload320/X
 clkload321/X
 clkload322/Y
 clkload323/Y
 clkload324/Y
 clkload325/Y
 clkload326/Y
 clkload327/X
 clkload328/X
 clkload329/X
 clkload33/X
 clkload330/Y
 clkload331/Y
 clkload332/Y
 clkload333/Y
 clkload334/Y
 clkload335/Y
 clkload336/X
 clkload337/X
 clkload338/Y
 clkload339/Y
 clkload34/Y
 clkload340/Y
 clkload341/Y
 clkload342/Y
 clkload343/Y
 clkload344/Y
 clkload345/Y
 clkload346/Y
 clkload35/Y
 clkload36/Y
 clkload37/Y
 clkload38/Y
 clkload39/Y
 clkload4/Y
 clkload40/Y
 clkload41/Y
 clkload42/Y
 clkload43/Y
 clkload44/Y
 clkload45/Y
 clkload46/X
 clkload47/Y
 clkload48/X
 clkload49/Y
 clkload5/Y
 clkload50/Y
 clkload51/Y
 clkload52/Y
 clkload53/Y
 clkload54/Y
 clkload55/X
 clkload56/Y
 clkload57/Y
 clkload58/Y
 clkload59/Y
 clkload6/Y
 clkload60/X
 clkload61/Y
 clkload62/Y
 clkload63/Y
 clkload64/Y
 clkload65/Y
 clkload66/Y
 clkload67/Y
 clkload68/Y
 clkload69/Y
 clkload7/Y
 clkload70/Y
 clkload71/Y
 clkload72/Y
 clkload73/Y
 clkload74/Y
 clkload75/Y
 clkload76/Y
 clkload77/Y
 clkload78/X
 clkload79/X
 clkload8/Y
 clkload80/Y
 clkload81/Y
 clkload82/Y
 clkload83/Y
 clkload84/Y
 clkload85/Y
 clkload86/Y
 clkload87/Y
 clkload88/Y
 clkload89/Y
 clkload9/Y
 clkload90/Y
 clkload91/Y
 clkload92/Y
 clkload93/Y
 clkload94/X
 clkload95/Y
 clkload96/Y
 clkload97/Y
 clkload98/Y
 clkload99/Y
Found 0 partially unannotated drivers.

===========================================================================
max slew violation count 0
max fanout violation count 214
max cap violation count 13
============================================================================

===========================================================================
check_setup -verbose -unconstrained_endpoints -multiple_clock -no_clock -no_input_delay -loops -generated_clocks
===========================================================================
