Clock: clk
Sources: clk 
Generated: no
Virtual: yes
Propagated: no
Period: 20.000000

===========================================================================
report_clock_properties
============================================================================
Clock                   Period          Waveform
----------------------------------------------------
clk                  20.000000    0.000000 10.000000

===========================================================================
report_clock_latency
============================================================================
Clock clk
rise -> rise
    min     max
0.000000 0.000000 source latency
0.940517         network latency _32777_/CLK
        1.154190 network latency _34127_/CLK
---------------
0.940517 1.154190 latency
        0.213674 skew

fall -> fall
    min     max
0.000000 0.000000 source latency
0.743355         network latency _32777_/CLK
        0.930059 network latency _31945_/CLK
---------------
0.743355 0.930059 latency
        0.186704 skew



===========================================================================
report_clock_min_period
============================================================================
clk period_min = 16.72 fmax = 59.81
