Clock: clk
Sources: clk 
Generated: no
Virtual: yes
Propagated: no
Period: 20.000000

===========================================================================
report_clock_properties
============================================================================
Clock                   Period          Waveform
----------------------------------------------------
clk                  20.000000    0.000000 10.000000

===========================================================================
report_clock_latency
============================================================================
Clock clk
rise -> rise
    min     max
0.000000 0.000000 source latency
1.007435         network latency _32777_/CLK
        1.242682 network latency _34161_/CLK
---------------
1.007435 1.242682 latency
        0.235247 skew

fall -> fall
    min     max
0.000000 0.000000 source latency
0.816442         network latency _32777_/CLK
        1.027315 network latency _34161_/CLK
---------------
0.816442 1.027315 latency
        0.210873 skew



===========================================================================
report_clock_min_period
============================================================================
clk period_min = 26.02 fmax = 38.42
