
===========================================================================
Violator List
============================================================================
[setup reg-reg] _31891_/Q -> _31895_/D : -6.024729
[setup reg-reg] _31891_/Q -> _31665_/D : -6.006007
[setup reg-reg] _31891_/Q -> _31892_/D : -5.964267
[setup reg-reg] _31891_/Q -> _31896_/D : -5.912511
[setup reg-reg] _31891_/Q -> _31919_/D : -5.880908
[setup reg-reg] _31891_/Q -> _31661_/D : -5.828151
[setup reg-reg] _31891_/Q -> _31664_/D : -5.812565
[setup reg-reg] _31891_/Q -> _31916_/D : -5.796299
[setup reg-reg] _31891_/Q -> _31894_/D : -5.776484
[setup reg-reg] _31891_/Q -> _31891_/D : -5.752457
[setup reg-reg] _31891_/Q -> _31911_/D : -5.721564
[setup reg-reg] _31891_/Q -> _31890_/D : -5.710206
[setup reg-reg] _31891_/Q -> _31920_/D : -5.707765
[setup reg-reg] _31891_/Q -> _31912_/D : -5.670202
[setup reg-reg] _31891_/Q -> _31663_/D : -5.643933
[setup reg-reg] _31891_/Q -> _31893_/D : -5.635449
[setup reg-reg] _31891_/Q -> _31921_/D : -5.634515
[setup reg-reg] _31891_/Q -> _31656_/D : -5.567943
[setup reg-reg] _31891_/Q -> _31918_/D : -5.567197
[setup reg-reg] _31891_/Q -> _31655_/D : -5.547120
[setup reg-reg] _31891_/Q -> _31915_/D : -5.545223
[setup reg-reg] _31891_/Q -> _31657_/D : -5.533311
[setup reg-reg] _31891_/Q -> _31910_/D : -5.511996
[setup reg-reg] _31891_/Q -> _31917_/D : -5.504255
[setup reg-reg] _31830_/Q -> _31830_/D : -5.499521
[setup reg-reg] _31830_/Q -> _31832_/D : -5.485832
[setup reg-reg] _31891_/Q -> _31660_/D : -5.444413
[setup reg-reg] _31891_/Q -> _31658_/D : -5.435396
[setup reg-reg] _31891_/Q -> _31906_/D : -5.421120
[setup reg-reg] _31891_/Q -> _31908_/D : -5.415110
[setup reg-reg] _31830_/Q -> _31856_/D : -5.413966
[setup reg-reg] _31830_/Q -> _31851_/D : -5.408703
[setup reg-reg] _31891_/Q -> _31659_/D : -5.382146
[setup reg-reg] _31891_/Q -> _31907_/D : -5.377007
[setup reg-reg] _31830_/Q -> _31831_/D : -5.356606
[setup reg-reg] _31891_/Q -> _31653_/D : -5.348909
[setup reg-reg] _31891_/Q -> _31648_/D : -5.330302
[setup reg-reg] _31830_/Q -> _31855_/D : -5.322248
[setup reg-reg] _31891_/Q -> _31652_/D : -5.315164
[setup reg-reg] _31830_/Q -> _31601_/D : -5.312139
[setup reg-reg] _31891_/Q -> _31649_/D : -5.303230
[setup reg-reg] _31830_/Q -> _31852_/D : -5.282239
[setup reg-reg] _31891_/Q -> _31662_/D : -5.280123
[setup reg-reg] _31891_/Q -> _31914_/D : -5.213078
[setup reg-reg] _31830_/Q -> _31600_/D : -5.195190
[setup reg-reg] _31830_/Q -> _31850_/D : -5.186325
[setup reg-reg] _31891_/Q -> _31909_/D : -5.184546
[setup reg-reg] _31830_/Q -> _31826_/D : -5.181466
[setup reg-reg] _31830_/Q -> _31828_/D : -5.181274
[setup reg-reg] _31891_/Q -> _31645_/D : -5.179775
[setup reg-reg] _31891_/Q -> _31913_/D : -5.163083
[setup reg-reg] _31830_/Q -> _31848_/D : -5.136512
[setup reg-reg] _31830_/Q -> _31854_/D : -5.131400
[setup reg-reg] _31830_/Q -> _31599_/D : -5.110573
[setup reg-reg] _31891_/Q -> _31643_/D : -5.098332
[setup reg-reg] _31891_/Q -> _31647_/D : -5.091762
[setup reg-reg] _31830_/Q -> _31589_/D : -5.073387
[setup reg-reg] _31830_/Q -> _31829_/D : -5.066447
[setup reg-reg] _31830_/Q -> _31847_/D : -5.053998
[setup reg-reg] _31830_/Q -> _31849_/D : -5.019787
[setup reg-reg] _31830_/Q -> _31585_/D : -5.007049
[setup reg-reg] _31830_/Q -> _31827_/D : -5.003370
[setup reg-reg] _31891_/Q -> _31646_/D : -4.994284
[setup reg-reg] _31734_/Q -> _31760_/D : -4.985017
[setup reg-reg] _31830_/Q -> _31598_/D : -4.979403
[setup reg-reg] _31891_/Q -> _31651_/D : -4.977988
[setup reg-reg] _31830_/Q -> _31593_/D : -4.969133
[setup reg-reg] _31830_/Q -> _31853_/D : -4.959748
[setup reg-reg] _31830_/Q -> _31596_/D : -4.958127
[setup reg-reg] _31891_/Q -> _31654_/D : -4.954197
[setup reg-reg] _31891_/Q -> _31644_/D : -4.937864
[setup reg-reg] _31830_/Q -> _31597_/D : -4.918516
[setup reg-reg] _31734_/Q -> _31736_/D : -4.917906
[setup reg-reg] _31830_/Q -> _31591_/D : -4.909939
[setup reg-reg] _31830_/Q -> _31857_/D : -4.900688
[setup reg-reg] _31734_/Q -> _31734_/D : -4.880860
[setup reg-reg] _31830_/Q -> _31846_/D : -4.879558
[setup reg-reg] _31830_/Q -> _31592_/D : -4.870948
[setup reg-reg] _31734_/Q -> _31697_/D : -4.831027
[setup reg-reg] _31830_/Q -> _31595_/D : -4.830284
[setup reg-reg] _31734_/Q -> _31758_/D : -4.810009
[setup reg-reg] _31891_/Q -> _31905_/D : -4.799864
[setup reg-reg] _31830_/Q -> _31584_/D : -4.778077
[setup reg-reg] _31891_/Q -> _31904_/D : -4.776602
[setup reg-reg] _31891_/Q -> _31642_/D : -4.775666
[setup reg-reg] _31734_/Q -> _31752_/D : -4.763930
[setup reg-reg] _31830_/Q -> _31587_/D : -4.748307
[setup reg-reg] _31734_/Q -> _31732_/D : -4.745104
[setup reg-reg] _31830_/Q -> _31588_/D : -4.725461
[setup reg-reg] _31891_/Q -> _31650_/D : -4.717299
[setup reg-reg] _31734_/Q -> _31689_/D : -4.715282
[setup reg-reg] _31830_/Q -> _31843_/D : -4.703022
[setup reg-reg] _31734_/Q -> _31693_/D : -4.700674
[setup reg-reg] _31734_/Q -> _31735_/D : -4.689803
[setup reg-reg] _31891_/Q -> _31903_/D : -4.680818
[setup reg-reg] _31830_/Q -> _31845_/D : -4.657402
[setup reg-reg] _31830_/Q -> _31840_/D : -4.648388
[setup reg-reg] _31734_/Q -> _31681_/D : -4.616301
[setup reg-reg] _31830_/Q -> _31842_/D : -4.599773
[setup reg-reg] _31891_/Q -> _31901_/D : -4.598991
[setup reg-reg] _31734_/Q -> _31730_/D : -4.593798
[setup reg-reg] _31891_/Q -> _31641_/D : -4.567976
[setup reg-reg] _31830_/Q -> _31841_/D : -4.557864
[setup reg-reg] _31830_/Q -> _31594_/D : -4.557297
[setup reg-reg] _31734_/Q -> _31696_/D : -4.550034
[setup reg-reg] _31734_/Q -> _31756_/D : -4.549538
[setup reg-reg] _31734_/Q -> _31759_/D : -4.512197
[setup reg-reg] _31734_/Q -> _31691_/D : -4.506607
[setup reg-reg] _31891_/Q -> _31640_/D : -4.487333
[setup reg-reg] _31734_/Q -> _31695_/D : -4.468462
[setup reg-reg] _31830_/Q -> _31844_/D : -4.449845
[setup reg-reg] _31734_/Q -> _31733_/D : -4.444283
[setup reg-reg] _31734_/Q -> _31755_/D : -4.442905
[setup reg-reg] _31830_/Q -> _31839_/D : -4.424901
[setup reg-reg] _31795_/Q -> _31800_/D : -4.424182
[setup reg-reg] _31734_/Q -> _31754_/D : -4.423507
[setup reg-reg] _31830_/Q -> _31590_/D : -4.423312
[setup reg-reg] _31734_/Q -> _31751_/D : -4.419894
[setup reg-reg] _31734_/Q -> _31731_/D : -4.419381
[setup reg-reg] _31795_/Q -> _31799_/D : -4.414048
[setup reg-reg] _31891_/Q -> _31902_/D : -4.402246
[setup reg-reg] _31734_/Q -> _31761_/D : -4.396759
[setup reg-reg] _31830_/Q -> _31586_/D : -4.391346
[setup reg-reg] _31734_/Q -> _31750_/D : -4.390289
[setup reg-reg] _31830_/Q -> _31583_/D : -4.376670
[setup reg-reg] _31734_/Q -> _31680_/D : -4.370749
[setup reg-reg] _31734_/Q -> _31757_/D : -4.331770
[setup reg-reg] _31734_/Q -> _31694_/D : -4.296203
[setup reg-reg] _31830_/Q -> _31581_/D : -4.295156
[setup reg-reg] _31734_/Q -> _31679_/D : -4.260315
[setup reg-reg] _31891_/Q -> _31899_/D : -4.241523
[setup reg-reg] _31734_/Q -> _31688_/D : -4.239929
[setup reg-reg] _31891_/Q -> _31900_/D : -4.238231
[setup reg-reg] _31891_/Q -> _31638_/D : -4.227095
[setup reg-reg] _31734_/Q -> _31748_/D : -4.223198
[setup reg-reg] _31734_/Q -> _31692_/D : -4.213300
[setup reg-reg] _31830_/Q -> _31577_/D : -4.196171
[setup reg-reg] _31830_/Q -> _31579_/D : -4.195686
[setup reg-reg] _31734_/Q -> _31685_/D : -4.189650
[setup reg-reg] _31891_/Q -> _31639_/D : -4.169715
[setup reg-reg] _31795_/Q -> _31798_/D : -4.157986
[setup reg-reg] _31830_/Q -> _31582_/D : -4.136071
[setup reg-reg] _31795_/Q -> _31796_/D : -4.131385
[setup reg-reg] _31734_/Q -> _31687_/D : -4.117199
[setup reg-reg] _31795_/Q -> _31797_/D : -4.112535
[setup reg-reg] _31734_/Q -> _31690_/D : -4.103784
[setup reg-reg] _31734_/Q -> _31746_/D : -4.083054
[setup reg-reg] _31830_/Q -> _31580_/D : -4.081834
[setup reg-reg] _31734_/Q -> _31749_/D : -4.061389
[setup reg-reg] _31891_/Q -> _31637_/D : -4.055378
[setup reg-reg] _31830_/Q -> _31837_/D : -4.020979
[setup reg-reg] _31734_/Q -> _31683_/D : -4.017398
[setup reg-reg] _31734_/Q -> _31686_/D : -4.014400
[setup reg-reg] _31734_/Q -> _31677_/D : -3.991504
[setup reg-reg] _31830_/Q -> _31838_/D : -3.980668
[setup reg-reg] _31734_/Q -> _31684_/D : -3.972799
[setup reg-reg] _31734_/Q -> _31678_/D : -3.967166
[setup reg-reg] _31795_/Q -> _31824_/D : -3.934129
[setup reg-reg] _31734_/Q -> _31747_/D : -3.888937
[setup reg-reg] _31830_/Q -> _31578_/D : -3.886015
[setup reg-reg] _31891_/Q -> _31636_/D : -3.881750
[setup reg-reg] _31734_/Q -> _31753_/D : -3.880061
[setup reg-reg] _31734_/Q -> _31676_/D : -3.843139
[setup reg-reg] _31734_/Q -> _31675_/D : -3.841787
[setup reg-reg] _31795_/Q -> _31569_/D : -3.822120
[setup reg-reg] _31795_/Q -> _31815_/D : -3.821388
[setup reg-reg] _31734_/Q -> _31682_/D : -3.818778
[setup reg-reg] _31795_/Q -> _31823_/D : -3.798471
[setup reg-reg] _31734_/Q -> _31745_/D : -3.778821
[setup reg-reg] _31891_/Q -> _31898_/D : -3.751049
[setup reg-reg] _31830_/Q -> _31576_/D : -3.707200
[setup reg-reg] _31795_/Q -> _31822_/D : -3.677231
[setup reg-reg] _31795_/Q -> _31568_/D : -3.665715
[setup reg-reg] _31795_/Q -> _31821_/D : -3.644464
[setup reg-reg] _31795_/Q -> _31825_/D : -3.633447
[setup reg-reg] _31795_/Q -> _31820_/D : -3.612261
[setup reg-reg] _31795_/Q -> _31567_/D : -3.609495
[setup reg-reg] _31891_/Q -> _31897_/D : -3.604988
[setup reg-reg] _31830_/Q -> _31409_/D : -3.593609
[setup reg-reg] _31795_/Q -> _31795_/D : -3.588088
[setup reg-reg] _31734_/Q -> _31674_/D : -3.580812
[setup reg-reg] _31830_/Q -> _31575_/D : -3.579371
[setup reg-reg] _31795_/Q -> _31814_/D : -3.555192
[setup reg-reg] _31891_/Q -> _31441_/D : -3.553682
[setup reg-reg] _31795_/Q -> _31816_/D : -3.552028
[setup reg-reg] _31830_/Q -> _31574_/D : -3.544178
[setup reg-reg] _31795_/Q -> _31561_/D : -3.541594
[setup reg-reg] _31795_/Q -> _31818_/D : -3.524150
[setup reg-reg] _31795_/Q -> _31819_/D : -3.511293
[setup reg-reg] _31795_/Q -> _31811_/D : -3.487792
[setup reg-reg] _31795_/Q -> _31566_/D : -3.474440
[setup reg-reg] _31795_/Q -> _31564_/D : -3.471049
[setup reg-reg] _31795_/Q -> _31794_/D : -3.465450
[setup reg-reg] _31734_/Q -> _31744_/D : -3.447308
[setup reg-reg] _31795_/Q -> _31565_/D : -3.443875
[setup reg-reg] _31830_/Q -> _31836_/D : -3.443093
[setup reg-reg] _31795_/Q -> _31552_/D : -3.404750
[setup reg-reg] _31795_/Q -> _31557_/D : -3.399817
[setup reg-reg] _31795_/Q -> _31813_/D : -3.381040
[setup reg-reg] _31795_/Q -> _31560_/D : -3.353153
[setup reg-reg] _31734_/Q -> _31742_/D : -3.337798
[setup reg-reg] _31795_/Q -> _31553_/D : -3.330028
[setup reg-reg] _31891_/Q -> _31635_/D : -3.326811
[setup reg-reg] _31891_/Q -> _31416_/D : -3.312500
[setup reg-reg] _31830_/Q -> _31835_/D : -3.311616
[setup reg-reg] _31891_/Q -> _31415_/D : -3.296462
[setup reg-reg] _31734_/Q -> _31743_/D : -3.294863
[setup reg-reg] _31891_/Q -> _31439_/D : -3.282240
[setup reg-reg] _31891_/Q -> _31417_/D : -3.278160
[setup reg-reg] _31795_/Q -> _31812_/D : -3.277949
[setup reg-reg] _31891_/Q -> _31440_/D : -3.262290
[setup reg-reg] _31795_/Q -> _31559_/D : -3.252708
[setup reg-reg] _31734_/Q -> _31673_/D : -3.248241
[setup reg-reg] _31795_/Q -> _31563_/D : -3.210985
[setup reg-reg] _31795_/Q -> _31562_/D : -3.198284
[setup reg-reg] _31891_/Q -> _31976_/D : -3.179542
[setup reg-reg] _31830_/Q -> _31834_/D : -3.149486
[setup reg-reg] _31795_/Q -> _31549_/D : -3.146761
[setup reg-reg] _31891_/Q -> _31977_/D : -3.146351
[setup reg-reg] _31830_/Q -> _31408_/D : -3.131989
[setup reg-reg] _31830_/Q -> _32105_/D : -3.119116
[setup reg-reg] _31795_/Q -> _31817_/D : -3.104937
[setup reg-reg] _31795_/Q -> _31810_/D : -3.100087
[setup reg-reg] _31795_/Q -> _31550_/D : -3.072396
[setup reg-reg] _31734_/Q -> _31741_/D : -3.061340
[setup reg-reg] _31891_/Q -> _31634_/D : -3.053511
[setup reg-reg] _31891_/Q -> _31985_/D : -3.051049
[setup reg-reg] _31795_/Q -> _31548_/D : -3.041588
[setup reg-reg] _31734_/Q -> _31671_/D : -3.036483
[setup reg-reg] _31795_/Q -> _31551_/D : -3.034657
[setup reg-reg] _31734_/Q -> _31672_/D : -3.023214
[setup reg-reg] _31795_/Q -> _31558_/D : -3.021951
[setup reg-reg] _31830_/Q -> _31573_/D : -3.019578
[setup reg-reg] _31795_/Q -> _31555_/D : -3.016236
[setup reg-reg] _31891_/Q -> _31413_/D : -2.987408
[setup reg-reg] _31830_/Q -> _31572_/D : -2.964733
[setup reg-reg] _31830_/Q -> _31407_/D : -2.963835
[setup reg-reg] _31891_/Q -> _31975_/D : -2.955309
[setup reg-reg] _31795_/Q -> _31556_/D : -2.954483
[setup reg-reg] _31830_/Q -> _32104_/D : -2.951927
[setup reg-reg] _31891_/Q -> _31981_/D : -2.929683
[setup reg-reg] _31734_/Q -> _31670_/D : -2.917975
[setup reg-reg] _31830_/Q -> _31833_/D : -2.914335
[setup reg-reg] _31891_/Q -> _31984_/D : -2.890010
[setup reg-reg] _31891_/Q -> _31983_/D : -2.888269
[setup reg-reg] _31891_/Q -> _31414_/D : -2.877970
[setup reg-reg] _31830_/Q -> _31385_/D : -2.857537
[setup reg-reg] _31891_/Q -> _31412_/D : -2.849875
[setup reg-reg] _31830_/Q -> _31406_/D : -2.837128
[setup reg-reg] _31795_/Q -> _31809_/D : -2.829172
[setup reg-reg] _31891_/Q -> _31437_/D : -2.827044
[setup reg-reg] _31734_/Q -> _31740_/D : -2.823679
[setup reg-reg] _31891_/Q -> _31411_/D : -2.813104
[setup reg-reg] _31795_/Q -> _31808_/D : -2.776108
[setup reg-reg] _31795_/Q -> _31807_/D : -2.772310
[setup reg-reg] _31891_/Q -> _31982_/D : -2.771484
[setup reg-reg] _31830_/Q -> _31571_/D : -2.764690
[setup reg-reg] _31891_/Q -> _31438_/D : -2.755018
[setup reg-reg] _31830_/Q -> _32103_/D : -2.735749
[setup reg-reg] _31795_/Q -> _31547_/D : -2.718542
[setup reg-reg] _31891_/Q -> _31980_/D : -2.672476
[setup reg-reg] _31891_/Q -> _31410_/D : -2.661368
[setup reg-reg] _31795_/Q -> _31805_/D : -2.642576
[setup reg-reg] _31830_/Q -> _31384_/D : -2.626155
[setup reg-reg] _31830_/Q -> _31383_/D : -2.606654
[setup reg-reg] _31734_/Q -> _31738_/D : -2.596425
[setup reg-reg] _31734_/Q -> _31669_/D : -2.586797
[setup reg-reg] _31830_/Q -> _31381_/D : -2.582830
[setup reg-reg] _31891_/Q -> _31436_/D : -2.578000
[setup reg-reg] _31830_/Q -> _32113_/D : -2.564725
[setup reg-reg] _31795_/Q -> _31544_/D : -2.563848
[setup reg-reg] _31795_/Q -> _31545_/D : -2.562308
[setup reg-reg] _31891_/Q -> _31974_/D : -2.532072
[setup reg-reg] _31795_/Q -> _31806_/D : -2.510792
[setup reg-reg] _31795_/Q -> _31554_/D : -2.498046
[setup reg-reg] _31734_/Q -> _31739_/D : -2.497488
[setup reg-reg] _31891_/Q -> _31979_/D : -2.497384
[setup reg-reg] _31891_/Q -> _31978_/D : -2.490410
[setup reg-reg] _31795_/Q -> _31546_/D : -2.440761
[setup reg-reg] _31891_/Q -> _31973_/D : -2.412380
[setup reg-reg] _31734_/Q -> _31668_/D : -2.411833
[setup reg-reg] _31734_/Q -> _31449_/D : -2.408193
[setup reg-reg] _31830_/Q -> _31379_/D : -2.404981
[setup reg-reg] _31734_/Q -> _31469_/D : -2.402063
[setup reg-reg] _31830_/Q -> _31570_/D : -2.396815
[setup reg-reg] _31830_/Q -> _32102_/D : -2.395094
[setup reg-reg] _31891_/Q -> _31435_/D : -2.332406
[setup reg-reg] _31734_/Q -> _31473_/D : -2.332138
[setup reg-reg] _31734_/Q -> _31737_/D : -2.315464
[setup reg-reg] _31795_/Q -> _31543_/D : -2.299384
[setup reg-reg] _31830_/Q -> _31405_/D : -2.279787
[setup reg-reg] _31830_/Q -> _31382_/D : -2.239471
[setup reg-reg] _31830_/Q -> _32112_/D : -2.239027
[setup reg-reg] _31830_/Q -> _31378_/D : -2.219084
[setup reg-reg] _31830_/Q -> _32111_/D : -2.210717
[setup reg-reg] _31830_/Q -> _32109_/D : -2.174286
[setup reg-reg] _31795_/Q -> _31803_/D : -2.170065
[setup reg-reg] _31795_/Q -> _31542_/D : -2.165216
[setup reg-reg] _31734_/Q -> _32017_/D : -2.160551
[setup reg-reg] _31830_/Q -> _31380_/D : -2.158522
[setup reg-reg] _31734_/Q -> _31468_/D : -2.149964
[setup reg-reg] _31795_/Q -> _31804_/D : -2.147655
[setup reg-reg] _31734_/Q -> _31448_/D : -2.115392
[setup reg-reg] _31734_/Q -> _31666_/D : -2.107170
[setup reg-reg] _31891_/Q -> _31971_/D : -2.093055
[setup reg-reg] _31891_/Q -> _31972_/D : -2.092627
[setup reg-reg] _31830_/Q -> _32110_/D : -2.066511
[setup reg-reg] _31830_/Q -> _32107_/D : -2.055725
[setup reg-reg] _31734_/Q -> _32009_/D : -2.046997
[setup reg-reg] _31734_/Q -> _31667_/D : -2.029671
[setup reg-reg] _31830_/Q -> _31404_/D : -2.010189
[setup reg-reg] _31891_/Q -> _31434_/D : -1.990468
[setup reg-reg] _31830_/Q -> _32101_/D : -1.983686
[setup reg-reg] _31734_/Q -> _31472_/D : -1.970559
[setup reg-reg] _31734_/Q -> _31467_/D : -1.966946
[setup reg-reg] _31830_/Q -> _32108_/D : -1.961411
[setup reg-reg] _31734_/Q -> _31446_/D : -1.948198
[setup reg-reg] _31830_/Q -> _31403_/D : -1.910646
[setup reg-reg] _31891_/Q -> _31433_/D : -1.905484
[setup reg-reg] _31734_/Q -> _31471_/D : -1.882162
[setup reg-reg] _31734_/Q -> _31465_/D : -1.878922
[setup reg-reg] _31891_/Q -> _31969_/D : -1.875613
[setup reg-reg] _31795_/Q -> _31541_/D : -1.873216
[setup reg-reg] _31830_/Q -> _31401_/D : -1.870760
[setup reg-reg] _31734_/Q -> _32005_/D : -1.866278
[setup reg-reg] _31734_/Q -> _31447_/D : -1.859714
[setup reg-reg] _31830_/Q -> _32106_/D : -1.852344
[setup reg-reg] _31734_/Q -> _32003_/D : -1.850124
[setup reg-reg] _31891_/Q -> _31432_/D : -1.804427
[setup reg-reg] _31734_/Q -> _31463_/D : -1.788379
[setup reg-reg] _31891_/Q -> _31431_/D : -1.785901
[setup reg-reg] _31734_/Q -> _31445_/D : -1.778398
[setup reg-reg] _31891_/Q -> _31430_/D : -1.770562
[setup reg-reg] _31830_/Q -> _32100_/D : -1.740640
[setup reg-reg] _31734_/Q -> _31443_/D : -1.740384
[setup reg-reg] _31891_/Q -> _31970_/D : -1.732158
[setup reg-reg] _31795_/Q -> _31802_/D : -1.717915
[setup reg-reg] _31830_/Q -> _31400_/D : -1.711387
[setup reg-reg] _31795_/Q -> _31540_/D : -1.705823
[setup reg-reg] _31830_/Q -> _32099_/D : -1.702498
[setup reg-reg] _31830_/Q -> _31402_/D : -1.681775
[setup reg-reg] _31734_/Q -> _32015_/D : -1.673767
[setup reg-reg] _31734_/Q -> _32001_/D : -1.670147
[setup reg-reg] _31734_/Q -> _32007_/D : -1.658847
[setup reg-reg] _31734_/Q -> _32016_/D : -1.658485
[setup reg-reg] _31734_/Q -> _32004_/D : -1.644004
[setup reg-reg] _31795_/Q -> _31536_/D : -1.640533
[setup reg-reg] _31734_/Q -> _32011_/D : -1.620274
[setup reg-reg] _31734_/Q -> _31470_/D : -1.619762
[setup reg-reg] _31891_/Q -> _31429_/D : -1.616677
[setup reg-reg] _31891_/Q -> _31968_/D : -1.613801
[setup reg-reg] _31734_/Q -> _32008_/D : -1.604327
[setup reg-reg] _31734_/Q -> _32013_/D : -1.602302
[setup reg-reg] _31830_/Q -> _32097_/D : -1.602132
[setup reg-reg] _31891_/Q -> _31967_/D : -1.591550
[setup reg-reg] _31734_/Q -> _32012_/D : -1.585246
[setup reg-reg] _31734_/Q -> _31444_/D : -1.582475
[setup reg-reg] _31734_/Q -> _31442_/D : -1.578636
[setup reg-reg] _31734_/Q -> _31464_/D : -1.577345
[setup reg-reg] _31795_/Q -> _31537_/D : -1.567738
[setup reg-reg] _31830_/Q -> _31399_/D : -1.547974
[setup reg-reg] _31891_/Q -> _31427_/D : -1.544903
[setup reg-reg] _31795_/Q -> _32041_/D : -1.536938
[setup reg-reg] _31734_/Q -> _31466_/D : -1.526256
[setup reg-reg] _31734_/Q -> _32014_/D : -1.499261
[setup reg-reg] _31830_/Q -> _32098_/D : -1.497853
[setup reg-reg] _31795_/Q -> _31513_/D : -1.488807
[setup reg-reg] _31830_/Q -> _31398_/D : -1.442528
[setup reg-reg] _31795_/Q -> _31801_/D : -1.406338
[setup reg-reg] _31891_/Q -> _31966_/D : -1.405084
[setup reg-reg] _31734_/Q -> _32000_/D : -1.393587
[setup reg-reg] _31734_/Q -> _31462_/D : -1.388584
[setup reg-reg] _31795_/Q -> _31539_/D : -1.367091
[setup reg-reg] _31734_/Q -> _31999_/D : -1.353982
[setup reg-reg] _31830_/Q -> _31396_/D : -1.353858
[setup reg-reg] _31830_/Q -> _31397_/D : -1.336069
[setup reg-reg] _31830_/Q -> _32096_/D : -1.320125
[setup reg-reg] _31795_/Q -> _31509_/D : -1.308736
[setup reg-reg] _31734_/Q -> _32010_/D : -1.301160
[setup reg-reg] _31891_/Q -> _31428_/D : -1.300055
[setup reg-reg] _31734_/Q -> _32006_/D : -1.284057
[setup reg-reg] _31734_/Q -> _31460_/D : -1.259842
[setup reg-reg] _31795_/Q -> _31535_/D : -1.250259
[setup reg-reg] _31891_/Q -> _31965_/D : -1.219467
[setup reg-reg] _31734_/Q -> _31998_/D : -1.219346
[setup reg-reg] _31795_/Q -> _32049_/D : -1.208258
[setup reg-reg] _31734_/Q -> _31461_/D : -1.202784
[setup reg-reg] _31795_/Q -> _32040_/D : -1.195632
[setup reg-reg] _31891_/Q -> _31963_/D : -1.192207
[setup reg-reg] _31830_/Q -> _31395_/D : -1.185493
[setup reg-reg] _31795_/Q -> _31533_/D : -1.184198
[setup reg-reg] _31795_/Q -> _31512_/D : -1.168537
[setup reg-reg] _31830_/Q -> _32095_/D : -1.159185
[setup reg-reg] _31795_/Q -> _31508_/D : -1.119592
[setup reg-reg] _31891_/Q -> _31964_/D : -1.118901
[setup reg-reg] _31891_/Q -> _31426_/D : -1.089077
[setup reg-reg] _31795_/Q -> _32039_/D : -1.068237
[setup reg-reg] _31795_/Q -> _31538_/D : -1.066185
[setup reg-reg] _31830_/Q -> _32093_/D : -1.060814
[setup reg-reg] _31891_/Q -> _31425_/D : -1.054850
[setup reg-reg] _31830_/Q -> _32094_/D : -1.053548
[setup reg-reg] _31795_/Q -> _31507_/D : -1.025390
[setup reg-reg] _31830_/Q -> _32092_/D : -1.002421
[setup reg-reg] _31734_/Q -> _31997_/D : -0.984512
[setup reg-reg] _31795_/Q -> _31534_/D : -0.969697
[setup reg-reg] _31734_/Q -> _31459_/D : -0.958981
[setup reg-reg] _31795_/Q -> _32048_/D : -0.958014
[setup reg-reg] _31795_/Q -> _31506_/D : -0.954774
[setup reg-reg] _31795_/Q -> _31510_/D : -0.950838
[setup reg-reg] _31734_/Q -> _32002_/D : -0.916611
[setup reg-reg] _31795_/Q -> _31511_/D : -0.913513
[setup reg-reg] _31891_/Q -> _31424_/D : -0.910326
[setup reg-reg] _31795_/Q -> _32045_/D : -0.904933
[setup reg-reg] _31830_/Q -> _31394_/D : -0.899577
[setup reg-reg] _31891_/Q -> _31962_/D : -0.894605
[setup reg-reg] _31795_/Q -> _31529_/D : -0.882883
[setup reg-reg] _31891_/Q -> _31423_/D : -0.875620
[setup reg-reg] _31734_/Q -> _31458_/D : -0.867718
[setup reg-reg] _31795_/Q -> _31528_/D : -0.852682
[setup reg-reg] _31830_/Q -> _31393_/D : -0.829607
[setup reg-reg] _31734_/Q -> _31457_/D : -0.820283
[setup reg-reg] _31830_/Q -> _32091_/D : -0.815840
[setup reg-reg] _31734_/Q -> _31996_/D : -0.797035
[setup reg-reg] _31830_/Q -> _32090_/D : -0.796408
[setup reg-reg] _31795_/Q -> _32038_/D : -0.764127
[setup reg-reg] _31891_/Q -> _31961_/D : -0.753227
[setup reg-reg] _31795_/Q -> _32037_/D : -0.717669
[setup reg-reg] _31795_/Q -> _32047_/D : -0.715072
[setup reg-reg] _31795_/Q -> _32044_/D : -0.712605
[setup reg-reg] _31734_/Q -> _31994_/D : -0.706942
[setup reg-reg] _31795_/Q -> _32033_/D : -0.686285
[setup reg-reg] _31795_/Q -> _31532_/D : -0.644059
[setup reg-reg] _31891_/Q -> _31960_/D : -0.627974
[setup reg-reg] _31734_/Q -> _31995_/D : -0.608296
[setup reg-reg] _31830_/Q -> _32089_/D : -0.580842
[setup reg-reg] _31795_/Q -> _32046_/D : -0.574337
[setup reg-reg] _31795_/Q -> _31527_/D : -0.546507
[setup reg-reg] _31830_/Q -> _31391_/D : -0.543265
[setup reg-reg] _31795_/Q -> _32043_/D : -0.538057
[setup reg-reg] _31830_/Q -> _31392_/D : -0.500144
[setup reg-reg] _31795_/Q -> _32042_/D : -0.475074
[setup reg-reg] _31734_/Q -> _31993_/D : -0.471811
[setup reg-reg] _31795_/Q -> _31531_/D : -0.454662
[setup reg-reg] _31795_/Q -> _32031_/D : -0.427875
[setup reg-reg] _31795_/Q -> _32036_/D : -0.418090
[setup reg-reg] _31795_/Q -> _32032_/D : -0.409363
[setup reg-reg] _31891_/Q -> _31421_/D : -0.385697
[setup reg-reg] _31891_/Q -> _31959_/D : -0.383427
[setup reg-reg] _31734_/Q -> _31455_/D : -0.381853
[setup reg-reg] _31830_/Q -> _31390_/D : -0.379142
[setup reg-reg] _31795_/Q -> _31530_/D : -0.360746
[setup reg-reg] _31734_/Q -> _31456_/D : -0.328567
[setup reg-reg] _31830_/Q -> _32088_/D : -0.310695
[setup reg-reg] _31795_/Q -> _31526_/D : -0.308857
[setup reg-reg] _31830_/Q -> _32087_/D : -0.295216
[setup reg-reg] _31891_/Q -> _31422_/D : -0.284267
[setup reg-reg] _31830_/Q -> _31389_/D : -0.231902
[setup reg-reg] _31795_/Q -> _31525_/D : -0.225716
[setup reg-reg] _31795_/Q -> _32035_/D : -0.218058
[setup reg-reg] _31734_/Q -> _31454_/D : -0.209486
[setup reg-reg] _31795_/Q -> _32030_/D : -0.198819
[setup reg-reg] _31795_/Q -> _32029_/D : -0.179089
[setup reg-reg] _31734_/Q -> _31992_/D : -0.137492
[setup reg-reg] _31795_/Q -> _31523_/D : -0.133745
[setup reg-reg] _31795_/Q -> _32034_/D : -0.116517
[setup reg-reg] _31891_/Q -> _31958_/D : -0.083428
[setup reg-reg] _31795_/Q -> _31522_/D : -0.024750
[setup reg-reg] _31830_/Q -> _32086_/D : -0.009555
Writing metric timing__hold_vio__count__corner:nom_tt_025C_1v80: 0
Writing metric timing__hold_r2r__ws__corner:nom_tt_025C_1v80: 0.100033
Writing metric timing__hold_r2r_vio__count__corner:nom_tt_025C_1v80: 0
Writing metric timing__setup_vio__count__corner:nom_tt_025C_1v80: 468
Writing metric timing__setup_r2r__ws__corner:nom_tt_025C_1v80: -6.024729
Writing metric timing__setup_r2r_vio__count__corner:nom_tt_025C_1v80: 468
