                                                                     Buffers by Cell Master                                                                     
┏━━━━━━━━━━━━━━━━━━━━━━━━━━━━━━━━━━━━━━━━━━━━━━━━━━━━━━━━━━━━━━━━━━━━━━━━━━━━━━━━━━━━━━━━━━━━━━━━━━━━━━━━━━━━━━━━━━━━━━━━━━━━━━━━━━┳━━━━━━━━━━━━━━━━━━━━━━━━━━━┓
┃ Buffer                                                                                                                           ┃ Count                     ┃
┡━━━━━━━━━━━━━━━━━━━━━━━━━━━━━━━━━━━━━━━━━━━━━━━━━━━━━━━━━━━━━━━━━━━━━━━━━━━━━━━━━━━━━━━━━━━━━━━━━━━━━━━━━━━━━━━━━━━━━━━━━━━━━━━━━━╇━━━━━━━━━━━━━━━━━━━━━━━━━━━┩
│ sky130_fd_sc_hd__buf_1                                                                                                           │ 45                        │
│ sky130_fd_sc_hd__buf_12                                                                                                          │ 14                        │
│ sky130_fd_sc_hd__buf_2                                                                                                           │ 341                       │
│ sky130_fd_sc_hd__buf_4                                                                                                           │ 411                       │
│ sky130_fd_sc_hd__buf_6                                                                                                           │ 67                        │
│ sky130_fd_sc_hd__buf_8                                                                                                           │ 31                        │
│ sky130_fd_sc_hd__clkbuf_1                                                                                                        │ 37                        │
│ sky130_fd_sc_hd__clkbuf_16                                                                                                       │ 39                        │
│ sky130_fd_sc_hd__clkbuf_2                                                                                                        │ 210                       │
│ sky130_fd_sc_hd__clkbuf_4                                                                                                        │ 591                       │
│ sky130_fd_sc_hd__clkbuf_8                                                                                                        │ 435                       │
│ sky130_fd_sc_hd__dlygate4sd1_1                                                                                                   │ 126                       │
│ sky130_fd_sc_hd__dlygate4sd3_1                                                                                                   │ 2319                      │
│ sky130_fd_sc_hd__dlymetal6s2s_1                                                                                                  │ 32                        │
│ sky130_fd_sc_hd__dlymetal6s4s_1                                                                                                  │ 2                         │
└──────────────────────────────────────────────────────────────────────────────────────────────────────────────────────────────────┴───────────────────────────┘
