                                                                       Cells by Function                                                                        
┏━━━━━━━━━━━━━━━━━━━━━━━━━━━━━━━━━━━━━━━━━━━━━━━━━━━━━━━━━━━━━━━━━━━━━━━━━━━━━━━━━━━━━━━━━━━━━━━━━━━━━━━━━━━━━━━━━━━━━━━━━━━━━━━━━┳━━━━━━━━━━━━━━━━━━━━━━━━━━━━┓
┃ Cell Function                                                                                                                   ┃ Count                      ┃
┡━━━━━━━━━━━━━━━━━━━━━━━━━━━━━━━━━━━━━━━━━━━━━━━━━━━━━━━━━━━━━━━━━━━━━━━━━━━━━━━━━━━━━━━━━━━━━━━━━━━━━━━━━━━━━━━━━━━━━━━━━━━━━━━━━╇━━━━━━━━━━━━━━━━━━━━━━━━━━━━┩
│ sky130_ef_sc_hd__decap                                                                                                          │ 15983                      │
│ sky130_fd_sc_hd__a2111o                                                                                                         │ 12                         │
│ sky130_fd_sc_hd__a2111oi                                                                                                        │ 2                          │
│ sky130_fd_sc_hd__a211o                                                                                                          │ 65                         │
│ sky130_fd_sc_hd__a211oi                                                                                                         │ 8                          │
│ sky130_fd_sc_hd__a21bo                                                                                                          │ 213                        │
│ sky130_fd_sc_hd__a21boi                                                                                                         │ 36                         │
│ sky130_fd_sc_hd__a21o                                                                                                           │ 1251                       │
│ sky130_fd_sc_hd__a21oi                                                                                                          │ 402                        │
│ sky130_fd_sc_hd__a221o                                                                                                          │ 191                        │
│ sky130_fd_sc_hd__a221oi                                                                                                         │ 2                          │
│ sky130_fd_sc_hd__a22o                                                                                                           │ 499                        │
│ sky130_fd_sc_hd__a22oi                                                                                                          │ 7                          │
│ sky130_fd_sc_hd__a2bb2o                                                                                                         │ 32                         │
│ sky130_fd_sc_hd__a2bb2oi                                                                                                        │ 2                          │
│ sky130_fd_sc_hd__a311o                                                                                                          │ 31                         │
│ sky130_fd_sc_hd__a311oi                                                                                                         │ 2                          │
│ sky130_fd_sc_hd__a31o                                                                                                           │ 111                        │
│ sky130_fd_sc_hd__a31oi                                                                                                          │ 20                         │
│ sky130_fd_sc_hd__a32o                                                                                                           │ 273                        │
│ sky130_fd_sc_hd__a32oi                                                                                                          │ 1                          │
│ sky130_fd_sc_hd__a41o                                                                                                           │ 2                          │
│ sky130_fd_sc_hd__a41oi                                                                                                          │ 2                          │
│ sky130_fd_sc_hd__and2                                                                                                           │ 673                        │
│ sky130_fd_sc_hd__and2b                                                                                                          │ 234                        │
│ sky130_fd_sc_hd__and3                                                                                                           │ 503                        │
│ sky130_fd_sc_hd__and3b                                                                                                          │ 16                         │
│ sky130_fd_sc_hd__and4                                                                                                           │ 28                         │
│ sky130_fd_sc_hd__and4b                                                                                                          │ 9                          │
│ sky130_fd_sc_hd__and4bb                                                                                                         │ 4                          │
│ sky130_fd_sc_hd__buf                                                                                                            │ 909                        │
│ sky130_fd_sc_hd__bufinv                                                                                                         │ 40                         │
│ sky130_fd_sc_hd__clkbuf                                                                                                         │ 1312                       │
│ sky130_fd_sc_hd__clkinv                                                                                                         │ 99                         │
│ sky130_fd_sc_hd__clkinvlp                                                                                                       │ 36                         │
│ sky130_fd_sc_hd__decap                                                                                                          │ 14669                      │
│ sky130_fd_sc_hd__dfrtp                                                                                                          │ 2426                       │
│ sky130_fd_sc_hd__dfstp                                                                                                          │ 1                          │
│ sky130_fd_sc_hd__dfxtp                                                                                                          │ 551                        │
│ sky130_fd_sc_hd__diode                                                                                                          │ 656                        │
│ sky130_fd_sc_hd__dlygate4sd1                                                                                                    │ 126                        │
│ sky130_fd_sc_hd__dlygate4sd3                                                                                                    │ 2319                       │
│ sky130_fd_sc_hd__dlymetal6s2s                                                                                                   │ 32                         │
│ sky130_fd_sc_hd__dlymetal6s4s                                                                                                   │ 2                          │
│ sky130_fd_sc_hd__fill                                                                                                           │ 11702                      │
│ sky130_fd_sc_hd__inv                                                                                                            │ 438                        │
│ sky130_fd_sc_hd__mux2                                                                                                           │ 1275                       │
│ sky130_fd_sc_hd__mux4                                                                                                           │ 32                         │
│ sky130_fd_sc_hd__nand2                                                                                                          │ 1716                       │
│ sky130_fd_sc_hd__nand2b                                                                                                         │ 224                        │
│ sky130_fd_sc_hd__nand3                                                                                                          │ 73                         │
│ sky130_fd_sc_hd__nand3b                                                                                                         │ 16                         │
│ sky130_fd_sc_hd__nand4                                                                                                          │ 8                          │
│ sky130_fd_sc_hd__nand4b                                                                                                         │ 3                          │
│ sky130_fd_sc_hd__nor2                                                                                                           │ 1540                       │
│ sky130_fd_sc_hd__nor3                                                                                                           │ 15                         │
│ sky130_fd_sc_hd__nor3b                                                                                                          │ 3                          │
│ sky130_fd_sc_hd__nor4                                                                                                           │ 2                          │
│ sky130_fd_sc_hd__nor4b                                                                                                          │ 3                          │
│ sky130_fd_sc_hd__o2111a                                                                                                         │ 6                          │
│ sky130_fd_sc_hd__o2111ai                                                                                                        │ 2                          │
│ sky130_fd_sc_hd__o211a                                                                                                          │ 143                        │
│ sky130_fd_sc_hd__o211ai                                                                                                         │ 13                         │
│ sky130_fd_sc_hd__o21a                                                                                                           │ 405                        │
│ sky130_fd_sc_hd__o21ai                                                                                                          │ 245                        │
│ sky130_fd_sc_hd__o21ba                                                                                                          │ 102                        │
│ sky130_fd_sc_hd__o21bai                                                                                                         │ 35                         │
│ sky130_fd_sc_hd__o221a                                                                                                          │ 153                        │
│ sky130_fd_sc_hd__o22a                                                                                                           │ 587                        │
│ sky130_fd_sc_hd__o22ai                                                                                                          │ 3                          │
│ sky130_fd_sc_hd__o2bb2a                                                                                                         │ 22                         │
│ sky130_fd_sc_hd__o2bb2ai                                                                                                        │ 1                          │
│ sky130_fd_sc_hd__o311a                                                                                                          │ 26                         │
│ sky130_fd_sc_hd__o311ai                                                                                                         │ 2                          │
│ sky130_fd_sc_hd__o31a                                                                                                           │ 45                         │
│ sky130_fd_sc_hd__o31ai                                                                                                          │ 18                         │
│ sky130_fd_sc_hd__o32a                                                                                                           │ 16                         │
│ sky130_fd_sc_hd__o41a                                                                                                           │ 10                         │
│ sky130_fd_sc_hd__o41ai                                                                                                          │ 1                          │
│ sky130_fd_sc_hd__or2                                                                                                            │ 1181                       │
│ sky130_fd_sc_hd__or3                                                                                                            │ 84                         │
│ sky130_fd_sc_hd__or3b                                                                                                           │ 39                         │
│ sky130_fd_sc_hd__or4                                                                                                            │ 45                         │
│ sky130_fd_sc_hd__or4b                                                                                                           │ 26                         │
│ sky130_fd_sc_hd__or4bb                                                                                                          │ 5                          │
│ sky130_fd_sc_hd__tapvpwrvgnd                                                                                                    │ 9207                       │
│ sky130_fd_sc_hd__xnor2                                                                                                          │ 1715                       │
│ sky130_fd_sc_hd__xor2                                                                                                           │ 836                        │
└─────────────────────────────────────────────────────────────────────────────────────────────────────────────────────────────────┴────────────────────────────┘
