[WARNING ORD-0039] .openroad ignored with -python
                                Cells by Master                                 
┏━━━━━━━━━━━━━━━━━━━━━━━━━━━━━━━━━━━━━━━━━━━━━━━━━━━━━━━━━━━━━━━━┳━━━━━━━━━━━━━┓
┃ Cell                                                           ┃ Count       ┃
┡━━━━━━━━━━━━━━━━━━━━━━━━━━━━━━━━━━━━━━━━━━━━━━━━━━━━━━━━━━━━━━━━╇━━━━━━━━━━━━━┩
│ sky130_ef_sc_hd__decap_12                                      │ 15983       │
│ sky130_fd_sc_hd__a2111o_1                                      │ 8           │
│ sky130_fd_sc_hd__a2111o_4                                      │ 4           │
│ sky130_fd_sc_hd__a2111oi_2                                     │ 1           │
│ sky130_fd_sc_hd__a2111oi_4                                     │ 1           │
│ sky130_fd_sc_hd__a211o_1                                       │ 46          │
│ sky130_fd_sc_hd__a211o_2                                       │ 1           │
│ sky130_fd_sc_hd__a211o_4                                       │ 18          │
│ sky130_fd_sc_hd__a211oi_2                                      │ 5           │
│ sky130_fd_sc_hd__a211oi_4                                      │ 3           │
│ sky130_fd_sc_hd__a21bo_1                                       │ 178         │
│ sky130_fd_sc_hd__a21bo_2                                       │ 8           │
│ sky130_fd_sc_hd__a21bo_4                                       │ 27          │
│ sky130_fd_sc_hd__a21boi_1                                      │ 9           │
│ sky130_fd_sc_hd__a21boi_2                                      │ 14          │
│ sky130_fd_sc_hd__a21boi_4                                      │ 13          │
│ sky130_fd_sc_hd__a21o_1                                        │ 1168        │
│ sky130_fd_sc_hd__a21o_2                                        │ 39          │
│ sky130_fd_sc_hd__a21o_4                                        │ 44          │
│ sky130_fd_sc_hd__a21oi_1                                       │ 198         │
│ sky130_fd_sc_hd__a21oi_2                                       │ 115         │
│ sky130_fd_sc_hd__a21oi_4                                       │ 89          │
│ sky130_fd_sc_hd__a221o_1                                       │ 191         │
│ sky130_fd_sc_hd__a221oi_1                                      │ 1           │
│ sky130_fd_sc_hd__a221oi_2                                      │ 1           │
│ sky130_fd_sc_hd__a22o_1                                        │ 493         │
│ sky130_fd_sc_hd__a22o_2                                        │ 5           │
│ sky130_fd_sc_hd__a22o_4                                        │ 1           │
│ sky130_fd_sc_hd__a22oi_1                                       │ 2           │
│ sky130_fd_sc_hd__a22oi_2                                       │ 1           │
│ sky130_fd_sc_hd__a22oi_4                                       │ 4           │
│ sky130_fd_sc_hd__a2bb2o_1                                      │ 25          │
│ sky130_fd_sc_hd__a2bb2o_2                                      │ 1           │
│ sky130_fd_sc_hd__a2bb2o_4                                      │ 6           │
│ sky130_fd_sc_hd__a2bb2oi_2                                     │ 1           │
│ sky130_fd_sc_hd__a2bb2oi_4                                     │ 1           │
│ sky130_fd_sc_hd__a311o_1                                       │ 24          │
│ sky130_fd_sc_hd__a311o_4                                       │ 7           │
│ sky130_fd_sc_hd__a311oi_4                                      │ 2           │
│ sky130_fd_sc_hd__a31o_1                                        │ 76          │
│ sky130_fd_sc_hd__a31o_2                                        │ 14          │
│ sky130_fd_sc_hd__a31o_4                                        │ 21          │
│ sky130_fd_sc_hd__a31oi_1                                       │ 1           │
│ sky130_fd_sc_hd__a31oi_2                                       │ 3           │
│ sky130_fd_sc_hd__a31oi_4                                       │ 16          │
│ sky130_fd_sc_hd__a32o_1                                        │ 272         │
│ sky130_fd_sc_hd__a32o_2                                        │ 1           │
│ sky130_fd_sc_hd__a32oi_4                                       │ 1           │
│ sky130_fd_sc_hd__a41o_1                                        │ 1           │
│ sky130_fd_sc_hd__a41o_4                                        │ 1           │
│ sky130_fd_sc_hd__a41oi_2                                       │ 2           │
│ sky130_fd_sc_hd__and2_1                                        │ 566         │
│ sky130_fd_sc_hd__and2_2                                        │ 78          │
│ sky130_fd_sc_hd__and2_4                                        │ 29          │
│ sky130_fd_sc_hd__and2b_1                                       │ 206         │
│ sky130_fd_sc_hd__and2b_2                                       │ 26          │
│ sky130_fd_sc_hd__and2b_4                                       │ 2           │
│ sky130_fd_sc_hd__and3_1                                        │ 467         │
│ sky130_fd_sc_hd__and3_2                                        │ 27          │
│ sky130_fd_sc_hd__and3_4                                        │ 9           │
│ sky130_fd_sc_hd__and3b_1                                       │ 12          │
│ sky130_fd_sc_hd__and3b_2                                       │ 3           │
│ sky130_fd_sc_hd__and3b_4                                       │ 1           │
│ sky130_fd_sc_hd__and4_1                                        │ 27          │
│ sky130_fd_sc_hd__and4_4                                        │ 1           │
│ sky130_fd_sc_hd__and4b_1                                       │ 8           │
│ sky130_fd_sc_hd__and4b_4                                       │ 1           │
│ sky130_fd_sc_hd__and4bb_1                                      │ 4           │
│ sky130_fd_sc_hd__buf_1                                         │ 45          │
│ sky130_fd_sc_hd__buf_12                                        │ 14          │
│ sky130_fd_sc_hd__buf_2                                         │ 341         │
│ sky130_fd_sc_hd__buf_4                                         │ 411         │
│ sky130_fd_sc_hd__buf_6                                         │ 67          │
│ sky130_fd_sc_hd__buf_8                                         │ 31          │
│ sky130_fd_sc_hd__bufinv_16                                     │ 40          │
│ sky130_fd_sc_hd__clkbuf_1                                      │ 37          │
│ sky130_fd_sc_hd__clkbuf_16                                     │ 39          │
│ sky130_fd_sc_hd__clkbuf_2                                      │ 210         │
│ sky130_fd_sc_hd__clkbuf_4                                      │ 591         │
│ sky130_fd_sc_hd__clkbuf_8                                      │ 435         │
│ sky130_fd_sc_hd__clkinv_16                                     │ 4           │
│ sky130_fd_sc_hd__clkinv_2                                      │ 34          │
│ sky130_fd_sc_hd__clkinv_4                                      │ 32          │
│ sky130_fd_sc_hd__clkinv_8                                      │ 29          │
│ sky130_fd_sc_hd__clkinvlp_4                                    │ 36          │
│ sky130_fd_sc_hd__decap_3                                       │ 3466        │
│ sky130_fd_sc_hd__decap_4                                       │ 3365        │
│ sky130_fd_sc_hd__decap_6                                       │ 4184        │
│ sky130_fd_sc_hd__decap_8                                       │ 3654        │
│ sky130_fd_sc_hd__dfrtp_1                                       │ 1761        │
│ sky130_fd_sc_hd__dfrtp_2                                       │ 64          │
│ sky130_fd_sc_hd__dfrtp_4                                       │ 601         │
│ sky130_fd_sc_hd__dfstp_4                                       │ 1           │
│ sky130_fd_sc_hd__dfxtp_1                                       │ 548         │
│ sky130_fd_sc_hd__dfxtp_2                                       │ 1           │
│ sky130_fd_sc_hd__dfxtp_4                                       │ 2           │
│ sky130_fd_sc_hd__diode_2                                       │ 656         │
│ sky130_fd_sc_hd__dlygate4sd1_1                                 │ 126         │
│ sky130_fd_sc_hd__dlygate4sd3_1                                 │ 2319        │
│ sky130_fd_sc_hd__dlymetal6s2s_1                                │ 32          │
│ sky130_fd_sc_hd__dlymetal6s4s_1                                │ 2           │
│ sky130_fd_sc_hd__fill_1                                        │ 8171        │
│ sky130_fd_sc_hd__fill_2                                        │ 3531        │
│ sky130_fd_sc_hd__inv_12                                        │ 17          │
│ sky130_fd_sc_hd__inv_16                                        │ 6           │
│ sky130_fd_sc_hd__inv_2                                         │ 313         │
│ sky130_fd_sc_hd__inv_4                                         │ 4           │
│ sky130_fd_sc_hd__inv_6                                         │ 50          │
│ sky130_fd_sc_hd__inv_8                                         │ 48          │
│ sky130_fd_sc_hd__mux2_1                                        │ 1189        │
│ sky130_fd_sc_hd__mux2_2                                        │ 7           │
│ sky130_fd_sc_hd__mux2_4                                        │ 78          │
│ sky130_fd_sc_hd__mux2_8                                        │ 1           │
│ sky130_fd_sc_hd__mux4_1                                        │ 30          │
│ sky130_fd_sc_hd__mux4_2                                        │ 2           │
│ sky130_fd_sc_hd__nand2_1                                       │ 1395        │
│ sky130_fd_sc_hd__nand2_2                                       │ 276         │
│ sky130_fd_sc_hd__nand2_4                                       │ 41          │
│ sky130_fd_sc_hd__nand2_8                                       │ 4           │
│ sky130_fd_sc_hd__nand2b_1                                      │ 131         │
│ sky130_fd_sc_hd__nand2b_2                                      │ 74          │
│ sky130_fd_sc_hd__nand2b_4                                      │ 19          │
│ sky130_fd_sc_hd__nand3_1                                       │ 51          │
│ sky130_fd_sc_hd__nand3_2                                       │ 15          │
│ sky130_fd_sc_hd__nand3_4                                       │ 7           │
│ sky130_fd_sc_hd__nand3b_1                                      │ 10          │
│ sky130_fd_sc_hd__nand3b_2                                      │ 1           │
│ sky130_fd_sc_hd__nand3b_4                                      │ 5           │
│ sky130_fd_sc_hd__nand4_1                                       │ 4           │
│ sky130_fd_sc_hd__nand4_2                                       │ 3           │
│ sky130_fd_sc_hd__nand4_4                                       │ 1           │
│ sky130_fd_sc_hd__nand4b_1                                      │ 1           │
│ sky130_fd_sc_hd__nand4b_2                                      │ 1           │
│ sky130_fd_sc_hd__nand4b_4                                      │ 1           │
│ sky130_fd_sc_hd__nor2_1                                        │ 1268        │
│ sky130_fd_sc_hd__nor2_2                                        │ 211         │
│ sky130_fd_sc_hd__nor2_4                                        │ 41          │
│ sky130_fd_sc_hd__nor2_8                                        │ 20          │
│ sky130_fd_sc_hd__nor3_1                                        │ 11          │
│ sky130_fd_sc_hd__nor3_2                                        │ 1           │
│ sky130_fd_sc_hd__nor3_4                                        │ 3           │
│ sky130_fd_sc_hd__nor3b_1                                       │ 2           │
│ sky130_fd_sc_hd__nor3b_2                                       │ 1           │
│ sky130_fd_sc_hd__nor4_1                                        │ 2           │
│ sky130_fd_sc_hd__nor4b_1                                       │ 3           │
│ sky130_fd_sc_hd__o2111a_1                                      │ 6           │
│ sky130_fd_sc_hd__o2111ai_4                                     │ 2           │
│ sky130_fd_sc_hd__o211a_1                                       │ 128         │
│ sky130_fd_sc_hd__o211a_2                                       │ 9           │
│ sky130_fd_sc_hd__o211a_4                                       │ 6           │
│ sky130_fd_sc_hd__o211ai_1                                      │ 8           │
│ sky130_fd_sc_hd__o211ai_2                                      │ 2           │
│ sky130_fd_sc_hd__o211ai_4                                      │ 3           │
│ sky130_fd_sc_hd__o21a_1                                        │ 332         │
│ sky130_fd_sc_hd__o21a_2                                        │ 48          │
│ sky130_fd_sc_hd__o21a_4                                        │ 25          │
│ sky130_fd_sc_hd__o21ai_1                                       │ 102         │
│ sky130_fd_sc_hd__o21ai_2                                       │ 82          │
│ sky130_fd_sc_hd__o21ai_4                                       │ 61          │
│ sky130_fd_sc_hd__o21ba_1                                       │ 80          │
│ sky130_fd_sc_hd__o21ba_2                                       │ 14          │
│ sky130_fd_sc_hd__o21ba_4                                       │ 8           │
│ sky130_fd_sc_hd__o21bai_1                                      │ 15          │
│ sky130_fd_sc_hd__o21bai_2                                      │ 11          │
│ sky130_fd_sc_hd__o21bai_4                                      │ 9           │
│ sky130_fd_sc_hd__o221a_1                                       │ 149         │
│ sky130_fd_sc_hd__o221a_2                                       │ 3           │
│ sky130_fd_sc_hd__o221a_4                                       │ 1           │
│ sky130_fd_sc_hd__o22a_1                                        │ 564         │
│ sky130_fd_sc_hd__o22a_2                                        │ 16          │
│ sky130_fd_sc_hd__o22a_4                                        │ 7           │
│ sky130_fd_sc_hd__o22ai_2                                       │ 3           │
│ sky130_fd_sc_hd__o2bb2a_1                                      │ 19          │
│ sky130_fd_sc_hd__o2bb2a_2                                      │ 1           │
│ sky130_fd_sc_hd__o2bb2a_4                                      │ 2           │
│ sky130_fd_sc_hd__o2bb2ai_1                                     │ 1           │
│ sky130_fd_sc_hd__o311a_1                                       │ 16          │
│ sky130_fd_sc_hd__o311a_2                                       │ 3           │
│ sky130_fd_sc_hd__o311a_4                                       │ 7           │
│ sky130_fd_sc_hd__o311ai_1                                      │ 1           │
│ sky130_fd_sc_hd__o311ai_2                                      │ 1           │
│ sky130_fd_sc_hd__o31a_1                                        │ 34          │
│ sky130_fd_sc_hd__o31a_2                                        │ 6           │
│ sky130_fd_sc_hd__o31a_4                                        │ 5           │
│ sky130_fd_sc_hd__o31ai_1                                       │ 7           │
│ sky130_fd_sc_hd__o31ai_2                                       │ 1           │
│ sky130_fd_sc_hd__o31ai_4                                       │ 10          │
│ sky130_fd_sc_hd__o32a_1                                        │ 11          │
│ sky130_fd_sc_hd__o32a_2                                        │ 3           │
│ sky130_fd_sc_hd__o32a_4                                        │ 2           │
│ sky130_fd_sc_hd__o41a_1                                        │ 8           │
│ sky130_fd_sc_hd__o41a_2                                        │ 1           │
│ sky130_fd_sc_hd__o41a_4                                        │ 1           │
│ sky130_fd_sc_hd__o41ai_4                                       │ 1           │
│ sky130_fd_sc_hd__or2_1                                         │ 979         │
│ sky130_fd_sc_hd__or2_2                                         │ 101         │
│ sky130_fd_sc_hd__or2_4                                         │ 101         │
│ sky130_fd_sc_hd__or3_1                                         │ 51          │
│ sky130_fd_sc_hd__or3_2                                         │ 4           │
│ sky130_fd_sc_hd__or3_4                                         │ 29          │
│ sky130_fd_sc_hd__or3b_1                                        │ 32          │
│ sky130_fd_sc_hd__or3b_2                                        │ 3           │
│ sky130_fd_sc_hd__or3b_4                                        │ 4           │
│ sky130_fd_sc_hd__or4_1                                         │ 24          │
│ sky130_fd_sc_hd__or4_2                                         │ 4           │
│ sky130_fd_sc_hd__or4_4                                         │ 17          │
│ sky130_fd_sc_hd__or4b_1                                        │ 15          │
│ sky130_fd_sc_hd__or4b_2                                        │ 2           │
│ sky130_fd_sc_hd__or4b_4                                        │ 9           │
│ sky130_fd_sc_hd__or4bb_1                                       │ 3           │
│ sky130_fd_sc_hd__or4bb_4                                       │ 2           │
│ sky130_fd_sc_hd__tapvpwrvgnd_1                                 │ 9207        │
│ sky130_fd_sc_hd__xnor2_1                                       │ 580         │
│ sky130_fd_sc_hd__xnor2_2                                       │ 211         │
│ sky130_fd_sc_hd__xnor2_4                                       │ 924         │
│ sky130_fd_sc_hd__xor2_1                                        │ 135         │
│ sky130_fd_sc_hd__xor2_2                                        │ 105         │
│ sky130_fd_sc_hd__xor2_4                                        │ 596         │
└────────────────────────────────────────────────────────────────┴─────────────┘
                               Cells by Function                                
┏━━━━━━━━━━━━━━━━━━━━━━━━━━━━━━━━━━━━━━━━━━━━━━━━━━━━━━━━━━━━━━━┳━━━━━━━━━━━━━━┓
┃ Cell Function                                                 ┃ Count        ┃
┡━━━━━━━━━━━━━━━━━━━━━━━━━━━━━━━━━━━━━━━━━━━━━━━━━━━━━━━━━━━━━━━╇━━━━━━━━━━━━━━┩
│ sky130_ef_sc_hd__decap                                        │ 15983        │
│ sky130_fd_sc_hd__a2111o                                       │ 12           │
│ sky130_fd_sc_hd__a2111oi                                      │ 2            │
│ sky130_fd_sc_hd__a211o                                        │ 65           │
│ sky130_fd_sc_hd__a211oi                                       │ 8            │
│ sky130_fd_sc_hd__a21bo                                        │ 213          │
│ sky130_fd_sc_hd__a21boi                                       │ 36           │
│ sky130_fd_sc_hd__a21o                                         │ 1251         │
│ sky130_fd_sc_hd__a21oi                                        │ 402          │
│ sky130_fd_sc_hd__a221o                                        │ 191          │
│ sky130_fd_sc_hd__a221oi                                       │ 2            │
│ sky130_fd_sc_hd__a22o                                         │ 499          │
│ sky130_fd_sc_hd__a22oi                                        │ 7            │
│ sky130_fd_sc_hd__a2bb2o                                       │ 32           │
│ sky130_fd_sc_hd__a2bb2oi                                      │ 2            │
│ sky130_fd_sc_hd__a311o                                        │ 31           │
│ sky130_fd_sc_hd__a311oi                                       │ 2            │
│ sky130_fd_sc_hd__a31o                                         │ 111          │
│ sky130_fd_sc_hd__a31oi                                        │ 20           │
│ sky130_fd_sc_hd__a32o                                         │ 273          │
│ sky130_fd_sc_hd__a32oi                                        │ 1            │
│ sky130_fd_sc_hd__a41o                                         │ 2            │
│ sky130_fd_sc_hd__a41oi                                        │ 2            │
│ sky130_fd_sc_hd__and2                                         │ 673          │
│ sky130_fd_sc_hd__and2b                                        │ 234          │
│ sky130_fd_sc_hd__and3                                         │ 503          │
│ sky130_fd_sc_hd__and3b                                        │ 16           │
│ sky130_fd_sc_hd__and4                                         │ 28           │
│ sky130_fd_sc_hd__and4b                                        │ 9            │
│ sky130_fd_sc_hd__and4bb                                       │ 4            │
│ sky130_fd_sc_hd__buf                                          │ 909          │
│ sky130_fd_sc_hd__bufinv                                       │ 40           │
│ sky130_fd_sc_hd__clkbuf                                       │ 1312         │
│ sky130_fd_sc_hd__clkinv                                       │ 99           │
│ sky130_fd_sc_hd__clkinvlp                                     │ 36           │
│ sky130_fd_sc_hd__decap                                        │ 14669        │
│ sky130_fd_sc_hd__dfrtp                                        │ 2426         │
│ sky130_fd_sc_hd__dfstp                                        │ 1            │
│ sky130_fd_sc_hd__dfxtp                                        │ 551          │
│ sky130_fd_sc_hd__diode                                        │ 656          │
│ sky130_fd_sc_hd__dlygate4sd1                                  │ 126          │
│ sky130_fd_sc_hd__dlygate4sd3                                  │ 2319         │
│ sky130_fd_sc_hd__dlymetal6s2s                                 │ 32           │
│ sky130_fd_sc_hd__dlymetal6s4s                                 │ 2            │
│ sky130_fd_sc_hd__fill                                         │ 11702        │
│ sky130_fd_sc_hd__inv                                          │ 438          │
│ sky130_fd_sc_hd__mux2                                         │ 1275         │
│ sky130_fd_sc_hd__mux4                                         │ 32           │
│ sky130_fd_sc_hd__nand2                                        │ 1716         │
│ sky130_fd_sc_hd__nand2b                                       │ 224          │
│ sky130_fd_sc_hd__nand3                                        │ 73           │
│ sky130_fd_sc_hd__nand3b                                       │ 16           │
│ sky130_fd_sc_hd__nand4                                        │ 8            │
│ sky130_fd_sc_hd__nand4b                                       │ 3            │
│ sky130_fd_sc_hd__nor2                                         │ 1540         │
│ sky130_fd_sc_hd__nor3                                         │ 15           │
│ sky130_fd_sc_hd__nor3b                                        │ 3            │
│ sky130_fd_sc_hd__nor4                                         │ 2            │
│ sky130_fd_sc_hd__nor4b                                        │ 3            │
│ sky130_fd_sc_hd__o2111a                                       │ 6            │
│ sky130_fd_sc_hd__o2111ai                                      │ 2            │
│ sky130_fd_sc_hd__o211a                                        │ 143          │
│ sky130_fd_sc_hd__o211ai                                       │ 13           │
│ sky130_fd_sc_hd__o21a                                         │ 405          │
│ sky130_fd_sc_hd__o21ai                                        │ 245          │
│ sky130_fd_sc_hd__o21ba                                        │ 102          │
│ sky130_fd_sc_hd__o21bai                                       │ 35           │
│ sky130_fd_sc_hd__o221a                                        │ 153          │
│ sky130_fd_sc_hd__o22a                                         │ 587          │
│ sky130_fd_sc_hd__o22ai                                        │ 3            │
│ sky130_fd_sc_hd__o2bb2a                                       │ 22           │
│ sky130_fd_sc_hd__o2bb2ai                                      │ 1            │
│ sky130_fd_sc_hd__o311a                                        │ 26           │
│ sky130_fd_sc_hd__o311ai                                       │ 2            │
│ sky130_fd_sc_hd__o31a                                         │ 45           │
│ sky130_fd_sc_hd__o31ai                                        │ 18           │
│ sky130_fd_sc_hd__o32a                                         │ 16           │
│ sky130_fd_sc_hd__o41a                                         │ 10           │
│ sky130_fd_sc_hd__o41ai                                        │ 1            │
│ sky130_fd_sc_hd__or2                                          │ 1181         │
│ sky130_fd_sc_hd__or3                                          │ 84           │
│ sky130_fd_sc_hd__or3b                                         │ 39           │
│ sky130_fd_sc_hd__or4                                          │ 45           │
│ sky130_fd_sc_hd__or4b                                         │ 26           │
│ sky130_fd_sc_hd__or4bb                                        │ 5            │
│ sky130_fd_sc_hd__tapvpwrvgnd                                  │ 9207         │
│ sky130_fd_sc_hd__xnor2                                        │ 1715         │
│ sky130_fd_sc_hd__xor2                                         │ 836          │
└───────────────────────────────────────────────────────────────┴──────────────┘
                                  Cells by SCL                                  
┏━━━━━━━━━━━━━━━━━━━━━━━━━━━━━━━━━━━━━━━━━━━━━━━━━━━━━━━┳━━━━━━━━━━━━━━━━━━━━━━┓
┃ SCL                                                   ┃ Count                ┃
┡━━━━━━━━━━━━━━━━━━━━━━━━━━━━━━━━━━━━━━━━━━━━━━━━━━━━━━━╇━━━━━━━━━━━━━━━━━━━━━━┩
│ sky130_ef_sc_hd                                       │ 15983                │
│ sky130_fd_sc_hd                                       │ 59832                │
└───────────────────────────────────────────────────────┴──────────────────────┘
                             Buffers by Cell Master                             
┏━━━━━━━━━━━━━━━━━━━━━━━━━━━━━━━━━━━━━━━━━━━━━━━━━━━━━━━━━━━━━━━━┳━━━━━━━━━━━━━┓
┃ Buffer                                                         ┃ Count       ┃
┡━━━━━━━━━━━━━━━━━━━━━━━━━━━━━━━━━━━━━━━━━━━━━━━━━━━━━━━━━━━━━━━━╇━━━━━━━━━━━━━┩
│ sky130_fd_sc_hd__buf_1                                         │ 45          │
│ sky130_fd_sc_hd__buf_12                                        │ 14          │
│ sky130_fd_sc_hd__buf_2                                         │ 341         │
│ sky130_fd_sc_hd__buf_4                                         │ 411         │
│ sky130_fd_sc_hd__buf_6                                         │ 67          │
│ sky130_fd_sc_hd__buf_8                                         │ 31          │
│ sky130_fd_sc_hd__clkbuf_1                                      │ 37          │
│ sky130_fd_sc_hd__clkbuf_16                                     │ 39          │
│ sky130_fd_sc_hd__clkbuf_2                                      │ 210         │
│ sky130_fd_sc_hd__clkbuf_4                                      │ 591         │
│ sky130_fd_sc_hd__clkbuf_8                                      │ 435         │
│ sky130_fd_sc_hd__dlygate4sd1_1                                 │ 126         │
│ sky130_fd_sc_hd__dlygate4sd3_1                                 │ 2319        │
│ sky130_fd_sc_hd__dlymetal6s2s_1                                │ 32          │
│ sky130_fd_sc_hd__dlymetal6s4s_1                                │ 2           │
└────────────────────────────────────────────────────────────────┴─────────────┘
