┏━━━━━━━┳━━━━━━━━━┳━━━━━━━━━━┳━━━━━━━━━━━━━━━━━━━━━━━━━━━━━━━━━━┳━━━━━━━━━━━━━━━━━┳━━━━━━━┓
┃ P / R ┃ Partial ┃ Required ┃ Net                              ┃ Pin             ┃ Layer ┃
┡━━━━━━━╇━━━━━━━━━╇━━━━━━━━━━╇━━━━━━━━━━━━━━━━━━━━━━━━━━━━━━━━━━╇━━━━━━━━━━━━━━━━━╇━━━━━━━┩
│ 6.37  │ 2549.90 │ 400.00   │ chacha_unit.ciphertext[407\]     │ _28961_/A       │ met3  │
│ 5.79  │ 2316.45 │ 400.00   │ _11247_                          │ fanout622/A     │ met4  │
│ 4.53  │ 1813.78 │ 400.00   │ chacha_unit.U_QR_COL_3.in_c[3\]  │ _27327_/B       │ met1  │
│ 4.48  │ 1792.82 │ 400.00   │ _11235_                          │ fanout661/A     │ met4  │
│ 3.60  │ 1441.11 │ 400.00   │ chacha_unit.U_QR_COL_0.in_d[6\]  │ _24542_/A0      │ met3  │
│ 3.60  │ 1441.11 │ 400.00   │ chacha_unit.U_QR_COL_0.in_d[6\]  │ _27598_/A       │ met3  │
│ 3.60  │ 1441.11 │ 400.00   │ chacha_unit.U_QR_COL_0.in_d[6\]  │ _27599_/A       │ met3  │
│ 2.87  │ 1148.32 │ 400.00   │ chacha_unit.key[62\]             │ _29305_/A1      │ met3  │
│ 2.64  │ 1055.31 │ 400.00   │ _05046_                          │ _24374_/A2_N    │ met1  │
│ 2.55  │ 1021.61 │ 400.00   │ chacha_unit.U_QR_COL_2.in_d[7\]  │ _28102_/A       │ met1  │
│ 2.53  │ 1011.81 │ 400.00   │ net718                           │ _24468_/B1      │ met1  │
│ 2.37  │ 948.88  │ 400.00   │ chacha_unit.U_QR_COL_2.in_c[23\] │ _17998_/A       │ met3  │
│ 2.37  │ 948.88  │ 400.00   │ chacha_unit.U_QR_COL_2.in_c[23\] │ _17999_/A       │ met3  │
│ 2.29  │ 916.68  │ 400.00   │ _11381_                          │ fanout430/A     │ met3  │
│ 2.26  │ 904.31  │ 400.00   │ _11109_                          │ _29190_/B       │ met1  │
│ 2.07  │ 827.49  │ 400.00   │ _06413_                          │ _23321_/A2_N    │ met3  │
│ 1.89  │ 756.52  │ 400.00   │ net702                           │ _29356_/S       │ met1  │
│ 1.88  │ 753.73  │ 400.00   │ chacha_unit.U_QR_COL_0.in_a[14\] │ _15784_/A0      │ met3  │
│ 1.88  │ 753.73  │ 400.00   │ chacha_unit.U_QR_COL_0.in_a[14\] │ _24677_/B       │ met3  │
│ 1.88  │ 753.73  │ 400.00   │ chacha_unit.U_QR_COL_0.in_a[14\] │ _24678_/B       │ met3  │
│ 1.80  │ 718.25  │ 400.00   │ net161                           │ _24405_/B1      │ met3  │
│ 1.72  │ 686.64  │ 400.00   │ net645                           │ fanout642/A     │ met2  │
│ 1.72  │ 686.64  │ 400.00   │ net645                           │ fanout644/A     │ met2  │
│ 1.71  │ 682.86  │ 400.00   │ net185                           │ _21599_/B       │ met3  │
│ 1.71  │ 682.86  │ 400.00   │ net185                           │ _21600_/B       │ met3  │
│ 1.69  │ 675.44  │ 400.00   │ _11229_                          │ fanout697/A     │ met4  │
│ 1.66  │ 662.10  │ 400.00   │ net1474                          │ _31806_/RESET_B │ met1  │
│ 1.57  │ 629.04  │ 400.00   │ _06711_                          │ _23661_/B       │ met3  │
│ 1.54  │ 617.65  │ 400.00   │ _08589_                          │ _26254_/B       │ met2  │
│ 1.53  │ 612.63  │ 400.00   │ _09823_                          │ _27675_/A       │ met3  │
│ 1.53  │ 612.63  │ 400.00   │ _09823_                          │ _27676_/A1      │ met3  │
│ 1.53  │ 612.63  │ 400.00   │ _09823_                          │ _27681_/A1      │ met3  │
│ 1.51  │ 602.39  │ 400.00   │ chacha_unit.U_QR_COL_3.in_a[30\] │ _24365_/A1      │ met1  │
│ 1.50  │ 4447.03 │ 2969.60  │ _11699_                          │ _30966_/B1      │ met5  │
│ 1.46  │ 582.89  │ 400.00   │ net676                           │ _30051_/C       │ met3  │
│ 1.46  │ 582.89  │ 400.00   │ net676                           │ _30055_/C       │ met3  │
│ 1.45  │ 578.28  │ 400.00   │ _14869_                          │ _18861_/A       │ met1  │
│ 1.44  │ 575.16  │ 400.00   │ net159                           │ _24406_/B1      │ met1  │
│ 1.40  │ 560.03  │ 400.00   │ net412                           │ _31008_/A2      │ met3  │
│ 1.40  │ 560.03  │ 400.00   │ net412                           │ fanout411/A     │ met3  │
│ 1.40  │ 559.85  │ 400.00   │ _05058_                          │ _21783_/B       │ met3  │
│ 1.37  │ 547.98  │ 400.00   │ _07026_                          │ _24144_/B       │ met4  │
│ 1.33  │ 530.52  │ 400.00   │ net1710                          │ _32549_/RESET_B │ met1  │
│ 1.32  │ 529.82  │ 400.00   │ net347                           │ _21943_/A       │ met1  │
│ 1.32  │ 529.82  │ 400.00   │ net347                           │ _21946_/A       │ met1  │
│ 1.31  │ 523.54  │ 400.00   │ net668                           │ _29518_/S       │ met1  │
│ 1.31  │ 522.17  │ 400.00   │ chacha_unit.U_QR_COL_2.in_d[10\] │ hold1833/A      │ met1  │
│ 1.27  │ 508.72  │ 400.00   │ chacha_unit.U_QR_COL_3.in_c[24\] │ _18597_/A       │ met4  │
│ 1.27  │ 508.72  │ 400.00   │ chacha_unit.U_QR_COL_3.in_c[24\] │ _18598_/A       │ met4  │
│ 1.27  │ 508.72  │ 400.00   │ chacha_unit.U_QR_COL_3.in_c[24\] │ _24455_/A0      │ met4  │
│ 1.27  │ 508.72  │ 400.00   │ chacha_unit.U_QR_COL_3.in_c[24\] │ _27494_/A       │ met4  │
│ 1.27  │ 508.72  │ 400.00   │ chacha_unit.U_QR_COL_3.in_c[24\] │ _27495_/A       │ met4  │
│ 1.27  │ 506.47  │ 400.00   │ net1322                          │ _30750_/A       │ met2  │
│ 1.23  │ 491.75  │ 400.00   │ net660                           │ fanout659/A     │ met2  │
│ 1.22  │ 488.47  │ 400.00   │ _04432_                          │ _22089_/A       │ met1  │
│ 1.22  │ 488.47  │ 400.00   │ _04432_                          │ _22090_/A       │ met1  │
│ 1.20  │ 480.69  │ 400.00   │ chacha_unit.key[41\]             │ _24084_/A1      │ met1  │
│ 1.18  │ 470.64  │ 400.00   │ _13696_                          │ _20241_/A       │ met3  │
│ 1.18  │ 470.64  │ 400.00   │ _13696_                          │ _20242_/A       │ met3  │
│ 1.17  │ 466.40  │ 400.00   │ chacha_unit.U_QR_COL_0.in_d[5\]  │ _24541_/A0      │ met3  │
│ 1.17  │ 466.40  │ 400.00   │ chacha_unit.U_QR_COL_0.in_d[5\]  │ _27591_/A       │ met3  │
│ 1.17  │ 466.40  │ 400.00   │ chacha_unit.U_QR_COL_0.in_d[5\]  │ _27592_/A       │ met3  │
│ 1.14  │ 457.64  │ 400.00   │ chacha_unit.nonce[8\]            │ _21739_/A1      │ met1  │
│ 1.13  │ 451.28  │ 400.00   │ chacha_unit.U_QR_COL_2.in_b[6\]  │ _17814_/B       │ met1  │
│ 1.13  │ 450.62  │ 400.00   │ _07114_                          │ _24299_/B1      │ met3  │
│ 1.12  │ 447.05  │ 400.00   │ net676                           │ _30077_/C       │ met3  │
│ 1.12  │ 446.38  │ 400.00   │ net418                           │ _30903_/C       │ met1  │
│ 1.12  │ 446.21  │ 400.00   │ net193                           │ _21611_/B       │ met3  │
│ 1.12  │ 446.21  │ 400.00   │ net193                           │ _21612_/B       │ met3  │
│ 1.12  │ 446.21  │ 400.00   │ net193                           │ _23864_/A1      │ met3  │
│ 1.12  │ 446.21  │ 400.00   │ net193                           │ _23865_/A1      │ met3  │
│ 1.11  │ 444.95  │ 400.00   │ chacha_unit.U_QR_COL_0.in_b[15\] │ _15753_/A0      │ met3  │
│ 1.11  │ 444.95  │ 400.00   │ chacha_unit.U_QR_COL_0.in_b[15\] │ _24245_/B2      │ met3  │
│ 1.11  │ 444.95  │ 400.00   │ chacha_unit.U_QR_COL_0.in_b[15\] │ _25682_/A       │ met3  │
│ 1.11  │ 444.95  │ 400.00   │ chacha_unit.U_QR_COL_0.in_b[15\] │ _25683_/A       │ met3  │
│ 1.11  │ 444.54  │ 400.00   │ chacha_unit.U_QR_COL_3.in_c[2\]  │ _17375_/A       │ met2  │
│ 1.11  │ 444.54  │ 400.00   │ chacha_unit.U_QR_COL_3.in_c[2\]  │ _17387_/A       │ met2  │
│ 1.10  │ 441.32  │ 400.00   │ _15547_                          │ _21056_/A       │ met1  │
│ 1.10  │ 440.36  │ 400.00   │ chacha_unit.U_QR_COL_3.in_a[8\]  │ _24343_/A1      │ met1  │
│ 1.09  │ 435.19  │ 400.00   │ _06507_                          │ _23427_/B       │ met2  │
│ 1.08  │ 432.98  │ 400.00   │ net551                           │ _30223_/B1      │ met1  │
│ 1.07  │ 428.11  │ 400.00   │ net1743                          │ _29425_/A0      │ met1  │
│ 1.04  │ 414.36  │ 400.00   │ _03387_                          │ _21283_/A       │ met1  │
│ 1.03  │ 413.95  │ 400.00   │ chacha_unit.U_QR_COL_3.in_c[31\] │ _24462_/A0      │ met4  │
│ 1.03  │ 413.95  │ 400.00   │ chacha_unit.U_QR_COL_3.in_c[31\] │ _27552_/A       │ met4  │
│ 1.03  │ 412.67  │ 400.00   │ net825                           │ fanout824/A     │ met2  │
│ 1.02  │ 406.01  │ 400.00   │ _05789_                          │ _24403_/B1      │ met3  │
│ 1.02  │ 406.01  │ 400.00   │ _05811_                          │ _22599_/C1      │ met3  │
│ 1.01  │ 404.90  │ 400.00   │ _04365_                          │ _22265_/A       │ met1  │
│ 1.01  │ 404.90  │ 400.00   │ _04365_                          │ _22266_/A       │ met1  │
└───────┴─────────┴──────────┴──────────────────────────────────┴─────────────────┴───────┘
